ARM GAS  C:\Users\Vergil\AppData\Local\Temp\ccEqq4F2.s 			page 1


   1              		.syntax unified
   2              		.cpu cortex-m4
   3              		.eabi_attribute 27, 3
   4              		.eabi_attribute 28, 1
   5              		.fpu fpv4-sp-d16
   6              		.eabi_attribute 20, 1
   7              		.eabi_attribute 21, 1
   8              		.eabi_attribute 23, 3
   9              		.eabi_attribute 24, 1
  10              		.eabi_attribute 25, 1
  11              		.eabi_attribute 26, 1
  12              		.eabi_attribute 30, 2
  13              		.eabi_attribute 34, 1
  14              		.eabi_attribute 18, 4
  15              		.thumb
  16              		.file	"async_handler.c"
  17              		.text
  18              	.Ltext0:
  19              		.cfi_sections	.debug_frame
  20              		.section	.text.chibiosCc3000AsyncCb,"ax",%progbits
  21              		.align	2
  22              		.p2align 4,,15
  23              		.global	chibiosCc3000AsyncCb
  24              		.thumb
  25              		.thumb_func
  26              		.type	chibiosCc3000AsyncCb, %function
  27              	chibiosCc3000AsyncCb:
  28              	.LFB118:
  29              		.file 1 "C:\\Users\\Vergil\\ChibiOS_CC3000_SPI/src/async_handler.c"
  30              		.loc 1 66 0
  31              		.cfi_startproc
  32              		@ args = 0, pretend = 0, frame = 0
  33              		@ frame_needed = 0, uses_anonymous_args = 0
  34              		@ link register save eliminated.
  35              	.LVL0:
  36              		.loc 1 69 0
  37 0000 B0F5024F 		cmp	r0, #33280
  38              		.loc 1 66 0
  39 0004 70B4     		push	{r4, r5, r6}
  40              	.LCFI0:
  41              		.cfi_def_cfa_offset 12
  42              		.cfi_offset 4, -12
  43              		.cfi_offset 5, -8
  44              		.cfi_offset 6, -4
  45              		.loc 1 66 0
  46 0006 0C46     		mov	r4, r1
  47              		.loc 1 69 0
  48 0008 1FD0     		beq	.L1
  49              		.loc 1 74 0
  50 000a 48F28003 		movw	r3, #32896
  51 000e 9842     		cmp	r0, r3
  52 0010 1DD0     		beq	.L16
  53              		.loc 1 80 0
  54 0012 48F20401 		movw	r1, #32772
  55              	.LVL1:
  56 0016 8842     		cmp	r0, r1
  57 0018 17D0     		beq	.L1
ARM GAS  C:\Users\Vergil\AppData\Local\Temp\ccEqq4F2.s 			page 2


  58              		.loc 1 85 0
  59 001a 0B1D     		adds	r3, r1, #4
  60 001c 9842     		cmp	r0, r3
  61 001e 14D0     		beq	.L1
  62              		.loc 1 90 0
  63 0020 48F20101 		movw	r1, #32769
  64 0024 8842     		cmp	r0, r1
  65 0026 25D0     		beq	.L17
  66              		.loc 1 96 0
  67 0028 48F24003 		movw	r3, #32832
  68 002c 9842     		cmp	r0, r3
  69 002e 12D0     		beq	.L18
  70              		.loc 1 107 0
  71 0030 48F20201 		movw	r1, #32770
  72 0034 8842     		cmp	r0, r1
  73 0036 27D0     		beq	.L19
  74              		.loc 1 114 0
  75 0038 48F21003 		movw	r3, #32784
  76 003c 9842     		cmp	r0, r3
  77 003e 1DD0     		beq	.L20
  78              		.loc 1 138 0
  79 0040 B0F5084F 		cmp	r0, #34816
  80 0044 01D0     		beq	.L1
  81              		.loc 1 143 0
  82 0046 9928     		cmp	r0, #153
  83 0048 23D0     		beq	.L21
  84              	.LVL2:
  85              	.L1:
  86              		.loc 1 152 0
  87 004a 70BC     		pop	{r4, r5, r6}
  88 004c 7047     		bx	lr
  89              	.LVL3:
  90              	.L16:
  91              		.loc 1 77 0
  92 004e 1A49     		ldr	r1, .L23
  93              	.LVL4:
  94 0050 0120     		movs	r0, #1
  95              	.LVL5:
  96 0052 4870     		strb	r0, [r1, #1]
  97 0054 F9E7     		b	.L1
  98              	.LVL6:
  99              	.L18:
 100              		.loc 1 99 0
 101 0056 142A     		cmp	r2, #20
 102 0058 F7D1     		bne	.L1
 103              		.loc 1 101 0
 104 005a 174E     		ldr	r6, .L23
 105 005c 2068     		ldr	r0, [r4, #0]	@ unaligned
 106              	.LVL7:
 107 005e 6168     		ldr	r1, [r4, #4]	@ unaligned
 108 0060 A268     		ldr	r2, [r4, #8]	@ unaligned
 109              	.LVL8:
 110 0062 E368     		ldr	r3, [r4, #12]	@ unaligned
 111 0064 06F11C05 		add	r5, r6, #28
 112 0068 0FC5     		stmia	r5!, {r0, r1, r2, r3}
 113 006a 2069     		ldr	r0, [r4, #16]	@ unaligned
 114              		.loc 1 103 0
ARM GAS  C:\Users\Vergil\AppData\Local\Temp\ccEqq4F2.s 			page 3


 115 006c 0121     		movs	r1, #1
 116              		.loc 1 101 0
 117 006e 2860     		str	r0, [r5, #0]	@ unaligned
 118              		.loc 1 103 0
 119 0070 3176     		strb	r1, [r6, #24]
 120 0072 EAE7     		b	.L1
 121              	.LVL9:
 122              	.L17:
 123              		.loc 1 93 0
 124 0074 104B     		ldr	r3, .L23
 125 0076 0122     		movs	r2, #1
 126              	.LVL10:
 127 0078 9A70     		strb	r2, [r3, #2]
 128 007a E6E7     		b	.L1
 129              	.LVL11:
 130              	.L20:
 131              		.loc 1 118 0
 132 007c 152A     		cmp	r2, #21
 133 007e 0CD0     		beq	.L22
 134              	.L8:
 135              		.loc 1 134 0
 136 0080 0D4B     		ldr	r3, .L23
 137 0082 0022     		movs	r2, #0
 138              	.LVL12:
 139 0084 DA70     		strb	r2, [r3, #3]
 140 0086 E0E7     		b	.L1
 141              	.LVL13:
 142              	.L19:
 143              		.loc 1 110 0
 144 0088 0B4B     		ldr	r3, .L23
 145 008a 0022     		movs	r2, #0
 146              	.LVL14:
 147 008c 9A70     		strb	r2, [r3, #2]
 148              		.loc 1 111 0
 149 008e DA70     		strb	r2, [r3, #3]
 150 0090 DBE7     		b	.L1
 151              	.LVL15:
 152              	.L21:
 153              		.loc 1 145 0
 154 0092 0948     		ldr	r0, .L23
 155              	.LVL16:
 156 0094 0122     		movs	r2, #1
 157              	.LVL17:
 158 0096 0270     		strb	r2, [r0, #0]
 159 0098 D7E7     		b	.L1
 160              	.LVL18:
 161              	.L22:
 162              		.loc 1 118 0 discriminator 1
 163 009a 217D     		ldrb	r1, [r4, #20]	@ zero_extendqisi2
 164 009c 0029     		cmp	r1, #0
 165 009e EFD1     		bne	.L8
 166              		.loc 1 121 0
 167 00a0 054E     		ldr	r6, .L23
 168 00a2 2068     		ldr	r0, [r4, #0]	@ unaligned
 169              	.LVL19:
 170 00a4 6168     		ldr	r1, [r4, #4]	@ unaligned
 171 00a6 A268     		ldr	r2, [r4, #8]	@ unaligned
ARM GAS  C:\Users\Vergil\AppData\Local\Temp\ccEqq4F2.s 			page 4


 172              	.LVL20:
 173 00a8 E368     		ldr	r3, [r4, #12]	@ unaligned
 174 00aa 351D     		adds	r5, r6, #4
 175 00ac 0FC5     		stmia	r5!, {r0, r1, r2, r3}
 176 00ae 2069     		ldr	r0, [r4, #16]	@ unaligned
 177              		.loc 1 124 0
 178 00b0 0121     		movs	r1, #1
 179              		.loc 1 121 0
 180 00b2 2860     		str	r0, [r5, #0]	@ unaligned
 181              		.loc 1 124 0
 182 00b4 F170     		strb	r1, [r6, #3]
 183 00b6 C8E7     		b	.L1
 184              	.L24:
 185              		.align	2
 186              	.L23:
 187 00b8 00000000 		.word	.LANCHOR0
 188              		.cfi_endproc
 189              	.LFE118:
 190              		.size	chibiosCc3000AsyncCb, .-chibiosCc3000AsyncCb
 191              		.global	cc3000AsyncData
 192 00bc AFF30080 		.section	.bss.cc3000AsyncData,"aw",%nobits
 193              		.align	2
 194              		.set	.LANCHOR0,. + 0
 195              		.type	cc3000AsyncData, %object
 196              		.size	cc3000AsyncData, 48
 197              	cc3000AsyncData:
 198 0000 00000000 		.space	48
 198      00000000 
 198      00000000 
 198      00000000 
 198      00000000 
 199              		.text
 200              	.Letext0:
 201              		.file 2 "c:\\chibistudio\\tools\\gnu tools arm embedded\\4.7 2014q2\\bin\\../lib/gcc/arm-none-eabi
 202              		.file 3 "C:\\Users\\Vergil\\ChibiOS_CC3000_SPI/CC3000HostDriver/data_types.h"
 203              		.file 4 "C:\\Users\\Vergil\\ChibiOS_CC3000_SPI/CC3000HostDriver/netapp.h"
 204              		.file 5 "C:\\Users\\Vergil\\ChibiOS_CC3000_SPI/api/cc3000_chibios_api.h"
 205              		.file 6 "../../os/ports/common/ARMCMx/CMSIS/include/core_cm4.h"
 206              		.section	.debug_info,"",%progbits
 207              	.Ldebug_info0:
 208 0000 A0020000 		.4byte	0x2a0
 209 0004 0200     		.2byte	0x2
 210 0006 00000000 		.4byte	.Ldebug_abbrev0
 211 000a 04       		.byte	0x4
 212 000b 01       		.uleb128 0x1
 213 000c 18020000 		.4byte	.LASF45
 214 0010 01       		.byte	0x1
 215 0011 D2020000 		.4byte	.LASF46
 216 0015 D8000000 		.4byte	.LASF47
 217 0019 00000000 		.4byte	.Ldebug_ranges0+0
 218 001d 00000000 		.4byte	0
 219 0021 00000000 		.4byte	0
 220 0025 00000000 		.4byte	.Ldebug_line0
 221 0029 02       		.uleb128 0x2
 222 002a 04       		.byte	0x4
 223 002b 05       		.byte	0x5
 224 002c 696E7400 		.ascii	"int\000"
ARM GAS  C:\Users\Vergil\AppData\Local\Temp\ccEqq4F2.s 			page 5


 225 0030 03       		.uleb128 0x3
 226 0031 04       		.byte	0x4
 227 0032 07       		.byte	0x7
 228 0033 73010000 		.4byte	.LASF0
 229 0037 03       		.uleb128 0x3
 230 0038 01       		.byte	0x1
 231 0039 06       		.byte	0x6
 232 003a C6020000 		.4byte	.LASF1
 233 003e 03       		.uleb128 0x3
 234 003f 01       		.byte	0x1
 235 0040 08       		.byte	0x8
 236 0041 A3000000 		.4byte	.LASF2
 237 0045 03       		.uleb128 0x3
 238 0046 02       		.byte	0x2
 239 0047 05       		.byte	0x5
 240 0048 79020000 		.4byte	.LASF3
 241 004c 03       		.uleb128 0x3
 242 004d 02       		.byte	0x2
 243 004e 07       		.byte	0x7
 244 004f 49000000 		.4byte	.LASF4
 245 0053 04       		.uleb128 0x4
 246 0054 DE010000 		.4byte	.LASF12
 247 0058 02       		.byte	0x2
 248 0059 4F       		.byte	0x4f
 249 005a 5E000000 		.4byte	0x5e
 250 005e 03       		.uleb128 0x3
 251 005f 04       		.byte	0x4
 252 0060 05       		.byte	0x5
 253 0061 AE020000 		.4byte	.LASF5
 254 0065 03       		.uleb128 0x3
 255 0066 04       		.byte	0x4
 256 0067 07       		.byte	0x7
 257 0068 C6000000 		.4byte	.LASF6
 258 006c 03       		.uleb128 0x3
 259 006d 08       		.byte	0x8
 260 006e 05       		.byte	0x5
 261 006f FF010000 		.4byte	.LASF7
 262 0073 03       		.uleb128 0x3
 263 0074 08       		.byte	0x8
 264 0075 07       		.byte	0x7
 265 0076 8C000000 		.4byte	.LASF8
 266 007a 03       		.uleb128 0x3
 267 007b 01       		.byte	0x1
 268 007c 02       		.byte	0x2
 269 007d 09030000 		.4byte	.LASF9
 270 0081 03       		.uleb128 0x3
 271 0082 04       		.byte	0x4
 272 0083 07       		.byte	0x7
 273 0084 E6010000 		.4byte	.LASF10
 274 0088 03       		.uleb128 0x3
 275 0089 01       		.byte	0x1
 276 008a 08       		.byte	0x8
 277 008b 8F010000 		.4byte	.LASF11
 278 008f 05       		.uleb128 0x5
 279 0090 53000000 		.4byte	0x53
 280 0094 04       		.uleb128 0x4
 281 0095 35000000 		.4byte	.LASF13
ARM GAS  C:\Users\Vergil\AppData\Local\Temp\ccEqq4F2.s 			page 6


 282 0099 03       		.byte	0x3
 283 009a 48       		.byte	0x48
 284 009b 3E000000 		.4byte	0x3e
 285 009f 04       		.uleb128 0x4
 286 00a0 61020000 		.4byte	.LASF14
 287 00a4 03       		.byte	0x3
 288 00a5 61       		.byte	0x61
 289 00a6 65000000 		.4byte	0x65
 290 00aa 06       		.uleb128 0x6
 291 00ab 04       		.byte	0x4
 292 00ac 88000000 		.4byte	0x88
 293 00b0 07       		.uleb128 0x7
 294 00b1 94010000 		.4byte	.LASF21
 295 00b5 14       		.byte	0x14
 296 00b6 04       		.byte	0x4
 297 00b7 39       		.byte	0x39
 298 00b8 03010000 		.4byte	0x103
 299 00bc 08       		.uleb128 0x8
 300 00bd A8020000 		.4byte	.LASF15
 301 00c1 04       		.byte	0x4
 302 00c2 3B       		.byte	0x3b
 303 00c3 03010000 		.4byte	0x103
 304 00c7 02       		.byte	0x2
 305 00c8 23       		.byte	0x23
 306 00c9 00       		.uleb128 0
 307 00ca 08       		.uleb128 0x8
 308 00cb 3B000000 		.4byte	.LASF16
 309 00cf 04       		.byte	0x4
 310 00d0 3C       		.byte	0x3c
 311 00d1 03010000 		.4byte	0x103
 312 00d5 02       		.byte	0x2
 313 00d6 23       		.byte	0x23
 314 00d7 04       		.uleb128 0x4
 315 00d8 08       		.uleb128 0x8
 316 00d9 70000000 		.4byte	.LASF17
 317 00dd 04       		.byte	0x4
 318 00de 3D       		.byte	0x3d
 319 00df 03010000 		.4byte	0x103
 320 00e3 02       		.byte	0x2
 321 00e4 23       		.byte	0x23
 322 00e5 08       		.uleb128 0x8
 323 00e6 08       		.uleb128 0x8
 324 00e7 D0010000 		.4byte	.LASF18
 325 00eb 04       		.byte	0x4
 326 00ec 3E       		.byte	0x3e
 327 00ed 03010000 		.4byte	0x103
 328 00f1 02       		.byte	0x2
 329 00f2 23       		.byte	0x23
 330 00f3 0C       		.uleb128 0xc
 331 00f4 08       		.uleb128 0x8
 332 00f5 5C010000 		.4byte	.LASF19
 333 00f9 04       		.byte	0x4
 334 00fa 3F       		.byte	0x3f
 335 00fb 03010000 		.4byte	0x103
 336 00ff 02       		.byte	0x2
 337 0100 23       		.byte	0x23
 338 0101 10       		.uleb128 0x10
ARM GAS  C:\Users\Vergil\AppData\Local\Temp\ccEqq4F2.s 			page 7


 339 0102 00       		.byte	0
 340 0103 09       		.uleb128 0x9
 341 0104 94000000 		.4byte	0x94
 342 0108 13010000 		.4byte	0x113
 343 010c 0A       		.uleb128 0xa
 344 010d 81000000 		.4byte	0x81
 345 0111 03       		.byte	0x3
 346 0112 00       		.byte	0
 347 0113 04       		.uleb128 0x4
 348 0114 00000000 		.4byte	.LASF20
 349 0118 04       		.byte	0x4
 350 0119 40       		.byte	0x40
 351 011a B0000000 		.4byte	0xb0
 352 011e 07       		.uleb128 0x7
 353 011f 21010000 		.4byte	.LASF22
 354 0123 14       		.byte	0x14
 355 0124 04       		.byte	0x4
 356 0125 4F       		.byte	0x4f
 357 0126 71010000 		.4byte	0x171
 358 012a 08       		.uleb128 0x8
 359 012b C3010000 		.4byte	.LASF23
 360 012f 04       		.byte	0x4
 361 0130 51       		.byte	0x51
 362 0131 9F000000 		.4byte	0x9f
 363 0135 02       		.byte	0x2
 364 0136 23       		.byte	0x23
 365 0137 00       		.uleb128 0
 366 0138 08       		.uleb128 0x8
 367 0139 68020000 		.4byte	.LASF24
 368 013d 04       		.byte	0x4
 369 013e 52       		.byte	0x52
 370 013f 9F000000 		.4byte	0x9f
 371 0143 02       		.byte	0x2
 372 0144 23       		.byte	0x23
 373 0145 04       		.uleb128 0x4
 374 0146 08       		.uleb128 0x8
 375 0147 80010000 		.4byte	.LASF25
 376 014b 04       		.byte	0x4
 377 014c 53       		.byte	0x53
 378 014d 9F000000 		.4byte	0x9f
 379 0151 02       		.byte	0x2
 380 0152 23       		.byte	0x23
 381 0153 08       		.uleb128 0x8
 382 0154 08       		.uleb128 0x8
 383 0155 B7020000 		.4byte	.LASF26
 384 0159 04       		.byte	0x4
 385 015a 54       		.byte	0x54
 386 015b 9F000000 		.4byte	0x9f
 387 015f 02       		.byte	0x2
 388 0160 23       		.byte	0x23
 389 0161 0C       		.uleb128 0xc
 390 0162 08       		.uleb128 0x8
 391 0163 61000000 		.4byte	.LASF27
 392 0167 04       		.byte	0x4
 393 0168 55       		.byte	0x55
 394 0169 9F000000 		.4byte	0x9f
 395 016d 02       		.byte	0x2
ARM GAS  C:\Users\Vergil\AppData\Local\Temp\ccEqq4F2.s 			page 8


 396 016e 23       		.byte	0x23
 397 016f 10       		.uleb128 0x10
 398 0170 00       		.byte	0
 399 0171 04       		.uleb128 0x4
 400 0172 43010000 		.4byte	.LASF28
 401 0176 04       		.byte	0x4
 402 0177 56       		.byte	0x56
 403 0178 1E010000 		.4byte	0x11e
 404 017c 0B       		.uleb128 0xb
 405 017d 18       		.byte	0x18
 406 017e 05       		.byte	0x5
 407 017f 41       		.byte	0x41
 408 0180 A1010000 		.4byte	0x1a1
 409 0184 08       		.uleb128 0x8
 410 0185 12000000 		.4byte	.LASF29
 411 0189 05       		.byte	0x5
 412 018a 42       		.byte	0x42
 413 018b 7A000000 		.4byte	0x7a
 414 018f 02       		.byte	0x2
 415 0190 23       		.byte	0x23
 416 0191 00       		.uleb128 0
 417 0192 08       		.uleb128 0x8
 418 0193 2E000000 		.4byte	.LASF30
 419 0197 05       		.byte	0x5
 420 0198 43       		.byte	0x43
 421 0199 71010000 		.4byte	0x171
 422 019d 02       		.byte	0x2
 423 019e 23       		.byte	0x23
 424 019f 04       		.uleb128 0x4
 425 01a0 00       		.byte	0
 426 01a1 04       		.uleb128 0x4
 427 01a2 93020000 		.4byte	.LASF31
 428 01a6 05       		.byte	0x5
 429 01a7 44       		.byte	0x44
 430 01a8 7C010000 		.4byte	0x17c
 431 01ac 0B       		.uleb128 0xb
 432 01ad 15       		.byte	0x15
 433 01ae 05       		.byte	0x5
 434 01af 47       		.byte	0x47
 435 01b0 D1010000 		.4byte	0x1d1
 436 01b4 08       		.uleb128 0x8
 437 01b5 12000000 		.4byte	.LASF29
 438 01b9 05       		.byte	0x5
 439 01ba 48       		.byte	0x48
 440 01bb 7A000000 		.4byte	0x7a
 441 01bf 02       		.byte	0x2
 442 01c0 23       		.byte	0x23
 443 01c1 00       		.uleb128 0
 444 01c2 08       		.uleb128 0x8
 445 01c3 39010000 		.4byte	.LASF32
 446 01c7 05       		.byte	0x5
 447 01c8 49       		.byte	0x49
 448 01c9 13010000 		.4byte	0x113
 449 01cd 02       		.byte	0x2
 450 01ce 23       		.byte	0x23
 451 01cf 01       		.uleb128 0x1
 452 01d0 00       		.byte	0
ARM GAS  C:\Users\Vergil\AppData\Local\Temp\ccEqq4F2.s 			page 9


 453 01d1 04       		.uleb128 0x4
 454 01d2 EF010000 		.4byte	.LASF33
 455 01d6 05       		.byte	0x5
 456 01d7 4A       		.byte	0x4a
 457 01d8 AC010000 		.4byte	0x1ac
 458 01dc 0B       		.uleb128 0xb
 459 01dd 30       		.byte	0x30
 460 01de 05       		.byte	0x5
 461 01df 4D       		.byte	0x4d
 462 01e0 2B020000 		.4byte	0x22b
 463 01e4 08       		.uleb128 0x8
 464 01e5 0D020000 		.4byte	.LASF34
 465 01e9 05       		.byte	0x5
 466 01ea 51       		.byte	0x51
 467 01eb 7A000000 		.4byte	0x7a
 468 01ef 02       		.byte	0x2
 469 01f0 23       		.byte	0x23
 470 01f1 00       		.uleb128 0
 471 01f2 08       		.uleb128 0x8
 472 01f3 1A000000 		.4byte	.LASF35
 473 01f7 05       		.byte	0x5
 474 01f8 55       		.byte	0x55
 475 01f9 7A000000 		.4byte	0x7a
 476 01fd 02       		.byte	0x2
 477 01fe 23       		.byte	0x23
 478 01ff 01       		.uleb128 0x1
 479 0200 08       		.uleb128 0x8
 480 0201 69010000 		.4byte	.LASF36
 481 0205 05       		.byte	0x5
 482 0206 59       		.byte	0x59
 483 0207 7A000000 		.4byte	0x7a
 484 020b 02       		.byte	0x2
 485 020c 23       		.byte	0x23
 486 020d 02       		.uleb128 0x2
 487 020e 08       		.uleb128 0x8
 488 020f A3020000 		.4byte	.LASF37
 489 0213 05       		.byte	0x5
 490 0214 5C       		.byte	0x5c
 491 0215 D1010000 		.4byte	0x1d1
 492 0219 02       		.byte	0x2
 493 021a 23       		.byte	0x23
 494 021b 03       		.uleb128 0x3
 495 021c 08       		.uleb128 0x8
 496 021d 3E010000 		.4byte	.LASF38
 497 0221 05       		.byte	0x5
 498 0222 5F       		.byte	0x5f
 499 0223 A1010000 		.4byte	0x1a1
 500 0227 02       		.byte	0x2
 501 0228 23       		.byte	0x23
 502 0229 18       		.uleb128 0x18
 503 022a 00       		.byte	0
 504 022b 04       		.uleb128 0x4
 505 022c AC010000 		.4byte	.LASF39
 506 0230 05       		.byte	0x5
 507 0231 60       		.byte	0x60
 508 0232 DC010000 		.4byte	0x1dc
 509 0236 0C       		.uleb128 0xc
ARM GAS  C:\Users\Vergil\AppData\Local\Temp\ccEqq4F2.s 			page 10


 510 0237 01       		.byte	0x1
 511 0238 B1000000 		.4byte	.LASF48
 512 023c 01       		.byte	0x1
 513 023d 41       		.byte	0x41
 514 023e 01       		.byte	0x1
 515 023f 00000000 		.4byte	.LFB118
 516 0243 BC000000 		.4byte	.LFE118
 517 0247 00000000 		.4byte	.LLST0
 518 024b 01       		.byte	0x1
 519 024c 7E020000 		.4byte	0x27e
 520 0250 0D       		.uleb128 0xd
 521 0251 82000000 		.4byte	.LASF40
 522 0255 01       		.byte	0x1
 523 0256 41       		.byte	0x41
 524 0257 5E000000 		.4byte	0x5e
 525 025b 20000000 		.4byte	.LLST1
 526 025f 0D       		.uleb128 0xd
 527 0260 5C000000 		.4byte	.LASF41
 528 0264 01       		.byte	0x1
 529 0265 41       		.byte	0x41
 530 0266 AA000000 		.4byte	0xaa
 531 026a A5000000 		.4byte	.LLST2
 532 026e 0D       		.uleb128 0xd
 533 026f 0F030000 		.4byte	.LASF42
 534 0273 01       		.byte	0x1
 535 0274 41       		.byte	0x41
 536 0275 3E000000 		.4byte	0x3e
 537 0279 D9000000 		.4byte	.LLST3
 538 027d 00       		.byte	0
 539 027e 0E       		.uleb128 0xe
 540 027f 14010000 		.4byte	.LASF43
 541 0283 06       		.byte	0x6
 542 0284 9806     		.2byte	0x698
 543 0286 8F000000 		.4byte	0x8f
 544 028a 01       		.byte	0x1
 545 028b 01       		.byte	0x1
 546 028c 0F       		.uleb128 0xf
 547 028d 83020000 		.4byte	.LASF44
 548 0291 01       		.byte	0x1
 549 0292 39       		.byte	0x39
 550 0293 9E020000 		.4byte	0x29e
 551 0297 01       		.byte	0x1
 552 0298 05       		.byte	0x5
 553 0299 03       		.byte	0x3
 554 029a 00000000 		.4byte	cc3000AsyncData
 555 029e 05       		.uleb128 0x5
 556 029f 2B020000 		.4byte	0x22b
 557 02a3 00       		.byte	0
 558              		.section	.debug_abbrev,"",%progbits
 559              	.Ldebug_abbrev0:
 560 0000 01       		.uleb128 0x1
 561 0001 11       		.uleb128 0x11
 562 0002 01       		.byte	0x1
 563 0003 25       		.uleb128 0x25
 564 0004 0E       		.uleb128 0xe
 565 0005 13       		.uleb128 0x13
 566 0006 0B       		.uleb128 0xb
ARM GAS  C:\Users\Vergil\AppData\Local\Temp\ccEqq4F2.s 			page 11


 567 0007 03       		.uleb128 0x3
 568 0008 0E       		.uleb128 0xe
 569 0009 1B       		.uleb128 0x1b
 570 000a 0E       		.uleb128 0xe
 571 000b 55       		.uleb128 0x55
 572 000c 06       		.uleb128 0x6
 573 000d 11       		.uleb128 0x11
 574 000e 01       		.uleb128 0x1
 575 000f 52       		.uleb128 0x52
 576 0010 01       		.uleb128 0x1
 577 0011 10       		.uleb128 0x10
 578 0012 06       		.uleb128 0x6
 579 0013 00       		.byte	0
 580 0014 00       		.byte	0
 581 0015 02       		.uleb128 0x2
 582 0016 24       		.uleb128 0x24
 583 0017 00       		.byte	0
 584 0018 0B       		.uleb128 0xb
 585 0019 0B       		.uleb128 0xb
 586 001a 3E       		.uleb128 0x3e
 587 001b 0B       		.uleb128 0xb
 588 001c 03       		.uleb128 0x3
 589 001d 08       		.uleb128 0x8
 590 001e 00       		.byte	0
 591 001f 00       		.byte	0
 592 0020 03       		.uleb128 0x3
 593 0021 24       		.uleb128 0x24
 594 0022 00       		.byte	0
 595 0023 0B       		.uleb128 0xb
 596 0024 0B       		.uleb128 0xb
 597 0025 3E       		.uleb128 0x3e
 598 0026 0B       		.uleb128 0xb
 599 0027 03       		.uleb128 0x3
 600 0028 0E       		.uleb128 0xe
 601 0029 00       		.byte	0
 602 002a 00       		.byte	0
 603 002b 04       		.uleb128 0x4
 604 002c 16       		.uleb128 0x16
 605 002d 00       		.byte	0
 606 002e 03       		.uleb128 0x3
 607 002f 0E       		.uleb128 0xe
 608 0030 3A       		.uleb128 0x3a
 609 0031 0B       		.uleb128 0xb
 610 0032 3B       		.uleb128 0x3b
 611 0033 0B       		.uleb128 0xb
 612 0034 49       		.uleb128 0x49
 613 0035 13       		.uleb128 0x13
 614 0036 00       		.byte	0
 615 0037 00       		.byte	0
 616 0038 05       		.uleb128 0x5
 617 0039 35       		.uleb128 0x35
 618 003a 00       		.byte	0
 619 003b 49       		.uleb128 0x49
 620 003c 13       		.uleb128 0x13
 621 003d 00       		.byte	0
 622 003e 00       		.byte	0
 623 003f 06       		.uleb128 0x6
ARM GAS  C:\Users\Vergil\AppData\Local\Temp\ccEqq4F2.s 			page 12


 624 0040 0F       		.uleb128 0xf
 625 0041 00       		.byte	0
 626 0042 0B       		.uleb128 0xb
 627 0043 0B       		.uleb128 0xb
 628 0044 49       		.uleb128 0x49
 629 0045 13       		.uleb128 0x13
 630 0046 00       		.byte	0
 631 0047 00       		.byte	0
 632 0048 07       		.uleb128 0x7
 633 0049 13       		.uleb128 0x13
 634 004a 01       		.byte	0x1
 635 004b 03       		.uleb128 0x3
 636 004c 0E       		.uleb128 0xe
 637 004d 0B       		.uleb128 0xb
 638 004e 0B       		.uleb128 0xb
 639 004f 3A       		.uleb128 0x3a
 640 0050 0B       		.uleb128 0xb
 641 0051 3B       		.uleb128 0x3b
 642 0052 0B       		.uleb128 0xb
 643 0053 01       		.uleb128 0x1
 644 0054 13       		.uleb128 0x13
 645 0055 00       		.byte	0
 646 0056 00       		.byte	0
 647 0057 08       		.uleb128 0x8
 648 0058 0D       		.uleb128 0xd
 649 0059 00       		.byte	0
 650 005a 03       		.uleb128 0x3
 651 005b 0E       		.uleb128 0xe
 652 005c 3A       		.uleb128 0x3a
 653 005d 0B       		.uleb128 0xb
 654 005e 3B       		.uleb128 0x3b
 655 005f 0B       		.uleb128 0xb
 656 0060 49       		.uleb128 0x49
 657 0061 13       		.uleb128 0x13
 658 0062 38       		.uleb128 0x38
 659 0063 0A       		.uleb128 0xa
 660 0064 00       		.byte	0
 661 0065 00       		.byte	0
 662 0066 09       		.uleb128 0x9
 663 0067 01       		.uleb128 0x1
 664 0068 01       		.byte	0x1
 665 0069 49       		.uleb128 0x49
 666 006a 13       		.uleb128 0x13
 667 006b 01       		.uleb128 0x1
 668 006c 13       		.uleb128 0x13
 669 006d 00       		.byte	0
 670 006e 00       		.byte	0
 671 006f 0A       		.uleb128 0xa
 672 0070 21       		.uleb128 0x21
 673 0071 00       		.byte	0
 674 0072 49       		.uleb128 0x49
 675 0073 13       		.uleb128 0x13
 676 0074 2F       		.uleb128 0x2f
 677 0075 0B       		.uleb128 0xb
 678 0076 00       		.byte	0
 679 0077 00       		.byte	0
 680 0078 0B       		.uleb128 0xb
ARM GAS  C:\Users\Vergil\AppData\Local\Temp\ccEqq4F2.s 			page 13


 681 0079 13       		.uleb128 0x13
 682 007a 01       		.byte	0x1
 683 007b 0B       		.uleb128 0xb
 684 007c 0B       		.uleb128 0xb
 685 007d 3A       		.uleb128 0x3a
 686 007e 0B       		.uleb128 0xb
 687 007f 3B       		.uleb128 0x3b
 688 0080 0B       		.uleb128 0xb
 689 0081 01       		.uleb128 0x1
 690 0082 13       		.uleb128 0x13
 691 0083 00       		.byte	0
 692 0084 00       		.byte	0
 693 0085 0C       		.uleb128 0xc
 694 0086 2E       		.uleb128 0x2e
 695 0087 01       		.byte	0x1
 696 0088 3F       		.uleb128 0x3f
 697 0089 0C       		.uleb128 0xc
 698 008a 03       		.uleb128 0x3
 699 008b 0E       		.uleb128 0xe
 700 008c 3A       		.uleb128 0x3a
 701 008d 0B       		.uleb128 0xb
 702 008e 3B       		.uleb128 0x3b
 703 008f 0B       		.uleb128 0xb
 704 0090 27       		.uleb128 0x27
 705 0091 0C       		.uleb128 0xc
 706 0092 11       		.uleb128 0x11
 707 0093 01       		.uleb128 0x1
 708 0094 12       		.uleb128 0x12
 709 0095 01       		.uleb128 0x1
 710 0096 40       		.uleb128 0x40
 711 0097 06       		.uleb128 0x6
 712 0098 9742     		.uleb128 0x2117
 713 009a 0C       		.uleb128 0xc
 714 009b 01       		.uleb128 0x1
 715 009c 13       		.uleb128 0x13
 716 009d 00       		.byte	0
 717 009e 00       		.byte	0
 718 009f 0D       		.uleb128 0xd
 719 00a0 05       		.uleb128 0x5
 720 00a1 00       		.byte	0
 721 00a2 03       		.uleb128 0x3
 722 00a3 0E       		.uleb128 0xe
 723 00a4 3A       		.uleb128 0x3a
 724 00a5 0B       		.uleb128 0xb
 725 00a6 3B       		.uleb128 0x3b
 726 00a7 0B       		.uleb128 0xb
 727 00a8 49       		.uleb128 0x49
 728 00a9 13       		.uleb128 0x13
 729 00aa 02       		.uleb128 0x2
 730 00ab 06       		.uleb128 0x6
 731 00ac 00       		.byte	0
 732 00ad 00       		.byte	0
 733 00ae 0E       		.uleb128 0xe
 734 00af 34       		.uleb128 0x34
 735 00b0 00       		.byte	0
 736 00b1 03       		.uleb128 0x3
 737 00b2 0E       		.uleb128 0xe
ARM GAS  C:\Users\Vergil\AppData\Local\Temp\ccEqq4F2.s 			page 14


 738 00b3 3A       		.uleb128 0x3a
 739 00b4 0B       		.uleb128 0xb
 740 00b5 3B       		.uleb128 0x3b
 741 00b6 05       		.uleb128 0x5
 742 00b7 49       		.uleb128 0x49
 743 00b8 13       		.uleb128 0x13
 744 00b9 3F       		.uleb128 0x3f
 745 00ba 0C       		.uleb128 0xc
 746 00bb 3C       		.uleb128 0x3c
 747 00bc 0C       		.uleb128 0xc
 748 00bd 00       		.byte	0
 749 00be 00       		.byte	0
 750 00bf 0F       		.uleb128 0xf
 751 00c0 34       		.uleb128 0x34
 752 00c1 00       		.byte	0
 753 00c2 03       		.uleb128 0x3
 754 00c3 0E       		.uleb128 0xe
 755 00c4 3A       		.uleb128 0x3a
 756 00c5 0B       		.uleb128 0xb
 757 00c6 3B       		.uleb128 0x3b
 758 00c7 0B       		.uleb128 0xb
 759 00c8 49       		.uleb128 0x49
 760 00c9 13       		.uleb128 0x13
 761 00ca 3F       		.uleb128 0x3f
 762 00cb 0C       		.uleb128 0xc
 763 00cc 02       		.uleb128 0x2
 764 00cd 0A       		.uleb128 0xa
 765 00ce 00       		.byte	0
 766 00cf 00       		.byte	0
 767 00d0 00       		.byte	0
 768              		.section	.debug_loc,"",%progbits
 769              	.Ldebug_loc0:
 770              	.LLST0:
 771 0000 00000000 		.4byte	.LFB118
 772 0004 06000000 		.4byte	.LCFI0
 773 0008 0200     		.2byte	0x2
 774 000a 7D       		.byte	0x7d
 775 000b 00       		.sleb128 0
 776 000c 06000000 		.4byte	.LCFI0
 777 0010 BC000000 		.4byte	.LFE118
 778 0014 0200     		.2byte	0x2
 779 0016 7D       		.byte	0x7d
 780 0017 0C       		.sleb128 12
 781 0018 00000000 		.4byte	0
 782 001c 00000000 		.4byte	0
 783              	.LLST1:
 784 0020 00000000 		.4byte	.LVL0
 785 0024 4A000000 		.4byte	.LVL2
 786 0028 0100     		.2byte	0x1
 787 002a 50       		.byte	0x50
 788 002b 4A000000 		.4byte	.LVL2
 789 002f 4E000000 		.4byte	.LVL3
 790 0033 0400     		.2byte	0x4
 791 0035 F3       		.byte	0xf3
 792 0036 01       		.uleb128 0x1
 793 0037 50       		.byte	0x50
 794 0038 9F       		.byte	0x9f
ARM GAS  C:\Users\Vergil\AppData\Local\Temp\ccEqq4F2.s 			page 15


 795 0039 4E000000 		.4byte	.LVL3
 796 003d 52000000 		.4byte	.LVL5
 797 0041 0100     		.2byte	0x1
 798 0043 50       		.byte	0x50
 799 0044 52000000 		.4byte	.LVL5
 800 0048 56000000 		.4byte	.LVL6
 801 004c 0400     		.2byte	0x4
 802 004e F3       		.byte	0xf3
 803 004f 01       		.uleb128 0x1
 804 0050 50       		.byte	0x50
 805 0051 9F       		.byte	0x9f
 806 0052 56000000 		.4byte	.LVL6
 807 0056 5E000000 		.4byte	.LVL7
 808 005a 0100     		.2byte	0x1
 809 005c 50       		.byte	0x50
 810 005d 5E000000 		.4byte	.LVL7
 811 0061 74000000 		.4byte	.LVL9
 812 0065 0400     		.2byte	0x4
 813 0067 F3       		.byte	0xf3
 814 0068 01       		.uleb128 0x1
 815 0069 50       		.byte	0x50
 816 006a 9F       		.byte	0x9f
 817 006b 74000000 		.4byte	.LVL9
 818 006f 94000000 		.4byte	.LVL16
 819 0073 0100     		.2byte	0x1
 820 0075 50       		.byte	0x50
 821 0076 94000000 		.4byte	.LVL16
 822 007a 9A000000 		.4byte	.LVL18
 823 007e 0400     		.2byte	0x4
 824 0080 F3       		.byte	0xf3
 825 0081 01       		.uleb128 0x1
 826 0082 50       		.byte	0x50
 827 0083 9F       		.byte	0x9f
 828 0084 9A000000 		.4byte	.LVL18
 829 0088 A4000000 		.4byte	.LVL19
 830 008c 0100     		.2byte	0x1
 831 008e 50       		.byte	0x50
 832 008f A4000000 		.4byte	.LVL19
 833 0093 BC000000 		.4byte	.LFE118
 834 0097 0400     		.2byte	0x4
 835 0099 F3       		.byte	0xf3
 836 009a 01       		.uleb128 0x1
 837 009b 50       		.byte	0x50
 838 009c 9F       		.byte	0x9f
 839 009d 00000000 		.4byte	0
 840 00a1 00000000 		.4byte	0
 841              	.LLST2:
 842 00a5 00000000 		.4byte	.LVL0
 843 00a9 16000000 		.4byte	.LVL1
 844 00ad 0100     		.2byte	0x1
 845 00af 51       		.byte	0x51
 846 00b0 16000000 		.4byte	.LVL1
 847 00b4 4E000000 		.4byte	.LVL3
 848 00b8 0100     		.2byte	0x1
 849 00ba 54       		.byte	0x54
 850 00bb 4E000000 		.4byte	.LVL3
 851 00bf 50000000 		.4byte	.LVL4
ARM GAS  C:\Users\Vergil\AppData\Local\Temp\ccEqq4F2.s 			page 16


 852 00c3 0100     		.2byte	0x1
 853 00c5 51       		.byte	0x51
 854 00c6 50000000 		.4byte	.LVL4
 855 00ca BC000000 		.4byte	.LFE118
 856 00ce 0100     		.2byte	0x1
 857 00d0 54       		.byte	0x54
 858 00d1 00000000 		.4byte	0
 859 00d5 00000000 		.4byte	0
 860              	.LLST3:
 861 00d9 00000000 		.4byte	.LVL0
 862 00dd 4A000000 		.4byte	.LVL2
 863 00e1 0100     		.2byte	0x1
 864 00e3 52       		.byte	0x52
 865 00e4 4A000000 		.4byte	.LVL2
 866 00e8 4E000000 		.4byte	.LVL3
 867 00ec 0400     		.2byte	0x4
 868 00ee F3       		.byte	0xf3
 869 00ef 01       		.uleb128 0x1
 870 00f0 52       		.byte	0x52
 871 00f1 9F       		.byte	0x9f
 872 00f2 4E000000 		.4byte	.LVL3
 873 00f6 62000000 		.4byte	.LVL8
 874 00fa 0100     		.2byte	0x1
 875 00fc 52       		.byte	0x52
 876 00fd 62000000 		.4byte	.LVL8
 877 0101 74000000 		.4byte	.LVL9
 878 0105 0400     		.2byte	0x4
 879 0107 F3       		.byte	0xf3
 880 0108 01       		.uleb128 0x1
 881 0109 52       		.byte	0x52
 882 010a 9F       		.byte	0x9f
 883 010b 74000000 		.4byte	.LVL9
 884 010f 78000000 		.4byte	.LVL10
 885 0113 0100     		.2byte	0x1
 886 0115 52       		.byte	0x52
 887 0116 78000000 		.4byte	.LVL10
 888 011a 7C000000 		.4byte	.LVL11
 889 011e 0400     		.2byte	0x4
 890 0120 F3       		.byte	0xf3
 891 0121 01       		.uleb128 0x1
 892 0122 52       		.byte	0x52
 893 0123 9F       		.byte	0x9f
 894 0124 7C000000 		.4byte	.LVL11
 895 0128 84000000 		.4byte	.LVL12
 896 012c 0100     		.2byte	0x1
 897 012e 52       		.byte	0x52
 898 012f 84000000 		.4byte	.LVL12
 899 0133 88000000 		.4byte	.LVL13
 900 0137 0400     		.2byte	0x4
 901 0139 F3       		.byte	0xf3
 902 013a 01       		.uleb128 0x1
 903 013b 52       		.byte	0x52
 904 013c 9F       		.byte	0x9f
 905 013d 88000000 		.4byte	.LVL13
 906 0141 8C000000 		.4byte	.LVL14
 907 0145 0100     		.2byte	0x1
 908 0147 52       		.byte	0x52
ARM GAS  C:\Users\Vergil\AppData\Local\Temp\ccEqq4F2.s 			page 17


 909 0148 8C000000 		.4byte	.LVL14
 910 014c 92000000 		.4byte	.LVL15
 911 0150 0400     		.2byte	0x4
 912 0152 F3       		.byte	0xf3
 913 0153 01       		.uleb128 0x1
 914 0154 52       		.byte	0x52
 915 0155 9F       		.byte	0x9f
 916 0156 92000000 		.4byte	.LVL15
 917 015a 96000000 		.4byte	.LVL17
 918 015e 0100     		.2byte	0x1
 919 0160 52       		.byte	0x52
 920 0161 96000000 		.4byte	.LVL17
 921 0165 9A000000 		.4byte	.LVL18
 922 0169 0400     		.2byte	0x4
 923 016b F3       		.byte	0xf3
 924 016c 01       		.uleb128 0x1
 925 016d 52       		.byte	0x52
 926 016e 9F       		.byte	0x9f
 927 016f 9A000000 		.4byte	.LVL18
 928 0173 A8000000 		.4byte	.LVL20
 929 0177 0100     		.2byte	0x1
 930 0179 52       		.byte	0x52
 931 017a A8000000 		.4byte	.LVL20
 932 017e BC000000 		.4byte	.LFE118
 933 0182 0400     		.2byte	0x4
 934 0184 F3       		.byte	0xf3
 935 0185 01       		.uleb128 0x1
 936 0186 52       		.byte	0x52
 937 0187 9F       		.byte	0x9f
 938 0188 00000000 		.4byte	0
 939 018c 00000000 		.4byte	0
 940              		.section	.debug_aranges,"",%progbits
 941 0000 1C000000 		.4byte	0x1c
 942 0004 0200     		.2byte	0x2
 943 0006 00000000 		.4byte	.Ldebug_info0
 944 000a 04       		.byte	0x4
 945 000b 00       		.byte	0
 946 000c 0000     		.2byte	0
 947 000e 0000     		.2byte	0
 948 0010 00000000 		.4byte	.LFB118
 949 0014 BC000000 		.4byte	.LFE118-.LFB118
 950 0018 00000000 		.4byte	0
 951 001c 00000000 		.4byte	0
 952              		.section	.debug_ranges,"",%progbits
 953              	.Ldebug_ranges0:
 954 0000 00000000 		.4byte	.LFB118
 955 0004 BC000000 		.4byte	.LFE118
 956 0008 00000000 		.4byte	0
 957 000c 00000000 		.4byte	0
 958              		.section	.debug_line,"",%progbits
 959              	.Ldebug_line0:
 960 0000 ED010000 		.section	.debug_str,"MS",%progbits,1
 960      02009D01 
 960      00000201 
 960      FB0E0D00 
 960      01010101 
 961              	.LASF20:
ARM GAS  C:\Users\Vergil\AppData\Local\Temp\ccEqq4F2.s 			page 18


 962 0000 744E6574 		.ascii	"tNetappDhcpParams\000"
 962      61707044 
 962      68637050 
 962      6172616D 
 962      7300
 963              	.LASF29:
 964 0012 70726573 		.ascii	"present\000"
 964      656E7400 
 965              	.LASF35:
 966 001a 736D6172 		.ascii	"smartConfigFinished\000"
 966      74436F6E 
 966      66696746 
 966      696E6973 
 966      68656400 
 967              	.LASF30:
 968 002e 7265706F 		.ascii	"report\000"
 968      727400
 969              	.LASF13:
 970 0035 55494E54 		.ascii	"UINT8\000"
 970      3800
 971              	.LASF16:
 972 003b 61756353 		.ascii	"aucSubnetMask\000"
 972      75626E65 
 972      744D6173 
 972      6B00
 973              	.LASF4:
 974 0049 73686F72 		.ascii	"short unsigned int\000"
 974      7420756E 
 974      7369676E 
 974      65642069 
 974      6E7400
 975              	.LASF41:
 976 005c 64617461 		.ascii	"data\000"
 976      00
 977              	.LASF27:
 978 0061 6176675F 		.ascii	"avg_round_time\000"
 978      726F756E 
 978      645F7469 
 978      6D6500
 979              	.LASF17:
 980 0070 61756344 		.ascii	"aucDefaultGateway\000"
 980      65666175 
 980      6C744761 
 980      74657761 
 980      7900
 981              	.LASF40:
 982 0082 6576656E 		.ascii	"eventType\000"
 982      74547970 
 982      6500
 983              	.LASF8:
 984 008c 6C6F6E67 		.ascii	"long long unsigned int\000"
 984      206C6F6E 
 984      6720756E 
 984      7369676E 
 984      65642069 
 985              	.LASF2:
 986 00a3 756E7369 		.ascii	"unsigned char\000"
ARM GAS  C:\Users\Vergil\AppData\Local\Temp\ccEqq4F2.s 			page 19


 986      676E6564 
 986      20636861 
 986      7200
 987              	.LASF48:
 988 00b1 63686962 		.ascii	"chibiosCc3000AsyncCb\000"
 988      696F7343 
 988      63333030 
 988      30417379 
 988      6E634362 
 989              	.LASF6:
 990 00c6 6C6F6E67 		.ascii	"long unsigned int\000"
 990      20756E73 
 990      69676E65 
 990      6420696E 
 990      7400
 991              	.LASF47:
 992 00d8 433A5C43 		.ascii	"C:\\ChibiStudio\\chibios\\demos\\ARMCM4-STM32F401RE"
 992      68696269 
 992      53747564 
 992      696F5C63 
 992      68696269 
 993 0107 2D4E5543 		.ascii	"-NUCLEO-CC3K\000"
 993      4C454F2D 
 993      4343334B 
 993      00
 994              	.LASF43:
 995 0114 49544D5F 		.ascii	"ITM_RxBuffer\000"
 995      52784275 
 995      66666572 
 995      00
 996              	.LASF22:
 997 0121 5F6E6574 		.ascii	"_netapp_pingreport_args\000"
 997      6170705F 
 997      70696E67 
 997      7265706F 
 997      72745F61 
 998              	.LASF32:
 999 0139 696E666F 		.ascii	"info\000"
 999      00
 1000              	.LASF38:
 1001 013e 70696E67 		.ascii	"ping\000"
 1001      00
 1002              	.LASF28:
 1003 0143 6E657461 		.ascii	"netapp_pingreport_args_t\000"
 1003      70705F70 
 1003      696E6772 
 1003      65706F72 
 1003      745F6172 
 1004              	.LASF19:
 1005 015c 61756344 		.ascii	"aucDNSServer\000"
 1005      4E535365 
 1005      72766572 
 1005      00
 1006              	.LASF36:
 1007 0169 636F6E6E 		.ascii	"connected\000"
 1007      65637465 
 1007      6400
ARM GAS  C:\Users\Vergil\AppData\Local\Temp\ccEqq4F2.s 			page 20


 1008              	.LASF0:
 1009 0173 756E7369 		.ascii	"unsigned int\000"
 1009      676E6564 
 1009      20696E74 
 1009      00
 1010              	.LASF25:
 1011 0180 6D696E5F 		.ascii	"min_round_time\000"
 1011      726F756E 
 1011      645F7469 
 1011      6D6500
 1012              	.LASF11:
 1013 018f 63686172 		.ascii	"char\000"
 1013      00
 1014              	.LASF21:
 1015 0194 5F6E6574 		.ascii	"_netapp_dhcp_ret_args_t\000"
 1015      6170705F 
 1015      64686370 
 1015      5F726574 
 1015      5F617267 
 1016              	.LASF39:
 1017 01ac 63633330 		.ascii	"cc3000AsynchronousData\000"
 1017      30304173 
 1017      796E6368 
 1017      726F6E6F 
 1017      75734461 
 1018              	.LASF23:
 1019 01c3 7061636B 		.ascii	"packets_sent\000"
 1019      6574735F 
 1019      73656E74 
 1019      00
 1020              	.LASF18:
 1021 01d0 61756344 		.ascii	"aucDHCPServer\000"
 1021      48435053 
 1021      65727665 
 1021      7200
 1022              	.LASF12:
 1023 01de 696E7433 		.ascii	"int32_t\000"
 1023      325F7400 
 1024              	.LASF10:
 1025 01e6 73697A65 		.ascii	"sizetype\000"
 1025      74797065 
 1025      00
 1026              	.LASF33:
 1027 01ef 64686370 		.ascii	"dhcpInformation\000"
 1027      496E666F 
 1027      726D6174 
 1027      696F6E00 
 1028              	.LASF7:
 1029 01ff 6C6F6E67 		.ascii	"long long int\000"
 1029      206C6F6E 
 1029      6720696E 
 1029      7400
 1030              	.LASF34:
 1031 020d 73687574 		.ascii	"shutdownOk\000"
 1031      646F776E 
 1031      4F6B00
 1032              	.LASF45:
ARM GAS  C:\Users\Vergil\AppData\Local\Temp\ccEqq4F2.s 			page 21


 1033 0218 474E5520 		.ascii	"GNU C 4.7.4 20140401 (release) [ARM/embedded-4_7-br"
 1033      4320342E 
 1033      372E3420 
 1033      32303134 
 1033      30343031 
 1034 024b 616E6368 		.ascii	"anch revision 209195]\000"
 1034      20726576 
 1034      6973696F 
 1034      6E203230 
 1034      39313935 
 1035              	.LASF14:
 1036 0261 55494E54 		.ascii	"UINT32\000"
 1036      333200
 1037              	.LASF24:
 1038 0268 7061636B 		.ascii	"packets_received\000"
 1038      6574735F 
 1038      72656365 
 1038      69766564 
 1038      00
 1039              	.LASF3:
 1040 0279 73686F72 		.ascii	"short int\000"
 1040      7420696E 
 1040      7400
 1041              	.LASF44:
 1042 0283 63633330 		.ascii	"cc3000AsyncData\000"
 1042      30304173 
 1042      796E6344 
 1042      61746100 
 1043              	.LASF31:
 1044 0293 70696E67 		.ascii	"pingInformation\000"
 1044      496E666F 
 1044      726D6174 
 1044      696F6E00 
 1045              	.LASF37:
 1046 02a3 64686370 		.ascii	"dhcp\000"
 1046      00
 1047              	.LASF15:
 1048 02a8 61756349 		.ascii	"aucIP\000"
 1048      5000
 1049              	.LASF5:
 1050 02ae 6C6F6E67 		.ascii	"long int\000"
 1050      20696E74 
 1050      00
 1051              	.LASF26:
 1052 02b7 6D61785F 		.ascii	"max_round_time\000"
 1052      726F756E 
 1052      645F7469 
 1052      6D6500
 1053              	.LASF1:
 1054 02c6 7369676E 		.ascii	"signed char\000"
 1054      65642063 
 1054      68617200 
 1055              	.LASF46:
 1056 02d2 433A5C55 		.ascii	"C:\\Users\\Vergil\\ChibiOS_CC3000_SPI/src/async_han"
 1056      73657273 
 1056      5C566572 
 1056      67696C5C 
ARM GAS  C:\Users\Vergil\AppData\Local\Temp\ccEqq4F2.s 			page 22


 1056      43686962 
 1057 0302 646C6572 		.ascii	"dler.c\000"
 1057      2E6300
 1058              	.LASF9:
 1059 0309 5F426F6F 		.ascii	"_Bool\000"
 1059      6C00
 1060              	.LASF42:
 1061 030f 6C656E67 		.ascii	"length\000"
 1061      746800
 1062              		.ident	"GCC: (GNU Tools for ARM Embedded Processors) 4.7.4 20140401 (release) [ARM/embedded-4_7-br
ARM GAS  C:\Users\Vergil\AppData\Local\Temp\ccEqq4F2.s 			page 23


DEFINED SYMBOLS
                            *ABS*:00000000 async_handler.c
C:\Users\Vergil\AppData\Local\Temp\ccEqq4F2.s:21     .text.chibiosCc3000AsyncCb:00000000 $t
C:\Users\Vergil\AppData\Local\Temp\ccEqq4F2.s:27     .text.chibiosCc3000AsyncCb:00000000 chibiosCc3000AsyncCb
C:\Users\Vergil\AppData\Local\Temp\ccEqq4F2.s:187    .text.chibiosCc3000AsyncCb:000000b8 $d
C:\Users\Vergil\AppData\Local\Temp\ccEqq4F2.s:197    .bss.cc3000AsyncData:00000000 cc3000AsyncData
C:\Users\Vergil\AppData\Local\Temp\ccEqq4F2.s:193    .bss.cc3000AsyncData:00000000 $d
                     .debug_frame:00000010 $d
C:\Users\Vergil\AppData\Local\Temp\ccEqq4F2.s:192    .text.chibiosCc3000AsyncCb:000000bc $t

NO UNDEFINED SYMBOLS
