ARM GAS  C:\Users\Vergil\AppData\Local\Temp\ccST2aH8.s 			page 1


   1              		.syntax unified
   2              		.cpu cortex-m4
   3              		.eabi_attribute 27, 3
   4              		.eabi_attribute 28, 1
   5              		.fpu fpv4-sp-d16
   6              		.eabi_attribute 20, 1
   7              		.eabi_attribute 21, 1
   8              		.eabi_attribute 23, 3
   9              		.eabi_attribute 24, 1
  10              		.eabi_attribute 25, 1
  11              		.eabi_attribute 26, 1
  12              		.eabi_attribute 30, 2
  13              		.eabi_attribute 34, 1
  14              		.eabi_attribute 18, 4
  15              		.thumb
  16              		.file	"chdebug.c"
  17              		.text
  18              	.Ltext0:
  19              		.cfi_sections	.debug_frame
  20              	.Letext0:
  21              		.section	.debug_info,"",%progbits
  22              	.Ldebug_info0:
  23 0000 75000000 		.4byte	0x75
  24 0004 0200     		.2byte	0x2
  25 0006 00000000 		.4byte	.Ldebug_abbrev0
  26 000a 04       		.byte	0x4
  27 000b 01       		.uleb128 0x1
  28 000c 1B000000 		.4byte	.LASF12
  29 0010 01       		.byte	0x1
  30 0011 EB000000 		.4byte	.LASF13
  31 0015 A9000000 		.4byte	.LASF14
  32 0019 00000000 		.4byte	.Ldebug_line0
  33 001d 02       		.uleb128 0x2
  34 001e 04       		.byte	0x4
  35 001f 05       		.byte	0x5
  36 0020 696E7400 		.ascii	"int\000"
  37 0024 03       		.uleb128 0x3
  38 0025 04       		.byte	0x4
  39 0026 07       		.byte	0x7
  40 0027 0E000000 		.4byte	.LASF0
  41 002b 03       		.uleb128 0x3
  42 002c 01       		.byte	0x1
  43 002d 06       		.byte	0x6
  44 002e 1C010000 		.4byte	.LASF1
  45 0032 03       		.uleb128 0x3
  46 0033 01       		.byte	0x1
  47 0034 08       		.byte	0x8
  48 0035 8D000000 		.4byte	.LASF2
  49 0039 03       		.uleb128 0x3
  50 003a 02       		.byte	0x2
  51 003b 05       		.byte	0x5
  52 003c 28010000 		.4byte	.LASF3
  53 0040 03       		.uleb128 0x3
  54 0041 02       		.byte	0x2
  55 0042 07       		.byte	0x7
  56 0043 09010000 		.4byte	.LASF4
  57 0047 03       		.uleb128 0x3
ARM GAS  C:\Users\Vergil\AppData\Local\Temp\ccST2aH8.s 			page 2


  58 0048 04       		.byte	0x4
  59 0049 05       		.byte	0x5
  60 004a A0000000 		.4byte	.LASF5
  61 004e 03       		.uleb128 0x3
  62 004f 04       		.byte	0x4
  63 0050 07       		.byte	0x7
  64 0051 64000000 		.4byte	.LASF6
  65 0055 03       		.uleb128 0x3
  66 0056 08       		.byte	0x8
  67 0057 05       		.byte	0x5
  68 0058 00000000 		.4byte	.LASF7
  69 005c 03       		.uleb128 0x3
  70 005d 08       		.byte	0x8
  71 005e 07       		.byte	0x7
  72 005f 76000000 		.4byte	.LASF8
  73 0063 03       		.uleb128 0x3
  74 0064 01       		.byte	0x1
  75 0065 02       		.byte	0x2
  76 0066 E5000000 		.4byte	.LASF9
  77 006a 03       		.uleb128 0x3
  78 006b 04       		.byte	0x4
  79 006c 07       		.byte	0x7
  80 006d 32010000 		.4byte	.LASF10
  81 0071 03       		.uleb128 0x3
  82 0072 01       		.byte	0x1
  83 0073 08       		.byte	0x8
  84 0074 9B000000 		.4byte	.LASF11
  85 0078 00       		.byte	0
  86              		.section	.debug_abbrev,"",%progbits
  87              	.Ldebug_abbrev0:
  88 0000 01       		.uleb128 0x1
  89 0001 11       		.uleb128 0x11
  90 0002 01       		.byte	0x1
  91 0003 25       		.uleb128 0x25
  92 0004 0E       		.uleb128 0xe
  93 0005 13       		.uleb128 0x13
  94 0006 0B       		.uleb128 0xb
  95 0007 03       		.uleb128 0x3
  96 0008 0E       		.uleb128 0xe
  97 0009 1B       		.uleb128 0x1b
  98 000a 0E       		.uleb128 0xe
  99 000b 10       		.uleb128 0x10
 100 000c 06       		.uleb128 0x6
 101 000d 00       		.byte	0
 102 000e 00       		.byte	0
 103 000f 02       		.uleb128 0x2
 104 0010 24       		.uleb128 0x24
 105 0011 00       		.byte	0
 106 0012 0B       		.uleb128 0xb
 107 0013 0B       		.uleb128 0xb
 108 0014 3E       		.uleb128 0x3e
 109 0015 0B       		.uleb128 0xb
 110 0016 03       		.uleb128 0x3
 111 0017 08       		.uleb128 0x8
 112 0018 00       		.byte	0
 113 0019 00       		.byte	0
 114 001a 03       		.uleb128 0x3
ARM GAS  C:\Users\Vergil\AppData\Local\Temp\ccST2aH8.s 			page 3


 115 001b 24       		.uleb128 0x24
 116 001c 00       		.byte	0
 117 001d 0B       		.uleb128 0xb
 118 001e 0B       		.uleb128 0xb
 119 001f 3E       		.uleb128 0x3e
 120 0020 0B       		.uleb128 0xb
 121 0021 03       		.uleb128 0x3
 122 0022 0E       		.uleb128 0xe
 123 0023 00       		.byte	0
 124 0024 00       		.byte	0
 125 0025 00       		.byte	0
 126              		.section	.debug_aranges,"",%progbits
 127 0000 14000000 		.4byte	0x14
 128 0004 0200     		.2byte	0x2
 129 0006 00000000 		.4byte	.Ldebug_info0
 130 000a 04       		.byte	0x4
 131 000b 00       		.byte	0
 132 000c 0000     		.2byte	0
 133 000e 0000     		.2byte	0
 134 0010 00000000 		.4byte	0
 135 0014 00000000 		.4byte	0
 136              		.section	.debug_line,"",%progbits
 137              	.Ldebug_line0:
 138 0000 19000000 		.section	.debug_str,"MS",%progbits,1
 138      02001300 
 138      00000201 
 138      FB0E0D00 
 138      01010101 
 139              	.LASF7:
 140 0000 6C6F6E67 		.ascii	"long long int\000"
 140      206C6F6E 
 140      6720696E 
 140      7400
 141              	.LASF0:
 142 000e 756E7369 		.ascii	"unsigned int\000"
 142      676E6564 
 142      20696E74 
 142      00
 143              	.LASF12:
 144 001b 474E5520 		.ascii	"GNU C 4.7.4 20140401 (release) [ARM/embedded-4_7-br"
 144      4320342E 
 144      372E3420 
 144      32303134 
 144      30343031 
 145 004e 616E6368 		.ascii	"anch revision 209195]\000"
 145      20726576 
 145      6973696F 
 145      6E203230 
 145      39313935 
 146              	.LASF6:
 147 0064 6C6F6E67 		.ascii	"long unsigned int\000"
 147      20756E73 
 147      69676E65 
 147      6420696E 
 147      7400
 148              	.LASF8:
 149 0076 6C6F6E67 		.ascii	"long long unsigned int\000"
ARM GAS  C:\Users\Vergil\AppData\Local\Temp\ccST2aH8.s 			page 4


 149      206C6F6E 
 149      6720756E 
 149      7369676E 
 149      65642069 
 150              	.LASF2:
 151 008d 756E7369 		.ascii	"unsigned char\000"
 151      676E6564 
 151      20636861 
 151      7200
 152              	.LASF11:
 153 009b 63686172 		.ascii	"char\000"
 153      00
 154              	.LASF5:
 155 00a0 6C6F6E67 		.ascii	"long int\000"
 155      20696E74 
 155      00
 156              	.LASF14:
 157 00a9 433A5C43 		.ascii	"C:\\ChibiStudio\\chibios\\demos\\ARMCM4-STM32F401RE"
 157      68696269 
 157      53747564 
 157      696F5C63 
 157      68696269 
 158 00d8 2D4E5543 		.ascii	"-NUCLEO-CC3K\000"
 158      4C454F2D 
 158      4343334B 
 158      00
 159              	.LASF9:
 160 00e5 5F426F6F 		.ascii	"_Bool\000"
 160      6C00
 161              	.LASF13:
 162 00eb 2E2E2F2E 		.ascii	"../../os/kernel/src/chdebug.c\000"
 162      2E2F6F73 
 162      2F6B6572 
 162      6E656C2F 
 162      7372632F 
 163              	.LASF4:
 164 0109 73686F72 		.ascii	"short unsigned int\000"
 164      7420756E 
 164      7369676E 
 164      65642069 
 164      6E7400
 165              	.LASF1:
 166 011c 7369676E 		.ascii	"signed char\000"
 166      65642063 
 166      68617200 
 167              	.LASF3:
 168 0128 73686F72 		.ascii	"short int\000"
 168      7420696E 
 168      7400
 169              	.LASF10:
 170 0132 73697A65 		.ascii	"sizetype\000"
 170      74797065 
 170      00
 171              		.ident	"GCC: (GNU Tools for ARM Embedded Processors) 4.7.4 20140401 (release) [ARM/embedded-4_7-br
ARM GAS  C:\Users\Vergil\AppData\Local\Temp\ccST2aH8.s 			page 5


DEFINED SYMBOLS
                            *ABS*:00000000 chdebug.c

NO UNDEFINED SYMBOLS
