ARM GAS  C:\Users\Vergil\AppData\Local\Temp\ccNZGyRA.s 			page 1


   1              		.syntax unified
   2              		.cpu cortex-m4
   3              		.eabi_attribute 27, 3
   4              		.eabi_attribute 28, 1
   5              		.fpu fpv4-sp-d16
   6              		.eabi_attribute 20, 1
   7              		.eabi_attribute 21, 1
   8              		.eabi_attribute 23, 3
   9              		.eabi_attribute 24, 1
  10              		.eabi_attribute 25, 1
  11              		.eabi_attribute 26, 1
  12              		.eabi_attribute 30, 2
  13              		.eabi_attribute 34, 1
  14              		.eabi_attribute 18, 4
  15              		.thumb
  16              		.file	"fatfs_syscall.c"
  17              		.text
  18              	.Ltext0:
  19              		.cfi_sections	.debug_frame
  20              		.section	.text.ff_cre_syncobj,"ax",%progbits
  21              		.align	2
  22              		.p2align 4,,15
  23              		.global	ff_cre_syncobj
  24              		.thumb
  25              		.thumb_func
  26              		.type	ff_cre_syncobj, %function
  27              	ff_cre_syncobj:
  28              	.LFB7:
  29              		.file 1 "../../os/various/fatfs_bindings/fatfs_syscall.c"
  30              		.loc 1 34 0
  31              		.cfi_startproc
  32              		@ args = 0, pretend = 0, frame = 0
  33              		@ frame_needed = 0, uses_anonymous_args = 0
  34              	.LVL0:
  35 0000 08B5     		push	{r3, lr}
  36              	.LCFI0:
  37              		.cfi_def_cfa_offset 8
  38              		.cfi_offset 3, -8
  39              		.cfi_offset 14, -4
  40              		.loc 1 36 0
  41 0002 40F20003 		movw	r3, #:lower16:.LANCHOR0
  42 0006 C0F20003 		movt	r3, #:upper16:.LANCHOR0
  43 000a 00EB4000 		add	r0, r0, r0, lsl #1
  44              	.LVL1:
  45 000e 03EB8000 		add	r0, r3, r0, lsl #2
  46 0012 0860     		str	r0, [r1, #0]
  47              		.loc 1 37 0
  48 0014 0121     		movs	r1, #1
  49              	.LVL2:
  50 0016 FFF7FEFF 		bl	chSemInit
  51              	.LVL3:
  52              		.loc 1 39 0
  53 001a 0120     		movs	r0, #1
  54 001c 08BD     		pop	{r3, pc}
  55              		.cfi_endproc
  56              	.LFE7:
  57              		.size	ff_cre_syncobj, .-ff_cre_syncobj
ARM GAS  C:\Users\Vergil\AppData\Local\Temp\ccNZGyRA.s 			page 2


  58 001e 00BF     		.section	.text.ff_del_syncobj,"ax",%progbits
  59              		.align	2
  60              		.p2align 4,,15
  61              		.global	ff_del_syncobj
  62              		.thumb
  63              		.thumb_func
  64              		.type	ff_del_syncobj, %function
  65              	ff_del_syncobj:
  66              	.LFB8:
  67              		.loc 1 44 0
  68              		.cfi_startproc
  69              		@ args = 0, pretend = 0, frame = 0
  70              		@ frame_needed = 0, uses_anonymous_args = 0
  71              	.LVL4:
  72 0000 08B5     		push	{r3, lr}
  73              	.LCFI1:
  74              		.cfi_def_cfa_offset 8
  75              		.cfi_offset 3, -8
  76              		.cfi_offset 14, -4
  77              		.loc 1 46 0
  78 0002 0021     		movs	r1, #0
  79 0004 FFF7FEFF 		bl	chSemReset
  80              	.LVL5:
  81              		.loc 1 48 0
  82 0008 0120     		movs	r0, #1
  83 000a 08BD     		pop	{r3, pc}
  84              		.cfi_endproc
  85              	.LFE8:
  86              		.size	ff_del_syncobj, .-ff_del_syncobj
  87 000c AFF30080 		.section	.text.ff_req_grant,"ax",%progbits
  88              		.align	2
  89              		.p2align 4,,15
  90              		.global	ff_req_grant
  91              		.thumb
  92              		.thumb_func
  93              		.type	ff_req_grant, %function
  94              	ff_req_grant:
  95              	.LFB9:
  96              		.loc 1 53 0
  97              		.cfi_startproc
  98              		@ args = 0, pretend = 0, frame = 0
  99              		@ frame_needed = 0, uses_anonymous_args = 0
 100              	.LVL6:
 101 0000 08B5     		push	{r3, lr}
 102              	.LCFI2:
 103              		.cfi_def_cfa_offset 8
 104              		.cfi_offset 3, -8
 105              		.cfi_offset 14, -4
 106              		.loc 1 55 0
 107 0002 4FF47A71 		mov	r1, #1000
 108 0006 FFF7FEFF 		bl	chSemWaitTimeout
 109              	.LVL7:
 110              		.loc 1 57 0
 111 000a D0F10100 		rsbs	r0, r0, #1
 112              	.LVL8:
 113 000e 38BF     		it	cc
 114 0010 0020     		movcc	r0, #0
ARM GAS  C:\Users\Vergil\AppData\Local\Temp\ccNZGyRA.s 			page 3


 115 0012 08BD     		pop	{r3, pc}
 116              		.cfi_endproc
 117              	.LFE9:
 118              		.size	ff_req_grant, .-ff_req_grant
 119 0014 AFF30080 		.section	.text.ff_rel_grant,"ax",%progbits
 119      AFF30080 
 119      AFF30080 
 120              		.align	2
 121              		.p2align 4,,15
 122              		.global	ff_rel_grant
 123              		.thumb
 124              		.thumb_func
 125              		.type	ff_rel_grant, %function
 126              	ff_rel_grant:
 127              	.LFB10:
 128              		.loc 1 62 0
 129              		.cfi_startproc
 130              		@ args = 0, pretend = 0, frame = 0
 131              		@ frame_needed = 0, uses_anonymous_args = 0
 132              		@ link register save eliminated.
 133              	.LVL9:
 134              		.loc 1 65 0
 135              		.loc 1 64 0
 136 0000 FFF7FEBF 		b	chSemSignal
 137              	.LVL10:
 138              		.cfi_endproc
 139              	.LFE10:
 140              		.size	ff_rel_grant, .-ff_rel_grant
 141 0004 AFF30080 		.section	.text.ff_memalloc,"ax",%progbits
 141      AFF30080 
 141      AFF30080 
 142              		.align	2
 143              		.p2align 4,,15
 144              		.global	ff_memalloc
 145              		.thumb
 146              		.thumb_func
 147              		.type	ff_memalloc, %function
 148              	ff_memalloc:
 149              	.LFB11:
 150              		.loc 1 72 0
 151              		.cfi_startproc
 152              		@ args = 0, pretend = 0, frame = 0
 153              		@ frame_needed = 0, uses_anonymous_args = 0
 154              		@ link register save eliminated.
 155              	.LVL11:
 156              		.loc 1 72 0
 157 0000 0146     		mov	r1, r0
 158              		.loc 1 74 0
 159 0002 0020     		movs	r0, #0
 160              	.LVL12:
 161              		.loc 1 75 0
 162              		.loc 1 74 0
 163 0004 FFF7FEBF 		b	chHeapAlloc
 164              	.LVL13:
 165              		.cfi_endproc
 166              	.LFE11:
 167              		.size	ff_memalloc, .-ff_memalloc
ARM GAS  C:\Users\Vergil\AppData\Local\Temp\ccNZGyRA.s 			page 4


 168 0008 AFF30080 		.section	.text.ff_memfree,"ax",%progbits
 168      AFF30080 
 169              		.align	2
 170              		.p2align 4,,15
 171              		.global	ff_memfree
 172              		.thumb
 173              		.thumb_func
 174              		.type	ff_memfree, %function
 175              	ff_memfree:
 176              	.LFB12:
 177              		.loc 1 80 0
 178              		.cfi_startproc
 179              		@ args = 0, pretend = 0, frame = 0
 180              		@ frame_needed = 0, uses_anonymous_args = 0
 181              		@ link register save eliminated.
 182              	.LVL14:
 183              		.loc 1 83 0
 184              		.loc 1 82 0
 185 0000 FFF7FEBF 		b	chHeapFree
 186              	.LVL15:
 187              		.cfi_endproc
 188              	.LFE12:
 189              		.size	ff_memfree, .-ff_memfree
 190 0004 AFF30080 		.section	.bss.ff_sem,"aw",%nobits
 190      AFF30080 
 190      AFF30080 
 191              		.align	2
 192              		.set	.LANCHOR0,. + 0
 193              		.type	ff_sem, %object
 194              		.size	ff_sem, 12
 195              	ff_sem:
 196 0000 00000000 		.space	12
 196      00000000 
 196      00000000 
 197              		.text
 198              	.Letext0:
 199              		.file 2 "c:\\chibistudio\\tools\\gnu tools arm embedded\\4.7 2014q2\\bin\\../lib/gcc/arm-none-eabi
 200              		.file 3 "c:\\chibistudio\\tools\\gnu tools arm embedded\\4.7 2014q2\\bin\\../lib/gcc/arm-none-eabi
 201              		.file 4 "../../os/ports/GCC/ARMCMx/chtypes.h"
 202              		.file 5 "../../os/kernel/include/chlists.h"
 203              		.file 6 "../../os/kernel/include/chthreads.h"
 204              		.file 7 "../../os/ports/GCC/ARMCMx/chcore_v7m.h"
 205              		.file 8 "../../os/kernel/include/chsem.h"
 206              		.file 9 "../../os/kernel/include/chmtx.h"
 207              		.file 10 "../../os/kernel/include/chmemcore.h"
 208              		.file 11 "../../os/kernel/include/chheap.h"
 209              		.file 12 "../../ext/fatfs/src/integer.h"
 210              		.section	.debug_info,"",%progbits
 211              	.Ldebug_info0:
 212 0000 67080000 		.4byte	0x867
 213 0004 0200     		.2byte	0x2
 214 0006 00000000 		.4byte	.Ldebug_abbrev0
 215 000a 04       		.byte	0x4
 216 000b 01       		.uleb128 0x1
 217 000c ED010000 		.4byte	.LASF89
 218 0010 01       		.byte	0x1
 219 0011 95000000 		.4byte	.LASF90
ARM GAS  C:\Users\Vergil\AppData\Local\Temp\ccNZGyRA.s 			page 5


 220 0015 F2020000 		.4byte	.LASF91
 221 0019 00000000 		.4byte	.Ldebug_ranges0+0
 222 001d 00000000 		.4byte	0
 223 0021 00000000 		.4byte	0
 224 0025 00000000 		.4byte	.Ldebug_line0
 225 0029 02       		.uleb128 0x2
 226 002a 04       		.byte	0x4
 227 002b 05       		.byte	0x5
 228 002c 696E7400 		.ascii	"int\000"
 229 0030 03       		.uleb128 0x3
 230 0031 00000000 		.4byte	.LASF2
 231 0035 02       		.byte	0x2
 232 0036 D5       		.byte	0xd5
 233 0037 3B000000 		.4byte	0x3b
 234 003b 04       		.uleb128 0x4
 235 003c 04       		.byte	0x4
 236 003d 07       		.byte	0x7
 237 003e 30010000 		.4byte	.LASF0
 238 0042 04       		.uleb128 0x4
 239 0043 01       		.byte	0x1
 240 0044 06       		.byte	0x6
 241 0045 5C000000 		.4byte	.LASF1
 242 0049 03       		.uleb128 0x3
 243 004a A4030000 		.4byte	.LASF3
 244 004e 03       		.byte	0x3
 245 004f 2A       		.byte	0x2a
 246 0050 54000000 		.4byte	0x54
 247 0054 04       		.uleb128 0x4
 248 0055 01       		.byte	0x1
 249 0056 08       		.byte	0x8
 250 0057 8F020000 		.4byte	.LASF4
 251 005b 04       		.uleb128 0x4
 252 005c 02       		.byte	0x2
 253 005d 05       		.byte	0x5
 254 005e B3020000 		.4byte	.LASF5
 255 0062 04       		.uleb128 0x4
 256 0063 02       		.byte	0x2
 257 0064 07       		.byte	0x7
 258 0065 88010000 		.4byte	.LASF6
 259 0069 03       		.uleb128 0x3
 260 006a 87020000 		.4byte	.LASF7
 261 006e 03       		.byte	0x3
 262 006f 4F       		.byte	0x4f
 263 0070 74000000 		.4byte	0x74
 264 0074 04       		.uleb128 0x4
 265 0075 04       		.byte	0x4
 266 0076 05       		.byte	0x5
 267 0077 DC000000 		.4byte	.LASF8
 268 007b 03       		.uleb128 0x3
 269 007c 4C030000 		.4byte	.LASF9
 270 0080 03       		.byte	0x3
 271 0081 50       		.byte	0x50
 272 0082 86000000 		.4byte	0x86
 273 0086 04       		.uleb128 0x4
 274 0087 04       		.byte	0x4
 275 0088 07       		.byte	0x7
 276 0089 73000000 		.4byte	.LASF10
ARM GAS  C:\Users\Vergil\AppData\Local\Temp\ccNZGyRA.s 			page 6


 277 008d 04       		.uleb128 0x4
 278 008e 08       		.byte	0x8
 279 008f 05       		.byte	0x5
 280 0090 4E000000 		.4byte	.LASF11
 281 0094 03       		.uleb128 0x3
 282 0095 0E000000 		.4byte	.LASF12
 283 0099 03       		.byte	0x3
 284 009a 78       		.byte	0x78
 285 009b 9F000000 		.4byte	0x9f
 286 009f 04       		.uleb128 0x4
 287 00a0 08       		.byte	0x8
 288 00a1 07       		.byte	0x7
 289 00a2 24000000 		.4byte	.LASF13
 290 00a6 04       		.uleb128 0x4
 291 00a7 01       		.byte	0x1
 292 00a8 02       		.byte	0x2
 293 00a9 81020000 		.4byte	.LASF14
 294 00ad 03       		.uleb128 0x3
 295 00ae AC010000 		.4byte	.LASF15
 296 00b2 04       		.byte	0x4
 297 00b3 2C       		.byte	0x2c
 298 00b4 49000000 		.4byte	0x49
 299 00b8 03       		.uleb128 0x3
 300 00b9 F4000000 		.4byte	.LASF16
 301 00bd 04       		.byte	0x4
 302 00be 2D       		.byte	0x2d
 303 00bf 49000000 		.4byte	0x49
 304 00c3 03       		.uleb128 0x3
 305 00c4 6A020000 		.4byte	.LASF17
 306 00c8 04       		.byte	0x4
 307 00c9 2E       		.byte	0x2e
 308 00ca 49000000 		.4byte	0x49
 309 00ce 03       		.uleb128 0x3
 310 00cf 5A030000 		.4byte	.LASF18
 311 00d3 04       		.byte	0x4
 312 00d4 2F       		.byte	0x2f
 313 00d5 49000000 		.4byte	0x49
 314 00d9 03       		.uleb128 0x3
 315 00da 79020000 		.4byte	.LASF19
 316 00de 04       		.byte	0x4
 317 00df 30       		.byte	0x30
 318 00e0 7B000000 		.4byte	0x7b
 319 00e4 03       		.uleb128 0x3
 320 00e5 A6010000 		.4byte	.LASF20
 321 00e9 04       		.byte	0x4
 322 00ea 31       		.byte	0x31
 323 00eb 69000000 		.4byte	0x69
 324 00ef 03       		.uleb128 0x3
 325 00f0 C0010000 		.4byte	.LASF21
 326 00f4 04       		.byte	0x4
 327 00f5 33       		.byte	0x33
 328 00f6 7B000000 		.4byte	0x7b
 329 00fa 03       		.uleb128 0x3
 330 00fb 70030000 		.4byte	.LASF22
 331 00ff 04       		.byte	0x4
 332 0100 35       		.byte	0x35
 333 0101 7B000000 		.4byte	0x7b
ARM GAS  C:\Users\Vergil\AppData\Local\Temp\ccNZGyRA.s 			page 7


 334 0105 03       		.uleb128 0x3
 335 0106 2A010000 		.4byte	.LASF23
 336 010a 04       		.byte	0x4
 337 010b 36       		.byte	0x36
 338 010c 69000000 		.4byte	0x69
 339 0110 03       		.uleb128 0x3
 340 0111 2E030000 		.4byte	.LASF24
 341 0115 05       		.byte	0x5
 342 0116 2A       		.byte	0x2a
 343 0117 1B010000 		.4byte	0x11b
 344 011b 05       		.uleb128 0x5
 345 011c 2E030000 		.4byte	.LASF24
 346 0120 48       		.byte	0x48
 347 0121 06       		.byte	0x6
 348 0122 5E       		.byte	0x5e
 349 0123 40020000 		.4byte	0x240
 350 0127 06       		.uleb128 0x6
 351 0128 E3020000 		.4byte	.LASF25
 352 012c 06       		.byte	0x6
 353 012d 5F       		.byte	0x5f
 354 012e 65020000 		.4byte	0x265
 355 0132 02       		.byte	0x2
 356 0133 23       		.byte	0x23
 357 0134 00       		.uleb128 0
 358 0135 06       		.uleb128 0x6
 359 0136 72020000 		.4byte	.LASF26
 360 013a 06       		.byte	0x6
 361 013b 61       		.byte	0x61
 362 013c 65020000 		.4byte	0x265
 363 0140 02       		.byte	0x2
 364 0141 23       		.byte	0x23
 365 0142 04       		.uleb128 0x4
 366 0143 06       		.uleb128 0x6
 367 0144 47000000 		.4byte	.LASF27
 368 0148 06       		.byte	0x6
 369 0149 63       		.byte	0x63
 370 014a D9000000 		.4byte	0xd9
 371 014e 02       		.byte	0x2
 372 014f 23       		.byte	0x23
 373 0150 08       		.uleb128 0x8
 374 0151 06       		.uleb128 0x6
 375 0152 E2030000 		.4byte	.LASF28
 376 0156 06       		.byte	0x6
 377 0157 64       		.byte	0x64
 378 0158 2E040000 		.4byte	0x42e
 379 015c 02       		.byte	0x2
 380 015d 23       		.byte	0x23
 381 015e 0C       		.uleb128 0xc
 382 015f 06       		.uleb128 0x6
 383 0160 FD000000 		.4byte	.LASF29
 384 0164 06       		.byte	0x6
 385 0165 66       		.byte	0x66
 386 0166 65020000 		.4byte	0x265
 387 016a 02       		.byte	0x2
 388 016b 23       		.byte	0x23
 389 016c 10       		.uleb128 0x10
 390 016d 06       		.uleb128 0x6
ARM GAS  C:\Users\Vergil\AppData\Local\Temp\ccNZGyRA.s 			page 8


 391 016e 36020000 		.4byte	.LASF30
 392 0172 06       		.byte	0x6
 393 0173 67       		.byte	0x67
 394 0174 65020000 		.4byte	0x265
 395 0178 02       		.byte	0x2
 396 0179 23       		.byte	0x23
 397 017a 14       		.uleb128 0x14
 398 017b 06       		.uleb128 0x6
 399 017c BE030000 		.4byte	.LASF31
 400 0180 06       		.byte	0x6
 401 0181 6E       		.byte	0x6e
 402 0182 E0050000 		.4byte	0x5e0
 403 0186 02       		.byte	0x2
 404 0187 23       		.byte	0x23
 405 0188 18       		.uleb128 0x18
 406 0189 06       		.uleb128 0x6
 407 018a BD020000 		.4byte	.LASF32
 408 018e 06       		.byte	0x6
 409 018f 79       		.byte	0x79
 410 0190 B8000000 		.4byte	0xb8
 411 0194 02       		.byte	0x2
 412 0195 23       		.byte	0x23
 413 0196 1C       		.uleb128 0x1c
 414 0197 06       		.uleb128 0x6
 415 0198 EA020000 		.4byte	.LASF33
 416 019c 06       		.byte	0x6
 417 019d 7D       		.byte	0x7d
 418 019e AD000000 		.4byte	0xad
 419 01a2 02       		.byte	0x2
 420 01a3 23       		.byte	0x23
 421 01a4 1D       		.uleb128 0x1d
 422 01a5 06       		.uleb128 0x6
 423 01a6 9D030000 		.4byte	.LASF34
 424 01aa 06       		.byte	0x6
 425 01ab 82       		.byte	0x82
 426 01ac C3000000 		.4byte	0xc3
 427 01b0 02       		.byte	0x2
 428 01b1 23       		.byte	0x23
 429 01b2 1E       		.uleb128 0x1e
 430 01b3 06       		.uleb128 0x6
 431 01b4 C5020000 		.4byte	.LASF35
 432 01b8 06       		.byte	0x6
 433 01b9 88       		.byte	0x88
 434 01ba CE000000 		.4byte	0xce
 435 01be 02       		.byte	0x2
 436 01bf 23       		.byte	0x23
 437 01c0 1F       		.uleb128 0x1f
 438 01c1 06       		.uleb128 0x6
 439 01c2 85030000 		.4byte	.LASF36
 440 01c6 06       		.byte	0x6
 441 01c7 8F       		.byte	0x8f
 442 01c8 58040000 		.4byte	0x458
 443 01cc 02       		.byte	0x2
 444 01cd 23       		.byte	0x23
 445 01ce 20       		.uleb128 0x20
 446 01cf 07       		.uleb128 0x7
 447 01d0 705F7500 		.ascii	"p_u\000"
ARM GAS  C:\Users\Vergil\AppData\Local\Temp\ccNZGyRA.s 			page 9


 448 01d4 06       		.byte	0x6
 449 01d5 B4       		.byte	0xb4
 450 01d6 AB050000 		.4byte	0x5ab
 451 01da 02       		.byte	0x2
 452 01db 23       		.byte	0x23
 453 01dc 24       		.uleb128 0x24
 454 01dd 06       		.uleb128 0x6
 455 01de E8030000 		.4byte	.LASF37
 456 01e2 06       		.byte	0x6
 457 01e3 B9       		.byte	0xb9
 458 01e4 8D020000 		.4byte	0x28d
 459 01e8 02       		.byte	0x2
 460 01e9 23       		.byte	0x23
 461 01ea 28       		.uleb128 0x28
 462 01eb 06       		.uleb128 0x6
 463 01ec 5E010000 		.4byte	.LASF38
 464 01f0 06       		.byte	0x6
 465 01f1 BF       		.byte	0xbf
 466 01f2 6B020000 		.4byte	0x26b
 467 01f6 02       		.byte	0x2
 468 01f7 23       		.byte	0x23
 469 01f8 2C       		.uleb128 0x2c
 470 01f9 06       		.uleb128 0x6
 471 01fa D4030000 		.4byte	.LASF39
 472 01fe 06       		.byte	0x6
 473 01ff C3       		.byte	0xc3
 474 0200 E4000000 		.4byte	0xe4
 475 0204 02       		.byte	0x2
 476 0205 23       		.byte	0x23
 477 0206 34       		.uleb128 0x34
 478 0207 06       		.uleb128 0x6
 479 0208 41030000 		.4byte	.LASF40
 480 020c 06       		.byte	0x6
 481 020d C9       		.byte	0xc9
 482 020e EF000000 		.4byte	0xef
 483 0212 02       		.byte	0x2
 484 0213 23       		.byte	0x23
 485 0214 38       		.uleb128 0x38
 486 0215 06       		.uleb128 0x6
 487 0216 A9020000 		.4byte	.LASF41
 488 021a 06       		.byte	0x6
 489 021b D0       		.byte	0xd0
 490 021c F2050000 		.4byte	0x5f2
 491 0220 02       		.byte	0x2
 492 0221 23       		.byte	0x23
 493 0222 3C       		.uleb128 0x3c
 494 0223 06       		.uleb128 0x6
 495 0224 7A030000 		.4byte	.LASF42
 496 0228 06       		.byte	0x6
 497 0229 D4       		.byte	0xd4
 498 022a D9000000 		.4byte	0xd9
 499 022e 02       		.byte	0x2
 500 022f 23       		.byte	0x23
 501 0230 40       		.uleb128 0x40
 502 0231 06       		.uleb128 0x6
 503 0232 85000000 		.4byte	.LASF43
 504 0236 06       		.byte	0x6
ARM GAS  C:\Users\Vergil\AppData\Local\Temp\ccNZGyRA.s 			page 10


 505 0237 DA       		.byte	0xda
 506 0238 A3020000 		.4byte	0x2a3
 507 023c 02       		.byte	0x2
 508 023d 23       		.byte	0x23
 509 023e 44       		.uleb128 0x44
 510 023f 00       		.byte	0
 511 0240 08       		.uleb128 0x8
 512 0241 08       		.byte	0x8
 513 0242 05       		.byte	0x5
 514 0243 61       		.byte	0x61
 515 0244 65020000 		.4byte	0x265
 516 0248 06       		.uleb128 0x6
 517 0249 E3020000 		.4byte	.LASF25
 518 024d 05       		.byte	0x5
 519 024e 62       		.byte	0x62
 520 024f 65020000 		.4byte	0x265
 521 0253 02       		.byte	0x2
 522 0254 23       		.byte	0x23
 523 0255 00       		.uleb128 0
 524 0256 06       		.uleb128 0x6
 525 0257 72020000 		.4byte	.LASF26
 526 025b 05       		.byte	0x5
 527 025c 64       		.byte	0x64
 528 025d 65020000 		.4byte	0x265
 529 0261 02       		.byte	0x2
 530 0262 23       		.byte	0x23
 531 0263 04       		.uleb128 0x4
 532 0264 00       		.byte	0
 533 0265 09       		.uleb128 0x9
 534 0266 04       		.byte	0x4
 535 0267 10010000 		.4byte	0x110
 536 026b 03       		.uleb128 0x3
 537 026c 3E020000 		.4byte	.LASF44
 538 0270 05       		.byte	0x5
 539 0271 66       		.byte	0x66
 540 0272 40020000 		.4byte	0x240
 541 0276 08       		.uleb128 0x8
 542 0277 04       		.byte	0x4
 543 0278 05       		.byte	0x5
 544 0279 6B       		.byte	0x6b
 545 027a 8D020000 		.4byte	0x28d
 546 027e 06       		.uleb128 0x6
 547 027f E3020000 		.4byte	.LASF25
 548 0283 05       		.byte	0x5
 549 0284 6D       		.byte	0x6d
 550 0285 65020000 		.4byte	0x265
 551 0289 02       		.byte	0x2
 552 028a 23       		.byte	0x23
 553 028b 00       		.uleb128 0
 554 028c 00       		.byte	0
 555 028d 03       		.uleb128 0x3
 556 028e B4010000 		.4byte	.LASF45
 557 0292 05       		.byte	0x5
 558 0293 70       		.byte	0x70
 559 0294 76020000 		.4byte	0x276
 560 0298 03       		.uleb128 0x3
 561 0299 16010000 		.4byte	.LASF46
ARM GAS  C:\Users\Vergil\AppData\Local\Temp\ccNZGyRA.s 			page 11


 562 029d 07       		.byte	0x7
 563 029e E5       		.byte	0xe5
 564 029f A3020000 		.4byte	0x2a3
 565 02a3 0A       		.uleb128 0xa
 566 02a4 04       		.byte	0x4
 567 02a5 03       		.uleb128 0x3
 568 02a6 CC010000 		.4byte	.LASF47
 569 02aa 07       		.byte	0x7
 570 02ab EB       		.byte	0xeb
 571 02ac 94000000 		.4byte	0x94
 572 02b0 0B       		.uleb128 0xb
 573 02b1 8C030000 		.4byte	.LASF48
 574 02b5 64       		.byte	0x64
 575 02b6 07       		.byte	0x7
 576 02b7 0C01     		.2byte	0x10c
 577 02b9 2E040000 		.4byte	0x42e
 578 02bd 0C       		.uleb128 0xc
 579 02be 73313600 		.ascii	"s16\000"
 580 02c2 07       		.byte	0x7
 581 02c3 0E01     		.2byte	0x10e
 582 02c5 98020000 		.4byte	0x298
 583 02c9 02       		.byte	0x2
 584 02ca 23       		.byte	0x23
 585 02cb 00       		.uleb128 0
 586 02cc 0C       		.uleb128 0xc
 587 02cd 73313700 		.ascii	"s17\000"
 588 02d1 07       		.byte	0x7
 589 02d2 0F01     		.2byte	0x10f
 590 02d4 98020000 		.4byte	0x298
 591 02d8 02       		.byte	0x2
 592 02d9 23       		.byte	0x23
 593 02da 04       		.uleb128 0x4
 594 02db 0C       		.uleb128 0xc
 595 02dc 73313800 		.ascii	"s18\000"
 596 02e0 07       		.byte	0x7
 597 02e1 1001     		.2byte	0x110
 598 02e3 98020000 		.4byte	0x298
 599 02e7 02       		.byte	0x2
 600 02e8 23       		.byte	0x23
 601 02e9 08       		.uleb128 0x8
 602 02ea 0C       		.uleb128 0xc
 603 02eb 73313900 		.ascii	"s19\000"
 604 02ef 07       		.byte	0x7
 605 02f0 1101     		.2byte	0x111
 606 02f2 98020000 		.4byte	0x298
 607 02f6 02       		.byte	0x2
 608 02f7 23       		.byte	0x23
 609 02f8 0C       		.uleb128 0xc
 610 02f9 0C       		.uleb128 0xc
 611 02fa 73323000 		.ascii	"s20\000"
 612 02fe 07       		.byte	0x7
 613 02ff 1201     		.2byte	0x112
 614 0301 98020000 		.4byte	0x298
 615 0305 02       		.byte	0x2
 616 0306 23       		.byte	0x23
 617 0307 10       		.uleb128 0x10
 618 0308 0C       		.uleb128 0xc
ARM GAS  C:\Users\Vergil\AppData\Local\Temp\ccNZGyRA.s 			page 12


 619 0309 73323100 		.ascii	"s21\000"
 620 030d 07       		.byte	0x7
 621 030e 1301     		.2byte	0x113
 622 0310 98020000 		.4byte	0x298
 623 0314 02       		.byte	0x2
 624 0315 23       		.byte	0x23
 625 0316 14       		.uleb128 0x14
 626 0317 0C       		.uleb128 0xc
 627 0318 73323200 		.ascii	"s22\000"
 628 031c 07       		.byte	0x7
 629 031d 1401     		.2byte	0x114
 630 031f 98020000 		.4byte	0x298
 631 0323 02       		.byte	0x2
 632 0324 23       		.byte	0x23
 633 0325 18       		.uleb128 0x18
 634 0326 0C       		.uleb128 0xc
 635 0327 73323300 		.ascii	"s23\000"
 636 032b 07       		.byte	0x7
 637 032c 1501     		.2byte	0x115
 638 032e 98020000 		.4byte	0x298
 639 0332 02       		.byte	0x2
 640 0333 23       		.byte	0x23
 641 0334 1C       		.uleb128 0x1c
 642 0335 0C       		.uleb128 0xc
 643 0336 73323400 		.ascii	"s24\000"
 644 033a 07       		.byte	0x7
 645 033b 1601     		.2byte	0x116
 646 033d 98020000 		.4byte	0x298
 647 0341 02       		.byte	0x2
 648 0342 23       		.byte	0x23
 649 0343 20       		.uleb128 0x20
 650 0344 0C       		.uleb128 0xc
 651 0345 73323500 		.ascii	"s25\000"
 652 0349 07       		.byte	0x7
 653 034a 1701     		.2byte	0x117
 654 034c 98020000 		.4byte	0x298
 655 0350 02       		.byte	0x2
 656 0351 23       		.byte	0x23
 657 0352 24       		.uleb128 0x24
 658 0353 0C       		.uleb128 0xc
 659 0354 73323600 		.ascii	"s26\000"
 660 0358 07       		.byte	0x7
 661 0359 1801     		.2byte	0x118
 662 035b 98020000 		.4byte	0x298
 663 035f 02       		.byte	0x2
 664 0360 23       		.byte	0x23
 665 0361 28       		.uleb128 0x28
 666 0362 0C       		.uleb128 0xc
 667 0363 73323700 		.ascii	"s27\000"
 668 0367 07       		.byte	0x7
 669 0368 1901     		.2byte	0x119
 670 036a 98020000 		.4byte	0x298
 671 036e 02       		.byte	0x2
 672 036f 23       		.byte	0x23
 673 0370 2C       		.uleb128 0x2c
 674 0371 0C       		.uleb128 0xc
 675 0372 73323800 		.ascii	"s28\000"
ARM GAS  C:\Users\Vergil\AppData\Local\Temp\ccNZGyRA.s 			page 13


 676 0376 07       		.byte	0x7
 677 0377 1A01     		.2byte	0x11a
 678 0379 98020000 		.4byte	0x298
 679 037d 02       		.byte	0x2
 680 037e 23       		.byte	0x23
 681 037f 30       		.uleb128 0x30
 682 0380 0C       		.uleb128 0xc
 683 0381 73323900 		.ascii	"s29\000"
 684 0385 07       		.byte	0x7
 685 0386 1B01     		.2byte	0x11b
 686 0388 98020000 		.4byte	0x298
 687 038c 02       		.byte	0x2
 688 038d 23       		.byte	0x23
 689 038e 34       		.uleb128 0x34
 690 038f 0C       		.uleb128 0xc
 691 0390 73333000 		.ascii	"s30\000"
 692 0394 07       		.byte	0x7
 693 0395 1C01     		.2byte	0x11c
 694 0397 98020000 		.4byte	0x298
 695 039b 02       		.byte	0x2
 696 039c 23       		.byte	0x23
 697 039d 38       		.uleb128 0x38
 698 039e 0C       		.uleb128 0xc
 699 039f 73333100 		.ascii	"s31\000"
 700 03a3 07       		.byte	0x7
 701 03a4 1D01     		.2byte	0x11d
 702 03a6 98020000 		.4byte	0x298
 703 03aa 02       		.byte	0x2
 704 03ab 23       		.byte	0x23
 705 03ac 3C       		.uleb128 0x3c
 706 03ad 0C       		.uleb128 0xc
 707 03ae 723400   		.ascii	"r4\000"
 708 03b1 07       		.byte	0x7
 709 03b2 1F01     		.2byte	0x11f
 710 03b4 98020000 		.4byte	0x298
 711 03b8 02       		.byte	0x2
 712 03b9 23       		.byte	0x23
 713 03ba 40       		.uleb128 0x40
 714 03bb 0C       		.uleb128 0xc
 715 03bc 723500   		.ascii	"r5\000"
 716 03bf 07       		.byte	0x7
 717 03c0 2001     		.2byte	0x120
 718 03c2 98020000 		.4byte	0x298
 719 03c6 02       		.byte	0x2
 720 03c7 23       		.byte	0x23
 721 03c8 44       		.uleb128 0x44
 722 03c9 0C       		.uleb128 0xc
 723 03ca 723600   		.ascii	"r6\000"
 724 03cd 07       		.byte	0x7
 725 03ce 2101     		.2byte	0x121
 726 03d0 98020000 		.4byte	0x298
 727 03d4 02       		.byte	0x2
 728 03d5 23       		.byte	0x23
 729 03d6 48       		.uleb128 0x48
 730 03d7 0C       		.uleb128 0xc
 731 03d8 723700   		.ascii	"r7\000"
 732 03db 07       		.byte	0x7
ARM GAS  C:\Users\Vergil\AppData\Local\Temp\ccNZGyRA.s 			page 14


 733 03dc 2201     		.2byte	0x122
 734 03de 98020000 		.4byte	0x298
 735 03e2 02       		.byte	0x2
 736 03e3 23       		.byte	0x23
 737 03e4 4C       		.uleb128 0x4c
 738 03e5 0C       		.uleb128 0xc
 739 03e6 723800   		.ascii	"r8\000"
 740 03e9 07       		.byte	0x7
 741 03ea 2301     		.2byte	0x123
 742 03ec 98020000 		.4byte	0x298
 743 03f0 02       		.byte	0x2
 744 03f1 23       		.byte	0x23
 745 03f2 50       		.uleb128 0x50
 746 03f3 0C       		.uleb128 0xc
 747 03f4 723900   		.ascii	"r9\000"
 748 03f7 07       		.byte	0x7
 749 03f8 2401     		.2byte	0x124
 750 03fa 98020000 		.4byte	0x298
 751 03fe 02       		.byte	0x2
 752 03ff 23       		.byte	0x23
 753 0400 54       		.uleb128 0x54
 754 0401 0C       		.uleb128 0xc
 755 0402 72313000 		.ascii	"r10\000"
 756 0406 07       		.byte	0x7
 757 0407 2501     		.2byte	0x125
 758 0409 98020000 		.4byte	0x298
 759 040d 02       		.byte	0x2
 760 040e 23       		.byte	0x23
 761 040f 58       		.uleb128 0x58
 762 0410 0C       		.uleb128 0xc
 763 0411 72313100 		.ascii	"r11\000"
 764 0415 07       		.byte	0x7
 765 0416 2601     		.2byte	0x126
 766 0418 98020000 		.4byte	0x298
 767 041c 02       		.byte	0x2
 768 041d 23       		.byte	0x23
 769 041e 5C       		.uleb128 0x5c
 770 041f 0C       		.uleb128 0xc
 771 0420 6C7200   		.ascii	"lr\000"
 772 0423 07       		.byte	0x7
 773 0424 2701     		.2byte	0x127
 774 0426 98020000 		.4byte	0x298
 775 042a 02       		.byte	0x2
 776 042b 23       		.byte	0x23
 777 042c 60       		.uleb128 0x60
 778 042d 00       		.byte	0
 779 042e 0B       		.uleb128 0xb
 780 042f 7B010000 		.4byte	.LASF49
 781 0433 04       		.byte	0x4
 782 0434 07       		.byte	0x7
 783 0435 3101     		.2byte	0x131
 784 0437 4B040000 		.4byte	0x44b
 785 043b 0C       		.uleb128 0xc
 786 043c 72313300 		.ascii	"r13\000"
 787 0440 07       		.byte	0x7
 788 0441 3201     		.2byte	0x132
 789 0443 4B040000 		.4byte	0x44b
ARM GAS  C:\Users\Vergil\AppData\Local\Temp\ccNZGyRA.s 			page 15


 790 0447 02       		.byte	0x2
 791 0448 23       		.byte	0x23
 792 0449 00       		.uleb128 0
 793 044a 00       		.byte	0
 794 044b 09       		.uleb128 0x9
 795 044c 04       		.byte	0x4
 796 044d B0020000 		.4byte	0x2b0
 797 0451 04       		.uleb128 0x4
 798 0452 04       		.byte	0x4
 799 0453 07       		.byte	0x7
 800 0454 D7010000 		.4byte	.LASF50
 801 0458 0D       		.uleb128 0xd
 802 0459 FA000000 		.4byte	0xfa
 803 045d 05       		.uleb128 0x5
 804 045e 93030000 		.4byte	.LASF51
 805 0462 0C       		.byte	0xc
 806 0463 08       		.byte	0x8
 807 0464 2C       		.byte	0x2c
 808 0465 86040000 		.4byte	0x486
 809 0469 06       		.uleb128 0x6
 810 046a 05010000 		.4byte	.LASF52
 811 046e 08       		.byte	0x8
 812 046f 2D       		.byte	0x2d
 813 0470 6B020000 		.4byte	0x26b
 814 0474 02       		.byte	0x2
 815 0475 23       		.byte	0x23
 816 0476 00       		.uleb128 0
 817 0477 06       		.uleb128 0x6
 818 0478 75010000 		.4byte	.LASF53
 819 047c 08       		.byte	0x8
 820 047d 2F       		.byte	0x2f
 821 047e 05010000 		.4byte	0x105
 822 0482 02       		.byte	0x2
 823 0483 23       		.byte	0x23
 824 0484 08       		.uleb128 0x8
 825 0485 00       		.byte	0
 826 0486 03       		.uleb128 0x3
 827 0487 93030000 		.4byte	.LASF51
 828 048b 08       		.byte	0x8
 829 048c 30       		.byte	0x30
 830 048d 5D040000 		.4byte	0x45d
 831 0491 05       		.uleb128 0x5
 832 0492 E0010000 		.4byte	.LASF54
 833 0496 10       		.byte	0x10
 834 0497 09       		.byte	0x9
 835 0498 2C       		.byte	0x2c
 836 0499 C8040000 		.4byte	0x4c8
 837 049d 06       		.uleb128 0x6
 838 049e 8D000000 		.4byte	.LASF55
 839 04a2 09       		.byte	0x9
 840 04a3 2D       		.byte	0x2d
 841 04a4 6B020000 		.4byte	0x26b
 842 04a8 02       		.byte	0x2
 843 04a9 23       		.byte	0x23
 844 04aa 00       		.uleb128 0
 845 04ab 06       		.uleb128 0x6
 846 04ac DA030000 		.4byte	.LASF56
ARM GAS  C:\Users\Vergil\AppData\Local\Temp\ccNZGyRA.s 			page 16


 847 04b0 09       		.byte	0x9
 848 04b1 2F       		.byte	0x2f
 849 04b2 65020000 		.4byte	0x265
 850 04b6 02       		.byte	0x2
 851 04b7 23       		.byte	0x23
 852 04b8 08       		.uleb128 0x8
 853 04b9 06       		.uleb128 0x6
 854 04ba 69030000 		.4byte	.LASF57
 855 04be 09       		.byte	0x9
 856 04bf 31       		.byte	0x31
 857 04c0 C8040000 		.4byte	0x4c8
 858 04c4 02       		.byte	0x2
 859 04c5 23       		.byte	0x23
 860 04c6 0C       		.uleb128 0xc
 861 04c7 00       		.byte	0
 862 04c8 09       		.uleb128 0x9
 863 04c9 04       		.byte	0x4
 864 04ca 91040000 		.4byte	0x491
 865 04ce 03       		.uleb128 0x3
 866 04cf E0010000 		.4byte	.LASF54
 867 04d3 09       		.byte	0x9
 868 04d4 33       		.byte	0x33
 869 04d5 91040000 		.4byte	0x491
 870 04d9 03       		.uleb128 0x3
 871 04da 17000000 		.4byte	.LASF58
 872 04de 0A       		.byte	0xa
 873 04df 2C       		.byte	0x2c
 874 04e0 E4040000 		.4byte	0x4e4
 875 04e4 09       		.uleb128 0x9
 876 04e5 04       		.byte	0x4
 877 04e6 EA040000 		.4byte	0x4ea
 878 04ea 0E       		.uleb128 0xe
 879 04eb 01       		.byte	0x1
 880 04ec A3020000 		.4byte	0x2a3
 881 04f0 FA040000 		.4byte	0x4fa
 882 04f4 0F       		.uleb128 0xf
 883 04f5 30000000 		.4byte	0x30
 884 04f9 00       		.byte	0
 885 04fa 03       		.uleb128 0x3
 886 04fb 5F020000 		.4byte	.LASF59
 887 04ff 0B       		.byte	0xb
 888 0500 34       		.byte	0x34
 889 0501 05050000 		.4byte	0x505
 890 0505 05       		.uleb128 0x5
 891 0506 FC030000 		.4byte	.LASF60
 892 050a 20       		.byte	0x20
 893 050b 0B       		.byte	0xb
 894 050c 47       		.byte	0x47
 895 050d 3C050000 		.4byte	0x53c
 896 0511 06       		.uleb128 0x6
 897 0512 AC030000 		.4byte	.LASF61
 898 0516 0B       		.byte	0xb
 899 0517 48       		.byte	0x48
 900 0518 D9040000 		.4byte	0x4d9
 901 051c 02       		.byte	0x2
 902 051d 23       		.byte	0x23
 903 051e 00       		.uleb128 0
ARM GAS  C:\Users\Vergil\AppData\Local\Temp\ccNZGyRA.s 			page 17


 904 051f 06       		.uleb128 0x6
 905 0520 3B000000 		.4byte	.LASF62
 906 0524 0B       		.byte	0xb
 907 0525 4A       		.byte	0x4a
 908 0526 5B050000 		.4byte	0x55b
 909 052a 02       		.byte	0x2
 910 052b 23       		.byte	0x23
 911 052c 08       		.uleb128 0x8
 912 052d 06       		.uleb128 0x6
 913 052e 68000000 		.4byte	.LASF63
 914 0532 0B       		.byte	0xb
 915 0533 4C       		.byte	0x4c
 916 0534 CE040000 		.4byte	0x4ce
 917 0538 02       		.byte	0x2
 918 0539 23       		.byte	0x23
 919 053a 10       		.uleb128 0x10
 920 053b 00       		.byte	0
 921 053c 10       		.uleb128 0x10
 922 053d 04       		.byte	0x4
 923 053e 0B       		.byte	0xb
 924 053f 3C       		.byte	0x3c
 925 0540 5B050000 		.4byte	0x55b
 926 0544 11       		.uleb128 0x11
 927 0545 42000000 		.4byte	.LASF64
 928 0549 0B       		.byte	0xb
 929 054a 3D       		.byte	0x3d
 930 054b 7C050000 		.4byte	0x57c
 931 054f 11       		.uleb128 0x11
 932 0550 55030000 		.4byte	.LASF65
 933 0554 0B       		.byte	0xb
 934 0555 3E       		.byte	0x3e
 935 0556 82050000 		.4byte	0x582
 936 055a 00       		.byte	0
 937 055b 12       		.uleb128 0x12
 938 055c 9D020000 		.4byte	.LASF92
 939 0560 08       		.byte	0x8
 940 0561 0B       		.byte	0xb
 941 0562 39       		.byte	0x39
 942 0563 7C050000 		.4byte	0x57c
 943 0567 11       		.uleb128 0x11
 944 0568 24010000 		.4byte	.LASF66
 945 056c 0B       		.byte	0xb
 946 056d 3A       		.byte	0x3a
 947 056e A5020000 		.4byte	0x2a5
 948 0572 13       		.uleb128 0x13
 949 0573 6800     		.ascii	"h\000"
 950 0575 0B       		.byte	0xb
 951 0576 41       		.byte	0x41
 952 0577 88050000 		.4byte	0x588
 953 057b 00       		.byte	0
 954 057c 09       		.uleb128 0x9
 955 057d 04       		.byte	0x4
 956 057e 5B050000 		.4byte	0x55b
 957 0582 09       		.uleb128 0x9
 958 0583 04       		.byte	0x4
 959 0584 FA040000 		.4byte	0x4fa
 960 0588 08       		.uleb128 0x8
ARM GAS  C:\Users\Vergil\AppData\Local\Temp\ccNZGyRA.s 			page 18


 961 0589 08       		.byte	0x8
 962 058a 0B       		.byte	0xb
 963 058b 3B       		.byte	0x3b
 964 058c AB050000 		.4byte	0x5ab
 965 0590 07       		.uleb128 0x7
 966 0591 7500     		.ascii	"u\000"
 967 0593 0B       		.byte	0xb
 968 0594 3F       		.byte	0x3f
 969 0595 3C050000 		.4byte	0x53c
 970 0599 02       		.byte	0x2
 971 059a 23       		.byte	0x23
 972 059b 00       		.uleb128 0
 973 059c 06       		.uleb128 0x6
 974 059d 83010000 		.4byte	.LASF67
 975 05a1 0B       		.byte	0xb
 976 05a2 40       		.byte	0x40
 977 05a3 30000000 		.4byte	0x30
 978 05a7 02       		.byte	0x2
 979 05a8 23       		.byte	0x23
 980 05a9 04       		.uleb128 0x4
 981 05aa 00       		.byte	0
 982 05ab 10       		.uleb128 0x10
 983 05ac 04       		.byte	0x4
 984 05ad 06       		.byte	0x6
 985 05ae 96       		.byte	0x96
 986 05af E0050000 		.4byte	0x5e0
 987 05b3 11       		.uleb128 0x11
 988 05b4 07000000 		.4byte	.LASF68
 989 05b8 06       		.byte	0x6
 990 05b9 9D       		.byte	0x9d
 991 05ba E4000000 		.4byte	0xe4
 992 05be 11       		.uleb128 0x11
 993 05bf 0D010000 		.4byte	.LASF69
 994 05c3 06       		.byte	0x6
 995 05c4 A4       		.byte	0xa4
 996 05c5 E4000000 		.4byte	0xe4
 997 05c9 11       		.uleb128 0x11
 998 05ca B7030000 		.4byte	.LASF70
 999 05ce 06       		.byte	0x6
 1000 05cf AB       		.byte	0xab
 1001 05d0 A3020000 		.4byte	0x2a3
 1002 05d4 11       		.uleb128 0x11
 1003 05d5 DC020000 		.4byte	.LASF71
 1004 05d9 06       		.byte	0x6
 1005 05da B2       		.byte	0xb2
 1006 05db EF000000 		.4byte	0xef
 1007 05df 00       		.byte	0
 1008 05e0 09       		.uleb128 0x9
 1009 05e1 04       		.byte	0x4
 1010 05e2 E6050000 		.4byte	0x5e6
 1011 05e6 14       		.uleb128 0x14
 1012 05e7 EB050000 		.4byte	0x5eb
 1013 05eb 04       		.uleb128 0x4
 1014 05ec 01       		.byte	0x1
 1015 05ed 08       		.byte	0x8
 1016 05ee 64030000 		.4byte	.LASF72
 1017 05f2 09       		.uleb128 0x9
ARM GAS  C:\Users\Vergil\AppData\Local\Temp\ccNZGyRA.s 			page 19


 1018 05f3 04       		.byte	0x4
 1019 05f4 CE040000 		.4byte	0x4ce
 1020 05f8 03       		.uleb128 0x3
 1021 05f9 59010000 		.4byte	.LASF73
 1022 05fd 0C       		.byte	0xc
 1023 05fe 11       		.byte	0x11
 1024 05ff 3B000000 		.4byte	0x3b
 1025 0603 03       		.uleb128 0x3
 1026 0604 1F010000 		.4byte	.LASF74
 1027 0608 0C       		.byte	0xc
 1028 0609 16       		.byte	0x16
 1029 060a 54000000 		.4byte	0x54
 1030 060e 09       		.uleb128 0x9
 1031 060f 04       		.byte	0x4
 1032 0610 86040000 		.4byte	0x486
 1033 0614 15       		.uleb128 0x15
 1034 0615 01       		.byte	0x1
 1035 0616 E5000000 		.4byte	.LASF76
 1036 061a 01       		.byte	0x1
 1037 061b 22       		.byte	0x22
 1038 061c 01       		.byte	0x1
 1039 061d 29000000 		.4byte	0x29
 1040 0621 00000000 		.4byte	.LFB7
 1041 0625 1E000000 		.4byte	.LFE7
 1042 0629 00000000 		.4byte	.LLST0
 1043 062d 01       		.byte	0x1
 1044 062e 60060000 		.4byte	0x660
 1045 0632 16       		.uleb128 0x16
 1046 0633 766F6C00 		.ascii	"vol\000"
 1047 0637 01       		.byte	0x1
 1048 0638 22       		.byte	0x22
 1049 0639 03060000 		.4byte	0x603
 1050 063d 20000000 		.4byte	.LLST1
 1051 0641 17       		.uleb128 0x17
 1052 0642 6E000000 		.4byte	.LASF75
 1053 0646 01       		.byte	0x1
 1054 0647 22       		.byte	0x22
 1055 0648 60060000 		.4byte	0x660
 1056 064c 41000000 		.4byte	.LLST2
 1057 0650 18       		.uleb128 0x18
 1058 0651 1A000000 		.4byte	.LVL3
 1059 0655 DA070000 		.4byte	0x7da
 1060 0659 19       		.uleb128 0x19
 1061 065a 01       		.byte	0x1
 1062 065b 51       		.byte	0x51
 1063 065c 01       		.byte	0x1
 1064 065d 31       		.byte	0x31
 1065 065e 00       		.byte	0
 1066 065f 00       		.byte	0
 1067 0660 09       		.uleb128 0x9
 1068 0661 04       		.byte	0x4
 1069 0662 0E060000 		.4byte	0x60e
 1070 0666 15       		.uleb128 0x15
 1071 0667 01       		.byte	0x1
 1072 0668 C5030000 		.4byte	.LASF77
 1073 066c 01       		.byte	0x1
 1074 066d 2C       		.byte	0x2c
ARM GAS  C:\Users\Vergil\AppData\Local\Temp\ccNZGyRA.s 			page 20


 1075 066e 01       		.byte	0x1
 1076 066f 29000000 		.4byte	0x29
 1077 0673 00000000 		.4byte	.LFB8
 1078 0677 0C000000 		.4byte	.LFE8
 1079 067b 62000000 		.4byte	.LLST3
 1080 067f 01       		.byte	0x1
 1081 0680 AA060000 		.4byte	0x6aa
 1082 0684 17       		.uleb128 0x17
 1083 0685 6E000000 		.4byte	.LASF75
 1084 0689 01       		.byte	0x1
 1085 068a 2C       		.byte	0x2c
 1086 068b 0E060000 		.4byte	0x60e
 1087 068f 82000000 		.4byte	.LLST4
 1088 0693 18       		.uleb128 0x18
 1089 0694 08000000 		.4byte	.LVL5
 1090 0698 F3070000 		.4byte	0x7f3
 1091 069c 19       		.uleb128 0x19
 1092 069d 01       		.byte	0x1
 1093 069e 51       		.byte	0x51
 1094 069f 01       		.byte	0x1
 1095 06a0 30       		.byte	0x30
 1096 06a1 19       		.uleb128 0x19
 1097 06a2 01       		.byte	0x1
 1098 06a3 50       		.byte	0x50
 1099 06a4 03       		.byte	0x3
 1100 06a5 F3       		.byte	0xf3
 1101 06a6 01       		.uleb128 0x1
 1102 06a7 50       		.byte	0x50
 1103 06a8 00       		.byte	0
 1104 06a9 00       		.byte	0
 1105 06aa 15       		.uleb128 0x15
 1106 06ab 01       		.byte	0x1
 1107 06ac 4B020000 		.4byte	.LASF78
 1108 06b0 01       		.byte	0x1
 1109 06b1 35       		.byte	0x35
 1110 06b2 01       		.byte	0x1
 1111 06b3 29000000 		.4byte	0x29
 1112 06b7 00000000 		.4byte	.LFB9
 1113 06bb 14000000 		.4byte	.LFE9
 1114 06bf A3000000 		.4byte	.LLST5
 1115 06c3 01       		.byte	0x1
 1116 06c4 FF060000 		.4byte	0x6ff
 1117 06c8 17       		.uleb128 0x17
 1118 06c9 6E000000 		.4byte	.LASF75
 1119 06cd 01       		.byte	0x1
 1120 06ce 35       		.byte	0x35
 1121 06cf 0E060000 		.4byte	0x60e
 1122 06d3 C3000000 		.4byte	.LLST6
 1123 06d7 1A       		.uleb128 0x1a
 1124 06d8 6D736700 		.ascii	"msg\000"
 1125 06dc 01       		.byte	0x1
 1126 06dd 37       		.byte	0x37
 1127 06de E4000000 		.4byte	0xe4
 1128 06e2 E4000000 		.4byte	.LLST7
 1129 06e6 18       		.uleb128 0x18
 1130 06e7 0A000000 		.4byte	.LVL7
 1131 06eb 0C080000 		.4byte	0x80c
ARM GAS  C:\Users\Vergil\AppData\Local\Temp\ccNZGyRA.s 			page 21


 1132 06ef 19       		.uleb128 0x19
 1133 06f0 01       		.byte	0x1
 1134 06f1 51       		.byte	0x51
 1135 06f2 03       		.byte	0x3
 1136 06f3 0A       		.byte	0xa
 1137 06f4 E803     		.2byte	0x3e8
 1138 06f6 19       		.uleb128 0x19
 1139 06f7 01       		.byte	0x1
 1140 06f8 50       		.byte	0x50
 1141 06f9 03       		.byte	0x3
 1142 06fa F3       		.byte	0xf3
 1143 06fb 01       		.uleb128 0x1
 1144 06fc 50       		.byte	0x50
 1145 06fd 00       		.byte	0
 1146 06fe 00       		.byte	0
 1147 06ff 1B       		.uleb128 0x1b
 1148 0700 01       		.byte	0x1
 1149 0701 CF020000 		.4byte	.LASF80
 1150 0705 01       		.byte	0x1
 1151 0706 3E       		.byte	0x3e
 1152 0707 01       		.byte	0x1
 1153 0708 00000000 		.4byte	.LFB10
 1154 070c 04000000 		.4byte	.LFE10
 1155 0710 02       		.byte	0x2
 1156 0711 7D       		.byte	0x7d
 1157 0712 00       		.sleb128 0
 1158 0713 01       		.byte	0x1
 1159 0714 3A070000 		.4byte	0x73a
 1160 0718 17       		.uleb128 0x17
 1161 0719 6E000000 		.4byte	.LASF75
 1162 071d 01       		.byte	0x1
 1163 071e 3E       		.byte	0x3e
 1164 071f 0E060000 		.4byte	0x60e
 1165 0723 F7000000 		.4byte	.LLST8
 1166 0727 1C       		.uleb128 0x1c
 1167 0728 04000000 		.4byte	.LVL10
 1168 072c 01       		.byte	0x1
 1169 072d 29080000 		.4byte	0x829
 1170 0731 19       		.uleb128 0x19
 1171 0732 01       		.byte	0x1
 1172 0733 50       		.byte	0x50
 1173 0734 03       		.byte	0x3
 1174 0735 F3       		.byte	0xf3
 1175 0736 01       		.uleb128 0x1
 1176 0737 50       		.byte	0x50
 1177 0738 00       		.byte	0
 1178 0739 00       		.byte	0
 1179 073a 1D       		.uleb128 0x1d
 1180 073b 01       		.byte	0x1
 1181 073c D0000000 		.4byte	.LASF79
 1182 0740 01       		.byte	0x1
 1183 0741 48       		.byte	0x48
 1184 0742 01       		.byte	0x1
 1185 0743 A3020000 		.4byte	0x2a3
 1186 0747 00000000 		.4byte	.LFB11
 1187 074b 08000000 		.4byte	.LFE11
 1188 074f 02       		.byte	0x2
ARM GAS  C:\Users\Vergil\AppData\Local\Temp\ccNZGyRA.s 			page 22


 1189 0750 7D       		.byte	0x7d
 1190 0751 00       		.sleb128 0
 1191 0752 01       		.byte	0x1
 1192 0753 7E070000 		.4byte	0x77e
 1193 0757 17       		.uleb128 0x17
 1194 0758 83010000 		.4byte	.LASF67
 1195 075c 01       		.byte	0x1
 1196 075d 48       		.byte	0x48
 1197 075e F8050000 		.4byte	0x5f8
 1198 0762 18010000 		.4byte	.LLST9
 1199 0766 1C       		.uleb128 0x1c
 1200 0767 08000000 		.4byte	.LVL13
 1201 076b 01       		.byte	0x1
 1202 076c 3D080000 		.4byte	0x83d
 1203 0770 19       		.uleb128 0x19
 1204 0771 01       		.byte	0x1
 1205 0772 51       		.byte	0x51
 1206 0773 03       		.byte	0x3
 1207 0774 F3       		.byte	0xf3
 1208 0775 01       		.uleb128 0x1
 1209 0776 50       		.byte	0x50
 1210 0777 19       		.uleb128 0x19
 1211 0778 01       		.byte	0x1
 1212 0779 50       		.byte	0x50
 1213 077a 01       		.byte	0x1
 1214 077b 30       		.byte	0x30
 1215 077c 00       		.byte	0
 1216 077d 00       		.byte	0
 1217 077e 1B       		.uleb128 0x1b
 1218 077f 01       		.byte	0x1
 1219 0780 4E010000 		.4byte	.LASF81
 1220 0784 01       		.byte	0x1
 1221 0785 50       		.byte	0x50
 1222 0786 01       		.byte	0x1
 1223 0787 00000000 		.4byte	.LFB12
 1224 078b 04000000 		.4byte	.LFE12
 1225 078f 02       		.byte	0x2
 1226 0790 7D       		.byte	0x7d
 1227 0791 00       		.sleb128 0
 1228 0792 01       		.byte	0x1
 1229 0793 B9070000 		.4byte	0x7b9
 1230 0797 17       		.uleb128 0x17
 1231 0798 E6010000 		.4byte	.LASF82
 1232 079c 01       		.byte	0x1
 1233 079d 50       		.byte	0x50
 1234 079e A3020000 		.4byte	0x2a3
 1235 07a2 44010000 		.4byte	.LLST10
 1236 07a6 1C       		.uleb128 0x1c
 1237 07a7 04000000 		.4byte	.LVL15
 1238 07ab 01       		.byte	0x1
 1239 07ac 5A080000 		.4byte	0x85a
 1240 07b0 19       		.uleb128 0x19
 1241 07b1 01       		.byte	0x1
 1242 07b2 50       		.byte	0x50
 1243 07b3 03       		.byte	0x3
 1244 07b4 F3       		.byte	0xf3
 1245 07b5 01       		.uleb128 0x1
ARM GAS  C:\Users\Vergil\AppData\Local\Temp\ccNZGyRA.s 			page 23


 1246 07b6 50       		.byte	0x50
 1247 07b7 00       		.byte	0
 1248 07b8 00       		.byte	0
 1249 07b9 1E       		.uleb128 0x1e
 1250 07ba 86040000 		.4byte	0x486
 1251 07be C9070000 		.4byte	0x7c9
 1252 07c2 1F       		.uleb128 0x1f
 1253 07c3 51040000 		.4byte	0x451
 1254 07c7 00       		.byte	0
 1255 07c8 00       		.byte	0
 1256 07c9 20       		.uleb128 0x20
 1257 07ca 58020000 		.4byte	.LASF83
 1258 07ce 01       		.byte	0x1
 1259 07cf 1D       		.byte	0x1d
 1260 07d0 B9070000 		.4byte	0x7b9
 1261 07d4 05       		.byte	0x5
 1262 07d5 03       		.byte	0x3
 1263 07d6 00000000 		.4byte	ff_sem
 1264 07da 21       		.uleb128 0x21
 1265 07db 01       		.byte	0x1
 1266 07dc F2030000 		.4byte	.LASF84
 1267 07e0 08       		.byte	0x8
 1268 07e1 35       		.byte	0x35
 1269 07e2 01       		.byte	0x1
 1270 07e3 01       		.byte	0x1
 1271 07e4 F3070000 		.4byte	0x7f3
 1272 07e8 0F       		.uleb128 0xf
 1273 07e9 0E060000 		.4byte	0x60e
 1274 07ed 0F       		.uleb128 0xf
 1275 07ee 05010000 		.4byte	0x105
 1276 07f2 00       		.byte	0
 1277 07f3 21       		.uleb128 0x21
 1278 07f4 01       		.byte	0x1
 1279 07f5 9B010000 		.4byte	.LASF85
 1280 07f9 08       		.byte	0x8
 1281 07fa 36       		.byte	0x36
 1282 07fb 01       		.byte	0x1
 1283 07fc 01       		.byte	0x1
 1284 07fd 0C080000 		.4byte	0x80c
 1285 0801 0F       		.uleb128 0xf
 1286 0802 0E060000 		.4byte	0x60e
 1287 0806 0F       		.uleb128 0xf
 1288 0807 05010000 		.4byte	0x105
 1289 080b 00       		.byte	0
 1290 080c 22       		.uleb128 0x22
 1291 080d 01       		.byte	0x1
 1292 080e 3D010000 		.4byte	.LASF87
 1293 0812 08       		.byte	0x8
 1294 0813 3A       		.byte	0x3a
 1295 0814 01       		.byte	0x1
 1296 0815 E4000000 		.4byte	0xe4
 1297 0819 01       		.byte	0x1
 1298 081a 29080000 		.4byte	0x829
 1299 081e 0F       		.uleb128 0xf
 1300 081f 0E060000 		.4byte	0x60e
 1301 0823 0F       		.uleb128 0xf
 1302 0824 FA000000 		.4byte	0xfa
ARM GAS  C:\Users\Vergil\AppData\Local\Temp\ccNZGyRA.s 			page 24


 1303 0828 00       		.byte	0
 1304 0829 21       		.uleb128 0x21
 1305 082a 01       		.byte	0x1
 1306 082b 69010000 		.4byte	.LASF86
 1307 082f 08       		.byte	0x8
 1308 0830 3C       		.byte	0x3c
 1309 0831 01       		.byte	0x1
 1310 0832 01       		.byte	0x1
 1311 0833 3D080000 		.4byte	0x83d
 1312 0837 0F       		.uleb128 0xf
 1313 0838 0E060000 		.4byte	0x60e
 1314 083c 00       		.byte	0
 1315 083d 22       		.uleb128 0x22
 1316 083e 01       		.byte	0x1
 1317 083f 35030000 		.4byte	.LASF88
 1318 0843 0B       		.byte	0xb
 1319 0844 59       		.byte	0x59
 1320 0845 01       		.byte	0x1
 1321 0846 A3020000 		.4byte	0x2a3
 1322 084a 01       		.byte	0x1
 1323 084b 5A080000 		.4byte	0x85a
 1324 084f 0F       		.uleb128 0xf
 1325 0850 82050000 		.4byte	0x582
 1326 0854 0F       		.uleb128 0xf
 1327 0855 30000000 		.4byte	0x30
 1328 0859 00       		.byte	0
 1329 085a 23       		.uleb128 0x23
 1330 085b 01       		.byte	0x1
 1331 085c C5000000 		.4byte	.LASF93
 1332 0860 0B       		.byte	0xb
 1333 0861 5A       		.byte	0x5a
 1334 0862 01       		.byte	0x1
 1335 0863 01       		.byte	0x1
 1336 0864 0F       		.uleb128 0xf
 1337 0865 A3020000 		.4byte	0x2a3
 1338 0869 00       		.byte	0
 1339 086a 00       		.byte	0
 1340              		.section	.debug_abbrev,"",%progbits
 1341              	.Ldebug_abbrev0:
 1342 0000 01       		.uleb128 0x1
 1343 0001 11       		.uleb128 0x11
 1344 0002 01       		.byte	0x1
 1345 0003 25       		.uleb128 0x25
 1346 0004 0E       		.uleb128 0xe
 1347 0005 13       		.uleb128 0x13
 1348 0006 0B       		.uleb128 0xb
 1349 0007 03       		.uleb128 0x3
 1350 0008 0E       		.uleb128 0xe
 1351 0009 1B       		.uleb128 0x1b
 1352 000a 0E       		.uleb128 0xe
 1353 000b 55       		.uleb128 0x55
 1354 000c 06       		.uleb128 0x6
 1355 000d 11       		.uleb128 0x11
 1356 000e 01       		.uleb128 0x1
 1357 000f 52       		.uleb128 0x52
 1358 0010 01       		.uleb128 0x1
 1359 0011 10       		.uleb128 0x10
ARM GAS  C:\Users\Vergil\AppData\Local\Temp\ccNZGyRA.s 			page 25


 1360 0012 06       		.uleb128 0x6
 1361 0013 00       		.byte	0
 1362 0014 00       		.byte	0
 1363 0015 02       		.uleb128 0x2
 1364 0016 24       		.uleb128 0x24
 1365 0017 00       		.byte	0
 1366 0018 0B       		.uleb128 0xb
 1367 0019 0B       		.uleb128 0xb
 1368 001a 3E       		.uleb128 0x3e
 1369 001b 0B       		.uleb128 0xb
 1370 001c 03       		.uleb128 0x3
 1371 001d 08       		.uleb128 0x8
 1372 001e 00       		.byte	0
 1373 001f 00       		.byte	0
 1374 0020 03       		.uleb128 0x3
 1375 0021 16       		.uleb128 0x16
 1376 0022 00       		.byte	0
 1377 0023 03       		.uleb128 0x3
 1378 0024 0E       		.uleb128 0xe
 1379 0025 3A       		.uleb128 0x3a
 1380 0026 0B       		.uleb128 0xb
 1381 0027 3B       		.uleb128 0x3b
 1382 0028 0B       		.uleb128 0xb
 1383 0029 49       		.uleb128 0x49
 1384 002a 13       		.uleb128 0x13
 1385 002b 00       		.byte	0
 1386 002c 00       		.byte	0
 1387 002d 04       		.uleb128 0x4
 1388 002e 24       		.uleb128 0x24
 1389 002f 00       		.byte	0
 1390 0030 0B       		.uleb128 0xb
 1391 0031 0B       		.uleb128 0xb
 1392 0032 3E       		.uleb128 0x3e
 1393 0033 0B       		.uleb128 0xb
 1394 0034 03       		.uleb128 0x3
 1395 0035 0E       		.uleb128 0xe
 1396 0036 00       		.byte	0
 1397 0037 00       		.byte	0
 1398 0038 05       		.uleb128 0x5
 1399 0039 13       		.uleb128 0x13
 1400 003a 01       		.byte	0x1
 1401 003b 03       		.uleb128 0x3
 1402 003c 0E       		.uleb128 0xe
 1403 003d 0B       		.uleb128 0xb
 1404 003e 0B       		.uleb128 0xb
 1405 003f 3A       		.uleb128 0x3a
 1406 0040 0B       		.uleb128 0xb
 1407 0041 3B       		.uleb128 0x3b
 1408 0042 0B       		.uleb128 0xb
 1409 0043 01       		.uleb128 0x1
 1410 0044 13       		.uleb128 0x13
 1411 0045 00       		.byte	0
 1412 0046 00       		.byte	0
 1413 0047 06       		.uleb128 0x6
 1414 0048 0D       		.uleb128 0xd
 1415 0049 00       		.byte	0
 1416 004a 03       		.uleb128 0x3
ARM GAS  C:\Users\Vergil\AppData\Local\Temp\ccNZGyRA.s 			page 26


 1417 004b 0E       		.uleb128 0xe
 1418 004c 3A       		.uleb128 0x3a
 1419 004d 0B       		.uleb128 0xb
 1420 004e 3B       		.uleb128 0x3b
 1421 004f 0B       		.uleb128 0xb
 1422 0050 49       		.uleb128 0x49
 1423 0051 13       		.uleb128 0x13
 1424 0052 38       		.uleb128 0x38
 1425 0053 0A       		.uleb128 0xa
 1426 0054 00       		.byte	0
 1427 0055 00       		.byte	0
 1428 0056 07       		.uleb128 0x7
 1429 0057 0D       		.uleb128 0xd
 1430 0058 00       		.byte	0
 1431 0059 03       		.uleb128 0x3
 1432 005a 08       		.uleb128 0x8
 1433 005b 3A       		.uleb128 0x3a
 1434 005c 0B       		.uleb128 0xb
 1435 005d 3B       		.uleb128 0x3b
 1436 005e 0B       		.uleb128 0xb
 1437 005f 49       		.uleb128 0x49
 1438 0060 13       		.uleb128 0x13
 1439 0061 38       		.uleb128 0x38
 1440 0062 0A       		.uleb128 0xa
 1441 0063 00       		.byte	0
 1442 0064 00       		.byte	0
 1443 0065 08       		.uleb128 0x8
 1444 0066 13       		.uleb128 0x13
 1445 0067 01       		.byte	0x1
 1446 0068 0B       		.uleb128 0xb
 1447 0069 0B       		.uleb128 0xb
 1448 006a 3A       		.uleb128 0x3a
 1449 006b 0B       		.uleb128 0xb
 1450 006c 3B       		.uleb128 0x3b
 1451 006d 0B       		.uleb128 0xb
 1452 006e 01       		.uleb128 0x1
 1453 006f 13       		.uleb128 0x13
 1454 0070 00       		.byte	0
 1455 0071 00       		.byte	0
 1456 0072 09       		.uleb128 0x9
 1457 0073 0F       		.uleb128 0xf
 1458 0074 00       		.byte	0
 1459 0075 0B       		.uleb128 0xb
 1460 0076 0B       		.uleb128 0xb
 1461 0077 49       		.uleb128 0x49
 1462 0078 13       		.uleb128 0x13
 1463 0079 00       		.byte	0
 1464 007a 00       		.byte	0
 1465 007b 0A       		.uleb128 0xa
 1466 007c 0F       		.uleb128 0xf
 1467 007d 00       		.byte	0
 1468 007e 0B       		.uleb128 0xb
 1469 007f 0B       		.uleb128 0xb
 1470 0080 00       		.byte	0
 1471 0081 00       		.byte	0
 1472 0082 0B       		.uleb128 0xb
 1473 0083 13       		.uleb128 0x13
ARM GAS  C:\Users\Vergil\AppData\Local\Temp\ccNZGyRA.s 			page 27


 1474 0084 01       		.byte	0x1
 1475 0085 03       		.uleb128 0x3
 1476 0086 0E       		.uleb128 0xe
 1477 0087 0B       		.uleb128 0xb
 1478 0088 0B       		.uleb128 0xb
 1479 0089 3A       		.uleb128 0x3a
 1480 008a 0B       		.uleb128 0xb
 1481 008b 3B       		.uleb128 0x3b
 1482 008c 05       		.uleb128 0x5
 1483 008d 01       		.uleb128 0x1
 1484 008e 13       		.uleb128 0x13
 1485 008f 00       		.byte	0
 1486 0090 00       		.byte	0
 1487 0091 0C       		.uleb128 0xc
 1488 0092 0D       		.uleb128 0xd
 1489 0093 00       		.byte	0
 1490 0094 03       		.uleb128 0x3
 1491 0095 08       		.uleb128 0x8
 1492 0096 3A       		.uleb128 0x3a
 1493 0097 0B       		.uleb128 0xb
 1494 0098 3B       		.uleb128 0x3b
 1495 0099 05       		.uleb128 0x5
 1496 009a 49       		.uleb128 0x49
 1497 009b 13       		.uleb128 0x13
 1498 009c 38       		.uleb128 0x38
 1499 009d 0A       		.uleb128 0xa
 1500 009e 00       		.byte	0
 1501 009f 00       		.byte	0
 1502 00a0 0D       		.uleb128 0xd
 1503 00a1 35       		.uleb128 0x35
 1504 00a2 00       		.byte	0
 1505 00a3 49       		.uleb128 0x49
 1506 00a4 13       		.uleb128 0x13
 1507 00a5 00       		.byte	0
 1508 00a6 00       		.byte	0
 1509 00a7 0E       		.uleb128 0xe
 1510 00a8 15       		.uleb128 0x15
 1511 00a9 01       		.byte	0x1
 1512 00aa 27       		.uleb128 0x27
 1513 00ab 0C       		.uleb128 0xc
 1514 00ac 49       		.uleb128 0x49
 1515 00ad 13       		.uleb128 0x13
 1516 00ae 01       		.uleb128 0x1
 1517 00af 13       		.uleb128 0x13
 1518 00b0 00       		.byte	0
 1519 00b1 00       		.byte	0
 1520 00b2 0F       		.uleb128 0xf
 1521 00b3 05       		.uleb128 0x5
 1522 00b4 00       		.byte	0
 1523 00b5 49       		.uleb128 0x49
 1524 00b6 13       		.uleb128 0x13
 1525 00b7 00       		.byte	0
 1526 00b8 00       		.byte	0
 1527 00b9 10       		.uleb128 0x10
 1528 00ba 17       		.uleb128 0x17
 1529 00bb 01       		.byte	0x1
 1530 00bc 0B       		.uleb128 0xb
ARM GAS  C:\Users\Vergil\AppData\Local\Temp\ccNZGyRA.s 			page 28


 1531 00bd 0B       		.uleb128 0xb
 1532 00be 3A       		.uleb128 0x3a
 1533 00bf 0B       		.uleb128 0xb
 1534 00c0 3B       		.uleb128 0x3b
 1535 00c1 0B       		.uleb128 0xb
 1536 00c2 01       		.uleb128 0x1
 1537 00c3 13       		.uleb128 0x13
 1538 00c4 00       		.byte	0
 1539 00c5 00       		.byte	0
 1540 00c6 11       		.uleb128 0x11
 1541 00c7 0D       		.uleb128 0xd
 1542 00c8 00       		.byte	0
 1543 00c9 03       		.uleb128 0x3
 1544 00ca 0E       		.uleb128 0xe
 1545 00cb 3A       		.uleb128 0x3a
 1546 00cc 0B       		.uleb128 0xb
 1547 00cd 3B       		.uleb128 0x3b
 1548 00ce 0B       		.uleb128 0xb
 1549 00cf 49       		.uleb128 0x49
 1550 00d0 13       		.uleb128 0x13
 1551 00d1 00       		.byte	0
 1552 00d2 00       		.byte	0
 1553 00d3 12       		.uleb128 0x12
 1554 00d4 17       		.uleb128 0x17
 1555 00d5 01       		.byte	0x1
 1556 00d6 03       		.uleb128 0x3
 1557 00d7 0E       		.uleb128 0xe
 1558 00d8 0B       		.uleb128 0xb
 1559 00d9 0B       		.uleb128 0xb
 1560 00da 3A       		.uleb128 0x3a
 1561 00db 0B       		.uleb128 0xb
 1562 00dc 3B       		.uleb128 0x3b
 1563 00dd 0B       		.uleb128 0xb
 1564 00de 01       		.uleb128 0x1
 1565 00df 13       		.uleb128 0x13
 1566 00e0 00       		.byte	0
 1567 00e1 00       		.byte	0
 1568 00e2 13       		.uleb128 0x13
 1569 00e3 0D       		.uleb128 0xd
 1570 00e4 00       		.byte	0
 1571 00e5 03       		.uleb128 0x3
 1572 00e6 08       		.uleb128 0x8
 1573 00e7 3A       		.uleb128 0x3a
 1574 00e8 0B       		.uleb128 0xb
 1575 00e9 3B       		.uleb128 0x3b
 1576 00ea 0B       		.uleb128 0xb
 1577 00eb 49       		.uleb128 0x49
 1578 00ec 13       		.uleb128 0x13
 1579 00ed 00       		.byte	0
 1580 00ee 00       		.byte	0
 1581 00ef 14       		.uleb128 0x14
 1582 00f0 26       		.uleb128 0x26
 1583 00f1 00       		.byte	0
 1584 00f2 49       		.uleb128 0x49
 1585 00f3 13       		.uleb128 0x13
 1586 00f4 00       		.byte	0
 1587 00f5 00       		.byte	0
ARM GAS  C:\Users\Vergil\AppData\Local\Temp\ccNZGyRA.s 			page 29


 1588 00f6 15       		.uleb128 0x15
 1589 00f7 2E       		.uleb128 0x2e
 1590 00f8 01       		.byte	0x1
 1591 00f9 3F       		.uleb128 0x3f
 1592 00fa 0C       		.uleb128 0xc
 1593 00fb 03       		.uleb128 0x3
 1594 00fc 0E       		.uleb128 0xe
 1595 00fd 3A       		.uleb128 0x3a
 1596 00fe 0B       		.uleb128 0xb
 1597 00ff 3B       		.uleb128 0x3b
 1598 0100 0B       		.uleb128 0xb
 1599 0101 27       		.uleb128 0x27
 1600 0102 0C       		.uleb128 0xc
 1601 0103 49       		.uleb128 0x49
 1602 0104 13       		.uleb128 0x13
 1603 0105 11       		.uleb128 0x11
 1604 0106 01       		.uleb128 0x1
 1605 0107 12       		.uleb128 0x12
 1606 0108 01       		.uleb128 0x1
 1607 0109 40       		.uleb128 0x40
 1608 010a 06       		.uleb128 0x6
 1609 010b 9742     		.uleb128 0x2117
 1610 010d 0C       		.uleb128 0xc
 1611 010e 01       		.uleb128 0x1
 1612 010f 13       		.uleb128 0x13
 1613 0110 00       		.byte	0
 1614 0111 00       		.byte	0
 1615 0112 16       		.uleb128 0x16
 1616 0113 05       		.uleb128 0x5
 1617 0114 00       		.byte	0
 1618 0115 03       		.uleb128 0x3
 1619 0116 08       		.uleb128 0x8
 1620 0117 3A       		.uleb128 0x3a
 1621 0118 0B       		.uleb128 0xb
 1622 0119 3B       		.uleb128 0x3b
 1623 011a 0B       		.uleb128 0xb
 1624 011b 49       		.uleb128 0x49
 1625 011c 13       		.uleb128 0x13
 1626 011d 02       		.uleb128 0x2
 1627 011e 06       		.uleb128 0x6
 1628 011f 00       		.byte	0
 1629 0120 00       		.byte	0
 1630 0121 17       		.uleb128 0x17
 1631 0122 05       		.uleb128 0x5
 1632 0123 00       		.byte	0
 1633 0124 03       		.uleb128 0x3
 1634 0125 0E       		.uleb128 0xe
 1635 0126 3A       		.uleb128 0x3a
 1636 0127 0B       		.uleb128 0xb
 1637 0128 3B       		.uleb128 0x3b
 1638 0129 0B       		.uleb128 0xb
 1639 012a 49       		.uleb128 0x49
 1640 012b 13       		.uleb128 0x13
 1641 012c 02       		.uleb128 0x2
 1642 012d 06       		.uleb128 0x6
 1643 012e 00       		.byte	0
 1644 012f 00       		.byte	0
ARM GAS  C:\Users\Vergil\AppData\Local\Temp\ccNZGyRA.s 			page 30


 1645 0130 18       		.uleb128 0x18
 1646 0131 898201   		.uleb128 0x4109
 1647 0134 01       		.byte	0x1
 1648 0135 11       		.uleb128 0x11
 1649 0136 01       		.uleb128 0x1
 1650 0137 31       		.uleb128 0x31
 1651 0138 13       		.uleb128 0x13
 1652 0139 00       		.byte	0
 1653 013a 00       		.byte	0
 1654 013b 19       		.uleb128 0x19
 1655 013c 8A8201   		.uleb128 0x410a
 1656 013f 00       		.byte	0
 1657 0140 02       		.uleb128 0x2
 1658 0141 0A       		.uleb128 0xa
 1659 0142 9142     		.uleb128 0x2111
 1660 0144 0A       		.uleb128 0xa
 1661 0145 00       		.byte	0
 1662 0146 00       		.byte	0
 1663 0147 1A       		.uleb128 0x1a
 1664 0148 34       		.uleb128 0x34
 1665 0149 00       		.byte	0
 1666 014a 03       		.uleb128 0x3
 1667 014b 08       		.uleb128 0x8
 1668 014c 3A       		.uleb128 0x3a
 1669 014d 0B       		.uleb128 0xb
 1670 014e 3B       		.uleb128 0x3b
 1671 014f 0B       		.uleb128 0xb
 1672 0150 49       		.uleb128 0x49
 1673 0151 13       		.uleb128 0x13
 1674 0152 02       		.uleb128 0x2
 1675 0153 06       		.uleb128 0x6
 1676 0154 00       		.byte	0
 1677 0155 00       		.byte	0
 1678 0156 1B       		.uleb128 0x1b
 1679 0157 2E       		.uleb128 0x2e
 1680 0158 01       		.byte	0x1
 1681 0159 3F       		.uleb128 0x3f
 1682 015a 0C       		.uleb128 0xc
 1683 015b 03       		.uleb128 0x3
 1684 015c 0E       		.uleb128 0xe
 1685 015d 3A       		.uleb128 0x3a
 1686 015e 0B       		.uleb128 0xb
 1687 015f 3B       		.uleb128 0x3b
 1688 0160 0B       		.uleb128 0xb
 1689 0161 27       		.uleb128 0x27
 1690 0162 0C       		.uleb128 0xc
 1691 0163 11       		.uleb128 0x11
 1692 0164 01       		.uleb128 0x1
 1693 0165 12       		.uleb128 0x12
 1694 0166 01       		.uleb128 0x1
 1695 0167 40       		.uleb128 0x40
 1696 0168 0A       		.uleb128 0xa
 1697 0169 9742     		.uleb128 0x2117
 1698 016b 0C       		.uleb128 0xc
 1699 016c 01       		.uleb128 0x1
 1700 016d 13       		.uleb128 0x13
 1701 016e 00       		.byte	0
ARM GAS  C:\Users\Vergil\AppData\Local\Temp\ccNZGyRA.s 			page 31


 1702 016f 00       		.byte	0
 1703 0170 1C       		.uleb128 0x1c
 1704 0171 898201   		.uleb128 0x4109
 1705 0174 01       		.byte	0x1
 1706 0175 11       		.uleb128 0x11
 1707 0176 01       		.uleb128 0x1
 1708 0177 9542     		.uleb128 0x2115
 1709 0179 0C       		.uleb128 0xc
 1710 017a 31       		.uleb128 0x31
 1711 017b 13       		.uleb128 0x13
 1712 017c 00       		.byte	0
 1713 017d 00       		.byte	0
 1714 017e 1D       		.uleb128 0x1d
 1715 017f 2E       		.uleb128 0x2e
 1716 0180 01       		.byte	0x1
 1717 0181 3F       		.uleb128 0x3f
 1718 0182 0C       		.uleb128 0xc
 1719 0183 03       		.uleb128 0x3
 1720 0184 0E       		.uleb128 0xe
 1721 0185 3A       		.uleb128 0x3a
 1722 0186 0B       		.uleb128 0xb
 1723 0187 3B       		.uleb128 0x3b
 1724 0188 0B       		.uleb128 0xb
 1725 0189 27       		.uleb128 0x27
 1726 018a 0C       		.uleb128 0xc
 1727 018b 49       		.uleb128 0x49
 1728 018c 13       		.uleb128 0x13
 1729 018d 11       		.uleb128 0x11
 1730 018e 01       		.uleb128 0x1
 1731 018f 12       		.uleb128 0x12
 1732 0190 01       		.uleb128 0x1
 1733 0191 40       		.uleb128 0x40
 1734 0192 0A       		.uleb128 0xa
 1735 0193 9742     		.uleb128 0x2117
 1736 0195 0C       		.uleb128 0xc
 1737 0196 01       		.uleb128 0x1
 1738 0197 13       		.uleb128 0x13
 1739 0198 00       		.byte	0
 1740 0199 00       		.byte	0
 1741 019a 1E       		.uleb128 0x1e
 1742 019b 01       		.uleb128 0x1
 1743 019c 01       		.byte	0x1
 1744 019d 49       		.uleb128 0x49
 1745 019e 13       		.uleb128 0x13
 1746 019f 01       		.uleb128 0x1
 1747 01a0 13       		.uleb128 0x13
 1748 01a1 00       		.byte	0
 1749 01a2 00       		.byte	0
 1750 01a3 1F       		.uleb128 0x1f
 1751 01a4 21       		.uleb128 0x21
 1752 01a5 00       		.byte	0
 1753 01a6 49       		.uleb128 0x49
 1754 01a7 13       		.uleb128 0x13
 1755 01a8 2F       		.uleb128 0x2f
 1756 01a9 0B       		.uleb128 0xb
 1757 01aa 00       		.byte	0
 1758 01ab 00       		.byte	0
ARM GAS  C:\Users\Vergil\AppData\Local\Temp\ccNZGyRA.s 			page 32


 1759 01ac 20       		.uleb128 0x20
 1760 01ad 34       		.uleb128 0x34
 1761 01ae 00       		.byte	0
 1762 01af 03       		.uleb128 0x3
 1763 01b0 0E       		.uleb128 0xe
 1764 01b1 3A       		.uleb128 0x3a
 1765 01b2 0B       		.uleb128 0xb
 1766 01b3 3B       		.uleb128 0x3b
 1767 01b4 0B       		.uleb128 0xb
 1768 01b5 49       		.uleb128 0x49
 1769 01b6 13       		.uleb128 0x13
 1770 01b7 02       		.uleb128 0x2
 1771 01b8 0A       		.uleb128 0xa
 1772 01b9 00       		.byte	0
 1773 01ba 00       		.byte	0
 1774 01bb 21       		.uleb128 0x21
 1775 01bc 2E       		.uleb128 0x2e
 1776 01bd 01       		.byte	0x1
 1777 01be 3F       		.uleb128 0x3f
 1778 01bf 0C       		.uleb128 0xc
 1779 01c0 03       		.uleb128 0x3
 1780 01c1 0E       		.uleb128 0xe
 1781 01c2 3A       		.uleb128 0x3a
 1782 01c3 0B       		.uleb128 0xb
 1783 01c4 3B       		.uleb128 0x3b
 1784 01c5 0B       		.uleb128 0xb
 1785 01c6 27       		.uleb128 0x27
 1786 01c7 0C       		.uleb128 0xc
 1787 01c8 3C       		.uleb128 0x3c
 1788 01c9 0C       		.uleb128 0xc
 1789 01ca 01       		.uleb128 0x1
 1790 01cb 13       		.uleb128 0x13
 1791 01cc 00       		.byte	0
 1792 01cd 00       		.byte	0
 1793 01ce 22       		.uleb128 0x22
 1794 01cf 2E       		.uleb128 0x2e
 1795 01d0 01       		.byte	0x1
 1796 01d1 3F       		.uleb128 0x3f
 1797 01d2 0C       		.uleb128 0xc
 1798 01d3 03       		.uleb128 0x3
 1799 01d4 0E       		.uleb128 0xe
 1800 01d5 3A       		.uleb128 0x3a
 1801 01d6 0B       		.uleb128 0xb
 1802 01d7 3B       		.uleb128 0x3b
 1803 01d8 0B       		.uleb128 0xb
 1804 01d9 27       		.uleb128 0x27
 1805 01da 0C       		.uleb128 0xc
 1806 01db 49       		.uleb128 0x49
 1807 01dc 13       		.uleb128 0x13
 1808 01dd 3C       		.uleb128 0x3c
 1809 01de 0C       		.uleb128 0xc
 1810 01df 01       		.uleb128 0x1
 1811 01e0 13       		.uleb128 0x13
 1812 01e1 00       		.byte	0
 1813 01e2 00       		.byte	0
 1814 01e3 23       		.uleb128 0x23
 1815 01e4 2E       		.uleb128 0x2e
ARM GAS  C:\Users\Vergil\AppData\Local\Temp\ccNZGyRA.s 			page 33


 1816 01e5 01       		.byte	0x1
 1817 01e6 3F       		.uleb128 0x3f
 1818 01e7 0C       		.uleb128 0xc
 1819 01e8 03       		.uleb128 0x3
 1820 01e9 0E       		.uleb128 0xe
 1821 01ea 3A       		.uleb128 0x3a
 1822 01eb 0B       		.uleb128 0xb
 1823 01ec 3B       		.uleb128 0x3b
 1824 01ed 0B       		.uleb128 0xb
 1825 01ee 27       		.uleb128 0x27
 1826 01ef 0C       		.uleb128 0xc
 1827 01f0 3C       		.uleb128 0x3c
 1828 01f1 0C       		.uleb128 0xc
 1829 01f2 00       		.byte	0
 1830 01f3 00       		.byte	0
 1831 01f4 00       		.byte	0
 1832              		.section	.debug_loc,"",%progbits
 1833              	.Ldebug_loc0:
 1834              	.LLST0:
 1835 0000 00000000 		.4byte	.LFB7
 1836 0004 02000000 		.4byte	.LCFI0
 1837 0008 0200     		.2byte	0x2
 1838 000a 7D       		.byte	0x7d
 1839 000b 00       		.sleb128 0
 1840 000c 02000000 		.4byte	.LCFI0
 1841 0010 1E000000 		.4byte	.LFE7
 1842 0014 0200     		.2byte	0x2
 1843 0016 7D       		.byte	0x7d
 1844 0017 08       		.sleb128 8
 1845 0018 00000000 		.4byte	0
 1846 001c 00000000 		.4byte	0
 1847              	.LLST1:
 1848 0020 00000000 		.4byte	.LVL0
 1849 0024 0E000000 		.4byte	.LVL1
 1850 0028 0100     		.2byte	0x1
 1851 002a 50       		.byte	0x50
 1852 002b 0E000000 		.4byte	.LVL1
 1853 002f 1E000000 		.4byte	.LFE7
 1854 0033 0400     		.2byte	0x4
 1855 0035 F3       		.byte	0xf3
 1856 0036 01       		.uleb128 0x1
 1857 0037 50       		.byte	0x50
 1858 0038 9F       		.byte	0x9f
 1859 0039 00000000 		.4byte	0
 1860 003d 00000000 		.4byte	0
 1861              	.LLST2:
 1862 0041 00000000 		.4byte	.LVL0
 1863 0045 16000000 		.4byte	.LVL2
 1864 0049 0100     		.2byte	0x1
 1865 004b 51       		.byte	0x51
 1866 004c 16000000 		.4byte	.LVL2
 1867 0050 1E000000 		.4byte	.LFE7
 1868 0054 0400     		.2byte	0x4
 1869 0056 F3       		.byte	0xf3
 1870 0057 01       		.uleb128 0x1
 1871 0058 51       		.byte	0x51
 1872 0059 9F       		.byte	0x9f
ARM GAS  C:\Users\Vergil\AppData\Local\Temp\ccNZGyRA.s 			page 34


 1873 005a 00000000 		.4byte	0
 1874 005e 00000000 		.4byte	0
 1875              	.LLST3:
 1876 0062 00000000 		.4byte	.LFB8
 1877 0066 02000000 		.4byte	.LCFI1
 1878 006a 0200     		.2byte	0x2
 1879 006c 7D       		.byte	0x7d
 1880 006d 00       		.sleb128 0
 1881 006e 02000000 		.4byte	.LCFI1
 1882 0072 0C000000 		.4byte	.LFE8
 1883 0076 0200     		.2byte	0x2
 1884 0078 7D       		.byte	0x7d
 1885 0079 08       		.sleb128 8
 1886 007a 00000000 		.4byte	0
 1887 007e 00000000 		.4byte	0
 1888              	.LLST4:
 1889 0082 00000000 		.4byte	.LVL4
 1890 0086 07000000 		.4byte	.LVL5-1
 1891 008a 0100     		.2byte	0x1
 1892 008c 50       		.byte	0x50
 1893 008d 07000000 		.4byte	.LVL5-1
 1894 0091 0C000000 		.4byte	.LFE8
 1895 0095 0400     		.2byte	0x4
 1896 0097 F3       		.byte	0xf3
 1897 0098 01       		.uleb128 0x1
 1898 0099 50       		.byte	0x50
 1899 009a 9F       		.byte	0x9f
 1900 009b 00000000 		.4byte	0
 1901 009f 00000000 		.4byte	0
 1902              	.LLST5:
 1903 00a3 00000000 		.4byte	.LFB9
 1904 00a7 02000000 		.4byte	.LCFI2
 1905 00ab 0200     		.2byte	0x2
 1906 00ad 7D       		.byte	0x7d
 1907 00ae 00       		.sleb128 0
 1908 00af 02000000 		.4byte	.LCFI2
 1909 00b3 14000000 		.4byte	.LFE9
 1910 00b7 0200     		.2byte	0x2
 1911 00b9 7D       		.byte	0x7d
 1912 00ba 08       		.sleb128 8
 1913 00bb 00000000 		.4byte	0
 1914 00bf 00000000 		.4byte	0
 1915              	.LLST6:
 1916 00c3 00000000 		.4byte	.LVL6
 1917 00c7 09000000 		.4byte	.LVL7-1
 1918 00cb 0100     		.2byte	0x1
 1919 00cd 50       		.byte	0x50
 1920 00ce 09000000 		.4byte	.LVL7-1
 1921 00d2 14000000 		.4byte	.LFE9
 1922 00d6 0400     		.2byte	0x4
 1923 00d8 F3       		.byte	0xf3
 1924 00d9 01       		.uleb128 0x1
 1925 00da 50       		.byte	0x50
 1926 00db 9F       		.byte	0x9f
 1927 00dc 00000000 		.4byte	0
 1928 00e0 00000000 		.4byte	0
 1929              	.LLST7:
ARM GAS  C:\Users\Vergil\AppData\Local\Temp\ccNZGyRA.s 			page 35


 1930 00e4 0A000000 		.4byte	.LVL7
 1931 00e8 0E000000 		.4byte	.LVL8
 1932 00ec 0100     		.2byte	0x1
 1933 00ee 50       		.byte	0x50
 1934 00ef 00000000 		.4byte	0
 1935 00f3 00000000 		.4byte	0
 1936              	.LLST8:
 1937 00f7 00000000 		.4byte	.LVL9
 1938 00fb 03000000 		.4byte	.LVL10-1
 1939 00ff 0100     		.2byte	0x1
 1940 0101 50       		.byte	0x50
 1941 0102 03000000 		.4byte	.LVL10-1
 1942 0106 04000000 		.4byte	.LFE10
 1943 010a 0400     		.2byte	0x4
 1944 010c F3       		.byte	0xf3
 1945 010d 01       		.uleb128 0x1
 1946 010e 50       		.byte	0x50
 1947 010f 9F       		.byte	0x9f
 1948 0110 00000000 		.4byte	0
 1949 0114 00000000 		.4byte	0
 1950              	.LLST9:
 1951 0118 00000000 		.4byte	.LVL11
 1952 011c 04000000 		.4byte	.LVL12
 1953 0120 0100     		.2byte	0x1
 1954 0122 50       		.byte	0x50
 1955 0123 04000000 		.4byte	.LVL12
 1956 0127 07000000 		.4byte	.LVL13-1
 1957 012b 0100     		.2byte	0x1
 1958 012d 51       		.byte	0x51
 1959 012e 07000000 		.4byte	.LVL13-1
 1960 0132 08000000 		.4byte	.LFE11
 1961 0136 0400     		.2byte	0x4
 1962 0138 F3       		.byte	0xf3
 1963 0139 01       		.uleb128 0x1
 1964 013a 50       		.byte	0x50
 1965 013b 9F       		.byte	0x9f
 1966 013c 00000000 		.4byte	0
 1967 0140 00000000 		.4byte	0
 1968              	.LLST10:
 1969 0144 00000000 		.4byte	.LVL14
 1970 0148 03000000 		.4byte	.LVL15-1
 1971 014c 0100     		.2byte	0x1
 1972 014e 50       		.byte	0x50
 1973 014f 03000000 		.4byte	.LVL15-1
 1974 0153 04000000 		.4byte	.LFE12
 1975 0157 0400     		.2byte	0x4
 1976 0159 F3       		.byte	0xf3
 1977 015a 01       		.uleb128 0x1
 1978 015b 50       		.byte	0x50
 1979 015c 9F       		.byte	0x9f
 1980 015d 00000000 		.4byte	0
 1981 0161 00000000 		.4byte	0
 1982              		.section	.debug_aranges,"",%progbits
 1983 0000 44000000 		.4byte	0x44
 1984 0004 0200     		.2byte	0x2
 1985 0006 00000000 		.4byte	.Ldebug_info0
 1986 000a 04       		.byte	0x4
ARM GAS  C:\Users\Vergil\AppData\Local\Temp\ccNZGyRA.s 			page 36


 1987 000b 00       		.byte	0
 1988 000c 0000     		.2byte	0
 1989 000e 0000     		.2byte	0
 1990 0010 00000000 		.4byte	.LFB7
 1991 0014 1E000000 		.4byte	.LFE7-.LFB7
 1992 0018 00000000 		.4byte	.LFB8
 1993 001c 0C000000 		.4byte	.LFE8-.LFB8
 1994 0020 00000000 		.4byte	.LFB9
 1995 0024 14000000 		.4byte	.LFE9-.LFB9
 1996 0028 00000000 		.4byte	.LFB10
 1997 002c 04000000 		.4byte	.LFE10-.LFB10
 1998 0030 00000000 		.4byte	.LFB11
 1999 0034 08000000 		.4byte	.LFE11-.LFB11
 2000 0038 00000000 		.4byte	.LFB12
 2001 003c 04000000 		.4byte	.LFE12-.LFB12
 2002 0040 00000000 		.4byte	0
 2003 0044 00000000 		.4byte	0
 2004              		.section	.debug_ranges,"",%progbits
 2005              	.Ldebug_ranges0:
 2006 0000 00000000 		.4byte	.LFB7
 2007 0004 1E000000 		.4byte	.LFE7
 2008 0008 00000000 		.4byte	.LFB8
 2009 000c 0C000000 		.4byte	.LFE8
 2010 0010 00000000 		.4byte	.LFB9
 2011 0014 14000000 		.4byte	.LFE9
 2012 0018 00000000 		.4byte	.LFB10
 2013 001c 04000000 		.4byte	.LFE10
 2014 0020 00000000 		.4byte	.LFB11
 2015 0024 08000000 		.4byte	.LFE11
 2016 0028 00000000 		.4byte	.LFB12
 2017 002c 04000000 		.4byte	.LFE12
 2018 0030 00000000 		.4byte	0
 2019 0034 00000000 		.4byte	0
 2020              		.section	.debug_line,"",%progbits
 2021              	.Ldebug_line0:
 2022 0000 6A020000 		.section	.debug_str,"MS",%progbits,1
 2022      0200F901 
 2022      00000201 
 2022      FB0E0D00 
 2022      01010101 
 2023              	.LASF2:
 2024 0000 73697A65 		.ascii	"size_t\000"
 2024      5F7400
 2025              	.LASF68:
 2026 0007 7264796D 		.ascii	"rdymsg\000"
 2026      736700
 2027              	.LASF12:
 2028 000e 75696E74 		.ascii	"uint64_t\000"
 2028      36345F74 
 2028      00
 2029              	.LASF58:
 2030 0017 6D656D67 		.ascii	"memgetfunc_t\000"
 2030      65746675 
 2030      6E635F74 
 2030      00
 2031              	.LASF13:
 2032 0024 6C6F6E67 		.ascii	"long long unsigned int\000"
ARM GAS  C:\Users\Vergil\AppData\Local\Temp\ccNZGyRA.s 			page 37


 2032      206C6F6E 
 2032      6720756E 
 2032      7369676E 
 2032      65642069 
 2033              	.LASF62:
 2034 003b 685F6672 		.ascii	"h_free\000"
 2034      656500
 2035              	.LASF64:
 2036 0042 6E657874 		.ascii	"next\000"
 2036      00
 2037              	.LASF27:
 2038 0047 705F7072 		.ascii	"p_prio\000"
 2038      696F00
 2039              	.LASF11:
 2040 004e 6C6F6E67 		.ascii	"long long int\000"
 2040      206C6F6E 
 2040      6720696E 
 2040      7400
 2041              	.LASF1:
 2042 005c 7369676E 		.ascii	"signed char\000"
 2042      65642063 
 2042      68617200 
 2043              	.LASF63:
 2044 0068 685F6D74 		.ascii	"h_mtx\000"
 2044      7800
 2045              	.LASF75:
 2046 006e 736F626A 		.ascii	"sobj\000"
 2046      00
 2047              	.LASF10:
 2048 0073 6C6F6E67 		.ascii	"long unsigned int\000"
 2048      20756E73 
 2048      69676E65 
 2048      6420696E 
 2048      7400
 2049              	.LASF43:
 2050 0085 705F6D70 		.ascii	"p_mpool\000"
 2050      6F6F6C00 
 2051              	.LASF55:
 2052 008d 6D5F7175 		.ascii	"m_queue\000"
 2052      65756500 
 2053              	.LASF90:
 2054 0095 2E2E2F2E 		.ascii	"../../os/various/fatfs_bindings/fatfs_syscall.c\000"
 2054      2E2F6F73 
 2054      2F766172 
 2054      696F7573 
 2054      2F666174 
 2055              	.LASF93:
 2056 00c5 63684865 		.ascii	"chHeapFree\000"
 2056      61704672 
 2056      656500
 2057              	.LASF79:
 2058 00d0 66665F6D 		.ascii	"ff_memalloc\000"
 2058      656D616C 
 2058      6C6F6300 
 2059              	.LASF8:
 2060 00dc 6C6F6E67 		.ascii	"long int\000"
 2060      20696E74 
ARM GAS  C:\Users\Vergil\AppData\Local\Temp\ccNZGyRA.s 			page 38


 2060      00
 2061              	.LASF76:
 2062 00e5 66665F63 		.ascii	"ff_cre_syncobj\000"
 2062      72655F73 
 2062      796E636F 
 2062      626A00
 2063              	.LASF16:
 2064 00f4 74737461 		.ascii	"tstate_t\000"
 2064      74655F74 
 2064      00
 2065              	.LASF29:
 2066 00fd 705F6E65 		.ascii	"p_newer\000"
 2066      77657200 
 2067              	.LASF52:
 2068 0105 735F7175 		.ascii	"s_queue\000"
 2068      65756500 
 2069              	.LASF69:
 2070 010d 65786974 		.ascii	"exitcode\000"
 2070      636F6465 
 2070      00
 2071              	.LASF46:
 2072 0116 72656761 		.ascii	"regarm_t\000"
 2072      726D5F74 
 2072      00
 2073              	.LASF74:
 2074 011f 42595445 		.ascii	"BYTE\000"
 2074      00
 2075              	.LASF66:
 2076 0124 616C6967 		.ascii	"align\000"
 2076      6E00
 2077              	.LASF23:
 2078 012a 636E745F 		.ascii	"cnt_t\000"
 2078      7400
 2079              	.LASF0:
 2080 0130 756E7369 		.ascii	"unsigned int\000"
 2080      676E6564 
 2080      20696E74 
 2080      00
 2081              	.LASF87:
 2082 013d 63685365 		.ascii	"chSemWaitTimeout\000"
 2082      6D576169 
 2082      7454696D 
 2082      656F7574 
 2082      00
 2083              	.LASF81:
 2084 014e 66665F6D 		.ascii	"ff_memfree\000"
 2084      656D6672 
 2084      656500
 2085              	.LASF73:
 2086 0159 55494E54 		.ascii	"UINT\000"
 2086      00
 2087              	.LASF38:
 2088 015e 705F6D73 		.ascii	"p_msgqueue\000"
 2088      67717565 
 2088      756500
 2089              	.LASF86:
 2090 0169 63685365 		.ascii	"chSemSignal\000"
ARM GAS  C:\Users\Vergil\AppData\Local\Temp\ccNZGyRA.s 			page 39


 2090      6D536967 
 2090      6E616C00 
 2091              	.LASF53:
 2092 0175 735F636E 		.ascii	"s_cnt\000"
 2092      7400
 2093              	.LASF49:
 2094 017b 636F6E74 		.ascii	"context\000"
 2094      65787400 
 2095              	.LASF67:
 2096 0183 73697A65 		.ascii	"size\000"
 2096      00
 2097              	.LASF6:
 2098 0188 73686F72 		.ascii	"short unsigned int\000"
 2098      7420756E 
 2098      7369676E 
 2098      65642069 
 2098      6E7400
 2099              	.LASF85:
 2100 019b 63685365 		.ascii	"chSemReset\000"
 2100      6D526573 
 2100      657400
 2101              	.LASF20:
 2102 01a6 6D73675F 		.ascii	"msg_t\000"
 2102      7400
 2103              	.LASF15:
 2104 01ac 746D6F64 		.ascii	"tmode_t\000"
 2104      655F7400 
 2105              	.LASF45:
 2106 01b4 54687265 		.ascii	"ThreadsList\000"
 2106      6164734C 
 2106      69737400 
 2107              	.LASF21:
 2108 01c0 6576656E 		.ascii	"eventmask_t\000"
 2108      746D6173 
 2108      6B5F7400 
 2109              	.LASF47:
 2110 01cc 73746B61 		.ascii	"stkalign_t\000"
 2110      6C69676E 
 2110      5F7400
 2111              	.LASF50:
 2112 01d7 73697A65 		.ascii	"sizetype\000"
 2112      74797065 
 2112      00
 2113              	.LASF54:
 2114 01e0 4D757465 		.ascii	"Mutex\000"
 2114      7800
 2115              	.LASF82:
 2116 01e6 6D626C6F 		.ascii	"mblock\000"
 2116      636B00
 2117              	.LASF89:
 2118 01ed 474E5520 		.ascii	"GNU C 4.7.4 20140401 (release) [ARM/embedded-4_7-br"
 2118      4320342E 
 2118      372E3420 
 2118      32303134 
 2118      30343031 
 2119 0220 616E6368 		.ascii	"anch revision 209195]\000"
 2119      20726576 
ARM GAS  C:\Users\Vergil\AppData\Local\Temp\ccNZGyRA.s 			page 40


 2119      6973696F 
 2119      6E203230 
 2119      39313935 
 2120              	.LASF30:
 2121 0236 705F6F6C 		.ascii	"p_older\000"
 2121      64657200 
 2122              	.LASF44:
 2123 023e 54687265 		.ascii	"ThreadsQueue\000"
 2123      61647351 
 2123      75657565 
 2123      00
 2124              	.LASF78:
 2125 024b 66665F72 		.ascii	"ff_req_grant\000"
 2125      65715F67 
 2125      72616E74 
 2125      00
 2126              	.LASF83:
 2127 0258 66665F73 		.ascii	"ff_sem\000"
 2127      656D00
 2128              	.LASF59:
 2129 025f 4D656D6F 		.ascii	"MemoryHeap\000"
 2129      72794865 
 2129      617000
 2130              	.LASF17:
 2131 026a 74726566 		.ascii	"trefs_t\000"
 2131      735F7400 
 2132              	.LASF26:
 2133 0272 705F7072 		.ascii	"p_prev\000"
 2133      657600
 2134              	.LASF19:
 2135 0279 74707269 		.ascii	"tprio_t\000"
 2135      6F5F7400 
 2136              	.LASF14:
 2137 0281 5F426F6F 		.ascii	"_Bool\000"
 2137      6C00
 2138              	.LASF7:
 2139 0287 696E7433 		.ascii	"int32_t\000"
 2139      325F7400 
 2140              	.LASF4:
 2141 028f 756E7369 		.ascii	"unsigned char\000"
 2141      676E6564 
 2141      20636861 
 2141      7200
 2142              	.LASF92:
 2143 029d 68656170 		.ascii	"heap_header\000"
 2143      5F686561 
 2143      64657200 
 2144              	.LASF41:
 2145 02a9 705F6D74 		.ascii	"p_mtxlist\000"
 2145      786C6973 
 2145      7400
 2146              	.LASF5:
 2147 02b3 73686F72 		.ascii	"short int\000"
 2147      7420696E 
 2147      7400
 2148              	.LASF32:
 2149 02bd 705F7374 		.ascii	"p_state\000"
ARM GAS  C:\Users\Vergil\AppData\Local\Temp\ccNZGyRA.s 			page 41


 2149      61746500 
 2150              	.LASF35:
 2151 02c5 705F7072 		.ascii	"p_preempt\000"
 2151      65656D70 
 2151      7400
 2152              	.LASF80:
 2153 02cf 66665F72 		.ascii	"ff_rel_grant\000"
 2153      656C5F67 
 2153      72616E74 
 2153      00
 2154              	.LASF71:
 2155 02dc 65776D61 		.ascii	"ewmask\000"
 2155      736B00
 2156              	.LASF25:
 2157 02e3 705F6E65 		.ascii	"p_next\000"
 2157      787400
 2158              	.LASF33:
 2159 02ea 705F666C 		.ascii	"p_flags\000"
 2159      61677300 
 2160              	.LASF91:
 2161 02f2 433A5C43 		.ascii	"C:\\ChibiStudio\\chibios\\demos\\ARMCM4-STM32F401RE"
 2161      68696269 
 2161      53747564 
 2161      696F5C63 
 2161      68696269 
 2162 0321 2D4E5543 		.ascii	"-NUCLEO-CC3K\000"
 2162      4C454F2D 
 2162      4343334B 
 2162      00
 2163              	.LASF24:
 2164 032e 54687265 		.ascii	"Thread\000"
 2164      616400
 2165              	.LASF88:
 2166 0335 63684865 		.ascii	"chHeapAlloc\000"
 2166      6170416C 
 2166      6C6F6300 
 2167              	.LASF40:
 2168 0341 705F6570 		.ascii	"p_epending\000"
 2168      656E6469 
 2168      6E6700
 2169              	.LASF9:
 2170 034c 75696E74 		.ascii	"uint32_t\000"
 2170      33325F74 
 2170      00
 2171              	.LASF65:
 2172 0355 68656170 		.ascii	"heap\000"
 2172      00
 2173              	.LASF18:
 2174 035a 74736C69 		.ascii	"tslices_t\000"
 2174      6365735F 
 2174      7400
 2175              	.LASF72:
 2176 0364 63686172 		.ascii	"char\000"
 2176      00
 2177              	.LASF57:
 2178 0369 6D5F6E65 		.ascii	"m_next\000"
 2178      787400
ARM GAS  C:\Users\Vergil\AppData\Local\Temp\ccNZGyRA.s 			page 42


 2179              	.LASF22:
 2180 0370 73797374 		.ascii	"systime_t\000"
 2180      696D655F 
 2180      7400
 2181              	.LASF42:
 2182 037a 705F7265 		.ascii	"p_realprio\000"
 2182      616C7072 
 2182      696F00
 2183              	.LASF36:
 2184 0385 705F7469 		.ascii	"p_time\000"
 2184      6D6500
 2185              	.LASF48:
 2186 038c 696E7463 		.ascii	"intctx\000"
 2186      747800
 2187              	.LASF51:
 2188 0393 53656D61 		.ascii	"Semaphore\000"
 2188      70686F72 
 2188      6500
 2189              	.LASF34:
 2190 039d 705F7265 		.ascii	"p_refs\000"
 2190      667300
 2191              	.LASF3:
 2192 03a4 75696E74 		.ascii	"uint8_t\000"
 2192      385F7400 
 2193              	.LASF61:
 2194 03ac 685F7072 		.ascii	"h_provider\000"
 2194      6F766964 
 2194      657200
 2195              	.LASF70:
 2196 03b7 77746F62 		.ascii	"wtobjp\000"
 2196      6A7000
 2197              	.LASF31:
 2198 03be 705F6E61 		.ascii	"p_name\000"
 2198      6D6500
 2199              	.LASF77:
 2200 03c5 66665F64 		.ascii	"ff_del_syncobj\000"
 2200      656C5F73 
 2200      796E636F 
 2200      626A00
 2201              	.LASF39:
 2202 03d4 705F6D73 		.ascii	"p_msg\000"
 2202      6700
 2203              	.LASF56:
 2204 03da 6D5F6F77 		.ascii	"m_owner\000"
 2204      6E657200 
 2205              	.LASF28:
 2206 03e2 705F6374 		.ascii	"p_ctx\000"
 2206      7800
 2207              	.LASF37:
 2208 03e8 705F7761 		.ascii	"p_waiting\000"
 2208      6974696E 
 2208      6700
 2209              	.LASF84:
 2210 03f2 63685365 		.ascii	"chSemInit\000"
 2210      6D496E69 
 2210      7400
 2211              	.LASF60:
ARM GAS  C:\Users\Vergil\AppData\Local\Temp\ccNZGyRA.s 			page 43


 2212 03fc 6D656D6F 		.ascii	"memory_heap\000"
 2212      72795F68 
 2212      65617000 
 2213              		.ident	"GCC: (GNU Tools for ARM Embedded Processors) 4.7.4 20140401 (release) [ARM/embedded-4_7-br
ARM GAS  C:\Users\Vergil\AppData\Local\Temp\ccNZGyRA.s 			page 44


DEFINED SYMBOLS
                            *ABS*:00000000 fatfs_syscall.c
C:\Users\Vergil\AppData\Local\Temp\ccNZGyRA.s:21     .text.ff_cre_syncobj:00000000 $t
C:\Users\Vergil\AppData\Local\Temp\ccNZGyRA.s:27     .text.ff_cre_syncobj:00000000 ff_cre_syncobj
C:\Users\Vergil\AppData\Local\Temp\ccNZGyRA.s:192    .bss.ff_sem:00000000 .LANCHOR0
C:\Users\Vergil\AppData\Local\Temp\ccNZGyRA.s:59     .text.ff_del_syncobj:00000000 $t
C:\Users\Vergil\AppData\Local\Temp\ccNZGyRA.s:65     .text.ff_del_syncobj:00000000 ff_del_syncobj
C:\Users\Vergil\AppData\Local\Temp\ccNZGyRA.s:88     .text.ff_req_grant:00000000 $t
C:\Users\Vergil\AppData\Local\Temp\ccNZGyRA.s:94     .text.ff_req_grant:00000000 ff_req_grant
C:\Users\Vergil\AppData\Local\Temp\ccNZGyRA.s:120    .text.ff_rel_grant:00000000 $t
C:\Users\Vergil\AppData\Local\Temp\ccNZGyRA.s:126    .text.ff_rel_grant:00000000 ff_rel_grant
C:\Users\Vergil\AppData\Local\Temp\ccNZGyRA.s:142    .text.ff_memalloc:00000000 $t
C:\Users\Vergil\AppData\Local\Temp\ccNZGyRA.s:148    .text.ff_memalloc:00000000 ff_memalloc
C:\Users\Vergil\AppData\Local\Temp\ccNZGyRA.s:169    .text.ff_memfree:00000000 $t
C:\Users\Vergil\AppData\Local\Temp\ccNZGyRA.s:175    .text.ff_memfree:00000000 ff_memfree
C:\Users\Vergil\AppData\Local\Temp\ccNZGyRA.s:191    .bss.ff_sem:00000000 $d
C:\Users\Vergil\AppData\Local\Temp\ccNZGyRA.s:195    .bss.ff_sem:00000000 ff_sem
                     .debug_frame:00000010 $d

UNDEFINED SYMBOLS
chSemInit
chSemReset
chSemWaitTimeout
chSemSignal
chHeapAlloc
chHeapFree
