ARM GAS  C:\Users\Vergil\AppData\Local\Temp\ccz3opmE.s 			page 1


   1              		.syntax unified
   2              		.cpu cortex-m4
   3              		.eabi_attribute 27, 3
   4              		.eabi_attribute 28, 1
   5              		.fpu fpv4-sp-d16
   6              		.eabi_attribute 20, 1
   7              		.eabi_attribute 21, 1
   8              		.eabi_attribute 23, 3
   9              		.eabi_attribute 24, 1
  10              		.eabi_attribute 25, 1
  11              		.eabi_attribute 26, 1
  12              		.eabi_attribute 30, 2
  13              		.eabi_attribute 34, 1
  14              		.eabi_attribute 18, 4
  15              		.thumb
  16              		.file	"hci.c"
  17              		.text
  18              	.Ltext0:
  19              		.cfi_sections	.debug_frame
  20              		.section	.text.hci_command_send,"ax",%progbits
  21              		.align	2
  22              		.p2align 4,,15
  23              		.global	hci_command_send
  24              		.thumb
  25              		.thumb_func
  26              		.type	hci_command_send, %function
  27              	hci_command_send:
  28              	.LFB0:
  29              		.file 1 "C:\\Users\\Vergil\\ChibiOS_CC3000_SPI/CC3000HostDriver/hci.c"
  30              		.loc 1 66 0
  31              		.cfi_startproc
  32              		@ args = 0, pretend = 0, frame = 0
  33              		@ frame_needed = 0, uses_anonymous_args = 0
  34              	.LVL0:
  35 0000 38B5     		push	{r3, r4, r5, lr}
  36              	.LCFI0:
  37              		.cfi_def_cfa_offset 16
  38              		.cfi_offset 3, -16
  39              		.cfi_offset 4, -12
  40              		.cfi_offset 5, -8
  41              		.cfi_offset 14, -4
  42              		.loc 1 66 0
  43 0002 0C46     		mov	r4, r1
  44              	.LVL1:
  45              		.loc 1 71 0
  46 0004 0123     		movs	r3, #1
  47              		.loc 1 66 0
  48 0006 0146     		mov	r1, r0
  49              	.LVL2:
  50              		.loc 1 71 0
  51 0008 6371     		strb	r3, [r4, #5]
  52              		.loc 1 72 0
  53 000a A01D     		adds	r0, r4, #6
  54              	.LVL3:
  55              		.loc 1 66 0
  56 000c 1546     		mov	r5, r2
  57              		.loc 1 72 0
ARM GAS  C:\Users\Vergil\AppData\Local\Temp\ccz3opmE.s 			page 2


  58 000e FFF7FEFF 		bl	UINT16_TO_STREAM_f
  59              	.LVL4:
  60              		.loc 1 76 0
  61 0012 291D     		adds	r1, r5, #4
  62              		.loc 1 73 0
  63 0014 0570     		strb	r5, [r0, #0]
  64              	.LVL5:
  65              		.loc 1 76 0
  66 0016 2046     		mov	r0, r4
  67              	.LVL6:
  68 0018 FFF7FEFF 		bl	SpiWrite
  69              	.LVL7:
  70              		.loc 1 79 0
  71 001c 0020     		movs	r0, #0
  72 001e 38BD     		pop	{r3, r4, r5, pc}
  73              		.cfi_endproc
  74              	.LFE0:
  75              		.size	hci_command_send, .-hci_command_send
  76              		.section	.text.hci_data_send,"ax",%progbits
  77              		.align	2
  78              		.p2align 4,,15
  79              		.global	hci_data_send
  80              		.thumb
  81              		.thumb_func
  82              		.type	hci_data_send, %function
  83              	hci_data_send:
  84              	.LFB1:
  85              		.loc 1 102 0
  86              		.cfi_startproc
  87              		@ args = 8, pretend = 0, frame = 0
  88              		@ frame_needed = 0, uses_anonymous_args = 0
  89              	.LVL8:
  90 0000 38B5     		push	{r3, r4, r5, lr}
  91              	.LCFI1:
  92              		.cfi_def_cfa_offset 16
  93              		.cfi_offset 3, -16
  94              		.cfi_offset 4, -12
  95              		.cfi_offset 5, -8
  96              		.cfi_offset 14, -4
  97              		.loc 1 110 0
  98 0002 BDF81450 		ldrh	r5, [sp, #20]
  99              		.loc 1 102 0
 100 0006 0C46     		mov	r4, r1
 101              	.LVL9:
 102              		.loc 1 110 0
 103 0008 9B18     		adds	r3, r3, r2
 104              	.LVL10:
 105 000a E918     		adds	r1, r5, r3
 106              	.LVL11:
 107 000c 8DB2     		uxth	r5, r1
 108              		.loc 1 108 0
 109 000e A071     		strb	r0, [r4, #6]
 110              		.loc 1 107 0
 111 0010 0220     		movs	r0, #2
 112              	.LVL12:
 113              		.loc 1 110 0
 114 0012 2946     		mov	r1, r5
ARM GAS  C:\Users\Vergil\AppData\Local\Temp\ccz3opmE.s 			page 3


 115              		.loc 1 107 0
 116 0014 6071     		strb	r0, [r4, #5]
 117              	.LVL13:
 118              		.loc 1 109 0
 119 0016 E271     		strb	r2, [r4, #7]
 120              	.LVL14:
 121              		.loc 1 110 0
 122 0018 04F10800 		add	r0, r4, #8
 123              	.LVL15:
 124 001c FFF7FEFF 		bl	UINT16_TO_STREAM_f
 125              	.LVL16:
 126              		.loc 1 113 0
 127 0020 6A1D     		adds	r2, r5, #5
 128 0022 2046     		mov	r0, r4
 129 0024 91B2     		uxth	r1, r2
 130 0026 FFF7FEFF 		bl	SpiWrite
 131              	.LVL17:
 132              		.loc 1 116 0
 133 002a 0020     		movs	r0, #0
 134 002c 38BD     		pop	{r3, r4, r5, pc}
 135              		.cfi_endproc
 136              	.LFE1:
 137              		.size	hci_data_send, .-hci_data_send
 138 002e 00BF     		.section	.text.hci_data_command_send,"ax",%progbits
 139              		.align	2
 140              		.p2align 4,,15
 141              		.global	hci_data_command_send
 142              		.thumb
 143              		.thumb_func
 144              		.type	hci_data_command_send, %function
 145              	hci_data_command_send:
 146              	.LFB2:
 147              		.loc 1 134 0
 148              		.cfi_startproc
 149              		@ args = 0, pretend = 0, frame = 0
 150              		@ frame_needed = 0, uses_anonymous_args = 0
 151              	.LVL18:
 152 0000 38B5     		push	{r3, r4, r5, lr}
 153              	.LCFI2:
 154              		.cfi_def_cfa_offset 16
 155              		.cfi_offset 3, -16
 156              		.cfi_offset 4, -12
 157              		.cfi_offset 5, -8
 158              		.cfi_offset 14, -4
 159              		.loc 1 134 0
 160 0002 0C46     		mov	r4, r1
 161              	.LVL19:
 162              		.loc 1 140 0
 163 0004 9B18     		adds	r3, r3, r2
 164              	.LVL20:
 165              		.loc 1 138 0
 166 0006 8871     		strb	r0, [r1, #6]
 167              		.loc 1 140 0
 168 0008 9DB2     		uxth	r5, r3
 169              		.loc 1 137 0
 170 000a 0220     		movs	r0, #2
 171              	.LVL21:
ARM GAS  C:\Users\Vergil\AppData\Local\Temp\ccz3opmE.s 			page 4


 172              		.loc 1 140 0
 173 000c 2946     		mov	r1, r5
 174              	.LVL22:
 175              		.loc 1 137 0
 176 000e 6071     		strb	r0, [r4, #5]
 177              	.LVL23:
 178              		.loc 1 139 0
 179 0010 E271     		strb	r2, [r4, #7]
 180              	.LVL24:
 181              		.loc 1 140 0
 182 0012 04F10800 		add	r0, r4, #8
 183              	.LVL25:
 184 0016 FFF7FEFF 		bl	UINT16_TO_STREAM_f
 185              	.LVL26:
 186              		.loc 1 143 0
 187 001a 691D     		adds	r1, r5, #5
 188 001c 2046     		mov	r0, r4
 189 001e 89B2     		uxth	r1, r1
 190              		.loc 1 146 0
 191 0020 BDE83840 		pop	{r3, r4, r5, lr}
 192              		.loc 1 143 0
 193 0024 FFF7FEBF 		b	SpiWrite
 194              	.LVL27:
 195              		.cfi_endproc
 196              	.LFE2:
 197              		.size	hci_data_command_send, .-hci_data_command_send
 198 0028 AFF30080 		.section	.text.hci_patch_send,"ax",%progbits
 198      AFF30080 
 199              		.align	2
 200              		.p2align 4,,15
 201              		.global	hci_patch_send
 202              		.thumb
 203              		.thumb_func
 204              		.type	hci_patch_send, %function
 205              	hci_patch_send:
 206              	.LFB3:
 207              		.loc 1 163 0
 208              		.cfi_startproc
 209              		@ args = 0, pretend = 0, frame = 0
 210              		@ frame_needed = 0, uses_anonymous_args = 0
 211              	.LVL28:
 212 0000 2DE9F843 		push	{r3, r4, r5, r6, r7, r8, r9, lr}
 213              	.LCFI3:
 214              		.cfi_def_cfa_offset 32
 215              		.cfi_offset 3, -32
 216              		.cfi_offset 4, -28
 217              		.cfi_offset 5, -24
 218              		.cfi_offset 6, -20
 219              		.cfi_offset 7, -16
 220              		.cfi_offset 8, -12
 221              		.cfi_offset 9, -8
 222              		.cfi_offset 14, -4
 223              		.loc 1 170 0
 224 0004 03F10208 		add	r8, r3, #2
 225              		.loc 1 169 0
 226 0008 CF1D     		adds	r7, r1, #7
 227              		.loc 1 163 0
ARM GAS  C:\Users\Vergil\AppData\Local\Temp\ccz3opmE.s 			page 5


 228 000a 1C46     		mov	r4, r3
 229              		.loc 1 170 0
 230 000c 1FFA88F8 		uxth	r8, r8
 231              		.loc 1 168 0
 232 0010 0323     		movs	r3, #3
 233              	.LVL29:
 234              		.loc 1 169 0
 235 0012 8871     		strb	r0, [r1, #6]
 236              		.loc 1 168 0
 237 0014 4B71     		strb	r3, [r1, #5]
 238              		.loc 1 163 0
 239 0016 0E46     		mov	r6, r1
 240              	.LVL30:
 241              		.loc 1 170 0
 242 0018 3846     		mov	r0, r7
 243              	.LVL31:
 244 001a 4146     		mov	r1, r8
 245              	.LVL32:
 246              		.loc 1 163 0
 247 001c 1546     		mov	r5, r2
 248              		.loc 1 170 0
 249 001e FFF7FEFF 		bl	UINT16_TO_STREAM_f
 250              	.LVL33:
 251              		.loc 1 172 0
 252 0022 B4F57A7F 		cmp	r4, #1000
 253              		.loc 1 170 0
 254 0026 8146     		mov	r9, r0
 255              	.LVL34:
 256              		.loc 1 172 0
 257 0028 4BD9     		bls	.L9
 258              		.loc 1 184 0
 259 002a 44F6D351 		movw	r1, #19923
 260 002e C1F26201 		movt	r1, 4194
 261 0032 A1FB0423 		umull	r2, r3, r1, r4
 262 0036 9A09     		lsrs	r2, r3, #6
 263              		.loc 1 185 0
 264 0038 08EB4201 		add	r1, r8, r2, lsl #1
 265 003c 89B2     		uxth	r1, r1
 266 003e FFF7FEFF 		bl	UINT16_TO_STREAM_f
 267              	.LVL35:
 268              		.loc 1 186 0
 269 0042 4846     		mov	r0, r9
 270 0044 4FF47A71 		mov	r1, #1000
 271 0048 FFF7FEFF 		bl	UINT16_TO_STREAM_f
 272              	.LVL36:
 273              		.loc 1 188 0
 274 004c A4F57A74 		sub	r4, r4, #1000
 275              		.loc 1 187 0
 276 0050 2946     		mov	r1, r5
 277 0052 4FF47A72 		mov	r2, #1000
 278 0056 06F10B00 		add	r0, r6, #11
 279 005a FFF7FEFF 		bl	memcpy
 280              	.LVL37:
 281              		.loc 1 188 0
 282 005e A4B2     		uxth	r4, r4
 283              		.loc 1 192 0
 284 0060 40F2EE31 		movw	r1, #1006
ARM GAS  C:\Users\Vergil\AppData\Local\Temp\ccz3opmE.s 			page 6


 285 0064 3046     		mov	r0, r6
 286 0066 FFF7FEFF 		bl	SpiWrite
 287              	.LVL38:
 288              		.loc 1 189 0
 289 006a 05F57A75 		add	r5, r5, #1000
 290              	.LVL39:
 291              		.loc 1 196 0
 292 006e B4F57A7F 		cmp	r4, #1000
 293              		.loc 1 164 0
 294 0072 06F10508 		add	r8, r6, #5
 295              	.LVL40:
 296              		.loc 1 208 0
 297 0076 4FF47A79 		mov	r9, #1000
 298              	.LVL41:
 299              		.loc 1 209 0
 300 007a 2946     		mov	r1, r5
 301              		.loc 1 196 0
 302 007c 14D9     		bls	.L6
 303              	.LVL42:
 304              	.L10:
 305              		.loc 1 205 0
 306 007e A4F57A73 		sub	r3, r4, #1000
 307              		.loc 1 209 0
 308 0082 4FF47A72 		mov	r2, #1000
 309              		.loc 1 208 0
 310 0086 A6F80590 		strh	r9, [r6, #5]	@ movhi
 311              		.loc 1 209 0
 312 008a 3846     		mov	r0, r7
 313              		.loc 1 205 0
 314 008c 9CB2     		uxth	r4, r3
 315              	.LVL43:
 316              		.loc 1 209 0
 317 008e FFF7FEFF 		bl	memcpy
 318              	.LVL44:
 319              		.loc 1 213 0
 320 0092 40F2EA31 		movw	r1, #1002
 321 0096 4046     		mov	r0, r8
 322 0098 FFF7FEFF 		bl	SpiWrite
 323              	.LVL45:
 324              		.loc 1 210 0
 325 009c 05F57A75 		add	r5, r5, #1000
 326              	.LVL46:
 327              		.loc 1 196 0
 328 00a0 B4F57A7F 		cmp	r4, #1000
 329              		.loc 1 209 0
 330 00a4 2946     		mov	r1, r5
 331              		.loc 1 196 0
 332 00a6 EAD8     		bhi	.L10
 333              	.LVL47:
 334              	.L6:
 335              		.loc 1 209 0
 336 00a8 2246     		mov	r2, r4
 337              		.loc 1 208 0
 338 00aa A6F80540 		strh	r4, [r6, #5]	@ movhi
 339              		.loc 1 209 0
 340 00ae 3846     		mov	r0, r7
 341 00b0 FFF7FEFF 		bl	memcpy
ARM GAS  C:\Users\Vergil\AppData\Local\Temp\ccz3opmE.s 			page 7


 342              	.LVL48:
 343              		.loc 1 213 0
 344 00b4 A21C     		adds	r2, r4, #2
 345 00b6 4046     		mov	r0, r8
 346 00b8 91B2     		uxth	r1, r2
 347              		.loc 1 216 0
 348 00ba BDE8F843 		pop	{r3, r4, r5, r6, r7, r8, r9, lr}
 349              		.loc 1 213 0
 350 00be FFF7FEBF 		b	SpiWrite
 351              	.LVL49:
 352              	.L9:
 353              		.loc 1 174 0
 354 00c2 2146     		mov	r1, r4
 355 00c4 FFF7FEFF 		bl	UINT16_TO_STREAM_f
 356              	.LVL50:
 357              		.loc 1 175 0
 358 00c8 2146     		mov	r1, r4
 359 00ca 4846     		mov	r0, r9
 360 00cc FFF7FEFF 		bl	UINT16_TO_STREAM_f
 361              	.LVL51:
 362              		.loc 1 176 0
 363 00d0 2946     		mov	r1, r5
 364 00d2 06F10B00 		add	r0, r6, #11
 365 00d6 2246     		mov	r2, r4
 366 00d8 FFF7FEFF 		bl	memcpy
 367              	.LVL52:
 368              		.loc 1 179 0
 369 00dc A11D     		adds	r1, r4, #6
 370 00de 3046     		mov	r0, r6
 371 00e0 89B2     		uxth	r1, r1
 372              		.loc 1 216 0
 373 00e2 BDE8F843 		pop	{r3, r4, r5, r6, r7, r8, r9, lr}
 374              		.loc 1 179 0
 375 00e6 FFF7FEBF 		b	SpiWrite
 376              	.LVL53:
 377              		.cfi_endproc
 378              	.LFE3:
 379              		.size	hci_patch_send, .-hci_patch_send
 380 00ea 00BFAFF3 		.text
 380      0080
 381              	.Letext0:
 382              		.file 2 "C:\\Users\\Vergil\\ChibiOS_CC3000_SPI/CC3000HostDriver/data_types.h"
 383              		.file 3 "C:\\Users\\Vergil\\ChibiOS_CC3000_SPI/CC3000HostDriver/cc3000_common.h"
 384              		.file 4 "C:\\Users\\Vergil\\ChibiOS_CC3000_SPI/src/cc3000_spi.h"
 385              		.section	.debug_info,"",%progbits
 386              	.Ldebug_info0:
 387 0000 CA040000 		.4byte	0x4ca
 388 0004 0200     		.2byte	0x2
 389 0006 00000000 		.4byte	.Ldebug_abbrev0
 390 000a 04       		.byte	0x4
 391 000b 01       		.uleb128 0x1
 392 000c A3000000 		.4byte	.LASF35
 393 0010 01       		.byte	0x1
 394 0011 EC000000 		.4byte	.LASF36
 395 0015 00000000 		.4byte	.Ldebug_ranges0+0
 396 0019 00000000 		.4byte	0
 397 001d 00000000 		.4byte	0
ARM GAS  C:\Users\Vergil\AppData\Local\Temp\ccz3opmE.s 			page 8


 398 0021 00000000 		.4byte	.Ldebug_line0
 399 0025 02       		.uleb128 0x2
 400 0026 01       		.byte	0x1
 401 0027 06       		.byte	0x6
 402 0028 08020000 		.4byte	.LASF0
 403 002c 03       		.uleb128 0x3
 404 002d 30000000 		.4byte	.LASF3
 405 0031 02       		.byte	0x2
 406 0032 48       		.byte	0x48
 407 0033 37000000 		.4byte	0x37
 408 0037 02       		.uleb128 0x2
 409 0038 01       		.byte	0x1
 410 0039 08       		.byte	0x8
 411 003a 70000000 		.4byte	.LASF1
 412 003e 02       		.uleb128 0x2
 413 003f 02       		.byte	0x2
 414 0040 05       		.byte	0x5
 415 0041 E0010000 		.4byte	.LASF2
 416 0045 03       		.uleb128 0x3
 417 0046 AA010000 		.4byte	.LASF4
 418 004a 02       		.byte	0x2
 419 004b 52       		.byte	0x52
 420 004c 50000000 		.4byte	0x50
 421 0050 02       		.uleb128 0x2
 422 0051 02       		.byte	0x2
 423 0052 07       		.byte	0x7
 424 0053 90000000 		.4byte	.LASF5
 425 0057 03       		.uleb128 0x3
 426 0058 26010000 		.4byte	.LASF6
 427 005c 02       		.byte	0x2
 428 005d 5C       		.byte	0x5c
 429 005e 62000000 		.4byte	0x62
 430 0062 02       		.uleb128 0x2
 431 0063 04       		.byte	0x4
 432 0064 05       		.byte	0x5
 433 0065 F3010000 		.4byte	.LASF7
 434 0069 02       		.uleb128 0x2
 435 006a 04       		.byte	0x4
 436 006b 07       		.byte	0x7
 437 006c 7E000000 		.4byte	.LASF8
 438 0070 04       		.uleb128 0x4
 439 0071 04       		.byte	0x4
 440 0072 05       		.byte	0x5
 441 0073 696E7400 		.ascii	"int\000"
 442 0077 03       		.uleb128 0x3
 443 0078 39010000 		.4byte	.LASF9
 444 007c 02       		.byte	0x2
 445 007d 65       		.byte	0x65
 446 007e 82000000 		.4byte	0x82
 447 0082 02       		.uleb128 0x2
 448 0083 01       		.byte	0x1
 449 0084 08       		.byte	0x8
 450 0085 FC010000 		.4byte	.LASF10
 451 0089 02       		.uleb128 0x2
 452 008a 04       		.byte	0x4
 453 008b 07       		.byte	0x7
 454 008c 2C010000 		.4byte	.LASF11
ARM GAS  C:\Users\Vergil\AppData\Local\Temp\ccz3opmE.s 			page 9


 455 0090 02       		.uleb128 0x2
 456 0091 08       		.byte	0x8
 457 0092 05       		.byte	0x5
 458 0093 9C010000 		.4byte	.LASF12
 459 0097 02       		.uleb128 0x2
 460 0098 08       		.byte	0x8
 461 0099 07       		.byte	0x7
 462 009a 47010000 		.4byte	.LASF13
 463 009e 02       		.uleb128 0x2
 464 009f 04       		.byte	0x4
 465 00a0 07       		.byte	0x7
 466 00a1 85010000 		.4byte	.LASF14
 467 00a5 05       		.uleb128 0x5
 468 00a6 04       		.byte	0x4
 469 00a7 06       		.uleb128 0x6
 470 00a8 04       		.byte	0x4
 471 00a9 37000000 		.4byte	0x37
 472 00ad 06       		.uleb128 0x6
 473 00ae 04       		.byte	0x4
 474 00af 77000000 		.4byte	0x77
 475 00b3 06       		.uleb128 0x6
 476 00b4 04       		.byte	0x4
 477 00b5 2C000000 		.4byte	0x2c
 478 00b9 07       		.uleb128 0x7
 479 00ba 01       		.byte	0x1
 480 00bb 74010000 		.4byte	.LASF18
 481 00bf 01       		.byte	0x1
 482 00c0 41       		.byte	0x41
 483 00c1 01       		.byte	0x1
 484 00c2 45000000 		.4byte	0x45
 485 00c6 00000000 		.4byte	.LFB0
 486 00ca 20000000 		.4byte	.LFE0
 487 00ce 00000000 		.4byte	.LLST0
 488 00d2 01       		.byte	0x1
 489 00d3 3E010000 		.4byte	0x13e
 490 00d7 08       		.uleb128 0x8
 491 00d8 50000000 		.4byte	.LASF15
 492 00dc 01       		.byte	0x1
 493 00dd 41       		.byte	0x41
 494 00de 45000000 		.4byte	0x45
 495 00e2 20000000 		.4byte	.LLST1
 496 00e6 08       		.uleb128 0x8
 497 00e7 68000000 		.4byte	.LASF16
 498 00eb 01       		.byte	0x1
 499 00ec 41       		.byte	0x41
 500 00ed B3000000 		.4byte	0xb3
 501 00f1 41000000 		.4byte	.LLST2
 502 00f5 08       		.uleb128 0x8
 503 00f6 07000000 		.4byte	.LASF17
 504 00fa 01       		.byte	0x1
 505 00fb 41       		.byte	0x41
 506 00fc 2C000000 		.4byte	0x2c
 507 0100 5F000000 		.4byte	.LLST3
 508 0104 09       		.uleb128 0x9
 509 0105 00000000 		.4byte	.LASF26
 510 0109 01       		.byte	0x1
 511 010a 43       		.byte	0x43
ARM GAS  C:\Users\Vergil\AppData\Local\Temp\ccz3opmE.s 			page 10


 512 010b B3000000 		.4byte	0xb3
 513 010f 80000000 		.4byte	.LLST4
 514 0113 0A       		.uleb128 0xa
 515 0114 12000000 		.4byte	.LVL4
 516 0118 6E040000 		.4byte	0x46e
 517 011c 27010000 		.4byte	0x127
 518 0120 0B       		.uleb128 0xb
 519 0121 01       		.byte	0x1
 520 0122 50       		.byte	0x50
 521 0123 02       		.byte	0x2
 522 0124 74       		.byte	0x74
 523 0125 06       		.sleb128 6
 524 0126 00       		.byte	0
 525 0127 0C       		.uleb128 0xc
 526 0128 1C000000 		.4byte	.LVL7
 527 012c 8C040000 		.4byte	0x48c
 528 0130 0B       		.uleb128 0xb
 529 0131 01       		.byte	0x1
 530 0132 51       		.byte	0x51
 531 0133 02       		.byte	0x2
 532 0134 75       		.byte	0x75
 533 0135 04       		.sleb128 4
 534 0136 0B       		.uleb128 0xb
 535 0137 01       		.byte	0x1
 536 0138 50       		.byte	0x50
 537 0139 02       		.byte	0x2
 538 013a 74       		.byte	0x74
 539 013b 00       		.sleb128 0
 540 013c 00       		.byte	0
 541 013d 00       		.byte	0
 542 013e 07       		.uleb128 0x7
 543 013f 01       		.byte	0x1
 544 0140 8E010000 		.4byte	.LASF19
 545 0144 01       		.byte	0x1
 546 0145 60       		.byte	0x60
 547 0146 01       		.byte	0x1
 548 0147 57000000 		.4byte	0x57
 549 014b 00000000 		.4byte	.LFB1
 550 014f 2E000000 		.4byte	.LFE1
 551 0153 D2000000 		.4byte	.LLST5
 552 0157 01       		.byte	0x1
 553 0158 F4010000 		.4byte	0x1f4
 554 015c 08       		.uleb128 0x8
 555 015d 3E010000 		.4byte	.LASF20
 556 0161 01       		.byte	0x1
 557 0162 60       		.byte	0x60
 558 0163 2C000000 		.4byte	0x2c
 559 0167 F2000000 		.4byte	.LLST6
 560 016b 08       		.uleb128 0x8
 561 016c B8010000 		.4byte	.LASF21
 562 0170 01       		.byte	0x1
 563 0171 61       		.byte	0x61
 564 0172 B3000000 		.4byte	0xb3
 565 0176 1F010000 		.4byte	.LLST7
 566 017a 08       		.uleb128 0x8
 567 017b 36000000 		.4byte	.LASF22
 568 017f 01       		.byte	0x1
ARM GAS  C:\Users\Vergil\AppData\Local\Temp\ccz3opmE.s 			page 11


 569 0180 62       		.byte	0x62
 570 0181 45000000 		.4byte	0x45
 571 0185 3D010000 		.4byte	.LLST8
 572 0189 08       		.uleb128 0x8
 573 018a 43000000 		.4byte	.LASF23
 574 018e 01       		.byte	0x1
 575 018f 63       		.byte	0x63
 576 0190 45000000 		.4byte	0x45
 577 0194 5E010000 		.4byte	.LLST9
 578 0198 0D       		.uleb128 0xd
 579 0199 01020000 		.4byte	.LASF24
 580 019d 01       		.byte	0x1
 581 019e 64       		.byte	0x64
 582 019f F4010000 		.4byte	0x1f4
 583 01a3 02       		.byte	0x2
 584 01a4 91       		.byte	0x91
 585 01a5 00       		.sleb128 0
 586 01a6 0D       		.uleb128 0xd
 587 01a7 14020000 		.4byte	.LASF25
 588 01ab 01       		.byte	0x1
 589 01ac 65       		.byte	0x65
 590 01ad 45000000 		.4byte	0x45
 591 01b1 02       		.byte	0x2
 592 01b2 91       		.byte	0x91
 593 01b3 04       		.sleb128 4
 594 01b4 09       		.uleb128 0x9
 595 01b5 00000000 		.4byte	.LASF26
 596 01b9 01       		.byte	0x1
 597 01ba 67       		.byte	0x67
 598 01bb B3000000 		.4byte	0xb3
 599 01bf 7F010000 		.4byte	.LLST10
 600 01c3 0A       		.uleb128 0xa
 601 01c4 20000000 		.4byte	.LVL16
 602 01c8 6E040000 		.4byte	0x46e
 603 01cc DD010000 		.4byte	0x1dd
 604 01d0 0B       		.uleb128 0xb
 605 01d1 01       		.byte	0x1
 606 01d2 51       		.byte	0x51
 607 01d3 02       		.byte	0x2
 608 01d4 75       		.byte	0x75
 609 01d5 00       		.sleb128 0
 610 01d6 0B       		.uleb128 0xb
 611 01d7 01       		.byte	0x1
 612 01d8 50       		.byte	0x50
 613 01d9 02       		.byte	0x2
 614 01da 74       		.byte	0x74
 615 01db 08       		.sleb128 8
 616 01dc 00       		.byte	0
 617 01dd 0C       		.uleb128 0xc
 618 01de 2A000000 		.4byte	.LVL17
 619 01e2 8C040000 		.4byte	0x48c
 620 01e6 0B       		.uleb128 0xb
 621 01e7 01       		.byte	0x1
 622 01e8 51       		.byte	0x51
 623 01e9 02       		.byte	0x2
 624 01ea 75       		.byte	0x75
 625 01eb 05       		.sleb128 5
ARM GAS  C:\Users\Vergil\AppData\Local\Temp\ccz3opmE.s 			page 12


 626 01ec 0B       		.uleb128 0xb
 627 01ed 01       		.byte	0x1
 628 01ee 50       		.byte	0x50
 629 01ef 02       		.byte	0x2
 630 01f0 74       		.byte	0x74
 631 01f1 00       		.sleb128 0
 632 01f2 00       		.byte	0
 633 01f3 00       		.byte	0
 634 01f4 06       		.uleb128 0x6
 635 01f5 04       		.byte	0x4
 636 01f6 FA010000 		.4byte	0x1fa
 637 01fa 0E       		.uleb128 0xe
 638 01fb 2C000000 		.4byte	0x2c
 639 01ff 0F       		.uleb128 0xf
 640 0200 01       		.byte	0x1
 641 0201 5E010000 		.4byte	.LASF28
 642 0205 01       		.byte	0x1
 643 0206 85       		.byte	0x85
 644 0207 01       		.byte	0x1
 645 0208 00000000 		.4byte	.LFB2
 646 020c 28000000 		.4byte	.LFE2
 647 0210 D3010000 		.4byte	.LLST11
 648 0214 01       		.byte	0x1
 649 0215 96020000 		.4byte	0x296
 650 0219 08       		.uleb128 0x8
 651 021a 50000000 		.4byte	.LASF15
 652 021e 01       		.byte	0x1
 653 021f 85       		.byte	0x85
 654 0220 45000000 		.4byte	0x45
 655 0224 F3010000 		.4byte	.LLST12
 656 0228 08       		.uleb128 0x8
 657 0229 68000000 		.4byte	.LASF16
 658 022d 01       		.byte	0x1
 659 022e 85       		.byte	0x85
 660 022f B3000000 		.4byte	0xb3
 661 0233 14020000 		.4byte	.LLST13
 662 0237 08       		.uleb128 0x8
 663 0238 07000000 		.4byte	.LASF17
 664 023c 01       		.byte	0x1
 665 023d 85       		.byte	0x85
 666 023e 2C000000 		.4byte	0x2c
 667 0242 32020000 		.4byte	.LLST14
 668 0246 08       		.uleb128 0x8
 669 0247 1A000000 		.4byte	.LASF27
 670 024b 01       		.byte	0x1
 671 024c 85       		.byte	0x85
 672 024d 45000000 		.4byte	0x45
 673 0251 53020000 		.4byte	.LLST15
 674 0255 09       		.uleb128 0x9
 675 0256 00000000 		.4byte	.LASF26
 676 025a 01       		.byte	0x1
 677 025b 87       		.byte	0x87
 678 025c B3000000 		.4byte	0xb3
 679 0260 74020000 		.4byte	.LLST16
 680 0264 0A       		.uleb128 0xa
 681 0265 1A000000 		.4byte	.LVL26
 682 0269 6E040000 		.4byte	0x46e
ARM GAS  C:\Users\Vergil\AppData\Local\Temp\ccz3opmE.s 			page 13


 683 026d 7E020000 		.4byte	0x27e
 684 0271 0B       		.uleb128 0xb
 685 0272 01       		.byte	0x1
 686 0273 51       		.byte	0x51
 687 0274 02       		.byte	0x2
 688 0275 75       		.byte	0x75
 689 0276 00       		.sleb128 0
 690 0277 0B       		.uleb128 0xb
 691 0278 01       		.byte	0x1
 692 0279 50       		.byte	0x50
 693 027a 02       		.byte	0x2
 694 027b 74       		.byte	0x74
 695 027c 08       		.sleb128 8
 696 027d 00       		.byte	0
 697 027e 10       		.uleb128 0x10
 698 027f 28000000 		.4byte	.LVL27
 699 0283 01       		.byte	0x1
 700 0284 8C040000 		.4byte	0x48c
 701 0288 0B       		.uleb128 0xb
 702 0289 01       		.byte	0x1
 703 028a 51       		.byte	0x51
 704 028b 02       		.byte	0x2
 705 028c 75       		.byte	0x75
 706 028d 05       		.sleb128 5
 707 028e 0B       		.uleb128 0xb
 708 028f 01       		.byte	0x1
 709 0290 50       		.byte	0x50
 710 0291 02       		.byte	0x2
 711 0292 74       		.byte	0x74
 712 0293 00       		.sleb128 0
 713 0294 00       		.byte	0
 714 0295 00       		.byte	0
 715 0296 0F       		.uleb128 0xf
 716 0297 01       		.byte	0x1
 717 0298 59000000 		.4byte	.LASF29
 718 029c 01       		.byte	0x1
 719 029d A2       		.byte	0xa2
 720 029e 01       		.byte	0x1
 721 029f 00000000 		.4byte	.LFB3
 722 02a3 EA000000 		.4byte	.LFE3
 723 02a7 C8020000 		.4byte	.LLST17
 724 02ab 01       		.byte	0x1
 725 02ac 6E040000 		.4byte	0x46e
 726 02b0 08       		.uleb128 0x8
 727 02b1 3E010000 		.4byte	.LASF20
 728 02b5 01       		.byte	0x1
 729 02b6 A2       		.byte	0xa2
 730 02b7 2C000000 		.4byte	0x2c
 731 02bb E8020000 		.4byte	.LLST18
 732 02bf 08       		.uleb128 0x8
 733 02c0 68000000 		.4byte	.LASF16
 734 02c4 01       		.byte	0x1
 735 02c5 A2       		.byte	0xa2
 736 02c6 B3000000 		.4byte	0xb3
 737 02ca 21030000 		.4byte	.LLST19
 738 02ce 08       		.uleb128 0x8
 739 02cf 14000000 		.4byte	.LASF30
ARM GAS  C:\Users\Vergil\AppData\Local\Temp\ccz3opmE.s 			page 14


 740 02d3 01       		.byte	0x1
 741 02d4 A2       		.byte	0xa2
 742 02d5 AD000000 		.4byte	0xad
 743 02d9 3F030000 		.4byte	.LLST20
 744 02dd 08       		.uleb128 0x8
 745 02de 43000000 		.4byte	.LASF23
 746 02e2 01       		.byte	0x1
 747 02e3 A2       		.byte	0xa2
 748 02e4 45000000 		.4byte	0x45
 749 02e8 C1030000 		.4byte	.LLST21
 750 02ec 09       		.uleb128 0x9
 751 02ed EA010000 		.4byte	.LASF31
 752 02f1 01       		.byte	0x1
 753 02f2 A4       		.byte	0xa4
 754 02f3 B3000000 		.4byte	0xb3
 755 02f7 1D040000 		.4byte	.LLST22
 756 02fb 09       		.uleb128 0x9
 757 02fc BF010000 		.4byte	.LASF32
 758 0300 01       		.byte	0x1
 759 0301 A5       		.byte	0xa5
 760 0302 45000000 		.4byte	0x45
 761 0306 57040000 		.4byte	.LLST23
 762 030a 09       		.uleb128 0x9
 763 030b 00000000 		.4byte	.LASF26
 764 030f 01       		.byte	0x1
 765 0310 A6       		.byte	0xa6
 766 0311 B3000000 		.4byte	0xb3
 767 0315 78040000 		.4byte	.LLST24
 768 0319 0A       		.uleb128 0xa
 769 031a 22000000 		.4byte	.LVL33
 770 031e 6E040000 		.4byte	0x46e
 771 0322 33030000 		.4byte	0x333
 772 0326 0B       		.uleb128 0xb
 773 0327 01       		.byte	0x1
 774 0328 51       		.byte	0x51
 775 0329 02       		.byte	0x2
 776 032a 78       		.byte	0x78
 777 032b 00       		.sleb128 0
 778 032c 0B       		.uleb128 0xb
 779 032d 01       		.byte	0x1
 780 032e 50       		.byte	0x50
 781 032f 02       		.byte	0x2
 782 0330 77       		.byte	0x77
 783 0331 00       		.sleb128 0
 784 0332 00       		.byte	0
 785 0333 0A       		.uleb128 0xa
 786 0334 42000000 		.4byte	.LVL35
 787 0338 6E040000 		.4byte	0x46e
 788 033c 47030000 		.4byte	0x347
 789 0340 0B       		.uleb128 0xb
 790 0341 01       		.byte	0x1
 791 0342 50       		.byte	0x50
 792 0343 02       		.byte	0x2
 793 0344 79       		.byte	0x79
 794 0345 00       		.sleb128 0
 795 0346 00       		.byte	0
 796 0347 0A       		.uleb128 0xa
ARM GAS  C:\Users\Vergil\AppData\Local\Temp\ccz3opmE.s 			page 15


 797 0348 4C000000 		.4byte	.LVL36
 798 034c 6E040000 		.4byte	0x46e
 799 0350 62030000 		.4byte	0x362
 800 0354 0B       		.uleb128 0xb
 801 0355 01       		.byte	0x1
 802 0356 51       		.byte	0x51
 803 0357 03       		.byte	0x3
 804 0358 0A       		.byte	0xa
 805 0359 E803     		.2byte	0x3e8
 806 035b 0B       		.uleb128 0xb
 807 035c 01       		.byte	0x1
 808 035d 50       		.byte	0x50
 809 035e 02       		.byte	0x2
 810 035f 79       		.byte	0x79
 811 0360 00       		.sleb128 0
 812 0361 00       		.byte	0
 813 0362 0A       		.uleb128 0xa
 814 0363 5E000000 		.4byte	.LVL37
 815 0367 A5040000 		.4byte	0x4a5
 816 036b 83030000 		.4byte	0x383
 817 036f 0B       		.uleb128 0xb
 818 0370 01       		.byte	0x1
 819 0371 52       		.byte	0x52
 820 0372 03       		.byte	0x3
 821 0373 0A       		.byte	0xa
 822 0374 E803     		.2byte	0x3e8
 823 0376 0B       		.uleb128 0xb
 824 0377 01       		.byte	0x1
 825 0378 51       		.byte	0x51
 826 0379 02       		.byte	0x2
 827 037a 75       		.byte	0x75
 828 037b 00       		.sleb128 0
 829 037c 0B       		.uleb128 0xb
 830 037d 01       		.byte	0x1
 831 037e 50       		.byte	0x50
 832 037f 02       		.byte	0x2
 833 0380 76       		.byte	0x76
 834 0381 0B       		.sleb128 11
 835 0382 00       		.byte	0
 836 0383 0A       		.uleb128 0xa
 837 0384 6A000000 		.4byte	.LVL38
 838 0388 8C040000 		.4byte	0x48c
 839 038c 9E030000 		.4byte	0x39e
 840 0390 0B       		.uleb128 0xb
 841 0391 01       		.byte	0x1
 842 0392 51       		.byte	0x51
 843 0393 03       		.byte	0x3
 844 0394 0A       		.byte	0xa
 845 0395 EE03     		.2byte	0x3ee
 846 0397 0B       		.uleb128 0xb
 847 0398 01       		.byte	0x1
 848 0399 50       		.byte	0x50
 849 039a 02       		.byte	0x2
 850 039b 76       		.byte	0x76
 851 039c 00       		.sleb128 0
 852 039d 00       		.byte	0
 853 039e 0A       		.uleb128 0xa
ARM GAS  C:\Users\Vergil\AppData\Local\Temp\ccz3opmE.s 			page 16


 854 039f 92000000 		.4byte	.LVL44
 855 03a3 A5040000 		.4byte	0x4a5
 856 03a7 B8030000 		.4byte	0x3b8
 857 03ab 0B       		.uleb128 0xb
 858 03ac 01       		.byte	0x1
 859 03ad 52       		.byte	0x52
 860 03ae 02       		.byte	0x2
 861 03af 79       		.byte	0x79
 862 03b0 00       		.sleb128 0
 863 03b1 0B       		.uleb128 0xb
 864 03b2 01       		.byte	0x1
 865 03b3 50       		.byte	0x50
 866 03b4 02       		.byte	0x2
 867 03b5 77       		.byte	0x77
 868 03b6 00       		.sleb128 0
 869 03b7 00       		.byte	0
 870 03b8 0A       		.uleb128 0xa
 871 03b9 9C000000 		.4byte	.LVL45
 872 03bd 8C040000 		.4byte	0x48c
 873 03c1 D3030000 		.4byte	0x3d3
 874 03c5 0B       		.uleb128 0xb
 875 03c6 01       		.byte	0x1
 876 03c7 51       		.byte	0x51
 877 03c8 03       		.byte	0x3
 878 03c9 0A       		.byte	0xa
 879 03ca EA03     		.2byte	0x3ea
 880 03cc 0B       		.uleb128 0xb
 881 03cd 01       		.byte	0x1
 882 03ce 50       		.byte	0x50
 883 03cf 02       		.byte	0x2
 884 03d0 78       		.byte	0x78
 885 03d1 00       		.sleb128 0
 886 03d2 00       		.byte	0
 887 03d3 0A       		.uleb128 0xa
 888 03d4 B4000000 		.4byte	.LVL48
 889 03d8 A5040000 		.4byte	0x4a5
 890 03dc ED030000 		.4byte	0x3ed
 891 03e0 0B       		.uleb128 0xb
 892 03e1 01       		.byte	0x1
 893 03e2 52       		.byte	0x52
 894 03e3 02       		.byte	0x2
 895 03e4 74       		.byte	0x74
 896 03e5 00       		.sleb128 0
 897 03e6 0B       		.uleb128 0xb
 898 03e7 01       		.byte	0x1
 899 03e8 50       		.byte	0x50
 900 03e9 02       		.byte	0x2
 901 03ea 77       		.byte	0x77
 902 03eb 00       		.sleb128 0
 903 03ec 00       		.byte	0
 904 03ed 11       		.uleb128 0x11
 905 03ee C2000000 		.4byte	.LVL49
 906 03f2 01       		.byte	0x1
 907 03f3 8C040000 		.4byte	0x48c
 908 03f7 08040000 		.4byte	0x408
 909 03fb 0B       		.uleb128 0xb
 910 03fc 01       		.byte	0x1
ARM GAS  C:\Users\Vergil\AppData\Local\Temp\ccz3opmE.s 			page 17


 911 03fd 51       		.byte	0x51
 912 03fe 02       		.byte	0x2
 913 03ff 74       		.byte	0x74
 914 0400 02       		.sleb128 2
 915 0401 0B       		.uleb128 0xb
 916 0402 01       		.byte	0x1
 917 0403 50       		.byte	0x50
 918 0404 02       		.byte	0x2
 919 0405 78       		.byte	0x78
 920 0406 00       		.sleb128 0
 921 0407 00       		.byte	0
 922 0408 0A       		.uleb128 0xa
 923 0409 C8000000 		.4byte	.LVL50
 924 040d 6E040000 		.4byte	0x46e
 925 0411 1C040000 		.4byte	0x41c
 926 0415 0B       		.uleb128 0xb
 927 0416 01       		.byte	0x1
 928 0417 51       		.byte	0x51
 929 0418 02       		.byte	0x2
 930 0419 74       		.byte	0x74
 931 041a 00       		.sleb128 0
 932 041b 00       		.byte	0
 933 041c 0A       		.uleb128 0xa
 934 041d D0000000 		.4byte	.LVL51
 935 0421 6E040000 		.4byte	0x46e
 936 0425 36040000 		.4byte	0x436
 937 0429 0B       		.uleb128 0xb
 938 042a 01       		.byte	0x1
 939 042b 51       		.byte	0x51
 940 042c 02       		.byte	0x2
 941 042d 74       		.byte	0x74
 942 042e 00       		.sleb128 0
 943 042f 0B       		.uleb128 0xb
 944 0430 01       		.byte	0x1
 945 0431 50       		.byte	0x50
 946 0432 02       		.byte	0x2
 947 0433 79       		.byte	0x79
 948 0434 00       		.sleb128 0
 949 0435 00       		.byte	0
 950 0436 0A       		.uleb128 0xa
 951 0437 DC000000 		.4byte	.LVL52
 952 043b A5040000 		.4byte	0x4a5
 953 043f 56040000 		.4byte	0x456
 954 0443 0B       		.uleb128 0xb
 955 0444 01       		.byte	0x1
 956 0445 52       		.byte	0x52
 957 0446 02       		.byte	0x2
 958 0447 74       		.byte	0x74
 959 0448 00       		.sleb128 0
 960 0449 0B       		.uleb128 0xb
 961 044a 01       		.byte	0x1
 962 044b 51       		.byte	0x51
 963 044c 02       		.byte	0x2
 964 044d 75       		.byte	0x75
 965 044e 00       		.sleb128 0
 966 044f 0B       		.uleb128 0xb
 967 0450 01       		.byte	0x1
ARM GAS  C:\Users\Vergil\AppData\Local\Temp\ccz3opmE.s 			page 18


 968 0451 50       		.byte	0x50
 969 0452 02       		.byte	0x2
 970 0453 76       		.byte	0x76
 971 0454 0B       		.sleb128 11
 972 0455 00       		.byte	0
 973 0456 10       		.uleb128 0x10
 974 0457 EA000000 		.4byte	.LVL53
 975 045b 01       		.byte	0x1
 976 045c 8C040000 		.4byte	0x48c
 977 0460 0B       		.uleb128 0xb
 978 0461 01       		.byte	0x1
 979 0462 51       		.byte	0x51
 980 0463 02       		.byte	0x2
 981 0464 74       		.byte	0x74
 982 0465 06       		.sleb128 6
 983 0466 0B       		.uleb128 0xb
 984 0467 01       		.byte	0x1
 985 0468 50       		.byte	0x50
 986 0469 02       		.byte	0x2
 987 046a 76       		.byte	0x76
 988 046b 00       		.sleb128 0
 989 046c 00       		.byte	0
 990 046d 00       		.byte	0
 991 046e 12       		.uleb128 0x12
 992 046f 01       		.byte	0x1
 993 0470 CD010000 		.4byte	.LASF37
 994 0474 03       		.byte	0x3
 995 0475 2301     		.2byte	0x123
 996 0477 01       		.byte	0x1
 997 0478 B3000000 		.4byte	0xb3
 998 047c 01       		.byte	0x1
 999 047d 8C040000 		.4byte	0x48c
 1000 0481 13       		.uleb128 0x13
 1001 0482 B3000000 		.4byte	0xb3
 1002 0486 13       		.uleb128 0x13
 1003 0487 45000000 		.4byte	0x45
 1004 048b 00       		.byte	0
 1005 048c 14       		.uleb128 0x14
 1006 048d 01       		.byte	0x1
 1007 048e 27000000 		.4byte	.LASF33
 1008 0492 04       		.byte	0x4
 1009 0493 39       		.byte	0x39
 1010 0494 01       		.byte	0x1
 1011 0495 01       		.byte	0x1
 1012 0496 A5040000 		.4byte	0x4a5
 1013 049a 13       		.uleb128 0x13
 1014 049b A7000000 		.4byte	0xa7
 1015 049f 13       		.uleb128 0x13
 1016 04a0 50000000 		.4byte	0x50
 1017 04a4 00       		.byte	0
 1018 04a5 15       		.uleb128 0x15
 1019 04a6 01       		.byte	0x1
 1020 04a7 B1010000 		.4byte	.LASF34
 1021 04ab 01       		.byte	0x1
 1022 04ac A5000000 		.4byte	0xa5
 1023 04b0 01       		.byte	0x1
 1024 04b1 01       		.byte	0x1
ARM GAS  C:\Users\Vergil\AppData\Local\Temp\ccz3opmE.s 			page 19


 1025 04b2 C6040000 		.4byte	0x4c6
 1026 04b6 13       		.uleb128 0x13
 1027 04b7 A5000000 		.4byte	0xa5
 1028 04bb 13       		.uleb128 0x13
 1029 04bc C6040000 		.4byte	0x4c6
 1030 04c0 13       		.uleb128 0x13
 1031 04c1 9E000000 		.4byte	0x9e
 1032 04c5 00       		.byte	0
 1033 04c6 06       		.uleb128 0x6
 1034 04c7 04       		.byte	0x4
 1035 04c8 CC040000 		.4byte	0x4cc
 1036 04cc 16       		.uleb128 0x16
 1037 04cd 00       		.byte	0
 1038              		.section	.debug_abbrev,"",%progbits
 1039              	.Ldebug_abbrev0:
 1040 0000 01       		.uleb128 0x1
 1041 0001 11       		.uleb128 0x11
 1042 0002 01       		.byte	0x1
 1043 0003 25       		.uleb128 0x25
 1044 0004 0E       		.uleb128 0xe
 1045 0005 13       		.uleb128 0x13
 1046 0006 0B       		.uleb128 0xb
 1047 0007 03       		.uleb128 0x3
 1048 0008 0E       		.uleb128 0xe
 1049 0009 55       		.uleb128 0x55
 1050 000a 06       		.uleb128 0x6
 1051 000b 11       		.uleb128 0x11
 1052 000c 01       		.uleb128 0x1
 1053 000d 52       		.uleb128 0x52
 1054 000e 01       		.uleb128 0x1
 1055 000f 10       		.uleb128 0x10
 1056 0010 06       		.uleb128 0x6
 1057 0011 00       		.byte	0
 1058 0012 00       		.byte	0
 1059 0013 02       		.uleb128 0x2
 1060 0014 24       		.uleb128 0x24
 1061 0015 00       		.byte	0
 1062 0016 0B       		.uleb128 0xb
 1063 0017 0B       		.uleb128 0xb
 1064 0018 3E       		.uleb128 0x3e
 1065 0019 0B       		.uleb128 0xb
 1066 001a 03       		.uleb128 0x3
 1067 001b 0E       		.uleb128 0xe
 1068 001c 00       		.byte	0
 1069 001d 00       		.byte	0
 1070 001e 03       		.uleb128 0x3
 1071 001f 16       		.uleb128 0x16
 1072 0020 00       		.byte	0
 1073 0021 03       		.uleb128 0x3
 1074 0022 0E       		.uleb128 0xe
 1075 0023 3A       		.uleb128 0x3a
 1076 0024 0B       		.uleb128 0xb
 1077 0025 3B       		.uleb128 0x3b
 1078 0026 0B       		.uleb128 0xb
 1079 0027 49       		.uleb128 0x49
 1080 0028 13       		.uleb128 0x13
 1081 0029 00       		.byte	0
ARM GAS  C:\Users\Vergil\AppData\Local\Temp\ccz3opmE.s 			page 20


 1082 002a 00       		.byte	0
 1083 002b 04       		.uleb128 0x4
 1084 002c 24       		.uleb128 0x24
 1085 002d 00       		.byte	0
 1086 002e 0B       		.uleb128 0xb
 1087 002f 0B       		.uleb128 0xb
 1088 0030 3E       		.uleb128 0x3e
 1089 0031 0B       		.uleb128 0xb
 1090 0032 03       		.uleb128 0x3
 1091 0033 08       		.uleb128 0x8
 1092 0034 00       		.byte	0
 1093 0035 00       		.byte	0
 1094 0036 05       		.uleb128 0x5
 1095 0037 0F       		.uleb128 0xf
 1096 0038 00       		.byte	0
 1097 0039 0B       		.uleb128 0xb
 1098 003a 0B       		.uleb128 0xb
 1099 003b 00       		.byte	0
 1100 003c 00       		.byte	0
 1101 003d 06       		.uleb128 0x6
 1102 003e 0F       		.uleb128 0xf
 1103 003f 00       		.byte	0
 1104 0040 0B       		.uleb128 0xb
 1105 0041 0B       		.uleb128 0xb
 1106 0042 49       		.uleb128 0x49
 1107 0043 13       		.uleb128 0x13
 1108 0044 00       		.byte	0
 1109 0045 00       		.byte	0
 1110 0046 07       		.uleb128 0x7
 1111 0047 2E       		.uleb128 0x2e
 1112 0048 01       		.byte	0x1
 1113 0049 3F       		.uleb128 0x3f
 1114 004a 0C       		.uleb128 0xc
 1115 004b 03       		.uleb128 0x3
 1116 004c 0E       		.uleb128 0xe
 1117 004d 3A       		.uleb128 0x3a
 1118 004e 0B       		.uleb128 0xb
 1119 004f 3B       		.uleb128 0x3b
 1120 0050 0B       		.uleb128 0xb
 1121 0051 27       		.uleb128 0x27
 1122 0052 0C       		.uleb128 0xc
 1123 0053 49       		.uleb128 0x49
 1124 0054 13       		.uleb128 0x13
 1125 0055 11       		.uleb128 0x11
 1126 0056 01       		.uleb128 0x1
 1127 0057 12       		.uleb128 0x12
 1128 0058 01       		.uleb128 0x1
 1129 0059 40       		.uleb128 0x40
 1130 005a 06       		.uleb128 0x6
 1131 005b 9742     		.uleb128 0x2117
 1132 005d 0C       		.uleb128 0xc
 1133 005e 01       		.uleb128 0x1
 1134 005f 13       		.uleb128 0x13
 1135 0060 00       		.byte	0
 1136 0061 00       		.byte	0
 1137 0062 08       		.uleb128 0x8
 1138 0063 05       		.uleb128 0x5
ARM GAS  C:\Users\Vergil\AppData\Local\Temp\ccz3opmE.s 			page 21


 1139 0064 00       		.byte	0
 1140 0065 03       		.uleb128 0x3
 1141 0066 0E       		.uleb128 0xe
 1142 0067 3A       		.uleb128 0x3a
 1143 0068 0B       		.uleb128 0xb
 1144 0069 3B       		.uleb128 0x3b
 1145 006a 0B       		.uleb128 0xb
 1146 006b 49       		.uleb128 0x49
 1147 006c 13       		.uleb128 0x13
 1148 006d 02       		.uleb128 0x2
 1149 006e 06       		.uleb128 0x6
 1150 006f 00       		.byte	0
 1151 0070 00       		.byte	0
 1152 0071 09       		.uleb128 0x9
 1153 0072 34       		.uleb128 0x34
 1154 0073 00       		.byte	0
 1155 0074 03       		.uleb128 0x3
 1156 0075 0E       		.uleb128 0xe
 1157 0076 3A       		.uleb128 0x3a
 1158 0077 0B       		.uleb128 0xb
 1159 0078 3B       		.uleb128 0x3b
 1160 0079 0B       		.uleb128 0xb
 1161 007a 49       		.uleb128 0x49
 1162 007b 13       		.uleb128 0x13
 1163 007c 02       		.uleb128 0x2
 1164 007d 06       		.uleb128 0x6
 1165 007e 00       		.byte	0
 1166 007f 00       		.byte	0
 1167 0080 0A       		.uleb128 0xa
 1168 0081 898201   		.uleb128 0x4109
 1169 0084 01       		.byte	0x1
 1170 0085 11       		.uleb128 0x11
 1171 0086 01       		.uleb128 0x1
 1172 0087 31       		.uleb128 0x31
 1173 0088 13       		.uleb128 0x13
 1174 0089 01       		.uleb128 0x1
 1175 008a 13       		.uleb128 0x13
 1176 008b 00       		.byte	0
 1177 008c 00       		.byte	0
 1178 008d 0B       		.uleb128 0xb
 1179 008e 8A8201   		.uleb128 0x410a
 1180 0091 00       		.byte	0
 1181 0092 02       		.uleb128 0x2
 1182 0093 0A       		.uleb128 0xa
 1183 0094 9142     		.uleb128 0x2111
 1184 0096 0A       		.uleb128 0xa
 1185 0097 00       		.byte	0
 1186 0098 00       		.byte	0
 1187 0099 0C       		.uleb128 0xc
 1188 009a 898201   		.uleb128 0x4109
 1189 009d 01       		.byte	0x1
 1190 009e 11       		.uleb128 0x11
 1191 009f 01       		.uleb128 0x1
 1192 00a0 31       		.uleb128 0x31
 1193 00a1 13       		.uleb128 0x13
 1194 00a2 00       		.byte	0
 1195 00a3 00       		.byte	0
ARM GAS  C:\Users\Vergil\AppData\Local\Temp\ccz3opmE.s 			page 22


 1196 00a4 0D       		.uleb128 0xd
 1197 00a5 05       		.uleb128 0x5
 1198 00a6 00       		.byte	0
 1199 00a7 03       		.uleb128 0x3
 1200 00a8 0E       		.uleb128 0xe
 1201 00a9 3A       		.uleb128 0x3a
 1202 00aa 0B       		.uleb128 0xb
 1203 00ab 3B       		.uleb128 0x3b
 1204 00ac 0B       		.uleb128 0xb
 1205 00ad 49       		.uleb128 0x49
 1206 00ae 13       		.uleb128 0x13
 1207 00af 02       		.uleb128 0x2
 1208 00b0 0A       		.uleb128 0xa
 1209 00b1 00       		.byte	0
 1210 00b2 00       		.byte	0
 1211 00b3 0E       		.uleb128 0xe
 1212 00b4 26       		.uleb128 0x26
 1213 00b5 00       		.byte	0
 1214 00b6 49       		.uleb128 0x49
 1215 00b7 13       		.uleb128 0x13
 1216 00b8 00       		.byte	0
 1217 00b9 00       		.byte	0
 1218 00ba 0F       		.uleb128 0xf
 1219 00bb 2E       		.uleb128 0x2e
 1220 00bc 01       		.byte	0x1
 1221 00bd 3F       		.uleb128 0x3f
 1222 00be 0C       		.uleb128 0xc
 1223 00bf 03       		.uleb128 0x3
 1224 00c0 0E       		.uleb128 0xe
 1225 00c1 3A       		.uleb128 0x3a
 1226 00c2 0B       		.uleb128 0xb
 1227 00c3 3B       		.uleb128 0x3b
 1228 00c4 0B       		.uleb128 0xb
 1229 00c5 27       		.uleb128 0x27
 1230 00c6 0C       		.uleb128 0xc
 1231 00c7 11       		.uleb128 0x11
 1232 00c8 01       		.uleb128 0x1
 1233 00c9 12       		.uleb128 0x12
 1234 00ca 01       		.uleb128 0x1
 1235 00cb 40       		.uleb128 0x40
 1236 00cc 06       		.uleb128 0x6
 1237 00cd 9742     		.uleb128 0x2117
 1238 00cf 0C       		.uleb128 0xc
 1239 00d0 01       		.uleb128 0x1
 1240 00d1 13       		.uleb128 0x13
 1241 00d2 00       		.byte	0
 1242 00d3 00       		.byte	0
 1243 00d4 10       		.uleb128 0x10
 1244 00d5 898201   		.uleb128 0x4109
 1245 00d8 01       		.byte	0x1
 1246 00d9 11       		.uleb128 0x11
 1247 00da 01       		.uleb128 0x1
 1248 00db 9542     		.uleb128 0x2115
 1249 00dd 0C       		.uleb128 0xc
 1250 00de 31       		.uleb128 0x31
 1251 00df 13       		.uleb128 0x13
 1252 00e0 00       		.byte	0
ARM GAS  C:\Users\Vergil\AppData\Local\Temp\ccz3opmE.s 			page 23


 1253 00e1 00       		.byte	0
 1254 00e2 11       		.uleb128 0x11
 1255 00e3 898201   		.uleb128 0x4109
 1256 00e6 01       		.byte	0x1
 1257 00e7 11       		.uleb128 0x11
 1258 00e8 01       		.uleb128 0x1
 1259 00e9 9542     		.uleb128 0x2115
 1260 00eb 0C       		.uleb128 0xc
 1261 00ec 31       		.uleb128 0x31
 1262 00ed 13       		.uleb128 0x13
 1263 00ee 01       		.uleb128 0x1
 1264 00ef 13       		.uleb128 0x13
 1265 00f0 00       		.byte	0
 1266 00f1 00       		.byte	0
 1267 00f2 12       		.uleb128 0x12
 1268 00f3 2E       		.uleb128 0x2e
 1269 00f4 01       		.byte	0x1
 1270 00f5 3F       		.uleb128 0x3f
 1271 00f6 0C       		.uleb128 0xc
 1272 00f7 03       		.uleb128 0x3
 1273 00f8 0E       		.uleb128 0xe
 1274 00f9 3A       		.uleb128 0x3a
 1275 00fa 0B       		.uleb128 0xb
 1276 00fb 3B       		.uleb128 0x3b
 1277 00fc 05       		.uleb128 0x5
 1278 00fd 27       		.uleb128 0x27
 1279 00fe 0C       		.uleb128 0xc
 1280 00ff 49       		.uleb128 0x49
 1281 0100 13       		.uleb128 0x13
 1282 0101 3C       		.uleb128 0x3c
 1283 0102 0C       		.uleb128 0xc
 1284 0103 01       		.uleb128 0x1
 1285 0104 13       		.uleb128 0x13
 1286 0105 00       		.byte	0
 1287 0106 00       		.byte	0
 1288 0107 13       		.uleb128 0x13
 1289 0108 05       		.uleb128 0x5
 1290 0109 00       		.byte	0
 1291 010a 49       		.uleb128 0x49
 1292 010b 13       		.uleb128 0x13
 1293 010c 00       		.byte	0
 1294 010d 00       		.byte	0
 1295 010e 14       		.uleb128 0x14
 1296 010f 2E       		.uleb128 0x2e
 1297 0110 01       		.byte	0x1
 1298 0111 3F       		.uleb128 0x3f
 1299 0112 0C       		.uleb128 0xc
 1300 0113 03       		.uleb128 0x3
 1301 0114 0E       		.uleb128 0xe
 1302 0115 3A       		.uleb128 0x3a
 1303 0116 0B       		.uleb128 0xb
 1304 0117 3B       		.uleb128 0x3b
 1305 0118 0B       		.uleb128 0xb
 1306 0119 27       		.uleb128 0x27
 1307 011a 0C       		.uleb128 0xc
 1308 011b 3C       		.uleb128 0x3c
 1309 011c 0C       		.uleb128 0xc
ARM GAS  C:\Users\Vergil\AppData\Local\Temp\ccz3opmE.s 			page 24


 1310 011d 01       		.uleb128 0x1
 1311 011e 13       		.uleb128 0x13
 1312 011f 00       		.byte	0
 1313 0120 00       		.byte	0
 1314 0121 15       		.uleb128 0x15
 1315 0122 2E       		.uleb128 0x2e
 1316 0123 01       		.byte	0x1
 1317 0124 3F       		.uleb128 0x3f
 1318 0125 0C       		.uleb128 0xc
 1319 0126 03       		.uleb128 0x3
 1320 0127 0E       		.uleb128 0xe
 1321 0128 27       		.uleb128 0x27
 1322 0129 0C       		.uleb128 0xc
 1323 012a 49       		.uleb128 0x49
 1324 012b 13       		.uleb128 0x13
 1325 012c 34       		.uleb128 0x34
 1326 012d 0C       		.uleb128 0xc
 1327 012e 3C       		.uleb128 0x3c
 1328 012f 0C       		.uleb128 0xc
 1329 0130 01       		.uleb128 0x1
 1330 0131 13       		.uleb128 0x13
 1331 0132 00       		.byte	0
 1332 0133 00       		.byte	0
 1333 0134 16       		.uleb128 0x16
 1334 0135 26       		.uleb128 0x26
 1335 0136 00       		.byte	0
 1336 0137 00       		.byte	0
 1337 0138 00       		.byte	0
 1338 0139 00       		.byte	0
 1339              		.section	.debug_loc,"",%progbits
 1340              	.Ldebug_loc0:
 1341              	.LLST0:
 1342 0000 00000000 		.4byte	.LFB0
 1343 0004 02000000 		.4byte	.LCFI0
 1344 0008 0200     		.2byte	0x2
 1345 000a 7D       		.byte	0x7d
 1346 000b 00       		.sleb128 0
 1347 000c 02000000 		.4byte	.LCFI0
 1348 0010 20000000 		.4byte	.LFE0
 1349 0014 0200     		.2byte	0x2
 1350 0016 7D       		.byte	0x7d
 1351 0017 10       		.sleb128 16
 1352 0018 00000000 		.4byte	0
 1353 001c 00000000 		.4byte	0
 1354              	.LLST1:
 1355 0020 00000000 		.4byte	.LVL0
 1356 0024 0C000000 		.4byte	.LVL3
 1357 0028 0100     		.2byte	0x1
 1358 002a 50       		.byte	0x50
 1359 002b 0C000000 		.4byte	.LVL3
 1360 002f 20000000 		.4byte	.LFE0
 1361 0033 0400     		.2byte	0x4
 1362 0035 F3       		.byte	0xf3
 1363 0036 01       		.uleb128 0x1
 1364 0037 50       		.byte	0x50
 1365 0038 9F       		.byte	0x9f
 1366 0039 00000000 		.4byte	0
ARM GAS  C:\Users\Vergil\AppData\Local\Temp\ccz3opmE.s 			page 25


 1367 003d 00000000 		.4byte	0
 1368              	.LLST2:
 1369 0041 00000000 		.4byte	.LVL0
 1370 0045 08000000 		.4byte	.LVL2
 1371 0049 0100     		.2byte	0x1
 1372 004b 51       		.byte	0x51
 1373 004c 08000000 		.4byte	.LVL2
 1374 0050 20000000 		.4byte	.LFE0
 1375 0054 0100     		.2byte	0x1
 1376 0056 54       		.byte	0x54
 1377 0057 00000000 		.4byte	0
 1378 005b 00000000 		.4byte	0
 1379              	.LLST3:
 1380 005f 00000000 		.4byte	.LVL0
 1381 0063 11000000 		.4byte	.LVL4-1
 1382 0067 0100     		.2byte	0x1
 1383 0069 52       		.byte	0x52
 1384 006a 11000000 		.4byte	.LVL4-1
 1385 006e 20000000 		.4byte	.LFE0
 1386 0072 0400     		.2byte	0x4
 1387 0074 F3       		.byte	0xf3
 1388 0075 01       		.uleb128 0x1
 1389 0076 52       		.byte	0x52
 1390 0077 9F       		.byte	0x9f
 1391 0078 00000000 		.4byte	0
 1392 007c 00000000 		.4byte	0
 1393              	.LLST4:
 1394 0080 04000000 		.4byte	.LVL1
 1395 0084 08000000 		.4byte	.LVL2
 1396 0088 0300     		.2byte	0x3
 1397 008a 71       		.byte	0x71
 1398 008b 06       		.sleb128 6
 1399 008c 9F       		.byte	0x9f
 1400 008d 08000000 		.4byte	.LVL2
 1401 0091 0C000000 		.4byte	.LVL3
 1402 0095 0300     		.2byte	0x3
 1403 0097 74       		.byte	0x74
 1404 0098 06       		.sleb128 6
 1405 0099 9F       		.byte	0x9f
 1406 009a 0C000000 		.4byte	.LVL3
 1407 009e 11000000 		.4byte	.LVL4-1
 1408 00a2 0100     		.2byte	0x1
 1409 00a4 50       		.byte	0x50
 1410 00a5 11000000 		.4byte	.LVL4-1
 1411 00a9 12000000 		.4byte	.LVL4
 1412 00ad 0300     		.2byte	0x3
 1413 00af 74       		.byte	0x74
 1414 00b0 06       		.sleb128 6
 1415 00b1 9F       		.byte	0x9f
 1416 00b2 12000000 		.4byte	.LVL4
 1417 00b6 16000000 		.4byte	.LVL5
 1418 00ba 0100     		.2byte	0x1
 1419 00bc 50       		.byte	0x50
 1420 00bd 16000000 		.4byte	.LVL5
 1421 00c1 18000000 		.4byte	.LVL6
 1422 00c5 0300     		.2byte	0x3
 1423 00c7 70       		.byte	0x70
ARM GAS  C:\Users\Vergil\AppData\Local\Temp\ccz3opmE.s 			page 26


 1424 00c8 01       		.sleb128 1
 1425 00c9 9F       		.byte	0x9f
 1426 00ca 00000000 		.4byte	0
 1427 00ce 00000000 		.4byte	0
 1428              	.LLST5:
 1429 00d2 00000000 		.4byte	.LFB1
 1430 00d6 02000000 		.4byte	.LCFI1
 1431 00da 0200     		.2byte	0x2
 1432 00dc 7D       		.byte	0x7d
 1433 00dd 00       		.sleb128 0
 1434 00de 02000000 		.4byte	.LCFI1
 1435 00e2 2E000000 		.4byte	.LFE1
 1436 00e6 0200     		.2byte	0x2
 1437 00e8 7D       		.byte	0x7d
 1438 00e9 10       		.sleb128 16
 1439 00ea 00000000 		.4byte	0
 1440 00ee 00000000 		.4byte	0
 1441              	.LLST6:
 1442 00f2 00000000 		.4byte	.LVL8
 1443 00f6 12000000 		.4byte	.LVL12
 1444 00fa 0100     		.2byte	0x1
 1445 00fc 50       		.byte	0x50
 1446 00fd 12000000 		.4byte	.LVL12
 1447 0101 1F000000 		.4byte	.LVL16-1
 1448 0105 0200     		.2byte	0x2
 1449 0107 74       		.byte	0x74
 1450 0108 06       		.sleb128 6
 1451 0109 1F000000 		.4byte	.LVL16-1
 1452 010d 2E000000 		.4byte	.LFE1
 1453 0111 0400     		.2byte	0x4
 1454 0113 F3       		.byte	0xf3
 1455 0114 01       		.uleb128 0x1
 1456 0115 50       		.byte	0x50
 1457 0116 9F       		.byte	0x9f
 1458 0117 00000000 		.4byte	0
 1459 011b 00000000 		.4byte	0
 1460              	.LLST7:
 1461 011f 00000000 		.4byte	.LVL8
 1462 0123 0C000000 		.4byte	.LVL11
 1463 0127 0100     		.2byte	0x1
 1464 0129 51       		.byte	0x51
 1465 012a 0C000000 		.4byte	.LVL11
 1466 012e 2E000000 		.4byte	.LFE1
 1467 0132 0100     		.2byte	0x1
 1468 0134 54       		.byte	0x54
 1469 0135 00000000 		.4byte	0
 1470 0139 00000000 		.4byte	0
 1471              	.LLST8:
 1472 013d 00000000 		.4byte	.LVL8
 1473 0141 1F000000 		.4byte	.LVL16-1
 1474 0145 0100     		.2byte	0x1
 1475 0147 52       		.byte	0x52
 1476 0148 1F000000 		.4byte	.LVL16-1
 1477 014c 2E000000 		.4byte	.LFE1
 1478 0150 0400     		.2byte	0x4
 1479 0152 F3       		.byte	0xf3
 1480 0153 01       		.uleb128 0x1
ARM GAS  C:\Users\Vergil\AppData\Local\Temp\ccz3opmE.s 			page 27


 1481 0154 52       		.byte	0x52
 1482 0155 9F       		.byte	0x9f
 1483 0156 00000000 		.4byte	0
 1484 015a 00000000 		.4byte	0
 1485              	.LLST9:
 1486 015e 00000000 		.4byte	.LVL8
 1487 0162 0A000000 		.4byte	.LVL10
 1488 0166 0100     		.2byte	0x1
 1489 0168 53       		.byte	0x53
 1490 0169 0A000000 		.4byte	.LVL10
 1491 016d 2E000000 		.4byte	.LFE1
 1492 0171 0400     		.2byte	0x4
 1493 0173 F3       		.byte	0xf3
 1494 0174 01       		.uleb128 0x1
 1495 0175 53       		.byte	0x53
 1496 0176 9F       		.byte	0x9f
 1497 0177 00000000 		.4byte	0
 1498 017b 00000000 		.4byte	0
 1499              	.LLST10:
 1500 017f 08000000 		.4byte	.LVL9
 1501 0183 0C000000 		.4byte	.LVL11
 1502 0187 0300     		.2byte	0x3
 1503 0189 71       		.byte	0x71
 1504 018a 05       		.sleb128 5
 1505 018b 9F       		.byte	0x9f
 1506 018c 0C000000 		.4byte	.LVL11
 1507 0190 16000000 		.4byte	.LVL13
 1508 0194 0300     		.2byte	0x3
 1509 0196 74       		.byte	0x74
 1510 0197 05       		.sleb128 5
 1511 0198 9F       		.byte	0x9f
 1512 0199 16000000 		.4byte	.LVL13
 1513 019d 18000000 		.4byte	.LVL14
 1514 01a1 0300     		.2byte	0x3
 1515 01a3 74       		.byte	0x74
 1516 01a4 07       		.sleb128 7
 1517 01a5 9F       		.byte	0x9f
 1518 01a6 18000000 		.4byte	.LVL14
 1519 01aa 1C000000 		.4byte	.LVL15
 1520 01ae 0300     		.2byte	0x3
 1521 01b0 74       		.byte	0x74
 1522 01b1 08       		.sleb128 8
 1523 01b2 9F       		.byte	0x9f
 1524 01b3 1C000000 		.4byte	.LVL15
 1525 01b7 1F000000 		.4byte	.LVL16-1
 1526 01bb 0100     		.2byte	0x1
 1527 01bd 50       		.byte	0x50
 1528 01be 1F000000 		.4byte	.LVL16-1
 1529 01c2 20000000 		.4byte	.LVL16
 1530 01c6 0300     		.2byte	0x3
 1531 01c8 74       		.byte	0x74
 1532 01c9 08       		.sleb128 8
 1533 01ca 9F       		.byte	0x9f
 1534 01cb 00000000 		.4byte	0
 1535 01cf 00000000 		.4byte	0
 1536              	.LLST11:
 1537 01d3 00000000 		.4byte	.LFB2
ARM GAS  C:\Users\Vergil\AppData\Local\Temp\ccz3opmE.s 			page 28


 1538 01d7 02000000 		.4byte	.LCFI2
 1539 01db 0200     		.2byte	0x2
 1540 01dd 7D       		.byte	0x7d
 1541 01de 00       		.sleb128 0
 1542 01df 02000000 		.4byte	.LCFI2
 1543 01e3 28000000 		.4byte	.LFE2
 1544 01e7 0200     		.2byte	0x2
 1545 01e9 7D       		.byte	0x7d
 1546 01ea 10       		.sleb128 16
 1547 01eb 00000000 		.4byte	0
 1548 01ef 00000000 		.4byte	0
 1549              	.LLST12:
 1550 01f3 00000000 		.4byte	.LVL18
 1551 01f7 0C000000 		.4byte	.LVL21
 1552 01fb 0100     		.2byte	0x1
 1553 01fd 50       		.byte	0x50
 1554 01fe 0C000000 		.4byte	.LVL21
 1555 0202 28000000 		.4byte	.LFE2
 1556 0206 0400     		.2byte	0x4
 1557 0208 F3       		.byte	0xf3
 1558 0209 01       		.uleb128 0x1
 1559 020a 50       		.byte	0x50
 1560 020b 9F       		.byte	0x9f
 1561 020c 00000000 		.4byte	0
 1562 0210 00000000 		.4byte	0
 1563              	.LLST13:
 1564 0214 00000000 		.4byte	.LVL18
 1565 0218 0E000000 		.4byte	.LVL22
 1566 021c 0100     		.2byte	0x1
 1567 021e 51       		.byte	0x51
 1568 021f 0E000000 		.4byte	.LVL22
 1569 0223 28000000 		.4byte	.LFE2
 1570 0227 0100     		.2byte	0x1
 1571 0229 54       		.byte	0x54
 1572 022a 00000000 		.4byte	0
 1573 022e 00000000 		.4byte	0
 1574              	.LLST14:
 1575 0232 00000000 		.4byte	.LVL18
 1576 0236 19000000 		.4byte	.LVL26-1
 1577 023a 0100     		.2byte	0x1
 1578 023c 52       		.byte	0x52
 1579 023d 19000000 		.4byte	.LVL26-1
 1580 0241 28000000 		.4byte	.LFE2
 1581 0245 0400     		.2byte	0x4
 1582 0247 F3       		.byte	0xf3
 1583 0248 01       		.uleb128 0x1
 1584 0249 52       		.byte	0x52
 1585 024a 9F       		.byte	0x9f
 1586 024b 00000000 		.4byte	0
 1587 024f 00000000 		.4byte	0
 1588              	.LLST15:
 1589 0253 00000000 		.4byte	.LVL18
 1590 0257 06000000 		.4byte	.LVL20
 1591 025b 0100     		.2byte	0x1
 1592 025d 53       		.byte	0x53
 1593 025e 06000000 		.4byte	.LVL20
 1594 0262 28000000 		.4byte	.LFE2
ARM GAS  C:\Users\Vergil\AppData\Local\Temp\ccz3opmE.s 			page 29


 1595 0266 0400     		.2byte	0x4
 1596 0268 F3       		.byte	0xf3
 1597 0269 01       		.uleb128 0x1
 1598 026a 53       		.byte	0x53
 1599 026b 9F       		.byte	0x9f
 1600 026c 00000000 		.4byte	0
 1601 0270 00000000 		.4byte	0
 1602              	.LLST16:
 1603 0274 04000000 		.4byte	.LVL19
 1604 0278 0E000000 		.4byte	.LVL22
 1605 027c 0300     		.2byte	0x3
 1606 027e 71       		.byte	0x71
 1607 027f 05       		.sleb128 5
 1608 0280 9F       		.byte	0x9f
 1609 0281 0E000000 		.4byte	.LVL22
 1610 0285 10000000 		.4byte	.LVL23
 1611 0289 0300     		.2byte	0x3
 1612 028b 74       		.byte	0x74
 1613 028c 05       		.sleb128 5
 1614 028d 9F       		.byte	0x9f
 1615 028e 10000000 		.4byte	.LVL23
 1616 0292 12000000 		.4byte	.LVL24
 1617 0296 0300     		.2byte	0x3
 1618 0298 74       		.byte	0x74
 1619 0299 07       		.sleb128 7
 1620 029a 9F       		.byte	0x9f
 1621 029b 12000000 		.4byte	.LVL24
 1622 029f 16000000 		.4byte	.LVL25
 1623 02a3 0300     		.2byte	0x3
 1624 02a5 74       		.byte	0x74
 1625 02a6 08       		.sleb128 8
 1626 02a7 9F       		.byte	0x9f
 1627 02a8 16000000 		.4byte	.LVL25
 1628 02ac 19000000 		.4byte	.LVL26-1
 1629 02b0 0100     		.2byte	0x1
 1630 02b2 50       		.byte	0x50
 1631 02b3 19000000 		.4byte	.LVL26-1
 1632 02b7 1A000000 		.4byte	.LVL26
 1633 02bb 0300     		.2byte	0x3
 1634 02bd 74       		.byte	0x74
 1635 02be 08       		.sleb128 8
 1636 02bf 9F       		.byte	0x9f
 1637 02c0 00000000 		.4byte	0
 1638 02c4 00000000 		.4byte	0
 1639              	.LLST17:
 1640 02c8 00000000 		.4byte	.LFB3
 1641 02cc 04000000 		.4byte	.LCFI3
 1642 02d0 0200     		.2byte	0x2
 1643 02d2 7D       		.byte	0x7d
 1644 02d3 00       		.sleb128 0
 1645 02d4 04000000 		.4byte	.LCFI3
 1646 02d8 EA000000 		.4byte	.LFE3
 1647 02dc 0200     		.2byte	0x2
 1648 02de 7D       		.byte	0x7d
 1649 02df 20       		.sleb128 32
 1650 02e0 00000000 		.4byte	0
 1651 02e4 00000000 		.4byte	0
ARM GAS  C:\Users\Vergil\AppData\Local\Temp\ccz3opmE.s 			page 30


 1652              	.LLST18:
 1653 02e8 00000000 		.4byte	.LVL28
 1654 02ec 1A000000 		.4byte	.LVL31
 1655 02f0 0100     		.2byte	0x1
 1656 02f2 50       		.byte	0x50
 1657 02f3 1A000000 		.4byte	.LVL31
 1658 02f7 1C000000 		.4byte	.LVL32
 1659 02fb 0200     		.2byte	0x2
 1660 02fd 71       		.byte	0x71
 1661 02fe 06       		.sleb128 6
 1662 02ff 1C000000 		.4byte	.LVL32
 1663 0303 21000000 		.4byte	.LVL33-1
 1664 0307 0200     		.2byte	0x2
 1665 0309 76       		.byte	0x76
 1666 030a 06       		.sleb128 6
 1667 030b 21000000 		.4byte	.LVL33-1
 1668 030f EA000000 		.4byte	.LFE3
 1669 0313 0400     		.2byte	0x4
 1670 0315 F3       		.byte	0xf3
 1671 0316 01       		.uleb128 0x1
 1672 0317 50       		.byte	0x50
 1673 0318 9F       		.byte	0x9f
 1674 0319 00000000 		.4byte	0
 1675 031d 00000000 		.4byte	0
 1676              	.LLST19:
 1677 0321 00000000 		.4byte	.LVL28
 1678 0325 1C000000 		.4byte	.LVL32
 1679 0329 0100     		.2byte	0x1
 1680 032b 51       		.byte	0x51
 1681 032c 1C000000 		.4byte	.LVL32
 1682 0330 EA000000 		.4byte	.LFE3
 1683 0334 0100     		.2byte	0x1
 1684 0336 56       		.byte	0x56
 1685 0337 00000000 		.4byte	0
 1686 033b 00000000 		.4byte	0
 1687              	.LLST20:
 1688 033f 00000000 		.4byte	.LVL28
 1689 0343 21000000 		.4byte	.LVL33-1
 1690 0347 0100     		.2byte	0x1
 1691 0349 52       		.byte	0x52
 1692 034a 21000000 		.4byte	.LVL33-1
 1693 034e 6E000000 		.4byte	.LVL39
 1694 0352 0100     		.2byte	0x1
 1695 0354 55       		.byte	0x55
 1696 0355 6E000000 		.4byte	.LVL39
 1697 0359 76000000 		.4byte	.LVL40
 1698 035d 0400     		.2byte	0x4
 1699 035f 75       		.byte	0x75
 1700 0360 9878     		.sleb128 -1000
 1701 0362 9F       		.byte	0x9f
 1702 0363 76000000 		.4byte	.LVL40
 1703 0367 7E000000 		.4byte	.LVL42
 1704 036b 0100     		.2byte	0x1
 1705 036d 55       		.byte	0x55
 1706 036e 7E000000 		.4byte	.LVL42
 1707 0372 91000000 		.4byte	.LVL44-1
 1708 0376 0100     		.2byte	0x1
ARM GAS  C:\Users\Vergil\AppData\Local\Temp\ccz3opmE.s 			page 31


 1709 0378 51       		.byte	0x51
 1710 0379 91000000 		.4byte	.LVL44-1
 1711 037d A8000000 		.4byte	.LVL47
 1712 0381 0100     		.2byte	0x1
 1713 0383 55       		.byte	0x55
 1714 0384 A8000000 		.4byte	.LVL47
 1715 0388 B3000000 		.4byte	.LVL48-1
 1716 038c 0100     		.2byte	0x1
 1717 038e 51       		.byte	0x51
 1718 038f B3000000 		.4byte	.LVL48-1
 1719 0393 B4000000 		.4byte	.LVL48
 1720 0397 0100     		.2byte	0x1
 1721 0399 55       		.byte	0x55
 1722 039a B4000000 		.4byte	.LVL48
 1723 039e C2000000 		.4byte	.LVL49
 1724 03a2 0A00     		.2byte	0xa
 1725 03a4 74       		.byte	0x74
 1726 03a5 00       		.sleb128 0
 1727 03a6 0A       		.byte	0xa
 1728 03a7 FFFF     		.2byte	0xffff
 1729 03a9 1A       		.byte	0x1a
 1730 03aa 75       		.byte	0x75
 1731 03ab 00       		.sleb128 0
 1732 03ac 22       		.byte	0x22
 1733 03ad 9F       		.byte	0x9f
 1734 03ae C2000000 		.4byte	.LVL49
 1735 03b2 EA000000 		.4byte	.LFE3
 1736 03b6 0100     		.2byte	0x1
 1737 03b8 55       		.byte	0x55
 1738 03b9 00000000 		.4byte	0
 1739 03bd 00000000 		.4byte	0
 1740              	.LLST21:
 1741 03c1 00000000 		.4byte	.LVL28
 1742 03c5 12000000 		.4byte	.LVL29
 1743 03c9 0100     		.2byte	0x1
 1744 03cb 53       		.byte	0x53
 1745 03cc 12000000 		.4byte	.LVL29
 1746 03d0 76000000 		.4byte	.LVL40
 1747 03d4 0400     		.2byte	0x4
 1748 03d6 F3       		.byte	0xf3
 1749 03d7 01       		.uleb128 0x1
 1750 03d8 53       		.byte	0x53
 1751 03d9 9F       		.byte	0x9f
 1752 03da 76000000 		.4byte	.LVL40
 1753 03de 7E000000 		.4byte	.LVL42
 1754 03e2 0100     		.2byte	0x1
 1755 03e4 54       		.byte	0x54
 1756 03e5 8E000000 		.4byte	.LVL43
 1757 03e9 91000000 		.4byte	.LVL44-1
 1758 03ed 0100     		.2byte	0x1
 1759 03ef 53       		.byte	0x53
 1760 03f0 91000000 		.4byte	.LVL44-1
 1761 03f4 A8000000 		.4byte	.LVL47
 1762 03f8 0100     		.2byte	0x1
 1763 03fa 54       		.byte	0x54
 1764 03fb A8000000 		.4byte	.LVL47
 1765 03ff C2000000 		.4byte	.LVL49
ARM GAS  C:\Users\Vergil\AppData\Local\Temp\ccz3opmE.s 			page 32


 1766 0403 0200     		.2byte	0x2
 1767 0405 30       		.byte	0x30
 1768 0406 9F       		.byte	0x9f
 1769 0407 C2000000 		.4byte	.LVL49
 1770 040b EA000000 		.4byte	.LFE3
 1771 040f 0400     		.2byte	0x4
 1772 0411 F3       		.byte	0xf3
 1773 0412 01       		.uleb128 0x1
 1774 0413 53       		.byte	0x53
 1775 0414 9F       		.byte	0x9f
 1776 0415 00000000 		.4byte	0
 1777 0419 00000000 		.4byte	0
 1778              	.LLST22:
 1779 041d 18000000 		.4byte	.LVL30
 1780 0421 1C000000 		.4byte	.LVL32
 1781 0425 0300     		.2byte	0x3
 1782 0427 71       		.byte	0x71
 1783 0428 05       		.sleb128 5
 1784 0429 9F       		.byte	0x9f
 1785 042a 1C000000 		.4byte	.LVL32
 1786 042e 76000000 		.4byte	.LVL40
 1787 0432 0300     		.2byte	0x3
 1788 0434 76       		.byte	0x76
 1789 0435 05       		.sleb128 5
 1790 0436 9F       		.byte	0x9f
 1791 0437 76000000 		.4byte	.LVL40
 1792 043b C2000000 		.4byte	.LVL49
 1793 043f 0100     		.2byte	0x1
 1794 0441 58       		.byte	0x58
 1795 0442 C2000000 		.4byte	.LVL49
 1796 0446 EA000000 		.4byte	.LFE3
 1797 044a 0300     		.2byte	0x3
 1798 044c 76       		.byte	0x76
 1799 044d 05       		.sleb128 5
 1800 044e 9F       		.byte	0x9f
 1801 044f 00000000 		.4byte	0
 1802 0453 00000000 		.4byte	0
 1803              	.LLST23:
 1804 0457 7A000000 		.4byte	.LVL41
 1805 045b A8000000 		.4byte	.LVL47
 1806 045f 0400     		.2byte	0x4
 1807 0461 0A       		.byte	0xa
 1808 0462 E803     		.2byte	0x3e8
 1809 0464 9F       		.byte	0x9f
 1810 0465 A8000000 		.4byte	.LVL47
 1811 0469 C2000000 		.4byte	.LVL49
 1812 046d 0100     		.2byte	0x1
 1813 046f 54       		.byte	0x54
 1814 0470 00000000 		.4byte	0
 1815 0474 00000000 		.4byte	0
 1816              	.LLST24:
 1817 0478 18000000 		.4byte	.LVL30
 1818 047c 28000000 		.4byte	.LVL34
 1819 0480 0100     		.2byte	0x1
 1820 0482 57       		.byte	0x57
 1821 0483 28000000 		.4byte	.LVL34
 1822 0487 41000000 		.4byte	.LVL35-1
ARM GAS  C:\Users\Vergil\AppData\Local\Temp\ccz3opmE.s 			page 33


 1823 048b 0100     		.2byte	0x1
 1824 048d 50       		.byte	0x50
 1825 048e 41000000 		.4byte	.LVL35-1
 1826 0492 76000000 		.4byte	.LVL40
 1827 0496 0100     		.2byte	0x1
 1828 0498 59       		.byte	0x59
 1829 0499 C2000000 		.4byte	.LVL49
 1830 049d C7000000 		.4byte	.LVL50-1
 1831 04a1 0100     		.2byte	0x1
 1832 04a3 50       		.byte	0x50
 1833 04a4 C7000000 		.4byte	.LVL50-1
 1834 04a8 D0000000 		.4byte	.LVL51
 1835 04ac 0100     		.2byte	0x1
 1836 04ae 59       		.byte	0x59
 1837 04af 00000000 		.4byte	0
 1838 04b3 00000000 		.4byte	0
 1839              		.section	.debug_aranges,"",%progbits
 1840 0000 34000000 		.4byte	0x34
 1841 0004 0200     		.2byte	0x2
 1842 0006 00000000 		.4byte	.Ldebug_info0
 1843 000a 04       		.byte	0x4
 1844 000b 00       		.byte	0
 1845 000c 0000     		.2byte	0
 1846 000e 0000     		.2byte	0
 1847 0010 00000000 		.4byte	.LFB0
 1848 0014 20000000 		.4byte	.LFE0-.LFB0
 1849 0018 00000000 		.4byte	.LFB1
 1850 001c 2E000000 		.4byte	.LFE1-.LFB1
 1851 0020 00000000 		.4byte	.LFB2
 1852 0024 28000000 		.4byte	.LFE2-.LFB2
 1853 0028 00000000 		.4byte	.LFB3
 1854 002c EA000000 		.4byte	.LFE3-.LFB3
 1855 0030 00000000 		.4byte	0
 1856 0034 00000000 		.4byte	0
 1857              		.section	.debug_ranges,"",%progbits
 1858              	.Ldebug_ranges0:
 1859 0000 00000000 		.4byte	.LFB0
 1860 0004 20000000 		.4byte	.LFE0
 1861 0008 00000000 		.4byte	.LFB1
 1862 000c 2E000000 		.4byte	.LFE1
 1863 0010 00000000 		.4byte	.LFB2
 1864 0014 28000000 		.4byte	.LFE2
 1865 0018 00000000 		.4byte	.LFB3
 1866 001c EA000000 		.4byte	.LFE3
 1867 0020 00000000 		.4byte	0
 1868 0024 00000000 		.4byte	0
 1869              		.section	.debug_line,"",%progbits
 1870              	.Ldebug_line0:
 1871 0000 64010000 		.section	.debug_str,"MS",%progbits,1
 1871      0200AA00 
 1871      00000201 
 1871      FB0E0D00 
 1871      01010101 
 1872              	.LASF26:
 1873 0000 73747265 		.ascii	"stream\000"
 1873      616D00
 1874              	.LASF17:
ARM GAS  C:\Users\Vergil\AppData\Local\Temp\ccz3opmE.s 			page 34


 1875 0007 75634172 		.ascii	"ucArgsLength\000"
 1875      67734C65 
 1875      6E677468 
 1875      00
 1876              	.LASF30:
 1877 0014 70617463 		.ascii	"patch\000"
 1877      6800
 1878              	.LASF27:
 1879 001a 75634461 		.ascii	"ucDataLength\000"
 1879      74614C65 
 1879      6E677468 
 1879      00
 1880              	.LASF33:
 1881 0027 53706957 		.ascii	"SpiWrite\000"
 1881      72697465 
 1881      00
 1882              	.LASF3:
 1883 0030 55494E54 		.ascii	"UINT8\000"
 1883      3800
 1884              	.LASF22:
 1885 0036 75734172 		.ascii	"usArgsLength\000"
 1885      67734C65 
 1885      6E677468 
 1885      00
 1886              	.LASF23:
 1887 0043 75734461 		.ascii	"usDataLength\000"
 1887      74614C65 
 1887      6E677468 
 1887      00
 1888              	.LASF15:
 1889 0050 75734F70 		.ascii	"usOpcode\000"
 1889      636F6465 
 1889      00
 1890              	.LASF29:
 1891 0059 6863695F 		.ascii	"hci_patch_send\000"
 1891      70617463 
 1891      685F7365 
 1891      6E6400
 1892              	.LASF16:
 1893 0068 70756342 		.ascii	"pucBuff\000"
 1893      75666600 
 1894              	.LASF1:
 1895 0070 756E7369 		.ascii	"unsigned char\000"
 1895      676E6564 
 1895      20636861 
 1895      7200
 1896              	.LASF8:
 1897 007e 6C6F6E67 		.ascii	"long unsigned int\000"
 1897      20756E73 
 1897      69676E65 
 1897      6420696E 
 1897      7400
 1898              	.LASF5:
 1899 0090 73686F72 		.ascii	"short unsigned int\000"
 1899      7420756E 
 1899      7369676E 
 1899      65642069 
ARM GAS  C:\Users\Vergil\AppData\Local\Temp\ccz3opmE.s 			page 35


 1899      6E7400
 1900              	.LASF35:
 1901 00a3 474E5520 		.ascii	"GNU C 4.7.4 20140401 (release) [ARM/embedded-4_7-br"
 1901      4320342E 
 1901      372E3420 
 1901      32303134 
 1901      30343031 
 1902 00d6 616E6368 		.ascii	"anch revision 209195]\000"
 1902      20726576 
 1902      6973696F 
 1902      6E203230 
 1902      39313935 
 1903              	.LASF36:
 1904 00ec 433A5C55 		.ascii	"C:\\Users\\Vergil\\ChibiOS_CC3000_SPI/CC3000HostDri"
 1904      73657273 
 1904      5C566572 
 1904      67696C5C 
 1904      43686962 
 1905 011c 7665722F 		.ascii	"ver/hci.c\000"
 1905      6863692E 
 1905      6300
 1906              	.LASF6:
 1907 0126 494E5433 		.ascii	"INT32\000"
 1907      3200
 1908              	.LASF11:
 1909 012c 756E7369 		.ascii	"unsigned int\000"
 1909      676E6564 
 1909      20696E74 
 1909      00
 1910              	.LASF9:
 1911 0139 43484152 		.ascii	"CHAR\000"
 1911      00
 1912              	.LASF20:
 1913 013e 75634F70 		.ascii	"ucOpcode\000"
 1913      636F6465 
 1913      00
 1914              	.LASF13:
 1915 0147 6C6F6E67 		.ascii	"long long unsigned int\000"
 1915      206C6F6E 
 1915      6720756E 
 1915      7369676E 
 1915      65642069 
 1916              	.LASF28:
 1917 015e 6863695F 		.ascii	"hci_data_command_send\000"
 1917      64617461 
 1917      5F636F6D 
 1917      6D616E64 
 1917      5F73656E 
 1918              	.LASF18:
 1919 0174 6863695F 		.ascii	"hci_command_send\000"
 1919      636F6D6D 
 1919      616E645F 
 1919      73656E64 
 1919      00
 1920              	.LASF14:
 1921 0185 73697A65 		.ascii	"sizetype\000"
 1921      74797065 
ARM GAS  C:\Users\Vergil\AppData\Local\Temp\ccz3opmE.s 			page 36


 1921      00
 1922              	.LASF19:
 1923 018e 6863695F 		.ascii	"hci_data_send\000"
 1923      64617461 
 1923      5F73656E 
 1923      6400
 1924              	.LASF12:
 1925 019c 6C6F6E67 		.ascii	"long long int\000"
 1925      206C6F6E 
 1925      6720696E 
 1925      7400
 1926              	.LASF4:
 1927 01aa 55494E54 		.ascii	"UINT16\000"
 1927      313600
 1928              	.LASF34:
 1929 01b1 6D656D63 		.ascii	"memcpy\000"
 1929      707900
 1930              	.LASF21:
 1931 01b8 75634172 		.ascii	"ucArgs\000"
 1931      677300
 1932              	.LASF32:
 1933 01bf 75735472 		.ascii	"usTransLength\000"
 1933      616E734C 
 1933      656E6774 
 1933      6800
 1934              	.LASF37:
 1935 01cd 55494E54 		.ascii	"UINT16_TO_STREAM_f\000"
 1935      31365F54 
 1935      4F5F5354 
 1935      5245414D 
 1935      5F6600
 1936              	.LASF2:
 1937 01e0 73686F72 		.ascii	"short int\000"
 1937      7420696E 
 1937      7400
 1938              	.LASF31:
 1939 01ea 64617461 		.ascii	"data_ptr\000"
 1939      5F707472 
 1939      00
 1940              	.LASF7:
 1941 01f3 6C6F6E67 		.ascii	"long int\000"
 1941      20696E74 
 1941      00
 1942              	.LASF10:
 1943 01fc 63686172 		.ascii	"char\000"
 1943      00
 1944              	.LASF24:
 1945 0201 75635461 		.ascii	"ucTail\000"
 1945      696C00
 1946              	.LASF0:
 1947 0208 7369676E 		.ascii	"signed char\000"
 1947      65642063 
 1947      68617200 
 1948              	.LASF25:
 1949 0214 75735461 		.ascii	"usTailLength\000"
 1949      696C4C65 
 1949      6E677468 
ARM GAS  C:\Users\Vergil\AppData\Local\Temp\ccz3opmE.s 			page 37


 1949      00
 1950              		.ident	"GCC: (GNU Tools for ARM Embedded Processors) 4.7.4 20140401 (release) [ARM/embedded-4_7-br
ARM GAS  C:\Users\Vergil\AppData\Local\Temp\ccz3opmE.s 			page 38


DEFINED SYMBOLS
                            *ABS*:00000000 hci.c
C:\Users\Vergil\AppData\Local\Temp\ccz3opmE.s:21     .text.hci_command_send:00000000 $t
C:\Users\Vergil\AppData\Local\Temp\ccz3opmE.s:27     .text.hci_command_send:00000000 hci_command_send
C:\Users\Vergil\AppData\Local\Temp\ccz3opmE.s:77     .text.hci_data_send:00000000 $t
C:\Users\Vergil\AppData\Local\Temp\ccz3opmE.s:83     .text.hci_data_send:00000000 hci_data_send
C:\Users\Vergil\AppData\Local\Temp\ccz3opmE.s:139    .text.hci_data_command_send:00000000 $t
C:\Users\Vergil\AppData\Local\Temp\ccz3opmE.s:145    .text.hci_data_command_send:00000000 hci_data_command_send
C:\Users\Vergil\AppData\Local\Temp\ccz3opmE.s:199    .text.hci_patch_send:00000000 $t
C:\Users\Vergil\AppData\Local\Temp\ccz3opmE.s:205    .text.hci_patch_send:00000000 hci_patch_send
                     .debug_frame:00000010 $d

UNDEFINED SYMBOLS
UINT16_TO_STREAM_f
SpiWrite
memcpy
