ARM GAS  C:\Users\Vergil\AppData\Local\Temp\ccmjqcpo.s 			page 1


   1              		.syntax unified
   2              		.cpu cortex-m4
   3              		.eabi_attribute 27, 3
   4              		.eabi_attribute 28, 1
   5              		.fpu fpv4-sp-d16
   6              		.eabi_attribute 20, 1
   7              		.eabi_attribute 21, 1
   8              		.eabi_attribute 23, 3
   9              		.eabi_attribute 24, 1
  10              		.eabi_attribute 25, 1
  11              		.eabi_attribute 26, 1
  12              		.eabi_attribute 30, 2
  13              		.eabi_attribute 34, 1
  14              		.eabi_attribute 18, 4
  15              		.thumb
  16              		.file	"memstreams.c"
  17              		.text
  18              	.Ltext0:
  19              		.cfi_sections	.debug_frame
  20              		.section	.text.put,"ax",%progbits
  21              		.align	2
  22              		.p2align 4,,15
  23              		.thumb
  24              		.thumb_func
  25              		.type	put, %function
  26              	put:
  27              	.LFB9:
  28              		.file 1 "../../os/various/memstreams.c"
  29              		.loc 1 66 0
  30              		.cfi_startproc
  31              		@ args = 0, pretend = 0, frame = 0
  32              		@ frame_needed = 0, uses_anonymous_args = 0
  33              		@ link register save eliminated.
  34              	.LVL0:
  35              		.loc 1 69 0
  36 0000 C368     		ldr	r3, [r0, #12]
  37 0002 8268     		ldr	r2, [r0, #8]
  38 0004 9A42     		cmp	r2, r3
  39 0006 06D0     		beq	.L3
  40              		.loc 1 71 0
  41 0008 4268     		ldr	r2, [r0, #4]
  42 000a D154     		strb	r1, [r2, r3]
  43              		.loc 1 72 0
  44 000c C168     		ldr	r1, [r0, #12]
  45              	.LVL1:
  46 000e 4B1C     		adds	r3, r1, #1
  47              	.LVL2:
  48 0010 C360     		str	r3, [r0, #12]
  49              		.loc 1 73 0
  50 0012 0020     		movs	r0, #0
  51              	.LVL3:
  52 0014 7047     		bx	lr
  53              	.LVL4:
  54              	.L3:
  55              		.loc 1 70 0
  56 0016 6FF00100 		mvn	r0, #1
  57              	.LVL5:
ARM GAS  C:\Users\Vergil\AppData\Local\Temp\ccmjqcpo.s 			page 2


  58              		.loc 1 74 0
  59 001a 7047     		bx	lr
  60              		.cfi_endproc
  61              	.LFE9:
  62              		.size	put, .-put
  63 001c AFF30080 		.section	.text.get,"ax",%progbits
  64              		.align	2
  65              		.p2align 4,,15
  66              		.thumb
  67              		.thumb_func
  68              		.type	get, %function
  69              	get:
  70              	.LFB10:
  71              		.loc 1 76 0
  72              		.cfi_startproc
  73              		@ args = 0, pretend = 0, frame = 0
  74              		@ frame_needed = 0, uses_anonymous_args = 0
  75              		@ link register save eliminated.
  76              	.LVL6:
  77              		.loc 1 80 0
  78 0000 0369     		ldr	r3, [r0, #16]
  79 0002 C268     		ldr	r2, [r0, #12]
  80 0004 9A42     		cmp	r2, r3
  81 0006 05D0     		beq	.L7
  82              		.loc 1 82 0
  83 0008 4168     		ldr	r1, [r0, #4]
  84 000a CA5C     		ldrb	r2, [r1, r3]	@ zero_extendqisi2
  85              	.LVL7:
  86              		.loc 1 83 0
  87 000c 0133     		adds	r3, r3, #1
  88              	.LVL8:
  89 000e 0361     		str	r3, [r0, #16]
  90              		.loc 1 84 0
  91 0010 1046     		mov	r0, r2
  92              	.LVL9:
  93 0012 7047     		bx	lr
  94              	.LVL10:
  95              	.L7:
  96              		.loc 1 81 0
  97 0014 6FF00100 		mvn	r0, #1
  98              	.LVL11:
  99              		.loc 1 85 0
 100 0018 7047     		bx	lr
 101              		.cfi_endproc
 102              	.LFE10:
 103              		.size	get, .-get
 104 001a 00BFAFF3 		.section	.text.reads,"ax",%progbits
 104      0080
 105              		.align	2
 106              		.p2align 4,,15
 107              		.thumb
 108              		.thumb_func
 109              		.type	reads, %function
 110              	reads:
 111              	.LFB8:
 112              		.loc 1 56 0
 113              		.cfi_startproc
ARM GAS  C:\Users\Vergil\AppData\Local\Temp\ccmjqcpo.s 			page 3


 114              		@ args = 0, pretend = 0, frame = 0
 115              		@ frame_needed = 0, uses_anonymous_args = 0
 116              	.LVL12:
 117 0000 38B5     		push	{r3, r4, r5, lr}
 118              	.LCFI0:
 119              		.cfi_def_cfa_offset 16
 120              		.cfi_offset 3, -16
 121              		.cfi_offset 4, -12
 122              		.cfi_offset 5, -8
 123              		.cfi_offset 14, -4
 124              		.loc 1 56 0
 125 0002 0446     		mov	r4, r0
 126              	.LVL13:
 127              		.loc 1 61 0
 128 0004 0846     		mov	r0, r1
 129              	.LVL14:
 130              		.loc 1 59 0
 131 0006 2369     		ldr	r3, [r4, #16]
 132 0008 E568     		ldr	r5, [r4, #12]
 133              		.loc 1 61 0
 134 000a 6168     		ldr	r1, [r4, #4]
 135              	.LVL15:
 136              		.loc 1 59 0
 137 000c ED1A     		subs	r5, r5, r3
 138 000e AA42     		cmp	r2, r5
 139 0010 38BF     		it	cc
 140 0012 1546     		movcc	r5, r2
 141              	.LVL16:
 142              		.loc 1 61 0
 143 0014 2A46     		mov	r2, r5
 144 0016 C918     		adds	r1, r1, r3
 145 0018 FFF7FEFF 		bl	memcpy
 146              	.LVL17:
 147              		.loc 1 62 0
 148 001c 2069     		ldr	r0, [r4, #16]
 149 001e 4219     		adds	r2, r0, r5
 150 0020 2261     		str	r2, [r4, #16]
 151              		.loc 1 64 0
 152 0022 2846     		mov	r0, r5
 153 0024 38BD     		pop	{r3, r4, r5, pc}
 154              		.cfi_endproc
 155              	.LFE8:
 156              		.size	reads, .-reads
 157 0026 00BFAFF3 		.section	.text.writes,"ax",%progbits
 157      0080AFF3 
 157      0080
 158              		.align	2
 159              		.p2align 4,,15
 160              		.thumb
 161              		.thumb_func
 162              		.type	writes, %function
 163              	writes:
 164              	.LFB7:
 165              		.loc 1 46 0
 166              		.cfi_startproc
 167              		@ args = 0, pretend = 0, frame = 0
 168              		@ frame_needed = 0, uses_anonymous_args = 0
ARM GAS  C:\Users\Vergil\AppData\Local\Temp\ccmjqcpo.s 			page 4


 169              	.LVL18:
 170 0000 38B5     		push	{r3, r4, r5, lr}
 171              	.LCFI1:
 172              		.cfi_def_cfa_offset 16
 173              		.cfi_offset 3, -16
 174              		.cfi_offset 4, -12
 175              		.cfi_offset 5, -8
 176              		.cfi_offset 14, -4
 177              		.loc 1 49 0
 178 0002 C368     		ldr	r3, [r0, #12]
 179 0004 8568     		ldr	r5, [r0, #8]
 180              		.loc 1 46 0
 181 0006 0446     		mov	r4, r0
 182              	.LVL19:
 183              		.loc 1 49 0
 184 0008 ED1A     		subs	r5, r5, r3
 185              		.loc 1 51 0
 186 000a 4068     		ldr	r0, [r0, #4]
 187              	.LVL20:
 188 000c AA42     		cmp	r2, r5
 189 000e 38BF     		it	cc
 190 0010 1546     		movcc	r5, r2
 191              	.LVL21:
 192 0012 2A46     		mov	r2, r5
 193 0014 C018     		adds	r0, r0, r3
 194 0016 FFF7FEFF 		bl	memcpy
 195              	.LVL22:
 196              		.loc 1 52 0
 197 001a E168     		ldr	r1, [r4, #12]
 198 001c 4A19     		adds	r2, r1, r5
 199 001e E260     		str	r2, [r4, #12]
 200              		.loc 1 54 0
 201 0020 2846     		mov	r0, r5
 202 0022 38BD     		pop	{r3, r4, r5, pc}
 203              		.cfi_endproc
 204              	.LFE7:
 205              		.size	writes, .-writes
 206 0024 AFF30080 		.section	.text.msObjectInit,"ax",%progbits
 206      AFF30080 
 206      AFF30080 
 207              		.align	2
 208              		.p2align 4,,15
 209              		.global	msObjectInit
 210              		.thumb
 211              		.thumb_func
 212              		.type	msObjectInit, %function
 213              	msObjectInit:
 214              	.LFB11:
 215              		.loc 1 104 0
 216              		.cfi_startproc
 217              		@ args = 0, pretend = 0, frame = 0
 218              		@ frame_needed = 0, uses_anonymous_args = 0
 219              		@ link register save eliminated.
 220              	.LVL23:
 221 0000 10B4     		push	{r4}
 222              	.LCFI2:
 223              		.cfi_def_cfa_offset 4
ARM GAS  C:\Users\Vergil\AppData\Local\Temp\ccmjqcpo.s 			page 5


 224              		.cfi_offset 4, -4
 225              		.loc 1 106 0
 226 0002 40F20004 		movw	r4, #:lower16:.LANCHOR0
 227 0006 C0F20004 		movt	r4, #:upper16:.LANCHOR0
 228              		.loc 1 109 0
 229 000a C360     		str	r3, [r0, #12]
 230              		.loc 1 110 0
 231 000c 0023     		movs	r3, #0
 232              	.LVL24:
 233              		.loc 1 106 0
 234 000e 0460     		str	r4, [r0, #0]
 235              		.loc 1 107 0
 236 0010 4160     		str	r1, [r0, #4]
 237              		.loc 1 108 0
 238 0012 8260     		str	r2, [r0, #8]
 239              		.loc 1 110 0
 240 0014 0361     		str	r3, [r0, #16]
 241              		.loc 1 111 0
 242 0016 10BC     		pop	{r4}
 243 0018 7047     		bx	lr
 244              		.cfi_endproc
 245              	.LFE11:
 246              		.size	msObjectInit, .-msObjectInit
 247 001a 00BFAFF3 		.section	.rodata.vmt,"a",%progbits
 247      0080
 248              		.align	2
 249              		.set	.LANCHOR0,. + 0
 250              		.type	vmt, %object
 251              		.size	vmt, 16
 252              	vmt:
 253 0000 00000000 		.word	writes
 254 0004 00000000 		.word	reads
 255 0008 00000000 		.word	put
 256 000c 00000000 		.word	get
 257              		.text
 258              	.Letext0:
 259              		.file 2 "c:\\chibistudio\\tools\\gnu tools arm embedded\\4.7 2014q2\\bin\\../lib/gcc/arm-none-eabi
 260              		.file 3 "c:\\chibistudio\\tools\\gnu tools arm embedded\\4.7 2014q2\\bin\\../lib/gcc/arm-none-eabi
 261              		.file 4 "../../os/ports/GCC/ARMCMx/chtypes.h"
 262              		.file 5 "../../os/various/memstreams.h"
 263              		.section	.debug_info,"",%progbits
 264              	.Ldebug_info0:
 265 0000 D3030000 		.4byte	0x3d3
 266 0004 0200     		.2byte	0x2
 267 0006 00000000 		.4byte	.Ldebug_abbrev0
 268 000a 04       		.byte	0x4
 269 000b 01       		.uleb128 0x1
 270 000c 82000000 		.4byte	.LASF24
 271 0010 01       		.byte	0x1
 272 0011 DD000000 		.4byte	.LASF25
 273 0015 33000000 		.4byte	.LASF26
 274 0019 00000000 		.4byte	.Ldebug_ranges0+0
 275 001d 00000000 		.4byte	0
 276 0021 00000000 		.4byte	0
 277 0025 00000000 		.4byte	.Ldebug_line0
 278 0029 02       		.uleb128 0x2
 279 002a 01       		.byte	0x1
ARM GAS  C:\Users\Vergil\AppData\Local\Temp\ccmjqcpo.s 			page 6


 280 002b 06       		.byte	0x6
 281 002c 21000000 		.4byte	.LASF0
 282 0030 02       		.uleb128 0x2
 283 0031 01       		.byte	0x1
 284 0032 08       		.byte	0x8
 285 0033 74010000 		.4byte	.LASF1
 286 0037 02       		.uleb128 0x2
 287 0038 02       		.byte	0x2
 288 0039 05       		.byte	0x5
 289 003a 6A010000 		.4byte	.LASF2
 290 003e 02       		.uleb128 0x2
 291 003f 02       		.byte	0x2
 292 0040 07       		.byte	0x7
 293 0041 07000000 		.4byte	.LASF3
 294 0045 03       		.uleb128 0x3
 295 0046 04       		.byte	0x4
 296 0047 05       		.byte	0x5
 297 0048 696E7400 		.ascii	"int\000"
 298 004c 02       		.uleb128 0x2
 299 004d 04       		.byte	0x4
 300 004e 07       		.byte	0x7
 301 004f 0D010000 		.4byte	.LASF4
 302 0053 02       		.uleb128 0x2
 303 0054 08       		.byte	0x8
 304 0055 05       		.byte	0x5
 305 0056 50010000 		.4byte	.LASF5
 306 005a 02       		.uleb128 0x2
 307 005b 08       		.byte	0x8
 308 005c 07       		.byte	0x7
 309 005d 1A010000 		.4byte	.LASF6
 310 0061 02       		.uleb128 0x2
 311 0062 04       		.byte	0x4
 312 0063 05       		.byte	0x5
 313 0064 90010000 		.4byte	.LASF7
 314 0068 02       		.uleb128 0x2
 315 0069 04       		.byte	0x4
 316 006a 07       		.byte	0x7
 317 006b 47010000 		.4byte	.LASF8
 318 006f 04       		.uleb128 0x4
 319 0070 04       		.byte	0x4
 320 0071 02       		.uleb128 0x2
 321 0072 04       		.byte	0x4
 322 0073 07       		.byte	0x7
 323 0074 FB000000 		.4byte	.LASF9
 324 0078 02       		.uleb128 0x2
 325 0079 01       		.byte	0x1
 326 007a 08       		.byte	0x8
 327 007b 5E010000 		.4byte	.LASF10
 328 007f 05       		.uleb128 0x5
 329 0080 00000000 		.4byte	.LASF11
 330 0084 02       		.byte	0x2
 331 0085 D5       		.byte	0xd5
 332 0086 4C000000 		.4byte	0x4c
 333 008a 05       		.uleb128 0x5
 334 008b 31010000 		.4byte	.LASF12
 335 008f 03       		.byte	0x3
 336 0090 2A       		.byte	0x2a
ARM GAS  C:\Users\Vergil\AppData\Local\Temp\ccmjqcpo.s 			page 7


 337 0091 30000000 		.4byte	0x30
 338 0095 05       		.uleb128 0x5
 339 0096 3F010000 		.4byte	.LASF13
 340 009a 03       		.byte	0x3
 341 009b 4F       		.byte	0x4f
 342 009c 61000000 		.4byte	0x61
 343 00a0 02       		.uleb128 0x2
 344 00a1 01       		.byte	0x1
 345 00a2 02       		.byte	0x2
 346 00a3 AB010000 		.4byte	.LASF14
 347 00a7 05       		.uleb128 0x5
 348 00a8 39010000 		.4byte	.LASF15
 349 00ac 04       		.byte	0x4
 350 00ad 31       		.byte	0x31
 351 00ae 95000000 		.4byte	0x95
 352 00b2 06       		.uleb128 0x6
 353 00b3 04       		.byte	0x4
 354 00b4 B8000000 		.4byte	0xb8
 355 00b8 07       		.uleb128 0x7
 356 00b9 01       		.byte	0x1
 357 00ba A7000000 		.4byte	0xa7
 358 00be C8000000 		.4byte	0xc8
 359 00c2 08       		.uleb128 0x8
 360 00c3 6F000000 		.4byte	0x6f
 361 00c7 00       		.byte	0
 362 00c8 06       		.uleb128 0x6
 363 00c9 04       		.byte	0x4
 364 00ca 8A000000 		.4byte	0x8a
 365 00ce 07       		.uleb128 0x7
 366 00cf 01       		.byte	0x1
 367 00d0 7F000000 		.4byte	0x7f
 368 00d4 E8000000 		.4byte	0xe8
 369 00d8 08       		.uleb128 0x8
 370 00d9 6F000000 		.4byte	0x6f
 371 00dd 08       		.uleb128 0x8
 372 00de E8000000 		.4byte	0xe8
 373 00e2 08       		.uleb128 0x8
 374 00e3 7F000000 		.4byte	0x7f
 375 00e7 00       		.byte	0
 376 00e8 06       		.uleb128 0x6
 377 00e9 04       		.byte	0x4
 378 00ea EE000000 		.4byte	0xee
 379 00ee 09       		.uleb128 0x9
 380 00ef 8A000000 		.4byte	0x8a
 381 00f3 06       		.uleb128 0x6
 382 00f4 04       		.byte	0x4
 383 00f5 CE000000 		.4byte	0xce
 384 00f9 07       		.uleb128 0x7
 385 00fa 01       		.byte	0x1
 386 00fb 7F000000 		.4byte	0x7f
 387 00ff 13010000 		.4byte	0x113
 388 0103 08       		.uleb128 0x8
 389 0104 6F000000 		.4byte	0x6f
 390 0108 08       		.uleb128 0x8
 391 0109 C8000000 		.4byte	0xc8
 392 010d 08       		.uleb128 0x8
 393 010e 7F000000 		.4byte	0x7f
ARM GAS  C:\Users\Vergil\AppData\Local\Temp\ccmjqcpo.s 			page 8


 394 0112 00       		.byte	0
 395 0113 06       		.uleb128 0x6
 396 0114 04       		.byte	0x4
 397 0115 F9000000 		.4byte	0xf9
 398 0119 07       		.uleb128 0x7
 399 011a 01       		.byte	0x1
 400 011b A7000000 		.4byte	0xa7
 401 011f 2E010000 		.4byte	0x12e
 402 0123 08       		.uleb128 0x8
 403 0124 6F000000 		.4byte	0x6f
 404 0128 08       		.uleb128 0x8
 405 0129 8A000000 		.4byte	0x8a
 406 012d 00       		.byte	0
 407 012e 06       		.uleb128 0x6
 408 012f 04       		.byte	0x4
 409 0130 19010000 		.4byte	0x119
 410 0134 0A       		.uleb128 0xa
 411 0135 75000000 		.4byte	.LASF27
 412 0139 10       		.byte	0x10
 413 013a 05       		.byte	0x5
 414 013b 3D       		.byte	0x3d
 415 013c 79010000 		.4byte	0x179
 416 0140 0B       		.uleb128 0xb
 417 0141 6F000000 		.4byte	.LASF16
 418 0145 05       		.byte	0x5
 419 0146 3E       		.byte	0x3e
 420 0147 F3000000 		.4byte	0xf3
 421 014b 02       		.byte	0x2
 422 014c 23       		.byte	0x23
 423 014d 00       		.uleb128 0
 424 014e 0B       		.uleb128 0xb
 425 014f D8000000 		.4byte	.LASF17
 426 0153 05       		.byte	0x5
 427 0154 3E       		.byte	0x3e
 428 0155 13010000 		.4byte	0x113
 429 0159 02       		.byte	0x2
 430 015a 23       		.byte	0x23
 431 015b 04       		.uleb128 0x4
 432 015c 0C       		.uleb128 0xc
 433 015d 70757400 		.ascii	"put\000"
 434 0161 05       		.byte	0x5
 435 0162 3E       		.byte	0x3e
 436 0163 2E010000 		.4byte	0x12e
 437 0167 02       		.byte	0x2
 438 0168 23       		.byte	0x23
 439 0169 08       		.uleb128 0x8
 440 016a 0C       		.uleb128 0xc
 441 016b 67657400 		.ascii	"get\000"
 442 016f 05       		.byte	0x5
 443 0170 3E       		.byte	0x3e
 444 0171 B2000000 		.4byte	0xb2
 445 0175 02       		.byte	0x2
 446 0176 23       		.byte	0x23
 447 0177 0C       		.uleb128 0xc
 448 0178 00       		.byte	0
 449 0179 0D       		.uleb128 0xd
 450 017a 14       		.byte	0x14
ARM GAS  C:\Users\Vergil\AppData\Local\Temp\ccmjqcpo.s 			page 9


 451 017b 05       		.byte	0x5
 452 017c 46       		.byte	0x46
 453 017d C8010000 		.4byte	0x1c8
 454 0181 0C       		.uleb128 0xc
 455 0182 766D7400 		.ascii	"vmt\000"
 456 0186 05       		.byte	0x5
 457 0187 48       		.byte	0x48
 458 0188 C8010000 		.4byte	0x1c8
 459 018c 02       		.byte	0x2
 460 018d 23       		.byte	0x23
 461 018e 00       		.uleb128 0
 462 018f 0B       		.uleb128 0xb
 463 0190 82010000 		.4byte	.LASF18
 464 0194 05       		.byte	0x5
 465 0195 49       		.byte	0x49
 466 0196 C8000000 		.4byte	0xc8
 467 019a 02       		.byte	0x2
 468 019b 23       		.byte	0x23
 469 019c 04       		.uleb128 0x4
 470 019d 0B       		.uleb128 0xb
 471 019e A6010000 		.4byte	.LASF19
 472 01a2 05       		.byte	0x5
 473 01a3 49       		.byte	0x49
 474 01a4 7F000000 		.4byte	0x7f
 475 01a8 02       		.byte	0x2
 476 01a9 23       		.byte	0x23
 477 01aa 08       		.uleb128 0x8
 478 01ab 0C       		.uleb128 0xc
 479 01ac 656F7300 		.ascii	"eos\000"
 480 01b0 05       		.byte	0x5
 481 01b1 49       		.byte	0x49
 482 01b2 7F000000 		.4byte	0x7f
 483 01b6 02       		.byte	0x2
 484 01b7 23       		.byte	0x23
 485 01b8 0C       		.uleb128 0xc
 486 01b9 0B       		.uleb128 0xb
 487 01ba 63010000 		.4byte	.LASF20
 488 01be 05       		.byte	0x5
 489 01bf 49       		.byte	0x49
 490 01c0 7F000000 		.4byte	0x7f
 491 01c4 02       		.byte	0x2
 492 01c5 23       		.byte	0x23
 493 01c6 10       		.uleb128 0x10
 494 01c7 00       		.byte	0
 495 01c8 06       		.uleb128 0x6
 496 01c9 04       		.byte	0x4
 497 01ca CE010000 		.4byte	0x1ce
 498 01ce 09       		.uleb128 0x9
 499 01cf 34010000 		.4byte	0x134
 500 01d3 05       		.uleb128 0x5
 501 01d4 99010000 		.4byte	.LASF21
 502 01d8 05       		.byte	0x5
 503 01d9 4A       		.byte	0x4a
 504 01da 79010000 		.4byte	0x179
 505 01de 0E       		.uleb128 0xe
 506 01df 70757400 		.ascii	"put\000"
 507 01e3 01       		.byte	0x1
ARM GAS  C:\Users\Vergil\AppData\Local\Temp\ccmjqcpo.s 			page 10


 508 01e4 42       		.byte	0x42
 509 01e5 01       		.byte	0x1
 510 01e6 A7000000 		.4byte	0xa7
 511 01ea 00000000 		.4byte	.LFB9
 512 01ee 1C000000 		.4byte	.LFE9
 513 01f2 02       		.byte	0x2
 514 01f3 7D       		.byte	0x7d
 515 01f4 00       		.sleb128 0
 516 01f5 01       		.byte	0x1
 517 01f6 25020000 		.4byte	0x225
 518 01fa 0F       		.uleb128 0xf
 519 01fb 697000   		.ascii	"ip\000"
 520 01fe 01       		.byte	0x1
 521 01ff 42       		.byte	0x42
 522 0200 6F000000 		.4byte	0x6f
 523 0204 00000000 		.4byte	.LLST0
 524 0208 0F       		.uleb128 0xf
 525 0209 6200     		.ascii	"b\000"
 526 020b 01       		.byte	0x1
 527 020c 42       		.byte	0x42
 528 020d 8A000000 		.4byte	0x8a
 529 0211 3A000000 		.4byte	.LLST1
 530 0215 10       		.uleb128 0x10
 531 0216 6D737000 		.ascii	"msp\000"
 532 021a 01       		.byte	0x1
 533 021b 43       		.byte	0x43
 534 021c 25020000 		.4byte	0x225
 535 0220 00000000 		.4byte	.LLST0
 536 0224 00       		.byte	0
 537 0225 06       		.uleb128 0x6
 538 0226 04       		.byte	0x4
 539 0227 D3010000 		.4byte	0x1d3
 540 022b 0E       		.uleb128 0xe
 541 022c 67657400 		.ascii	"get\000"
 542 0230 01       		.byte	0x1
 543 0231 4C       		.byte	0x4c
 544 0232 01       		.byte	0x1
 545 0233 A7000000 		.4byte	0xa7
 546 0237 00000000 		.4byte	.LFB10
 547 023b 1A000000 		.4byte	.LFE10
 548 023f 02       		.byte	0x2
 549 0240 7D       		.byte	0x7d
 550 0241 00       		.sleb128 0
 551 0242 01       		.byte	0x1
 552 0243 72020000 		.4byte	0x272
 553 0247 0F       		.uleb128 0xf
 554 0248 697000   		.ascii	"ip\000"
 555 024b 01       		.byte	0x1
 556 024c 4C       		.byte	0x4c
 557 024d 6F000000 		.4byte	0x6f
 558 0251 8A000000 		.4byte	.LLST3
 559 0255 10       		.uleb128 0x10
 560 0256 6200     		.ascii	"b\000"
 561 0258 01       		.byte	0x1
 562 0259 4D       		.byte	0x4d
 563 025a 8A000000 		.4byte	0x8a
 564 025e C4000000 		.4byte	.LLST4
ARM GAS  C:\Users\Vergil\AppData\Local\Temp\ccmjqcpo.s 			page 11


 565 0262 10       		.uleb128 0x10
 566 0263 6D737000 		.ascii	"msp\000"
 567 0267 01       		.byte	0x1
 568 0268 4E       		.byte	0x4e
 569 0269 25020000 		.4byte	0x225
 570 026d 8A000000 		.4byte	.LLST3
 571 0271 00       		.byte	0
 572 0272 11       		.uleb128 0x11
 573 0273 2D000000 		.4byte	.LASF22
 574 0277 01       		.byte	0x1
 575 0278 38       		.byte	0x38
 576 0279 01       		.byte	0x1
 577 027a 7F000000 		.4byte	0x7f
 578 027e 00000000 		.4byte	.LFB8
 579 0282 26000000 		.4byte	.LFE8
 580 0286 FE000000 		.4byte	.LLST6
 581 028a 01       		.byte	0x1
 582 028b DF020000 		.4byte	0x2df
 583 028f 0F       		.uleb128 0xf
 584 0290 697000   		.ascii	"ip\000"
 585 0293 01       		.byte	0x1
 586 0294 38       		.byte	0x38
 587 0295 6F000000 		.4byte	0x6f
 588 0299 1E010000 		.4byte	.LLST7
 589 029d 0F       		.uleb128 0xf
 590 029e 627000   		.ascii	"bp\000"
 591 02a1 01       		.byte	0x1
 592 02a2 38       		.byte	0x38
 593 02a3 C8000000 		.4byte	0xc8
 594 02a7 3C010000 		.4byte	.LLST8
 595 02ab 0F       		.uleb128 0xf
 596 02ac 6E00     		.ascii	"n\000"
 597 02ae 01       		.byte	0x1
 598 02af 38       		.byte	0x38
 599 02b0 7F000000 		.4byte	0x7f
 600 02b4 68010000 		.4byte	.LLST9
 601 02b8 10       		.uleb128 0x10
 602 02b9 6D737000 		.ascii	"msp\000"
 603 02bd 01       		.byte	0x1
 604 02be 39       		.byte	0x39
 605 02bf 25020000 		.4byte	0x225
 606 02c3 86010000 		.4byte	.LLST10
 607 02c7 12       		.uleb128 0x12
 608 02c8 1C000000 		.4byte	.LVL17
 609 02cc AE030000 		.4byte	0x3ae
 610 02d0 13       		.uleb128 0x13
 611 02d1 01       		.byte	0x1
 612 02d2 52       		.byte	0x52
 613 02d3 02       		.byte	0x2
 614 02d4 75       		.byte	0x75
 615 02d5 00       		.sleb128 0
 616 02d6 13       		.uleb128 0x13
 617 02d7 01       		.byte	0x1
 618 02d8 50       		.byte	0x50
 619 02d9 03       		.byte	0x3
 620 02da F3       		.byte	0xf3
 621 02db 01       		.uleb128 0x1
ARM GAS  C:\Users\Vergil\AppData\Local\Temp\ccmjqcpo.s 			page 12


 622 02dc 51       		.byte	0x51
 623 02dd 00       		.byte	0
 624 02de 00       		.byte	0
 625 02df 11       		.uleb128 0x11
 626 02e0 1A000000 		.4byte	.LASF23
 627 02e4 01       		.byte	0x1
 628 02e5 2E       		.byte	0x2e
 629 02e6 01       		.byte	0x1
 630 02e7 7F000000 		.4byte	0x7f
 631 02eb 00000000 		.4byte	.LFB7
 632 02ef 24000000 		.4byte	.LFE7
 633 02f3 A4010000 		.4byte	.LLST11
 634 02f7 01       		.byte	0x1
 635 02f8 4C030000 		.4byte	0x34c
 636 02fc 0F       		.uleb128 0xf
 637 02fd 697000   		.ascii	"ip\000"
 638 0300 01       		.byte	0x1
 639 0301 2E       		.byte	0x2e
 640 0302 6F000000 		.4byte	0x6f
 641 0306 C4010000 		.4byte	.LLST12
 642 030a 0F       		.uleb128 0xf
 643 030b 627000   		.ascii	"bp\000"
 644 030e 01       		.byte	0x1
 645 030f 2E       		.byte	0x2e
 646 0310 E8000000 		.4byte	0xe8
 647 0314 E2010000 		.4byte	.LLST13
 648 0318 0F       		.uleb128 0xf
 649 0319 6E00     		.ascii	"n\000"
 650 031b 01       		.byte	0x1
 651 031c 2E       		.byte	0x2e
 652 031d 7F000000 		.4byte	0x7f
 653 0321 03020000 		.4byte	.LLST14
 654 0325 10       		.uleb128 0x10
 655 0326 6D737000 		.ascii	"msp\000"
 656 032a 01       		.byte	0x1
 657 032b 2F       		.byte	0x2f
 658 032c 25020000 		.4byte	0x225
 659 0330 21020000 		.4byte	.LLST15
 660 0334 12       		.uleb128 0x12
 661 0335 1A000000 		.4byte	.LVL22
 662 0339 AE030000 		.4byte	0x3ae
 663 033d 13       		.uleb128 0x13
 664 033e 01       		.byte	0x1
 665 033f 52       		.byte	0x52
 666 0340 02       		.byte	0x2
 667 0341 75       		.byte	0x75
 668 0342 00       		.sleb128 0
 669 0343 13       		.uleb128 0x13
 670 0344 01       		.byte	0x1
 671 0345 51       		.byte	0x51
 672 0346 03       		.byte	0x3
 673 0347 F3       		.byte	0xf3
 674 0348 01       		.uleb128 0x1
 675 0349 51       		.byte	0x51
 676 034a 00       		.byte	0
 677 034b 00       		.byte	0
 678 034c 14       		.uleb128 0x14
ARM GAS  C:\Users\Vergil\AppData\Local\Temp\ccmjqcpo.s 			page 13


 679 034d 01       		.byte	0x1
 680 034e CB000000 		.4byte	.LASF28
 681 0352 01       		.byte	0x1
 682 0353 67       		.byte	0x67
 683 0354 01       		.byte	0x1
 684 0355 00000000 		.4byte	.LFB11
 685 0359 1A000000 		.4byte	.LFE11
 686 035d 3F020000 		.4byte	.LLST16
 687 0361 01       		.byte	0x1
 688 0362 9D030000 		.4byte	0x39d
 689 0366 15       		.uleb128 0x15
 690 0367 6D737000 		.ascii	"msp\000"
 691 036b 01       		.byte	0x1
 692 036c 67       		.byte	0x67
 693 036d 25020000 		.4byte	0x225
 694 0371 01       		.byte	0x1
 695 0372 50       		.byte	0x50
 696 0373 16       		.uleb128 0x16
 697 0374 82010000 		.4byte	.LASF18
 698 0378 01       		.byte	0x1
 699 0379 67       		.byte	0x67
 700 037a C8000000 		.4byte	0xc8
 701 037e 01       		.byte	0x1
 702 037f 51       		.byte	0x51
 703 0380 16       		.uleb128 0x16
 704 0381 A6010000 		.4byte	.LASF19
 705 0385 01       		.byte	0x1
 706 0386 68       		.byte	0x68
 707 0387 7F000000 		.4byte	0x7f
 708 038b 01       		.byte	0x1
 709 038c 52       		.byte	0x52
 710 038d 0F       		.uleb128 0xf
 711 038e 656F7300 		.ascii	"eos\000"
 712 0392 01       		.byte	0x1
 713 0393 68       		.byte	0x68
 714 0394 7F000000 		.4byte	0x7f
 715 0398 5F020000 		.4byte	.LLST17
 716 039c 00       		.byte	0
 717 039d 17       		.uleb128 0x17
 718 039e 766D7400 		.ascii	"vmt\000"
 719 03a2 01       		.byte	0x1
 720 03a3 57       		.byte	0x57
 721 03a4 CE010000 		.4byte	0x1ce
 722 03a8 05       		.byte	0x5
 723 03a9 03       		.byte	0x3
 724 03aa 00000000 		.4byte	vmt
 725 03ae 18       		.uleb128 0x18
 726 03af 01       		.byte	0x1
 727 03b0 89010000 		.4byte	.LASF29
 728 03b4 01       		.byte	0x1
 729 03b5 6F000000 		.4byte	0x6f
 730 03b9 01       		.byte	0x1
 731 03ba 01       		.byte	0x1
 732 03bb CF030000 		.4byte	0x3cf
 733 03bf 08       		.uleb128 0x8
 734 03c0 6F000000 		.4byte	0x6f
 735 03c4 08       		.uleb128 0x8
ARM GAS  C:\Users\Vergil\AppData\Local\Temp\ccmjqcpo.s 			page 14


 736 03c5 CF030000 		.4byte	0x3cf
 737 03c9 08       		.uleb128 0x8
 738 03ca 68000000 		.4byte	0x68
 739 03ce 00       		.byte	0
 740 03cf 06       		.uleb128 0x6
 741 03d0 04       		.byte	0x4
 742 03d1 D5030000 		.4byte	0x3d5
 743 03d5 19       		.uleb128 0x19
 744 03d6 00       		.byte	0
 745              		.section	.debug_abbrev,"",%progbits
 746              	.Ldebug_abbrev0:
 747 0000 01       		.uleb128 0x1
 748 0001 11       		.uleb128 0x11
 749 0002 01       		.byte	0x1
 750 0003 25       		.uleb128 0x25
 751 0004 0E       		.uleb128 0xe
 752 0005 13       		.uleb128 0x13
 753 0006 0B       		.uleb128 0xb
 754 0007 03       		.uleb128 0x3
 755 0008 0E       		.uleb128 0xe
 756 0009 1B       		.uleb128 0x1b
 757 000a 0E       		.uleb128 0xe
 758 000b 55       		.uleb128 0x55
 759 000c 06       		.uleb128 0x6
 760 000d 11       		.uleb128 0x11
 761 000e 01       		.uleb128 0x1
 762 000f 52       		.uleb128 0x52
 763 0010 01       		.uleb128 0x1
 764 0011 10       		.uleb128 0x10
 765 0012 06       		.uleb128 0x6
 766 0013 00       		.byte	0
 767 0014 00       		.byte	0
 768 0015 02       		.uleb128 0x2
 769 0016 24       		.uleb128 0x24
 770 0017 00       		.byte	0
 771 0018 0B       		.uleb128 0xb
 772 0019 0B       		.uleb128 0xb
 773 001a 3E       		.uleb128 0x3e
 774 001b 0B       		.uleb128 0xb
 775 001c 03       		.uleb128 0x3
 776 001d 0E       		.uleb128 0xe
 777 001e 00       		.byte	0
 778 001f 00       		.byte	0
 779 0020 03       		.uleb128 0x3
 780 0021 24       		.uleb128 0x24
 781 0022 00       		.byte	0
 782 0023 0B       		.uleb128 0xb
 783 0024 0B       		.uleb128 0xb
 784 0025 3E       		.uleb128 0x3e
 785 0026 0B       		.uleb128 0xb
 786 0027 03       		.uleb128 0x3
 787 0028 08       		.uleb128 0x8
 788 0029 00       		.byte	0
 789 002a 00       		.byte	0
 790 002b 04       		.uleb128 0x4
 791 002c 0F       		.uleb128 0xf
 792 002d 00       		.byte	0
ARM GAS  C:\Users\Vergil\AppData\Local\Temp\ccmjqcpo.s 			page 15


 793 002e 0B       		.uleb128 0xb
 794 002f 0B       		.uleb128 0xb
 795 0030 00       		.byte	0
 796 0031 00       		.byte	0
 797 0032 05       		.uleb128 0x5
 798 0033 16       		.uleb128 0x16
 799 0034 00       		.byte	0
 800 0035 03       		.uleb128 0x3
 801 0036 0E       		.uleb128 0xe
 802 0037 3A       		.uleb128 0x3a
 803 0038 0B       		.uleb128 0xb
 804 0039 3B       		.uleb128 0x3b
 805 003a 0B       		.uleb128 0xb
 806 003b 49       		.uleb128 0x49
 807 003c 13       		.uleb128 0x13
 808 003d 00       		.byte	0
 809 003e 00       		.byte	0
 810 003f 06       		.uleb128 0x6
 811 0040 0F       		.uleb128 0xf
 812 0041 00       		.byte	0
 813 0042 0B       		.uleb128 0xb
 814 0043 0B       		.uleb128 0xb
 815 0044 49       		.uleb128 0x49
 816 0045 13       		.uleb128 0x13
 817 0046 00       		.byte	0
 818 0047 00       		.byte	0
 819 0048 07       		.uleb128 0x7
 820 0049 15       		.uleb128 0x15
 821 004a 01       		.byte	0x1
 822 004b 27       		.uleb128 0x27
 823 004c 0C       		.uleb128 0xc
 824 004d 49       		.uleb128 0x49
 825 004e 13       		.uleb128 0x13
 826 004f 01       		.uleb128 0x1
 827 0050 13       		.uleb128 0x13
 828 0051 00       		.byte	0
 829 0052 00       		.byte	0
 830 0053 08       		.uleb128 0x8
 831 0054 05       		.uleb128 0x5
 832 0055 00       		.byte	0
 833 0056 49       		.uleb128 0x49
 834 0057 13       		.uleb128 0x13
 835 0058 00       		.byte	0
 836 0059 00       		.byte	0
 837 005a 09       		.uleb128 0x9
 838 005b 26       		.uleb128 0x26
 839 005c 00       		.byte	0
 840 005d 49       		.uleb128 0x49
 841 005e 13       		.uleb128 0x13
 842 005f 00       		.byte	0
 843 0060 00       		.byte	0
 844 0061 0A       		.uleb128 0xa
 845 0062 13       		.uleb128 0x13
 846 0063 01       		.byte	0x1
 847 0064 03       		.uleb128 0x3
 848 0065 0E       		.uleb128 0xe
 849 0066 0B       		.uleb128 0xb
ARM GAS  C:\Users\Vergil\AppData\Local\Temp\ccmjqcpo.s 			page 16


 850 0067 0B       		.uleb128 0xb
 851 0068 3A       		.uleb128 0x3a
 852 0069 0B       		.uleb128 0xb
 853 006a 3B       		.uleb128 0x3b
 854 006b 0B       		.uleb128 0xb
 855 006c 01       		.uleb128 0x1
 856 006d 13       		.uleb128 0x13
 857 006e 00       		.byte	0
 858 006f 00       		.byte	0
 859 0070 0B       		.uleb128 0xb
 860 0071 0D       		.uleb128 0xd
 861 0072 00       		.byte	0
 862 0073 03       		.uleb128 0x3
 863 0074 0E       		.uleb128 0xe
 864 0075 3A       		.uleb128 0x3a
 865 0076 0B       		.uleb128 0xb
 866 0077 3B       		.uleb128 0x3b
 867 0078 0B       		.uleb128 0xb
 868 0079 49       		.uleb128 0x49
 869 007a 13       		.uleb128 0x13
 870 007b 38       		.uleb128 0x38
 871 007c 0A       		.uleb128 0xa
 872 007d 00       		.byte	0
 873 007e 00       		.byte	0
 874 007f 0C       		.uleb128 0xc
 875 0080 0D       		.uleb128 0xd
 876 0081 00       		.byte	0
 877 0082 03       		.uleb128 0x3
 878 0083 08       		.uleb128 0x8
 879 0084 3A       		.uleb128 0x3a
 880 0085 0B       		.uleb128 0xb
 881 0086 3B       		.uleb128 0x3b
 882 0087 0B       		.uleb128 0xb
 883 0088 49       		.uleb128 0x49
 884 0089 13       		.uleb128 0x13
 885 008a 38       		.uleb128 0x38
 886 008b 0A       		.uleb128 0xa
 887 008c 00       		.byte	0
 888 008d 00       		.byte	0
 889 008e 0D       		.uleb128 0xd
 890 008f 13       		.uleb128 0x13
 891 0090 01       		.byte	0x1
 892 0091 0B       		.uleb128 0xb
 893 0092 0B       		.uleb128 0xb
 894 0093 3A       		.uleb128 0x3a
 895 0094 0B       		.uleb128 0xb
 896 0095 3B       		.uleb128 0x3b
 897 0096 0B       		.uleb128 0xb
 898 0097 01       		.uleb128 0x1
 899 0098 13       		.uleb128 0x13
 900 0099 00       		.byte	0
 901 009a 00       		.byte	0
 902 009b 0E       		.uleb128 0xe
 903 009c 2E       		.uleb128 0x2e
 904 009d 01       		.byte	0x1
 905 009e 03       		.uleb128 0x3
 906 009f 08       		.uleb128 0x8
ARM GAS  C:\Users\Vergil\AppData\Local\Temp\ccmjqcpo.s 			page 17


 907 00a0 3A       		.uleb128 0x3a
 908 00a1 0B       		.uleb128 0xb
 909 00a2 3B       		.uleb128 0x3b
 910 00a3 0B       		.uleb128 0xb
 911 00a4 27       		.uleb128 0x27
 912 00a5 0C       		.uleb128 0xc
 913 00a6 49       		.uleb128 0x49
 914 00a7 13       		.uleb128 0x13
 915 00a8 11       		.uleb128 0x11
 916 00a9 01       		.uleb128 0x1
 917 00aa 12       		.uleb128 0x12
 918 00ab 01       		.uleb128 0x1
 919 00ac 40       		.uleb128 0x40
 920 00ad 0A       		.uleb128 0xa
 921 00ae 9742     		.uleb128 0x2117
 922 00b0 0C       		.uleb128 0xc
 923 00b1 01       		.uleb128 0x1
 924 00b2 13       		.uleb128 0x13
 925 00b3 00       		.byte	0
 926 00b4 00       		.byte	0
 927 00b5 0F       		.uleb128 0xf
 928 00b6 05       		.uleb128 0x5
 929 00b7 00       		.byte	0
 930 00b8 03       		.uleb128 0x3
 931 00b9 08       		.uleb128 0x8
 932 00ba 3A       		.uleb128 0x3a
 933 00bb 0B       		.uleb128 0xb
 934 00bc 3B       		.uleb128 0x3b
 935 00bd 0B       		.uleb128 0xb
 936 00be 49       		.uleb128 0x49
 937 00bf 13       		.uleb128 0x13
 938 00c0 02       		.uleb128 0x2
 939 00c1 06       		.uleb128 0x6
 940 00c2 00       		.byte	0
 941 00c3 00       		.byte	0
 942 00c4 10       		.uleb128 0x10
 943 00c5 34       		.uleb128 0x34
 944 00c6 00       		.byte	0
 945 00c7 03       		.uleb128 0x3
 946 00c8 08       		.uleb128 0x8
 947 00c9 3A       		.uleb128 0x3a
 948 00ca 0B       		.uleb128 0xb
 949 00cb 3B       		.uleb128 0x3b
 950 00cc 0B       		.uleb128 0xb
 951 00cd 49       		.uleb128 0x49
 952 00ce 13       		.uleb128 0x13
 953 00cf 02       		.uleb128 0x2
 954 00d0 06       		.uleb128 0x6
 955 00d1 00       		.byte	0
 956 00d2 00       		.byte	0
 957 00d3 11       		.uleb128 0x11
 958 00d4 2E       		.uleb128 0x2e
 959 00d5 01       		.byte	0x1
 960 00d6 03       		.uleb128 0x3
 961 00d7 0E       		.uleb128 0xe
 962 00d8 3A       		.uleb128 0x3a
 963 00d9 0B       		.uleb128 0xb
ARM GAS  C:\Users\Vergil\AppData\Local\Temp\ccmjqcpo.s 			page 18


 964 00da 3B       		.uleb128 0x3b
 965 00db 0B       		.uleb128 0xb
 966 00dc 27       		.uleb128 0x27
 967 00dd 0C       		.uleb128 0xc
 968 00de 49       		.uleb128 0x49
 969 00df 13       		.uleb128 0x13
 970 00e0 11       		.uleb128 0x11
 971 00e1 01       		.uleb128 0x1
 972 00e2 12       		.uleb128 0x12
 973 00e3 01       		.uleb128 0x1
 974 00e4 40       		.uleb128 0x40
 975 00e5 06       		.uleb128 0x6
 976 00e6 9742     		.uleb128 0x2117
 977 00e8 0C       		.uleb128 0xc
 978 00e9 01       		.uleb128 0x1
 979 00ea 13       		.uleb128 0x13
 980 00eb 00       		.byte	0
 981 00ec 00       		.byte	0
 982 00ed 12       		.uleb128 0x12
 983 00ee 898201   		.uleb128 0x4109
 984 00f1 01       		.byte	0x1
 985 00f2 11       		.uleb128 0x11
 986 00f3 01       		.uleb128 0x1
 987 00f4 31       		.uleb128 0x31
 988 00f5 13       		.uleb128 0x13
 989 00f6 00       		.byte	0
 990 00f7 00       		.byte	0
 991 00f8 13       		.uleb128 0x13
 992 00f9 8A8201   		.uleb128 0x410a
 993 00fc 00       		.byte	0
 994 00fd 02       		.uleb128 0x2
 995 00fe 0A       		.uleb128 0xa
 996 00ff 9142     		.uleb128 0x2111
 997 0101 0A       		.uleb128 0xa
 998 0102 00       		.byte	0
 999 0103 00       		.byte	0
 1000 0104 14       		.uleb128 0x14
 1001 0105 2E       		.uleb128 0x2e
 1002 0106 01       		.byte	0x1
 1003 0107 3F       		.uleb128 0x3f
 1004 0108 0C       		.uleb128 0xc
 1005 0109 03       		.uleb128 0x3
 1006 010a 0E       		.uleb128 0xe
 1007 010b 3A       		.uleb128 0x3a
 1008 010c 0B       		.uleb128 0xb
 1009 010d 3B       		.uleb128 0x3b
 1010 010e 0B       		.uleb128 0xb
 1011 010f 27       		.uleb128 0x27
 1012 0110 0C       		.uleb128 0xc
 1013 0111 11       		.uleb128 0x11
 1014 0112 01       		.uleb128 0x1
 1015 0113 12       		.uleb128 0x12
 1016 0114 01       		.uleb128 0x1
 1017 0115 40       		.uleb128 0x40
 1018 0116 06       		.uleb128 0x6
 1019 0117 9742     		.uleb128 0x2117
 1020 0119 0C       		.uleb128 0xc
ARM GAS  C:\Users\Vergil\AppData\Local\Temp\ccmjqcpo.s 			page 19


 1021 011a 01       		.uleb128 0x1
 1022 011b 13       		.uleb128 0x13
 1023 011c 00       		.byte	0
 1024 011d 00       		.byte	0
 1025 011e 15       		.uleb128 0x15
 1026 011f 05       		.uleb128 0x5
 1027 0120 00       		.byte	0
 1028 0121 03       		.uleb128 0x3
 1029 0122 08       		.uleb128 0x8
 1030 0123 3A       		.uleb128 0x3a
 1031 0124 0B       		.uleb128 0xb
 1032 0125 3B       		.uleb128 0x3b
 1033 0126 0B       		.uleb128 0xb
 1034 0127 49       		.uleb128 0x49
 1035 0128 13       		.uleb128 0x13
 1036 0129 02       		.uleb128 0x2
 1037 012a 0A       		.uleb128 0xa
 1038 012b 00       		.byte	0
 1039 012c 00       		.byte	0
 1040 012d 16       		.uleb128 0x16
 1041 012e 05       		.uleb128 0x5
 1042 012f 00       		.byte	0
 1043 0130 03       		.uleb128 0x3
 1044 0131 0E       		.uleb128 0xe
 1045 0132 3A       		.uleb128 0x3a
 1046 0133 0B       		.uleb128 0xb
 1047 0134 3B       		.uleb128 0x3b
 1048 0135 0B       		.uleb128 0xb
 1049 0136 49       		.uleb128 0x49
 1050 0137 13       		.uleb128 0x13
 1051 0138 02       		.uleb128 0x2
 1052 0139 0A       		.uleb128 0xa
 1053 013a 00       		.byte	0
 1054 013b 00       		.byte	0
 1055 013c 17       		.uleb128 0x17
 1056 013d 34       		.uleb128 0x34
 1057 013e 00       		.byte	0
 1058 013f 03       		.uleb128 0x3
 1059 0140 08       		.uleb128 0x8
 1060 0141 3A       		.uleb128 0x3a
 1061 0142 0B       		.uleb128 0xb
 1062 0143 3B       		.uleb128 0x3b
 1063 0144 0B       		.uleb128 0xb
 1064 0145 49       		.uleb128 0x49
 1065 0146 13       		.uleb128 0x13
 1066 0147 02       		.uleb128 0x2
 1067 0148 0A       		.uleb128 0xa
 1068 0149 00       		.byte	0
 1069 014a 00       		.byte	0
 1070 014b 18       		.uleb128 0x18
 1071 014c 2E       		.uleb128 0x2e
 1072 014d 01       		.byte	0x1
 1073 014e 3F       		.uleb128 0x3f
 1074 014f 0C       		.uleb128 0xc
 1075 0150 03       		.uleb128 0x3
 1076 0151 0E       		.uleb128 0xe
 1077 0152 27       		.uleb128 0x27
ARM GAS  C:\Users\Vergil\AppData\Local\Temp\ccmjqcpo.s 			page 20


 1078 0153 0C       		.uleb128 0xc
 1079 0154 49       		.uleb128 0x49
 1080 0155 13       		.uleb128 0x13
 1081 0156 34       		.uleb128 0x34
 1082 0157 0C       		.uleb128 0xc
 1083 0158 3C       		.uleb128 0x3c
 1084 0159 0C       		.uleb128 0xc
 1085 015a 01       		.uleb128 0x1
 1086 015b 13       		.uleb128 0x13
 1087 015c 00       		.byte	0
 1088 015d 00       		.byte	0
 1089 015e 19       		.uleb128 0x19
 1090 015f 26       		.uleb128 0x26
 1091 0160 00       		.byte	0
 1092 0161 00       		.byte	0
 1093 0162 00       		.byte	0
 1094 0163 00       		.byte	0
 1095              		.section	.debug_loc,"",%progbits
 1096              	.Ldebug_loc0:
 1097              	.LLST0:
 1098 0000 00000000 		.4byte	.LVL0
 1099 0004 14000000 		.4byte	.LVL3
 1100 0008 0100     		.2byte	0x1
 1101 000a 50       		.byte	0x50
 1102 000b 14000000 		.4byte	.LVL3
 1103 000f 16000000 		.4byte	.LVL4
 1104 0013 0400     		.2byte	0x4
 1105 0015 F3       		.byte	0xf3
 1106 0016 01       		.uleb128 0x1
 1107 0017 50       		.byte	0x50
 1108 0018 9F       		.byte	0x9f
 1109 0019 16000000 		.4byte	.LVL4
 1110 001d 1A000000 		.4byte	.LVL5
 1111 0021 0100     		.2byte	0x1
 1112 0023 50       		.byte	0x50
 1113 0024 1A000000 		.4byte	.LVL5
 1114 0028 1C000000 		.4byte	.LFE9
 1115 002c 0400     		.2byte	0x4
 1116 002e F3       		.byte	0xf3
 1117 002f 01       		.uleb128 0x1
 1118 0030 50       		.byte	0x50
 1119 0031 9F       		.byte	0x9f
 1120 0032 00000000 		.4byte	0
 1121 0036 00000000 		.4byte	0
 1122              	.LLST1:
 1123 003a 00000000 		.4byte	.LVL0
 1124 003e 0E000000 		.4byte	.LVL1
 1125 0042 0100     		.2byte	0x1
 1126 0044 51       		.byte	0x51
 1127 0045 0E000000 		.4byte	.LVL1
 1128 0049 10000000 		.4byte	.LVL2
 1129 004d 0500     		.2byte	0x5
 1130 004f 72       		.byte	0x72
 1131 0050 00       		.sleb128 0
 1132 0051 73       		.byte	0x73
 1133 0052 00       		.sleb128 0
 1134 0053 22       		.byte	0x22
ARM GAS  C:\Users\Vergil\AppData\Local\Temp\ccmjqcpo.s 			page 21


 1135 0054 10000000 		.4byte	.LVL2
 1136 0058 14000000 		.4byte	.LVL3
 1137 005c 0600     		.2byte	0x6
 1138 005e 72       		.byte	0x72
 1139 005f 00       		.sleb128 0
 1140 0060 70       		.byte	0x70
 1141 0061 0C       		.sleb128 12
 1142 0062 06       		.byte	0x6
 1143 0063 22       		.byte	0x22
 1144 0064 14000000 		.4byte	.LVL3
 1145 0068 16000000 		.4byte	.LVL4
 1146 006c 0900     		.2byte	0x9
 1147 006e 72       		.byte	0x72
 1148 006f 00       		.sleb128 0
 1149 0070 F3       		.byte	0xf3
 1150 0071 01       		.uleb128 0x1
 1151 0072 50       		.byte	0x50
 1152 0073 23       		.byte	0x23
 1153 0074 0C       		.uleb128 0xc
 1154 0075 06       		.byte	0x6
 1155 0076 22       		.byte	0x22
 1156 0077 16000000 		.4byte	.LVL4
 1157 007b 1C000000 		.4byte	.LFE9
 1158 007f 0100     		.2byte	0x1
 1159 0081 51       		.byte	0x51
 1160 0082 00000000 		.4byte	0
 1161 0086 00000000 		.4byte	0
 1162              	.LLST3:
 1163 008a 00000000 		.4byte	.LVL6
 1164 008e 12000000 		.4byte	.LVL9
 1165 0092 0100     		.2byte	0x1
 1166 0094 50       		.byte	0x50
 1167 0095 12000000 		.4byte	.LVL9
 1168 0099 14000000 		.4byte	.LVL10
 1169 009d 0400     		.2byte	0x4
 1170 009f F3       		.byte	0xf3
 1171 00a0 01       		.uleb128 0x1
 1172 00a1 50       		.byte	0x50
 1173 00a2 9F       		.byte	0x9f
 1174 00a3 14000000 		.4byte	.LVL10
 1175 00a7 18000000 		.4byte	.LVL11
 1176 00ab 0100     		.2byte	0x1
 1177 00ad 50       		.byte	0x50
 1178 00ae 18000000 		.4byte	.LVL11
 1179 00b2 1A000000 		.4byte	.LFE10
 1180 00b6 0400     		.2byte	0x4
 1181 00b8 F3       		.byte	0xf3
 1182 00b9 01       		.uleb128 0x1
 1183 00ba 50       		.byte	0x50
 1184 00bb 9F       		.byte	0x9f
 1185 00bc 00000000 		.4byte	0
 1186 00c0 00000000 		.4byte	0
 1187              	.LLST4:
 1188 00c4 0C000000 		.4byte	.LVL7
 1189 00c8 0E000000 		.4byte	.LVL8
 1190 00cc 0500     		.2byte	0x5
 1191 00ce 71       		.byte	0x71
ARM GAS  C:\Users\Vergil\AppData\Local\Temp\ccmjqcpo.s 			page 22


 1192 00cf 00       		.sleb128 0
 1193 00d0 73       		.byte	0x73
 1194 00d1 00       		.sleb128 0
 1195 00d2 22       		.byte	0x22
 1196 00d3 0E000000 		.4byte	.LVL8
 1197 00d7 12000000 		.4byte	.LVL9
 1198 00db 0600     		.2byte	0x6
 1199 00dd 71       		.byte	0x71
 1200 00de 00       		.sleb128 0
 1201 00df 70       		.byte	0x70
 1202 00e0 10       		.sleb128 16
 1203 00e1 06       		.byte	0x6
 1204 00e2 22       		.byte	0x22
 1205 00e3 12000000 		.4byte	.LVL9
 1206 00e7 14000000 		.4byte	.LVL10
 1207 00eb 0900     		.2byte	0x9
 1208 00ed 71       		.byte	0x71
 1209 00ee 00       		.sleb128 0
 1210 00ef F3       		.byte	0xf3
 1211 00f0 01       		.uleb128 0x1
 1212 00f1 50       		.byte	0x50
 1213 00f2 23       		.byte	0x23
 1214 00f3 10       		.uleb128 0x10
 1215 00f4 06       		.byte	0x6
 1216 00f5 22       		.byte	0x22
 1217 00f6 00000000 		.4byte	0
 1218 00fa 00000000 		.4byte	0
 1219              	.LLST6:
 1220 00fe 00000000 		.4byte	.LFB8
 1221 0102 02000000 		.4byte	.LCFI0
 1222 0106 0200     		.2byte	0x2
 1223 0108 7D       		.byte	0x7d
 1224 0109 00       		.sleb128 0
 1225 010a 02000000 		.4byte	.LCFI0
 1226 010e 26000000 		.4byte	.LFE8
 1227 0112 0200     		.2byte	0x2
 1228 0114 7D       		.byte	0x7d
 1229 0115 10       		.sleb128 16
 1230 0116 00000000 		.4byte	0
 1231 011a 00000000 		.4byte	0
 1232              	.LLST7:
 1233 011e 00000000 		.4byte	.LVL12
 1234 0122 06000000 		.4byte	.LVL14
 1235 0126 0100     		.2byte	0x1
 1236 0128 50       		.byte	0x50
 1237 0129 06000000 		.4byte	.LVL14
 1238 012d 26000000 		.4byte	.LFE8
 1239 0131 0100     		.2byte	0x1
 1240 0133 54       		.byte	0x54
 1241 0134 00000000 		.4byte	0
 1242 0138 00000000 		.4byte	0
 1243              	.LLST8:
 1244 013c 00000000 		.4byte	.LVL12
 1245 0140 0C000000 		.4byte	.LVL15
 1246 0144 0100     		.2byte	0x1
 1247 0146 51       		.byte	0x51
 1248 0147 0C000000 		.4byte	.LVL15
ARM GAS  C:\Users\Vergil\AppData\Local\Temp\ccmjqcpo.s 			page 23


 1249 014b 1B000000 		.4byte	.LVL17-1
 1250 014f 0100     		.2byte	0x1
 1251 0151 50       		.byte	0x50
 1252 0152 1B000000 		.4byte	.LVL17-1
 1253 0156 26000000 		.4byte	.LFE8
 1254 015a 0400     		.2byte	0x4
 1255 015c F3       		.byte	0xf3
 1256 015d 01       		.uleb128 0x1
 1257 015e 51       		.byte	0x51
 1258 015f 9F       		.byte	0x9f
 1259 0160 00000000 		.4byte	0
 1260 0164 00000000 		.4byte	0
 1261              	.LLST9:
 1262 0168 00000000 		.4byte	.LVL12
 1263 016c 14000000 		.4byte	.LVL16
 1264 0170 0100     		.2byte	0x1
 1265 0172 52       		.byte	0x52
 1266 0173 14000000 		.4byte	.LVL16
 1267 0177 26000000 		.4byte	.LFE8
 1268 017b 0100     		.2byte	0x1
 1269 017d 55       		.byte	0x55
 1270 017e 00000000 		.4byte	0
 1271 0182 00000000 		.4byte	0
 1272              	.LLST10:
 1273 0186 04000000 		.4byte	.LVL13
 1274 018a 06000000 		.4byte	.LVL14
 1275 018e 0100     		.2byte	0x1
 1276 0190 50       		.byte	0x50
 1277 0191 06000000 		.4byte	.LVL14
 1278 0195 26000000 		.4byte	.LFE8
 1279 0199 0100     		.2byte	0x1
 1280 019b 54       		.byte	0x54
 1281 019c 00000000 		.4byte	0
 1282 01a0 00000000 		.4byte	0
 1283              	.LLST11:
 1284 01a4 00000000 		.4byte	.LFB7
 1285 01a8 02000000 		.4byte	.LCFI1
 1286 01ac 0200     		.2byte	0x2
 1287 01ae 7D       		.byte	0x7d
 1288 01af 00       		.sleb128 0
 1289 01b0 02000000 		.4byte	.LCFI1
 1290 01b4 24000000 		.4byte	.LFE7
 1291 01b8 0200     		.2byte	0x2
 1292 01ba 7D       		.byte	0x7d
 1293 01bb 10       		.sleb128 16
 1294 01bc 00000000 		.4byte	0
 1295 01c0 00000000 		.4byte	0
 1296              	.LLST12:
 1297 01c4 00000000 		.4byte	.LVL18
 1298 01c8 0C000000 		.4byte	.LVL20
 1299 01cc 0100     		.2byte	0x1
 1300 01ce 50       		.byte	0x50
 1301 01cf 0C000000 		.4byte	.LVL20
 1302 01d3 24000000 		.4byte	.LFE7
 1303 01d7 0100     		.2byte	0x1
 1304 01d9 54       		.byte	0x54
 1305 01da 00000000 		.4byte	0
ARM GAS  C:\Users\Vergil\AppData\Local\Temp\ccmjqcpo.s 			page 24


 1306 01de 00000000 		.4byte	0
 1307              	.LLST13:
 1308 01e2 00000000 		.4byte	.LVL18
 1309 01e6 19000000 		.4byte	.LVL22-1
 1310 01ea 0100     		.2byte	0x1
 1311 01ec 51       		.byte	0x51
 1312 01ed 19000000 		.4byte	.LVL22-1
 1313 01f1 24000000 		.4byte	.LFE7
 1314 01f5 0400     		.2byte	0x4
 1315 01f7 F3       		.byte	0xf3
 1316 01f8 01       		.uleb128 0x1
 1317 01f9 51       		.byte	0x51
 1318 01fa 9F       		.byte	0x9f
 1319 01fb 00000000 		.4byte	0
 1320 01ff 00000000 		.4byte	0
 1321              	.LLST14:
 1322 0203 00000000 		.4byte	.LVL18
 1323 0207 12000000 		.4byte	.LVL21
 1324 020b 0100     		.2byte	0x1
 1325 020d 52       		.byte	0x52
 1326 020e 12000000 		.4byte	.LVL21
 1327 0212 24000000 		.4byte	.LFE7
 1328 0216 0100     		.2byte	0x1
 1329 0218 55       		.byte	0x55
 1330 0219 00000000 		.4byte	0
 1331 021d 00000000 		.4byte	0
 1332              	.LLST15:
 1333 0221 08000000 		.4byte	.LVL19
 1334 0225 0C000000 		.4byte	.LVL20
 1335 0229 0100     		.2byte	0x1
 1336 022b 50       		.byte	0x50
 1337 022c 0C000000 		.4byte	.LVL20
 1338 0230 24000000 		.4byte	.LFE7
 1339 0234 0100     		.2byte	0x1
 1340 0236 54       		.byte	0x54
 1341 0237 00000000 		.4byte	0
 1342 023b 00000000 		.4byte	0
 1343              	.LLST16:
 1344 023f 00000000 		.4byte	.LFB11
 1345 0243 02000000 		.4byte	.LCFI2
 1346 0247 0200     		.2byte	0x2
 1347 0249 7D       		.byte	0x7d
 1348 024a 00       		.sleb128 0
 1349 024b 02000000 		.4byte	.LCFI2
 1350 024f 1A000000 		.4byte	.LFE11
 1351 0253 0200     		.2byte	0x2
 1352 0255 7D       		.byte	0x7d
 1353 0256 04       		.sleb128 4
 1354 0257 00000000 		.4byte	0
 1355 025b 00000000 		.4byte	0
 1356              	.LLST17:
 1357 025f 00000000 		.4byte	.LVL23
 1358 0263 0E000000 		.4byte	.LVL24
 1359 0267 0100     		.2byte	0x1
 1360 0269 53       		.byte	0x53
 1361 026a 0E000000 		.4byte	.LVL24
 1362 026e 1A000000 		.4byte	.LFE11
ARM GAS  C:\Users\Vergil\AppData\Local\Temp\ccmjqcpo.s 			page 25


 1363 0272 0200     		.2byte	0x2
 1364 0274 70       		.byte	0x70
 1365 0275 0C       		.sleb128 12
 1366 0276 00000000 		.4byte	0
 1367 027a 00000000 		.4byte	0
 1368              		.section	.debug_aranges,"",%progbits
 1369 0000 3C000000 		.4byte	0x3c
 1370 0004 0200     		.2byte	0x2
 1371 0006 00000000 		.4byte	.Ldebug_info0
 1372 000a 04       		.byte	0x4
 1373 000b 00       		.byte	0
 1374 000c 0000     		.2byte	0
 1375 000e 0000     		.2byte	0
 1376 0010 00000000 		.4byte	.LFB9
 1377 0014 1C000000 		.4byte	.LFE9-.LFB9
 1378 0018 00000000 		.4byte	.LFB10
 1379 001c 1A000000 		.4byte	.LFE10-.LFB10
 1380 0020 00000000 		.4byte	.LFB8
 1381 0024 26000000 		.4byte	.LFE8-.LFB8
 1382 0028 00000000 		.4byte	.LFB7
 1383 002c 24000000 		.4byte	.LFE7-.LFB7
 1384 0030 00000000 		.4byte	.LFB11
 1385 0034 1A000000 		.4byte	.LFE11-.LFB11
 1386 0038 00000000 		.4byte	0
 1387 003c 00000000 		.4byte	0
 1388              		.section	.debug_ranges,"",%progbits
 1389              	.Ldebug_ranges0:
 1390 0000 00000000 		.4byte	.LFB9
 1391 0004 1C000000 		.4byte	.LFE9
 1392 0008 00000000 		.4byte	.LFB10
 1393 000c 1A000000 		.4byte	.LFE10
 1394 0010 00000000 		.4byte	.LFB8
 1395 0014 26000000 		.4byte	.LFE8
 1396 0018 00000000 		.4byte	.LFB7
 1397 001c 24000000 		.4byte	.LFE7
 1398 0020 00000000 		.4byte	.LFB11
 1399 0024 1A000000 		.4byte	.LFE11
 1400 0028 00000000 		.4byte	0
 1401 002c 00000000 		.4byte	0
 1402              		.section	.debug_line,"",%progbits
 1403              	.Ldebug_line0:
 1404 0000 D7010000 		.section	.debug_str,"MS",%progbits,1
 1404      02006101 
 1404      00000201 
 1404      FB0E0D00 
 1404      01010101 
 1405              	.LASF11:
 1406 0000 73697A65 		.ascii	"size_t\000"
 1406      5F7400
 1407              	.LASF3:
 1408 0007 73686F72 		.ascii	"short unsigned int\000"
 1408      7420756E 
 1408      7369676E 
 1408      65642069 
 1408      6E7400
 1409              	.LASF23:
 1410 001a 77726974 		.ascii	"writes\000"
ARM GAS  C:\Users\Vergil\AppData\Local\Temp\ccmjqcpo.s 			page 26


 1410      657300
 1411              	.LASF0:
 1412 0021 7369676E 		.ascii	"signed char\000"
 1412      65642063 
 1412      68617200 
 1413              	.LASF22:
 1414 002d 72656164 		.ascii	"reads\000"
 1414      7300
 1415              	.LASF26:
 1416 0033 433A5C43 		.ascii	"C:\\ChibiStudio\\chibios\\demos\\ARMCM4-STM32F401RE"
 1416      68696269 
 1416      53747564 
 1416      696F5C63 
 1416      68696269 
 1417 0062 2D4E5543 		.ascii	"-NUCLEO-CC3K\000"
 1417      4C454F2D 
 1417      4343334B 
 1417      00
 1418              	.LASF16:
 1419 006f 77726974 		.ascii	"write\000"
 1419      6500
 1420              	.LASF27:
 1421 0075 4D656D53 		.ascii	"MemStreamVMT\000"
 1421      74726561 
 1421      6D564D54 
 1421      00
 1422              	.LASF24:
 1423 0082 474E5520 		.ascii	"GNU C 4.7.4 20140401 (release) [ARM/embedded-4_7-br"
 1423      4320342E 
 1423      372E3420 
 1423      32303134 
 1423      30343031 
 1424 00b5 616E6368 		.ascii	"anch revision 209195]\000"
 1424      20726576 
 1424      6973696F 
 1424      6E203230 
 1424      39313935 
 1425              	.LASF28:
 1426 00cb 6D734F62 		.ascii	"msObjectInit\000"
 1426      6A656374 
 1426      496E6974 
 1426      00
 1427              	.LASF17:
 1428 00d8 72656164 		.ascii	"read\000"
 1428      00
 1429              	.LASF25:
 1430 00dd 2E2E2F2E 		.ascii	"../../os/various/memstreams.c\000"
 1430      2E2F6F73 
 1430      2F766172 
 1430      696F7573 
 1430      2F6D656D 
 1431              	.LASF9:
 1432 00fb 6C6F6E67 		.ascii	"long unsigned int\000"
 1432      20756E73 
 1432      69676E65 
 1432      6420696E 
 1432      7400
ARM GAS  C:\Users\Vergil\AppData\Local\Temp\ccmjqcpo.s 			page 27


 1433              	.LASF4:
 1434 010d 756E7369 		.ascii	"unsigned int\000"
 1434      676E6564 
 1434      20696E74 
 1434      00
 1435              	.LASF6:
 1436 011a 6C6F6E67 		.ascii	"long long unsigned int\000"
 1436      206C6F6E 
 1436      6720756E 
 1436      7369676E 
 1436      65642069 
 1437              	.LASF12:
 1438 0131 75696E74 		.ascii	"uint8_t\000"
 1438      385F7400 
 1439              	.LASF15:
 1440 0139 6D73675F 		.ascii	"msg_t\000"
 1440      7400
 1441              	.LASF13:
 1442 013f 696E7433 		.ascii	"int32_t\000"
 1442      325F7400 
 1443              	.LASF8:
 1444 0147 73697A65 		.ascii	"sizetype\000"
 1444      74797065 
 1444      00
 1445              	.LASF5:
 1446 0150 6C6F6E67 		.ascii	"long long int\000"
 1446      206C6F6E 
 1446      6720696E 
 1446      7400
 1447              	.LASF10:
 1448 015e 63686172 		.ascii	"char\000"
 1448      00
 1449              	.LASF20:
 1450 0163 6F666673 		.ascii	"offset\000"
 1450      657400
 1451              	.LASF2:
 1452 016a 73686F72 		.ascii	"short int\000"
 1452      7420696E 
 1452      7400
 1453              	.LASF1:
 1454 0174 756E7369 		.ascii	"unsigned char\000"
 1454      676E6564 
 1454      20636861 
 1454      7200
 1455              	.LASF18:
 1456 0182 62756666 		.ascii	"buffer\000"
 1456      657200
 1457              	.LASF29:
 1458 0189 6D656D63 		.ascii	"memcpy\000"
 1458      707900
 1459              	.LASF7:
 1460 0190 6C6F6E67 		.ascii	"long int\000"
 1460      20696E74 
 1460      00
 1461              	.LASF21:
 1462 0199 4D656D6F 		.ascii	"MemoryStream\000"
 1462      72795374 
ARM GAS  C:\Users\Vergil\AppData\Local\Temp\ccmjqcpo.s 			page 28


 1462      7265616D 
 1462      00
 1463              	.LASF19:
 1464 01a6 73697A65 		.ascii	"size\000"
 1464      00
 1465              	.LASF14:
 1466 01ab 5F426F6F 		.ascii	"_Bool\000"
 1466      6C00
 1467              		.ident	"GCC: (GNU Tools for ARM Embedded Processors) 4.7.4 20140401 (release) [ARM/embedded-4_7-br
ARM GAS  C:\Users\Vergil\AppData\Local\Temp\ccmjqcpo.s 			page 29


DEFINED SYMBOLS
                            *ABS*:00000000 memstreams.c
C:\Users\Vergil\AppData\Local\Temp\ccmjqcpo.s:21     .text.put:00000000 $t
C:\Users\Vergil\AppData\Local\Temp\ccmjqcpo.s:26     .text.put:00000000 put
C:\Users\Vergil\AppData\Local\Temp\ccmjqcpo.s:64     .text.get:00000000 $t
C:\Users\Vergil\AppData\Local\Temp\ccmjqcpo.s:69     .text.get:00000000 get
C:\Users\Vergil\AppData\Local\Temp\ccmjqcpo.s:105    .text.reads:00000000 $t
C:\Users\Vergil\AppData\Local\Temp\ccmjqcpo.s:110    .text.reads:00000000 reads
C:\Users\Vergil\AppData\Local\Temp\ccmjqcpo.s:158    .text.writes:00000000 $t
C:\Users\Vergil\AppData\Local\Temp\ccmjqcpo.s:163    .text.writes:00000000 writes
C:\Users\Vergil\AppData\Local\Temp\ccmjqcpo.s:207    .text.msObjectInit:00000000 $t
C:\Users\Vergil\AppData\Local\Temp\ccmjqcpo.s:213    .text.msObjectInit:00000000 msObjectInit
C:\Users\Vergil\AppData\Local\Temp\ccmjqcpo.s:249    .rodata.vmt:00000000 .LANCHOR0
C:\Users\Vergil\AppData\Local\Temp\ccmjqcpo.s:248    .rodata.vmt:00000000 $d
C:\Users\Vergil\AppData\Local\Temp\ccmjqcpo.s:252    .rodata.vmt:00000000 vmt
                     .debug_frame:00000010 $d

UNDEFINED SYMBOLS
memcpy
