ARM GAS  C:\Users\Vergil\AppData\Local\Temp\ccVb54z8.s 			page 1


   1              		.syntax unified
   2              		.cpu cortex-m4
   3              		.eabi_attribute 27, 3
   4              		.eabi_attribute 28, 1
   5              		.fpu fpv4-sp-d16
   6              		.eabi_attribute 20, 1
   7              		.eabi_attribute 21, 1
   8              		.eabi_attribute 23, 3
   9              		.eabi_attribute 24, 1
  10              		.eabi_attribute 25, 1
  11              		.eabi_attribute 26, 1
  12              		.eabi_attribute 30, 2
  13              		.eabi_attribute 34, 1
  14              		.eabi_attribute 18, 4
  15              		.thumb
  16              		.file	"tm.c"
  17              		.text
  18              	.Ltext0:
  19              		.cfi_sections	.debug_frame
  20              		.section	.text.tm_start,"ax",%progbits
  21              		.align	2
  22              		.p2align 4,,15
  23              		.thumb
  24              		.thumb_func
  25              		.type	tm_start, %function
  26              	tm_start:
  27              	.LFB118:
  28              		.file 1 "../../os/hal/src/tm.c"
  29              		.loc 1 69 0
  30              		.cfi_startproc
  31              		@ args = 0, pretend = 0, frame = 0
  32              		@ frame_needed = 0, uses_anonymous_args = 0
  33              		@ link register save eliminated.
  34              	.LVL0:
  35              		.loc 1 71 0
  36 0000 4FF48053 		mov	r3, #4096
  37 0004 CEF20003 		movt	r3, 57344
  38 0008 5968     		ldr	r1, [r3, #4]
  39 000a 8160     		str	r1, [r0, #8]
  40 000c 7047     		bx	lr
  41              		.cfi_endproc
  42              	.LFE118:
  43              		.size	tm_start, .-tm_start
  44              		.section	.text.tm_stop,"ax",%progbits
  45              		.align	2
  46              		.p2align 4,,15
  47              		.thumb
  48              		.thumb_func
  49              		.type	tm_stop, %function
  50              	tm_stop:
  51              	.LFB119:
  52              		.loc 1 81 0
  53              		.cfi_startproc
  54              		@ args = 0, pretend = 0, frame = 0
  55              		@ frame_needed = 0, uses_anonymous_args = 0
  56              		@ link register save eliminated.
  57              	.LVL1:
ARM GAS  C:\Users\Vergil\AppData\Local\Temp\ccVb54z8.s 			page 2


  58              		.loc 1 83 0
  59 0000 4FF48053 		mov	r3, #4096
  60 0004 CEF20003 		movt	r3, 57344
  61              		.loc 1 84 0
  62 0008 094A     		ldr	r2, .L7
  63 000a 8168     		ldr	r1, [r0, #8]
  64              		.loc 1 83 0
  65 000c 5B68     		ldr	r3, [r3, #4]
  66              	.LVL2:
  67              		.loc 1 81 0
  68 000e 10B4     		push	{r4}
  69              	.LCFI0:
  70              		.cfi_def_cfa_offset 4
  71              		.cfi_offset 4, -4
  72              		.loc 1 84 0
  73 0010 1468     		ldr	r4, [r2, #0]
  74              		.loc 1 85 0
  75 0012 C268     		ldr	r2, [r0, #12]
  76              		.loc 1 84 0
  77 0014 5B1A     		subs	r3, r3, r1
  78              	.LVL3:
  79 0016 191B     		subs	r1, r3, r4
  80              		.loc 1 85 0
  81 0018 9142     		cmp	r1, r2
  82              		.loc 1 84 0
  83 001a 8160     		str	r1, [r0, #8]
  84              		.loc 1 85 0
  85 001c 05D8     		bhi	.L6
  86              		.loc 1 87 0
  87 001e 0269     		ldr	r2, [r0, #16]
  88 0020 9142     		cmp	r1, r2
  89              		.loc 1 88 0
  90 0022 38BF     		it	cc
  91 0024 0161     		strcc	r1, [r0, #16]
  92              	.L2:
  93              		.loc 1 89 0
  94 0026 10BC     		pop	{r4}
  95 0028 7047     		bx	lr
  96              	.L6:
  97              		.loc 1 86 0
  98 002a C160     		str	r1, [r0, #12]
  99 002c FBE7     		b	.L2
 100              	.L8:
 101 002e 00BF     		.align	2
 102              	.L7:
 103 0030 00000000 		.word	.LANCHOR0
 104              		.cfi_endproc
 105              	.LFE119:
 106              		.size	tm_stop, .-tm_stop
 107 0034 AFF30080 		.section	.text.tmInit,"ax",%progbits
 107      AFF30080 
 107      AFF30080 
 108              		.align	2
 109              		.p2align 4,,15
 110              		.global	tmInit
 111              		.thumb
 112              		.thumb_func
ARM GAS  C:\Users\Vergil\AppData\Local\Temp\ccVb54z8.s 			page 3


 113              		.type	tmInit, %function
 114              	tmInit:
 115              	.LFB120:
 116              		.loc 1 104 0
 117              		.cfi_startproc
 118              		@ args = 0, pretend = 0, frame = 24
 119              		@ frame_needed = 0, uses_anonymous_args = 0
 120 0000 10B5     		push	{r4, lr}
 121              	.LCFI1:
 122              		.cfi_def_cfa_offset 8
 123              		.cfi_offset 4, -8
 124              		.cfi_offset 14, -4
 125              		.loc 1 110 0
 126 0002 40F20004 		movw	r4, #:lower16:.LANCHOR0
 127              		.loc 1 104 0
 128 0006 86B0     		sub	sp, sp, #24
 129              	.LCFI2:
 130              		.cfi_def_cfa_offset 32
 131              		.loc 1 110 0
 132 0008 C0F20004 		movt	r4, #:upper16:.LANCHOR0
 133              	.LBB8:
 134              	.LBB9:
 135              		.loc 1 71 0
 136 000c 4FF48053 		mov	r3, #4096
 137              	.LBE9:
 138              	.LBE8:
 139              		.loc 1 110 0
 140 0010 0022     		movs	r2, #0
 141              	.LBB13:
 142              	.LBB10:
 143              		.loc 1 71 0
 144 0012 CEF20003 		movt	r3, 57344
 145              	.LBE10:
 146              	.LBE13:
 147              	.LBB14:
 148              	.LBB15:
 149              		.loc 1 130 0
 150 0016 4FF0FF30 		mov	r0, #-1
 151              	.LBE15:
 152              	.LBE14:
 153              		.loc 1 110 0
 154 001a 2260     		str	r2, [r4, #0]
 155              	.LVL4:
 156              	.LBB19:
 157              	.LBB16:
 158              		.loc 1 129 0
 159 001c 0492     		str	r2, [sp, #16]
 160              		.loc 1 130 0
 161 001e 0590     		str	r0, [sp, #20]
 162              	.LVL5:
 163              	.LBE16:
 164              	.LBE19:
 165              	.LBB20:
 166              	.LBB11:
 167              		.loc 1 71 0
 168 0020 5968     		ldr	r1, [r3, #4]
 169              	.LBE11:
ARM GAS  C:\Users\Vergil\AppData\Local\Temp\ccVb54z8.s 			page 4


 170              	.LBE20:
 171              	.LBB21:
 172              	.LBB17:
 173              		.loc 1 127 0
 174 0022 40F20002 		movw	r2, #:lower16:tm_stop
 175              		.loc 1 126 0
 176 0026 40F20003 		movw	r3, #:lower16:tm_start
 177              	.LBE17:
 178              	.LBE21:
 179              		.loc 1 113 0
 180 002a 01A8     		add	r0, sp, #4
 181              	.LVL6:
 182              	.LBB22:
 183              	.LBB18:
 184              		.loc 1 126 0
 185 002c C0F20003 		movt	r3, #:upper16:tm_start
 186              		.loc 1 127 0
 187 0030 C0F20002 		movt	r2, #:upper16:tm_stop
 188              		.loc 1 126 0
 189 0034 0193     		str	r3, [sp, #4]
 190              		.loc 1 127 0
 191 0036 0292     		str	r2, [sp, #8]
 192              	.LBE18:
 193              	.LBE22:
 194              	.LBB23:
 195              	.LBB12:
 196              		.loc 1 71 0
 197 0038 0391     		str	r1, [sp, #12]
 198              	.LBE12:
 199              	.LBE23:
 200              		.loc 1 113 0
 201 003a FFF7FEFF 		bl	tm_stop
 202              	.LVL7:
 203              		.loc 1 114 0
 204 003e 0398     		ldr	r0, [sp, #12]
 205 0040 2060     		str	r0, [r4, #0]
 206              		.loc 1 115 0
 207 0042 06B0     		add	sp, sp, #24
 208 0044 10BD     		pop	{r4, pc}
 209              		.cfi_endproc
 210              	.LFE120:
 211              		.size	tmInit, .-tmInit
 212 0046 00BFAFF3 		.section	.text.tmObjectInit,"ax",%progbits
 212      0080AFF3 
 212      0080
 213              		.align	2
 214              		.p2align 4,,15
 215              		.global	tmObjectInit
 216              		.thumb
 217              		.thumb_func
 218              		.type	tmObjectInit, %function
 219              	tmObjectInit:
 220              	.LFB121:
 221              		.loc 1 124 0
 222              		.cfi_startproc
 223              		@ args = 0, pretend = 0, frame = 0
 224              		@ frame_needed = 0, uses_anonymous_args = 0
ARM GAS  C:\Users\Vergil\AppData\Local\Temp\ccVb54z8.s 			page 5


 225              		@ link register save eliminated.
 226              	.LVL8:
 227              		.loc 1 128 0
 228 0000 0023     		movs	r3, #0
 229              		.loc 1 126 0
 230 0002 40F20002 		movw	r2, #:lower16:tm_start
 231              		.loc 1 127 0
 232 0006 40F20001 		movw	r1, #:lower16:tm_stop
 233              		.loc 1 126 0
 234 000a C0F20002 		movt	r2, #:upper16:tm_start
 235              		.loc 1 127 0
 236 000e C0F20001 		movt	r1, #:upper16:tm_stop
 237              		.loc 1 128 0
 238 0012 8360     		str	r3, [r0, #8]
 239              		.loc 1 129 0
 240 0014 C360     		str	r3, [r0, #12]
 241              		.loc 1 130 0
 242 0016 4FF0FF33 		mov	r3, #-1
 243              		.loc 1 126 0
 244 001a 0260     		str	r2, [r0, #0]
 245              		.loc 1 127 0
 246 001c 4160     		str	r1, [r0, #4]
 247              		.loc 1 130 0
 248 001e 0361     		str	r3, [r0, #16]
 249 0020 7047     		bx	lr
 250              		.cfi_endproc
 251              	.LFE121:
 252              		.size	tmObjectInit, .-tmObjectInit
 253 0022 00BFAFF3 		.section	.bss.measurement_offset,"aw",%nobits
 253      0080AFF3 
 253      0080AFF3 
 253      0080
 254              		.align	2
 255              		.set	.LANCHOR0,. + 0
 256              		.type	measurement_offset, %object
 257              		.size	measurement_offset, 4
 258              	measurement_offset:
 259 0000 00000000 		.space	4
 260              		.text
 261              	.Letext0:
 262              		.file 2 "c:\\chibistudio\\tools\\gnu tools arm embedded\\4.7 2014q2\\bin\\../lib/gcc/arm-none-eabi
 263              		.file 3 "../../os/ports/common/ARMCMx/nvic.h"
 264              		.file 4 "../../os/hal/platforms/STM32F4xx/hal_lld.h"
 265              		.file 5 "../../os/hal/include/tm.h"
 266              		.file 6 "../../os/ports/common/ARMCMx/CMSIS/include/core_cm4.h"
 267              		.section	.debug_info,"",%progbits
 268              	.Ldebug_info0:
 269 0000 F0020000 		.4byte	0x2f0
 270 0004 0200     		.2byte	0x2
 271 0006 00000000 		.4byte	.Ldebug_abbrev0
 272 000a 04       		.byte	0x4
 273 000b 01       		.uleb128 0x1
 274 000c E3000000 		.4byte	.LASF32
 275 0010 01       		.byte	0x1
 276 0011 AF010000 		.4byte	.LASF33
 277 0015 8B000000 		.4byte	.LASF34
 278 0019 50000000 		.4byte	.Ldebug_ranges0+0x50
ARM GAS  C:\Users\Vergil\AppData\Local\Temp\ccVb54z8.s 			page 6


 279 001d 00000000 		.4byte	0
 280 0021 00000000 		.4byte	0
 281 0025 00000000 		.4byte	.Ldebug_line0
 282 0029 02       		.uleb128 0x2
 283 002a 04       		.byte	0x4
 284 002b 05       		.byte	0x5
 285 002c 696E7400 		.ascii	"int\000"
 286 0030 03       		.uleb128 0x3
 287 0031 04       		.byte	0x4
 288 0032 07       		.byte	0x7
 289 0033 39010000 		.4byte	.LASF0
 290 0037 03       		.uleb128 0x3
 291 0038 01       		.byte	0x1
 292 0039 06       		.byte	0x6
 293 003a E4010000 		.4byte	.LASF1
 294 003e 03       		.uleb128 0x3
 295 003f 01       		.byte	0x1
 296 0040 08       		.byte	0x8
 297 0041 50000000 		.4byte	.LASF2
 298 0045 03       		.uleb128 0x3
 299 0046 02       		.byte	0x2
 300 0047 05       		.byte	0x5
 301 0048 A5010000 		.4byte	.LASF3
 302 004c 03       		.uleb128 0x3
 303 004d 02       		.byte	0x2
 304 004e 07       		.byte	0x7
 305 004f 18000000 		.4byte	.LASF4
 306 0053 04       		.uleb128 0x4
 307 0054 6B010000 		.4byte	.LASF6
 308 0058 02       		.byte	0x2
 309 0059 4F       		.byte	0x4f
 310 005a 5E000000 		.4byte	0x5e
 311 005e 03       		.uleb128 0x3
 312 005f 04       		.byte	0x4
 313 0060 05       		.byte	0x5
 314 0061 DB010000 		.4byte	.LASF5
 315 0065 04       		.uleb128 0x4
 316 0066 D2010000 		.4byte	.LASF7
 317 006a 02       		.byte	0x2
 318 006b 50       		.byte	0x50
 319 006c 70000000 		.4byte	0x70
 320 0070 03       		.uleb128 0x3
 321 0071 04       		.byte	0x4
 322 0072 07       		.byte	0x7
 323 0073 6C000000 		.4byte	.LASF8
 324 0077 03       		.uleb128 0x3
 325 0078 08       		.byte	0x8
 326 0079 05       		.byte	0x5
 327 007a 7C010000 		.4byte	.LASF9
 328 007e 03       		.uleb128 0x3
 329 007f 08       		.byte	0x8
 330 0080 07       		.byte	0x7
 331 0081 39000000 		.4byte	.LASF10
 332 0085 03       		.uleb128 0x3
 333 0086 01       		.byte	0x1
 334 0087 02       		.byte	0x2
 335 0088 00020000 		.4byte	.LASF11
ARM GAS  C:\Users\Vergil\AppData\Local\Temp\ccVb54z8.s 			page 7


 336 008c 04       		.uleb128 0x4
 337 008d 8A010000 		.4byte	.LASF12
 338 0091 03       		.byte	0x3
 339 0092 3A       		.byte	0x3a
 340 0093 97000000 		.4byte	0x97
 341 0097 05       		.uleb128 0x5
 342 0098 65000000 		.4byte	0x65
 343 009c 03       		.uleb128 0x3
 344 009d 04       		.byte	0x4
 345 009e 07       		.byte	0x7
 346 009f 73010000 		.4byte	.LASF13
 347 00a3 06       		.uleb128 0x6
 348 00a4 20       		.byte	0x20
 349 00a5 03       		.byte	0x3
 350 00a6 0601     		.2byte	0x106
 351 00a8 25010000 		.4byte	0x125
 352 00ac 07       		.uleb128 0x7
 353 00ad 5F010000 		.4byte	.LASF14
 354 00b1 03       		.byte	0x3
 355 00b2 0701     		.2byte	0x107
 356 00b4 8C000000 		.4byte	0x8c
 357 00b8 02       		.byte	0x2
 358 00b9 23       		.byte	0x23
 359 00ba 00       		.uleb128 0
 360 00bb 07       		.uleb128 0x7
 361 00bc 5E000000 		.4byte	.LASF15
 362 00c0 03       		.byte	0x3
 363 00c1 0801     		.2byte	0x108
 364 00c3 8C000000 		.4byte	0x8c
 365 00c7 02       		.byte	0x2
 366 00c8 23       		.byte	0x23
 367 00c9 04       		.uleb128 0x4
 368 00ca 07       		.uleb128 0x7
 369 00cb C7000000 		.4byte	.LASF16
 370 00cf 03       		.byte	0x3
 371 00d0 0901     		.2byte	0x109
 372 00d2 8C000000 		.4byte	0x8c
 373 00d6 02       		.byte	0x2
 374 00d7 23       		.byte	0x23
 375 00d8 08       		.uleb128 0x8
 376 00d9 07       		.uleb128 0x7
 377 00da 64010000 		.4byte	.LASF17
 378 00de 03       		.byte	0x3
 379 00df 0A01     		.2byte	0x10a
 380 00e1 8C000000 		.4byte	0x8c
 381 00e5 02       		.byte	0x2
 382 00e6 23       		.byte	0x23
 383 00e7 0C       		.uleb128 0xc
 384 00e8 07       		.uleb128 0x7
 385 00e9 2B000000 		.4byte	.LASF18
 386 00ed 03       		.byte	0x3
 387 00ee 0B01     		.2byte	0x10b
 388 00f0 8C000000 		.4byte	0x8c
 389 00f4 02       		.byte	0x2
 390 00f5 23       		.byte	0x23
 391 00f6 10       		.uleb128 0x10
 392 00f7 07       		.uleb128 0x7
ARM GAS  C:\Users\Vergil\AppData\Local\Temp\ccVb54z8.s 			page 8


 393 00f8 32010000 		.4byte	.LASF19
 394 00fc 03       		.byte	0x3
 395 00fd 0C01     		.2byte	0x10c
 396 00ff 8C000000 		.4byte	0x8c
 397 0103 02       		.byte	0x2
 398 0104 23       		.byte	0x23
 399 0105 14       		.uleb128 0x14
 400 0106 07       		.uleb128 0x7
 401 0107 DB000000 		.4byte	.LASF20
 402 010b 03       		.byte	0x3
 403 010c 0D01     		.2byte	0x10d
 404 010e 8C000000 		.4byte	0x8c
 405 0112 02       		.byte	0x2
 406 0113 23       		.byte	0x23
 407 0114 18       		.uleb128 0x18
 408 0115 07       		.uleb128 0x7
 409 0116 05000000 		.4byte	.LASF21
 410 011a 03       		.byte	0x3
 411 011b 0E01     		.2byte	0x10e
 412 011d 8C000000 		.4byte	0x8c
 413 0121 02       		.byte	0x2
 414 0122 23       		.byte	0x23
 415 0123 1C       		.uleb128 0x1c
 416 0124 00       		.byte	0
 417 0125 08       		.uleb128 0x8
 418 0126 C5010000 		.4byte	.LASF22
 419 012a 03       		.byte	0x3
 420 012b 0F01     		.2byte	0x10f
 421 012d A3000000 		.4byte	0xa3
 422 0131 03       		.uleb128 0x3
 423 0132 01       		.byte	0x1
 424 0133 08       		.byte	0x8
 425 0134 51010000 		.4byte	.LASF23
 426 0138 05       		.uleb128 0x5
 427 0139 53000000 		.4byte	0x53
 428 013d 08       		.uleb128 0x8
 429 013e 46010000 		.4byte	.LASF24
 430 0142 04       		.byte	0x4
 431 0143 C006     		.2byte	0x6c0
 432 0145 65000000 		.4byte	0x65
 433 0149 04       		.uleb128 0x4
 434 014a F0010000 		.4byte	.LASF25
 435 014e 05       		.byte	0x5
 436 014f 45       		.byte	0x45
 437 0150 54010000 		.4byte	0x154
 438 0154 09       		.uleb128 0x9
 439 0155 F0010000 		.4byte	.LASF25
 440 0159 14       		.byte	0x14
 441 015a 05       		.byte	0x5
 442 015b 4A       		.byte	0x4a
 443 015c A7010000 		.4byte	0x1a7
 444 0160 0A       		.uleb128 0xa
 445 0161 12000000 		.4byte	.LASF26
 446 0165 05       		.byte	0x5
 447 0166 4B       		.byte	0x4b
 448 0167 B9010000 		.4byte	0x1b9
 449 016b 02       		.byte	0x2
ARM GAS  C:\Users\Vergil\AppData\Local\Temp\ccVb54z8.s 			page 9


 450 016c 23       		.byte	0x23
 451 016d 00       		.uleb128 0
 452 016e 0A       		.uleb128 0xa
 453 016f 34000000 		.4byte	.LASF27
 454 0173 05       		.byte	0x5
 455 0174 4C       		.byte	0x4c
 456 0175 B9010000 		.4byte	0x1b9
 457 0179 02       		.byte	0x2
 458 017a 23       		.byte	0x23
 459 017b 04       		.uleb128 0x4
 460 017c 0A       		.uleb128 0xa
 461 017d 00000000 		.4byte	.LASF28
 462 0181 05       		.byte	0x5
 463 0182 4D       		.byte	0x4d
 464 0183 3D010000 		.4byte	0x13d
 465 0187 02       		.byte	0x2
 466 0188 23       		.byte	0x23
 467 0189 08       		.uleb128 0x8
 468 018a 0A       		.uleb128 0xa
 469 018b 2C010000 		.4byte	.LASF29
 470 018f 05       		.byte	0x5
 471 0190 4E       		.byte	0x4e
 472 0191 3D010000 		.4byte	0x13d
 473 0195 02       		.byte	0x2
 474 0196 23       		.byte	0x23
 475 0197 0C       		.uleb128 0xc
 476 0198 0A       		.uleb128 0xa
 477 0199 CD010000 		.4byte	.LASF30
 478 019d 05       		.byte	0x5
 479 019e 4F       		.byte	0x4f
 480 019f 3D010000 		.4byte	0x13d
 481 01a3 02       		.byte	0x2
 482 01a4 23       		.byte	0x23
 483 01a5 10       		.uleb128 0x10
 484 01a6 00       		.byte	0
 485 01a7 0B       		.uleb128 0xb
 486 01a8 01       		.byte	0x1
 487 01a9 B3010000 		.4byte	0x1b3
 488 01ad 0C       		.uleb128 0xc
 489 01ae B3010000 		.4byte	0x1b3
 490 01b2 00       		.byte	0
 491 01b3 0D       		.uleb128 0xd
 492 01b4 04       		.byte	0x4
 493 01b5 49010000 		.4byte	0x149
 494 01b9 0D       		.uleb128 0xd
 495 01ba 04       		.byte	0x4
 496 01bb A7010000 		.4byte	0x1a7
 497 01bf 0E       		.uleb128 0xe
 498 01c0 01       		.byte	0x1
 499 01c1 7E000000 		.4byte	.LASF35
 500 01c5 01       		.byte	0x1
 501 01c6 7C       		.byte	0x7c
 502 01c7 01       		.byte	0x1
 503 01c8 01       		.byte	0x1
 504 01c9 D9010000 		.4byte	0x1d9
 505 01cd 0F       		.uleb128 0xf
 506 01ce 746D7000 		.ascii	"tmp\000"
ARM GAS  C:\Users\Vergil\AppData\Local\Temp\ccVb54z8.s 			page 10


 507 01d2 01       		.byte	0x1
 508 01d3 7C       		.byte	0x7c
 509 01d4 B3010000 		.4byte	0x1b3
 510 01d8 00       		.byte	0
 511 01d9 10       		.uleb128 0x10
 512 01da 56010000 		.4byte	.LASF36
 513 01de 01       		.byte	0x1
 514 01df 45       		.byte	0x45
 515 01e0 01       		.byte	0x1
 516 01e1 01       		.byte	0x1
 517 01e2 F2010000 		.4byte	0x1f2
 518 01e6 0F       		.uleb128 0xf
 519 01e7 746D7000 		.ascii	"tmp\000"
 520 01eb 01       		.byte	0x1
 521 01ec 45       		.byte	0x45
 522 01ed B3010000 		.4byte	0x1b3
 523 01f1 00       		.byte	0
 524 01f2 11       		.uleb128 0x11
 525 01f3 D9010000 		.4byte	0x1d9
 526 01f7 00000000 		.4byte	.LFB118
 527 01fb 0E000000 		.4byte	.LFE118
 528 01ff 02       		.byte	0x2
 529 0200 7D       		.byte	0x7d
 530 0201 00       		.sleb128 0
 531 0202 01       		.byte	0x1
 532 0203 0F020000 		.4byte	0x20f
 533 0207 12       		.uleb128 0x12
 534 0208 E6010000 		.4byte	0x1e6
 535 020c 01       		.byte	0x1
 536 020d 50       		.byte	0x50
 537 020e 00       		.byte	0
 538 020f 13       		.uleb128 0x13
 539 0210 0A000000 		.4byte	.LASF37
 540 0214 01       		.byte	0x1
 541 0215 51       		.byte	0x51
 542 0216 01       		.byte	0x1
 543 0217 00000000 		.4byte	.LFB119
 544 021b 34000000 		.4byte	.LFE119
 545 021f 00000000 		.4byte	.LLST0
 546 0223 01       		.byte	0x1
 547 0224 45020000 		.4byte	0x245
 548 0228 14       		.uleb128 0x14
 549 0229 746D7000 		.ascii	"tmp\000"
 550 022d 01       		.byte	0x1
 551 022e 51       		.byte	0x51
 552 022f B3010000 		.4byte	0x1b3
 553 0233 01       		.byte	0x1
 554 0234 50       		.byte	0x50
 555 0235 15       		.uleb128 0x15
 556 0236 6E6F7700 		.ascii	"now\000"
 557 023a 01       		.byte	0x1
 558 023b 53       		.byte	0x53
 559 023c 3D010000 		.4byte	0x13d
 560 0240 20000000 		.4byte	.LLST1
 561 0244 00       		.byte	0
 562 0245 16       		.uleb128 0x16
 563 0246 01       		.byte	0x1
ARM GAS  C:\Users\Vergil\AppData\Local\Temp\ccVb54z8.s 			page 11


 564 0247 65000000 		.4byte	.LASF38
 565 024b 01       		.byte	0x1
 566 024c 68       		.byte	0x68
 567 024d 01       		.byte	0x1
 568 024e 00000000 		.4byte	.LFB120
 569 0252 46000000 		.4byte	.LFE120
 570 0256 33000000 		.4byte	.LLST2
 571 025a 01       		.byte	0x1
 572 025b B7020000 		.4byte	0x2b7
 573 025f 17       		.uleb128 0x17
 574 0260 746D00   		.ascii	"tm\000"
 575 0263 01       		.byte	0x1
 576 0264 69       		.byte	0x69
 577 0265 49010000 		.4byte	0x149
 578 0269 02       		.byte	0x2
 579 026a 91       		.byte	0x91
 580 026b 64       		.sleb128 -28
 581 026c 18       		.uleb128 0x18
 582 026d D9010000 		.4byte	0x1d9
 583 0271 0C000000 		.4byte	.LBB8
 584 0275 00000000 		.4byte	.Ldebug_ranges0+0
 585 0279 01       		.byte	0x1
 586 027a 70       		.byte	0x70
 587 027b 89020000 		.4byte	0x289
 588 027f 19       		.uleb128 0x19
 589 0280 E6010000 		.4byte	0x1e6
 590 0284 5F000000 		.4byte	.LLST3
 591 0288 00       		.byte	0
 592 0289 18       		.uleb128 0x18
 593 028a BF010000 		.4byte	0x1bf
 594 028e 16000000 		.4byte	.LBB14
 595 0292 28000000 		.4byte	.Ldebug_ranges0+0x28
 596 0296 01       		.byte	0x1
 597 0297 6F       		.byte	0x6f
 598 0298 A6020000 		.4byte	0x2a6
 599 029c 19       		.uleb128 0x19
 600 029d CD010000 		.4byte	0x1cd
 601 02a1 8C000000 		.4byte	.LLST4
 602 02a5 00       		.byte	0
 603 02a6 1A       		.uleb128 0x1a
 604 02a7 3E000000 		.4byte	.LVL7
 605 02ab 0F020000 		.4byte	0x20f
 606 02af 1B       		.uleb128 0x1b
 607 02b0 01       		.byte	0x1
 608 02b1 50       		.byte	0x50
 609 02b2 02       		.byte	0x2
 610 02b3 91       		.byte	0x91
 611 02b4 64       		.sleb128 -28
 612 02b5 00       		.byte	0
 613 02b6 00       		.byte	0
 614 02b7 11       		.uleb128 0x11
 615 02b8 BF010000 		.4byte	0x1bf
 616 02bc 00000000 		.4byte	.LFB121
 617 02c0 22000000 		.4byte	.LFE121
 618 02c4 02       		.byte	0x2
 619 02c5 7D       		.byte	0x7d
 620 02c6 00       		.sleb128 0
ARM GAS  C:\Users\Vergil\AppData\Local\Temp\ccVb54z8.s 			page 12


 621 02c7 01       		.byte	0x1
 622 02c8 D4020000 		.4byte	0x2d4
 623 02cc 12       		.uleb128 0x12
 624 02cd CD010000 		.4byte	0x1cd
 625 02d1 01       		.byte	0x1
 626 02d2 50       		.byte	0x50
 627 02d3 00       		.byte	0
 628 02d4 1C       		.uleb128 0x1c
 629 02d5 92010000 		.4byte	.LASF31
 630 02d9 01       		.byte	0x1
 631 02da 38       		.byte	0x38
 632 02db 3D010000 		.4byte	0x13d
 633 02df 05       		.byte	0x5
 634 02e0 03       		.byte	0x3
 635 02e1 00000000 		.4byte	measurement_offset
 636 02e5 1D       		.uleb128 0x1d
 637 02e6 CE000000 		.4byte	.LASF39
 638 02ea 06       		.byte	0x6
 639 02eb 9806     		.2byte	0x698
 640 02ed 38010000 		.4byte	0x138
 641 02f1 01       		.byte	0x1
 642 02f2 01       		.byte	0x1
 643 02f3 00       		.byte	0
 644              		.section	.debug_abbrev,"",%progbits
 645              	.Ldebug_abbrev0:
 646 0000 01       		.uleb128 0x1
 647 0001 11       		.uleb128 0x11
 648 0002 01       		.byte	0x1
 649 0003 25       		.uleb128 0x25
 650 0004 0E       		.uleb128 0xe
 651 0005 13       		.uleb128 0x13
 652 0006 0B       		.uleb128 0xb
 653 0007 03       		.uleb128 0x3
 654 0008 0E       		.uleb128 0xe
 655 0009 1B       		.uleb128 0x1b
 656 000a 0E       		.uleb128 0xe
 657 000b 55       		.uleb128 0x55
 658 000c 06       		.uleb128 0x6
 659 000d 11       		.uleb128 0x11
 660 000e 01       		.uleb128 0x1
 661 000f 52       		.uleb128 0x52
 662 0010 01       		.uleb128 0x1
 663 0011 10       		.uleb128 0x10
 664 0012 06       		.uleb128 0x6
 665 0013 00       		.byte	0
 666 0014 00       		.byte	0
 667 0015 02       		.uleb128 0x2
 668 0016 24       		.uleb128 0x24
 669 0017 00       		.byte	0
 670 0018 0B       		.uleb128 0xb
 671 0019 0B       		.uleb128 0xb
 672 001a 3E       		.uleb128 0x3e
 673 001b 0B       		.uleb128 0xb
 674 001c 03       		.uleb128 0x3
 675 001d 08       		.uleb128 0x8
 676 001e 00       		.byte	0
 677 001f 00       		.byte	0
ARM GAS  C:\Users\Vergil\AppData\Local\Temp\ccVb54z8.s 			page 13


 678 0020 03       		.uleb128 0x3
 679 0021 24       		.uleb128 0x24
 680 0022 00       		.byte	0
 681 0023 0B       		.uleb128 0xb
 682 0024 0B       		.uleb128 0xb
 683 0025 3E       		.uleb128 0x3e
 684 0026 0B       		.uleb128 0xb
 685 0027 03       		.uleb128 0x3
 686 0028 0E       		.uleb128 0xe
 687 0029 00       		.byte	0
 688 002a 00       		.byte	0
 689 002b 04       		.uleb128 0x4
 690 002c 16       		.uleb128 0x16
 691 002d 00       		.byte	0
 692 002e 03       		.uleb128 0x3
 693 002f 0E       		.uleb128 0xe
 694 0030 3A       		.uleb128 0x3a
 695 0031 0B       		.uleb128 0xb
 696 0032 3B       		.uleb128 0x3b
 697 0033 0B       		.uleb128 0xb
 698 0034 49       		.uleb128 0x49
 699 0035 13       		.uleb128 0x13
 700 0036 00       		.byte	0
 701 0037 00       		.byte	0
 702 0038 05       		.uleb128 0x5
 703 0039 35       		.uleb128 0x35
 704 003a 00       		.byte	0
 705 003b 49       		.uleb128 0x49
 706 003c 13       		.uleb128 0x13
 707 003d 00       		.byte	0
 708 003e 00       		.byte	0
 709 003f 06       		.uleb128 0x6
 710 0040 13       		.uleb128 0x13
 711 0041 01       		.byte	0x1
 712 0042 0B       		.uleb128 0xb
 713 0043 0B       		.uleb128 0xb
 714 0044 3A       		.uleb128 0x3a
 715 0045 0B       		.uleb128 0xb
 716 0046 3B       		.uleb128 0x3b
 717 0047 05       		.uleb128 0x5
 718 0048 01       		.uleb128 0x1
 719 0049 13       		.uleb128 0x13
 720 004a 00       		.byte	0
 721 004b 00       		.byte	0
 722 004c 07       		.uleb128 0x7
 723 004d 0D       		.uleb128 0xd
 724 004e 00       		.byte	0
 725 004f 03       		.uleb128 0x3
 726 0050 0E       		.uleb128 0xe
 727 0051 3A       		.uleb128 0x3a
 728 0052 0B       		.uleb128 0xb
 729 0053 3B       		.uleb128 0x3b
 730 0054 05       		.uleb128 0x5
 731 0055 49       		.uleb128 0x49
 732 0056 13       		.uleb128 0x13
 733 0057 38       		.uleb128 0x38
 734 0058 0A       		.uleb128 0xa
ARM GAS  C:\Users\Vergil\AppData\Local\Temp\ccVb54z8.s 			page 14


 735 0059 00       		.byte	0
 736 005a 00       		.byte	0
 737 005b 08       		.uleb128 0x8
 738 005c 16       		.uleb128 0x16
 739 005d 00       		.byte	0
 740 005e 03       		.uleb128 0x3
 741 005f 0E       		.uleb128 0xe
 742 0060 3A       		.uleb128 0x3a
 743 0061 0B       		.uleb128 0xb
 744 0062 3B       		.uleb128 0x3b
 745 0063 05       		.uleb128 0x5
 746 0064 49       		.uleb128 0x49
 747 0065 13       		.uleb128 0x13
 748 0066 00       		.byte	0
 749 0067 00       		.byte	0
 750 0068 09       		.uleb128 0x9
 751 0069 13       		.uleb128 0x13
 752 006a 01       		.byte	0x1
 753 006b 03       		.uleb128 0x3
 754 006c 0E       		.uleb128 0xe
 755 006d 0B       		.uleb128 0xb
 756 006e 0B       		.uleb128 0xb
 757 006f 3A       		.uleb128 0x3a
 758 0070 0B       		.uleb128 0xb
 759 0071 3B       		.uleb128 0x3b
 760 0072 0B       		.uleb128 0xb
 761 0073 01       		.uleb128 0x1
 762 0074 13       		.uleb128 0x13
 763 0075 00       		.byte	0
 764 0076 00       		.byte	0
 765 0077 0A       		.uleb128 0xa
 766 0078 0D       		.uleb128 0xd
 767 0079 00       		.byte	0
 768 007a 03       		.uleb128 0x3
 769 007b 0E       		.uleb128 0xe
 770 007c 3A       		.uleb128 0x3a
 771 007d 0B       		.uleb128 0xb
 772 007e 3B       		.uleb128 0x3b
 773 007f 0B       		.uleb128 0xb
 774 0080 49       		.uleb128 0x49
 775 0081 13       		.uleb128 0x13
 776 0082 38       		.uleb128 0x38
 777 0083 0A       		.uleb128 0xa
 778 0084 00       		.byte	0
 779 0085 00       		.byte	0
 780 0086 0B       		.uleb128 0xb
 781 0087 15       		.uleb128 0x15
 782 0088 01       		.byte	0x1
 783 0089 27       		.uleb128 0x27
 784 008a 0C       		.uleb128 0xc
 785 008b 01       		.uleb128 0x1
 786 008c 13       		.uleb128 0x13
 787 008d 00       		.byte	0
 788 008e 00       		.byte	0
 789 008f 0C       		.uleb128 0xc
 790 0090 05       		.uleb128 0x5
 791 0091 00       		.byte	0
ARM GAS  C:\Users\Vergil\AppData\Local\Temp\ccVb54z8.s 			page 15


 792 0092 49       		.uleb128 0x49
 793 0093 13       		.uleb128 0x13
 794 0094 00       		.byte	0
 795 0095 00       		.byte	0
 796 0096 0D       		.uleb128 0xd
 797 0097 0F       		.uleb128 0xf
 798 0098 00       		.byte	0
 799 0099 0B       		.uleb128 0xb
 800 009a 0B       		.uleb128 0xb
 801 009b 49       		.uleb128 0x49
 802 009c 13       		.uleb128 0x13
 803 009d 00       		.byte	0
 804 009e 00       		.byte	0
 805 009f 0E       		.uleb128 0xe
 806 00a0 2E       		.uleb128 0x2e
 807 00a1 01       		.byte	0x1
 808 00a2 3F       		.uleb128 0x3f
 809 00a3 0C       		.uleb128 0xc
 810 00a4 03       		.uleb128 0x3
 811 00a5 0E       		.uleb128 0xe
 812 00a6 3A       		.uleb128 0x3a
 813 00a7 0B       		.uleb128 0xb
 814 00a8 3B       		.uleb128 0x3b
 815 00a9 0B       		.uleb128 0xb
 816 00aa 27       		.uleb128 0x27
 817 00ab 0C       		.uleb128 0xc
 818 00ac 20       		.uleb128 0x20
 819 00ad 0B       		.uleb128 0xb
 820 00ae 01       		.uleb128 0x1
 821 00af 13       		.uleb128 0x13
 822 00b0 00       		.byte	0
 823 00b1 00       		.byte	0
 824 00b2 0F       		.uleb128 0xf
 825 00b3 05       		.uleb128 0x5
 826 00b4 00       		.byte	0
 827 00b5 03       		.uleb128 0x3
 828 00b6 08       		.uleb128 0x8
 829 00b7 3A       		.uleb128 0x3a
 830 00b8 0B       		.uleb128 0xb
 831 00b9 3B       		.uleb128 0x3b
 832 00ba 0B       		.uleb128 0xb
 833 00bb 49       		.uleb128 0x49
 834 00bc 13       		.uleb128 0x13
 835 00bd 00       		.byte	0
 836 00be 00       		.byte	0
 837 00bf 10       		.uleb128 0x10
 838 00c0 2E       		.uleb128 0x2e
 839 00c1 01       		.byte	0x1
 840 00c2 03       		.uleb128 0x3
 841 00c3 0E       		.uleb128 0xe
 842 00c4 3A       		.uleb128 0x3a
 843 00c5 0B       		.uleb128 0xb
 844 00c6 3B       		.uleb128 0x3b
 845 00c7 0B       		.uleb128 0xb
 846 00c8 27       		.uleb128 0x27
 847 00c9 0C       		.uleb128 0xc
 848 00ca 20       		.uleb128 0x20
ARM GAS  C:\Users\Vergil\AppData\Local\Temp\ccVb54z8.s 			page 16


 849 00cb 0B       		.uleb128 0xb
 850 00cc 01       		.uleb128 0x1
 851 00cd 13       		.uleb128 0x13
 852 00ce 00       		.byte	0
 853 00cf 00       		.byte	0
 854 00d0 11       		.uleb128 0x11
 855 00d1 2E       		.uleb128 0x2e
 856 00d2 01       		.byte	0x1
 857 00d3 31       		.uleb128 0x31
 858 00d4 13       		.uleb128 0x13
 859 00d5 11       		.uleb128 0x11
 860 00d6 01       		.uleb128 0x1
 861 00d7 12       		.uleb128 0x12
 862 00d8 01       		.uleb128 0x1
 863 00d9 40       		.uleb128 0x40
 864 00da 0A       		.uleb128 0xa
 865 00db 9742     		.uleb128 0x2117
 866 00dd 0C       		.uleb128 0xc
 867 00de 01       		.uleb128 0x1
 868 00df 13       		.uleb128 0x13
 869 00e0 00       		.byte	0
 870 00e1 00       		.byte	0
 871 00e2 12       		.uleb128 0x12
 872 00e3 05       		.uleb128 0x5
 873 00e4 00       		.byte	0
 874 00e5 31       		.uleb128 0x31
 875 00e6 13       		.uleb128 0x13
 876 00e7 02       		.uleb128 0x2
 877 00e8 0A       		.uleb128 0xa
 878 00e9 00       		.byte	0
 879 00ea 00       		.byte	0
 880 00eb 13       		.uleb128 0x13
 881 00ec 2E       		.uleb128 0x2e
 882 00ed 01       		.byte	0x1
 883 00ee 03       		.uleb128 0x3
 884 00ef 0E       		.uleb128 0xe
 885 00f0 3A       		.uleb128 0x3a
 886 00f1 0B       		.uleb128 0xb
 887 00f2 3B       		.uleb128 0x3b
 888 00f3 0B       		.uleb128 0xb
 889 00f4 27       		.uleb128 0x27
 890 00f5 0C       		.uleb128 0xc
 891 00f6 11       		.uleb128 0x11
 892 00f7 01       		.uleb128 0x1
 893 00f8 12       		.uleb128 0x12
 894 00f9 01       		.uleb128 0x1
 895 00fa 40       		.uleb128 0x40
 896 00fb 06       		.uleb128 0x6
 897 00fc 9742     		.uleb128 0x2117
 898 00fe 0C       		.uleb128 0xc
 899 00ff 01       		.uleb128 0x1
 900 0100 13       		.uleb128 0x13
 901 0101 00       		.byte	0
 902 0102 00       		.byte	0
 903 0103 14       		.uleb128 0x14
 904 0104 05       		.uleb128 0x5
 905 0105 00       		.byte	0
ARM GAS  C:\Users\Vergil\AppData\Local\Temp\ccVb54z8.s 			page 17


 906 0106 03       		.uleb128 0x3
 907 0107 08       		.uleb128 0x8
 908 0108 3A       		.uleb128 0x3a
 909 0109 0B       		.uleb128 0xb
 910 010a 3B       		.uleb128 0x3b
 911 010b 0B       		.uleb128 0xb
 912 010c 49       		.uleb128 0x49
 913 010d 13       		.uleb128 0x13
 914 010e 02       		.uleb128 0x2
 915 010f 0A       		.uleb128 0xa
 916 0110 00       		.byte	0
 917 0111 00       		.byte	0
 918 0112 15       		.uleb128 0x15
 919 0113 34       		.uleb128 0x34
 920 0114 00       		.byte	0
 921 0115 03       		.uleb128 0x3
 922 0116 08       		.uleb128 0x8
 923 0117 3A       		.uleb128 0x3a
 924 0118 0B       		.uleb128 0xb
 925 0119 3B       		.uleb128 0x3b
 926 011a 0B       		.uleb128 0xb
 927 011b 49       		.uleb128 0x49
 928 011c 13       		.uleb128 0x13
 929 011d 02       		.uleb128 0x2
 930 011e 06       		.uleb128 0x6
 931 011f 00       		.byte	0
 932 0120 00       		.byte	0
 933 0121 16       		.uleb128 0x16
 934 0122 2E       		.uleb128 0x2e
 935 0123 01       		.byte	0x1
 936 0124 3F       		.uleb128 0x3f
 937 0125 0C       		.uleb128 0xc
 938 0126 03       		.uleb128 0x3
 939 0127 0E       		.uleb128 0xe
 940 0128 3A       		.uleb128 0x3a
 941 0129 0B       		.uleb128 0xb
 942 012a 3B       		.uleb128 0x3b
 943 012b 0B       		.uleb128 0xb
 944 012c 27       		.uleb128 0x27
 945 012d 0C       		.uleb128 0xc
 946 012e 11       		.uleb128 0x11
 947 012f 01       		.uleb128 0x1
 948 0130 12       		.uleb128 0x12
 949 0131 01       		.uleb128 0x1
 950 0132 40       		.uleb128 0x40
 951 0133 06       		.uleb128 0x6
 952 0134 9742     		.uleb128 0x2117
 953 0136 0C       		.uleb128 0xc
 954 0137 01       		.uleb128 0x1
 955 0138 13       		.uleb128 0x13
 956 0139 00       		.byte	0
 957 013a 00       		.byte	0
 958 013b 17       		.uleb128 0x17
 959 013c 34       		.uleb128 0x34
 960 013d 00       		.byte	0
 961 013e 03       		.uleb128 0x3
 962 013f 08       		.uleb128 0x8
ARM GAS  C:\Users\Vergil\AppData\Local\Temp\ccVb54z8.s 			page 18


 963 0140 3A       		.uleb128 0x3a
 964 0141 0B       		.uleb128 0xb
 965 0142 3B       		.uleb128 0x3b
 966 0143 0B       		.uleb128 0xb
 967 0144 49       		.uleb128 0x49
 968 0145 13       		.uleb128 0x13
 969 0146 02       		.uleb128 0x2
 970 0147 0A       		.uleb128 0xa
 971 0148 00       		.byte	0
 972 0149 00       		.byte	0
 973 014a 18       		.uleb128 0x18
 974 014b 1D       		.uleb128 0x1d
 975 014c 01       		.byte	0x1
 976 014d 31       		.uleb128 0x31
 977 014e 13       		.uleb128 0x13
 978 014f 52       		.uleb128 0x52
 979 0150 01       		.uleb128 0x1
 980 0151 55       		.uleb128 0x55
 981 0152 06       		.uleb128 0x6
 982 0153 58       		.uleb128 0x58
 983 0154 0B       		.uleb128 0xb
 984 0155 59       		.uleb128 0x59
 985 0156 0B       		.uleb128 0xb
 986 0157 01       		.uleb128 0x1
 987 0158 13       		.uleb128 0x13
 988 0159 00       		.byte	0
 989 015a 00       		.byte	0
 990 015b 19       		.uleb128 0x19
 991 015c 05       		.uleb128 0x5
 992 015d 00       		.byte	0
 993 015e 31       		.uleb128 0x31
 994 015f 13       		.uleb128 0x13
 995 0160 02       		.uleb128 0x2
 996 0161 06       		.uleb128 0x6
 997 0162 00       		.byte	0
 998 0163 00       		.byte	0
 999 0164 1A       		.uleb128 0x1a
 1000 0165 898201   		.uleb128 0x4109
 1001 0168 01       		.byte	0x1
 1002 0169 11       		.uleb128 0x11
 1003 016a 01       		.uleb128 0x1
 1004 016b 31       		.uleb128 0x31
 1005 016c 13       		.uleb128 0x13
 1006 016d 00       		.byte	0
 1007 016e 00       		.byte	0
 1008 016f 1B       		.uleb128 0x1b
 1009 0170 8A8201   		.uleb128 0x410a
 1010 0173 00       		.byte	0
 1011 0174 02       		.uleb128 0x2
 1012 0175 0A       		.uleb128 0xa
 1013 0176 9142     		.uleb128 0x2111
 1014 0178 0A       		.uleb128 0xa
 1015 0179 00       		.byte	0
 1016 017a 00       		.byte	0
 1017 017b 1C       		.uleb128 0x1c
 1018 017c 34       		.uleb128 0x34
 1019 017d 00       		.byte	0
ARM GAS  C:\Users\Vergil\AppData\Local\Temp\ccVb54z8.s 			page 19


 1020 017e 03       		.uleb128 0x3
 1021 017f 0E       		.uleb128 0xe
 1022 0180 3A       		.uleb128 0x3a
 1023 0181 0B       		.uleb128 0xb
 1024 0182 3B       		.uleb128 0x3b
 1025 0183 0B       		.uleb128 0xb
 1026 0184 49       		.uleb128 0x49
 1027 0185 13       		.uleb128 0x13
 1028 0186 02       		.uleb128 0x2
 1029 0187 0A       		.uleb128 0xa
 1030 0188 00       		.byte	0
 1031 0189 00       		.byte	0
 1032 018a 1D       		.uleb128 0x1d
 1033 018b 34       		.uleb128 0x34
 1034 018c 00       		.byte	0
 1035 018d 03       		.uleb128 0x3
 1036 018e 0E       		.uleb128 0xe
 1037 018f 3A       		.uleb128 0x3a
 1038 0190 0B       		.uleb128 0xb
 1039 0191 3B       		.uleb128 0x3b
 1040 0192 05       		.uleb128 0x5
 1041 0193 49       		.uleb128 0x49
 1042 0194 13       		.uleb128 0x13
 1043 0195 3F       		.uleb128 0x3f
 1044 0196 0C       		.uleb128 0xc
 1045 0197 3C       		.uleb128 0x3c
 1046 0198 0C       		.uleb128 0xc
 1047 0199 00       		.byte	0
 1048 019a 00       		.byte	0
 1049 019b 00       		.byte	0
 1050              		.section	.debug_loc,"",%progbits
 1051              	.Ldebug_loc0:
 1052              	.LLST0:
 1053 0000 00000000 		.4byte	.LFB119
 1054 0004 10000000 		.4byte	.LCFI0
 1055 0008 0200     		.2byte	0x2
 1056 000a 7D       		.byte	0x7d
 1057 000b 00       		.sleb128 0
 1058 000c 10000000 		.4byte	.LCFI0
 1059 0010 34000000 		.4byte	.LFE119
 1060 0014 0200     		.2byte	0x2
 1061 0016 7D       		.byte	0x7d
 1062 0017 04       		.sleb128 4
 1063 0018 00000000 		.4byte	0
 1064 001c 00000000 		.4byte	0
 1065              	.LLST1:
 1066 0020 0E000000 		.4byte	.LVL2
 1067 0024 16000000 		.4byte	.LVL3
 1068 0028 0100     		.2byte	0x1
 1069 002a 53       		.byte	0x53
 1070 002b 00000000 		.4byte	0
 1071 002f 00000000 		.4byte	0
 1072              	.LLST2:
 1073 0033 00000000 		.4byte	.LFB120
 1074 0037 02000000 		.4byte	.LCFI1
 1075 003b 0200     		.2byte	0x2
 1076 003d 7D       		.byte	0x7d
ARM GAS  C:\Users\Vergil\AppData\Local\Temp\ccVb54z8.s 			page 20


 1077 003e 00       		.sleb128 0
 1078 003f 02000000 		.4byte	.LCFI1
 1079 0043 08000000 		.4byte	.LCFI2
 1080 0047 0200     		.2byte	0x2
 1081 0049 7D       		.byte	0x7d
 1082 004a 08       		.sleb128 8
 1083 004b 08000000 		.4byte	.LCFI2
 1084 004f 46000000 		.4byte	.LFE120
 1085 0053 0200     		.2byte	0x2
 1086 0055 7D       		.byte	0x7d
 1087 0056 20       		.sleb128 32
 1088 0057 00000000 		.4byte	0
 1089 005b 00000000 		.4byte	0
 1090              	.LLST3:
 1091 005f 20000000 		.4byte	.LVL5
 1092 0063 2C000000 		.4byte	.LVL6
 1093 0067 0300     		.2byte	0x3
 1094 0069 91       		.byte	0x91
 1095 006a 64       		.sleb128 -28
 1096 006b 9F       		.byte	0x9f
 1097 006c 2C000000 		.4byte	.LVL6
 1098 0070 3D000000 		.4byte	.LVL7-1
 1099 0074 0100     		.2byte	0x1
 1100 0076 50       		.byte	0x50
 1101 0077 3D000000 		.4byte	.LVL7-1
 1102 007b 46000000 		.4byte	.LFE120
 1103 007f 0300     		.2byte	0x3
 1104 0081 91       		.byte	0x91
 1105 0082 64       		.sleb128 -28
 1106 0083 9F       		.byte	0x9f
 1107 0084 00000000 		.4byte	0
 1108 0088 00000000 		.4byte	0
 1109              	.LLST4:
 1110 008c 1C000000 		.4byte	.LVL4
 1111 0090 2C000000 		.4byte	.LVL6
 1112 0094 0300     		.2byte	0x3
 1113 0096 91       		.byte	0x91
 1114 0097 64       		.sleb128 -28
 1115 0098 9F       		.byte	0x9f
 1116 0099 2C000000 		.4byte	.LVL6
 1117 009d 3D000000 		.4byte	.LVL7-1
 1118 00a1 0100     		.2byte	0x1
 1119 00a3 50       		.byte	0x50
 1120 00a4 3D000000 		.4byte	.LVL7-1
 1121 00a8 46000000 		.4byte	.LFE120
 1122 00ac 0300     		.2byte	0x3
 1123 00ae 91       		.byte	0x91
 1124 00af 64       		.sleb128 -28
 1125 00b0 9F       		.byte	0x9f
 1126 00b1 00000000 		.4byte	0
 1127 00b5 00000000 		.4byte	0
 1128              		.section	.debug_aranges,"",%progbits
 1129 0000 34000000 		.4byte	0x34
 1130 0004 0200     		.2byte	0x2
 1131 0006 00000000 		.4byte	.Ldebug_info0
 1132 000a 04       		.byte	0x4
 1133 000b 00       		.byte	0
ARM GAS  C:\Users\Vergil\AppData\Local\Temp\ccVb54z8.s 			page 21


 1134 000c 0000     		.2byte	0
 1135 000e 0000     		.2byte	0
 1136 0010 00000000 		.4byte	.LFB118
 1137 0014 0E000000 		.4byte	.LFE118-.LFB118
 1138 0018 00000000 		.4byte	.LFB119
 1139 001c 34000000 		.4byte	.LFE119-.LFB119
 1140 0020 00000000 		.4byte	.LFB120
 1141 0024 46000000 		.4byte	.LFE120-.LFB120
 1142 0028 00000000 		.4byte	.LFB121
 1143 002c 22000000 		.4byte	.LFE121-.LFB121
 1144 0030 00000000 		.4byte	0
 1145 0034 00000000 		.4byte	0
 1146              		.section	.debug_ranges,"",%progbits
 1147              	.Ldebug_ranges0:
 1148 0000 0C000000 		.4byte	.LBB8
 1149 0004 10000000 		.4byte	.LBE8
 1150 0008 12000000 		.4byte	.LBB13
 1151 000c 16000000 		.4byte	.LBE13
 1152 0010 20000000 		.4byte	.LBB20
 1153 0014 22000000 		.4byte	.LBE20
 1154 0018 38000000 		.4byte	.LBB23
 1155 001c 3A000000 		.4byte	.LBE23
 1156 0020 00000000 		.4byte	0
 1157 0024 00000000 		.4byte	0
 1158 0028 16000000 		.4byte	.LBB14
 1159 002c 1A000000 		.4byte	.LBE14
 1160 0030 1C000000 		.4byte	.LBB19
 1161 0034 20000000 		.4byte	.LBE19
 1162 0038 22000000 		.4byte	.LBB21
 1163 003c 2A000000 		.4byte	.LBE21
 1164 0040 2C000000 		.4byte	.LBB22
 1165 0044 38000000 		.4byte	.LBE22
 1166 0048 00000000 		.4byte	0
 1167 004c 00000000 		.4byte	0
 1168 0050 00000000 		.4byte	.LFB118
 1169 0054 0E000000 		.4byte	.LFE118
 1170 0058 00000000 		.4byte	.LFB119
 1171 005c 34000000 		.4byte	.LFE119
 1172 0060 00000000 		.4byte	.LFB120
 1173 0064 46000000 		.4byte	.LFE120
 1174 0068 00000000 		.4byte	.LFB121
 1175 006c 22000000 		.4byte	.LFE121
 1176 0070 00000000 		.4byte	0
 1177 0074 00000000 		.4byte	0
 1178              		.section	.debug_line,"",%progbits
 1179              	.Ldebug_line0:
 1180 0000 EF010000 		.section	.debug_str,"MS",%progbits,1
 1180      02005F01 
 1180      00000201 
 1180      FB0E0D00 
 1180      01010101 
 1181              	.LASF28:
 1182 0000 6C617374 		.ascii	"last\000"
 1182      00
 1183              	.LASF21:
 1184 0005 50435352 		.ascii	"PCSR\000"
 1184      00
ARM GAS  C:\Users\Vergil\AppData\Local\Temp\ccVb54z8.s 			page 22


 1185              	.LASF37:
 1186 000a 746D5F73 		.ascii	"tm_stop\000"
 1186      746F7000 
 1187              	.LASF26:
 1188 0012 73746172 		.ascii	"start\000"
 1188      7400
 1189              	.LASF4:
 1190 0018 73686F72 		.ascii	"short unsigned int\000"
 1190      7420756E 
 1190      7369676E 
 1190      65642069 
 1190      6E7400
 1191              	.LASF18:
 1192 002b 534C4545 		.ascii	"SLEEPCNT\000"
 1192      50434E54 
 1192      00
 1193              	.LASF27:
 1194 0034 73746F70 		.ascii	"stop\000"
 1194      00
 1195              	.LASF10:
 1196 0039 6C6F6E67 		.ascii	"long long unsigned int\000"
 1196      206C6F6E 
 1196      6720756E 
 1196      7369676E 
 1196      65642069 
 1197              	.LASF2:
 1198 0050 756E7369 		.ascii	"unsigned char\000"
 1198      676E6564 
 1198      20636861 
 1198      7200
 1199              	.LASF15:
 1200 005e 43594343 		.ascii	"CYCCNT\000"
 1200      4E5400
 1201              	.LASF38:
 1202 0065 746D496E 		.ascii	"tmInit\000"
 1202      697400
 1203              	.LASF8:
 1204 006c 6C6F6E67 		.ascii	"long unsigned int\000"
 1204      20756E73 
 1204      69676E65 
 1204      6420696E 
 1204      7400
 1205              	.LASF35:
 1206 007e 746D4F62 		.ascii	"tmObjectInit\000"
 1206      6A656374 
 1206      496E6974 
 1206      00
 1207              	.LASF34:
 1208 008b 433A5C43 		.ascii	"C:\\ChibiStudio\\chibios\\demos\\ARMCM4-STM32F401RE"
 1208      68696269 
 1208      53747564 
 1208      696F5C63 
 1208      68696269 
 1209 00ba 2D4E5543 		.ascii	"-NUCLEO-CC3K\000"
 1209      4C454F2D 
 1209      4343334B 
 1209      00
ARM GAS  C:\Users\Vergil\AppData\Local\Temp\ccVb54z8.s 			page 23


 1210              	.LASF16:
 1211 00c7 43504943 		.ascii	"CPICNT\000"
 1211      4E5400
 1212              	.LASF39:
 1213 00ce 49544D5F 		.ascii	"ITM_RxBuffer\000"
 1213      52784275 
 1213      66666572 
 1213      00
 1214              	.LASF20:
 1215 00db 464F4C44 		.ascii	"FOLDCNT\000"
 1215      434E5400 
 1216              	.LASF32:
 1217 00e3 474E5520 		.ascii	"GNU C 4.7.4 20140401 (release) [ARM/embedded-4_7-br"
 1217      4320342E 
 1217      372E3420 
 1217      32303134 
 1217      30343031 
 1218 0116 616E6368 		.ascii	"anch revision 209195]\000"
 1218      20726576 
 1218      6973696F 
 1218      6E203230 
 1218      39313935 
 1219              	.LASF29:
 1220 012c 776F7273 		.ascii	"worst\000"
 1220      7400
 1221              	.LASF19:
 1222 0132 4C535543 		.ascii	"LSUCNT\000"
 1222      4E5400
 1223              	.LASF0:
 1224 0139 756E7369 		.ascii	"unsigned int\000"
 1224      676E6564 
 1224      20696E74 
 1224      00
 1225              	.LASF24:
 1226 0146 68616C72 		.ascii	"halrtcnt_t\000"
 1226      74636E74 
 1226      5F7400
 1227              	.LASF23:
 1228 0151 63686172 		.ascii	"char\000"
 1228      00
 1229              	.LASF36:
 1230 0156 746D5F73 		.ascii	"tm_start\000"
 1230      74617274 
 1230      00
 1231              	.LASF14:
 1232 015f 4354524C 		.ascii	"CTRL\000"
 1232      00
 1233              	.LASF17:
 1234 0164 45584343 		.ascii	"EXCCNT\000"
 1234      4E5400
 1235              	.LASF6:
 1236 016b 696E7433 		.ascii	"int32_t\000"
 1236      325F7400 
 1237              	.LASF13:
 1238 0173 73697A65 		.ascii	"sizetype\000"
 1238      74797065 
 1238      00
ARM GAS  C:\Users\Vergil\AppData\Local\Temp\ccVb54z8.s 			page 24


 1239              	.LASF9:
 1240 017c 6C6F6E67 		.ascii	"long long int\000"
 1240      206C6F6E 
 1240      6720696E 
 1240      7400
 1241              	.LASF12:
 1242 018a 494F5245 		.ascii	"IOREG32\000"
 1242      47333200 
 1243              	.LASF31:
 1244 0192 6D656173 		.ascii	"measurement_offset\000"
 1244      7572656D 
 1244      656E745F 
 1244      6F666673 
 1244      657400
 1245              	.LASF3:
 1246 01a5 73686F72 		.ascii	"short int\000"
 1246      7420696E 
 1246      7400
 1247              	.LASF33:
 1248 01af 2E2E2F2E 		.ascii	"../../os/hal/src/tm.c\000"
 1248      2E2F6F73 
 1248      2F68616C 
 1248      2F737263 
 1248      2F746D2E 
 1249              	.LASF22:
 1250 01c5 434D785F 		.ascii	"CMx_DWT\000"
 1250      44575400 
 1251              	.LASF30:
 1252 01cd 62657374 		.ascii	"best\000"
 1252      00
 1253              	.LASF7:
 1254 01d2 75696E74 		.ascii	"uint32_t\000"
 1254      33325F74 
 1254      00
 1255              	.LASF5:
 1256 01db 6C6F6E67 		.ascii	"long int\000"
 1256      20696E74 
 1256      00
 1257              	.LASF1:
 1258 01e4 7369676E 		.ascii	"signed char\000"
 1258      65642063 
 1258      68617200 
 1259              	.LASF25:
 1260 01f0 54696D65 		.ascii	"TimeMeasurement\000"
 1260      4D656173 
 1260      7572656D 
 1260      656E7400 
 1261              	.LASF11:
 1262 0200 5F426F6F 		.ascii	"_Bool\000"
 1262      6C00
 1263              		.ident	"GCC: (GNU Tools for ARM Embedded Processors) 4.7.4 20140401 (release) [ARM/embedded-4_7-br
ARM GAS  C:\Users\Vergil\AppData\Local\Temp\ccVb54z8.s 			page 25


DEFINED SYMBOLS
                            *ABS*:00000000 tm.c
C:\Users\Vergil\AppData\Local\Temp\ccVb54z8.s:21     .text.tm_start:00000000 $t
C:\Users\Vergil\AppData\Local\Temp\ccVb54z8.s:26     .text.tm_start:00000000 tm_start
C:\Users\Vergil\AppData\Local\Temp\ccVb54z8.s:45     .text.tm_stop:00000000 $t
C:\Users\Vergil\AppData\Local\Temp\ccVb54z8.s:50     .text.tm_stop:00000000 tm_stop
C:\Users\Vergil\AppData\Local\Temp\ccVb54z8.s:103    .text.tm_stop:00000030 $d
C:\Users\Vergil\AppData\Local\Temp\ccVb54z8.s:108    .text.tmInit:00000000 $t
C:\Users\Vergil\AppData\Local\Temp\ccVb54z8.s:114    .text.tmInit:00000000 tmInit
C:\Users\Vergil\AppData\Local\Temp\ccVb54z8.s:255    .bss.measurement_offset:00000000 .LANCHOR0
C:\Users\Vergil\AppData\Local\Temp\ccVb54z8.s:213    .text.tmObjectInit:00000000 $t
C:\Users\Vergil\AppData\Local\Temp\ccVb54z8.s:219    .text.tmObjectInit:00000000 tmObjectInit
C:\Users\Vergil\AppData\Local\Temp\ccVb54z8.s:254    .bss.measurement_offset:00000000 $d
C:\Users\Vergil\AppData\Local\Temp\ccVb54z8.s:258    .bss.measurement_offset:00000000 measurement_offset
                     .debug_frame:00000010 $d
C:\Users\Vergil\AppData\Local\Temp\ccVb54z8.s:107    .text.tm_stop:00000034 $t

NO UNDEFINED SYMBOLS
